# File generated using DrTransformer v0.10
#
# >drtr_srp_Cory.glut._BA000036_rev
# UGAACCCCCCCAGGGCCGGAAGGCAGCAAGGGUAAGCGGGCUCUGGCGGGUG 
#
# Co-transcriptional folding parameters:
# --t-ext: 0.02 sec
# --t-end: 60.0 sec
# --start: 1
# --stop: 52
# --reversed-transcription: True
#
# Algorithm parameters:
# --o-prune: 0.1
# --t-fast: 0.002 sec
# --fpwm: 4
# --mfree: 6 nuc
# --k0: 200000.0
#
# ViennaRNA model details:
# --temp: 37.0 C
# --dangles: 2
# --paramFile: None
# --noTetra: False
# --noGU: False
# --noClosingGU: False
#
#
# Results:
# Transcription Step | Energy-sorted structure count | Structure | Energy | [Occupancy-t0 Occupancy-t8] | Structure ID (-> Plotting ID)
   1    1                                                    .   0.00  [1.0000 -> 1.0000] ID = 0
   2    1                                                   ..   0.00  [1.0000 -> 1.0000] ID = 0
   3    1                                                  ...   0.00  [1.0000 -> 1.0000] ID = 0
   4    1                                                 ....   0.00  [1.0000 -> 1.0000] ID = 0
   5    1                                                .....   0.00  [1.0000 -> 1.0000] ID = 0
   6    1                                               ......   0.00  [1.0000 -> 1.0000] ID = 0
   7    1                                              .......   0.00  [1.0000 -> 1.0000] ID = 0
   8    1                                             ........   0.00  [1.0000 -> 1.0000] ID = 0
   9    1                                            .........   0.00  [1.0000 -> 1.0000] ID = 0
  10    1                                           ..........   0.00  [1.0000 -> 1.0000] ID = 0
  11    1                                          ...........   0.00  [1.0000 -> 1.0000] ID = 0
  12    1                                         ............   0.00  [1.0000 -> 1.0000] ID = 0
  13    1                                        ((((....)))).  -2.20  [1.0000 -> 1.0000] ID = 1
  14    1                                       .((((....)))).  -2.20  [1.0000 -> 1.0000] ID = 1
  15    1                                      ..((((....)))).  -2.20  [1.0000 -> 1.0000] ID = 1
  16    1                                     ...((((....)))).  -2.20  [1.0000 -> 1.0000] ID = 1
  17    1                                    ....((((....)))).  -2.20  [1.0000 -> 1.0000] ID = 1
  18    1                                   .....((((....)))).  -2.20  [1.0000 -> 1.0000] ID = 1
  19    1                                  ......((((....)))).  -2.20  [1.0000 -> 1.0000] ID = 1
  20    1                                 .......((((....)))).  -2.20  [1.0000 -> 1.0000] ID = 1
  21    1                                ........((((....)))).  -2.20  [1.0000 -> 1.0000] ID = 1
  22    1                               .........((((....)))).  -2.20  [1.0000 -> 1.0000] ID = 1
  23    1                              ((((......)))).........  -2.30 +[0.0000 -> 0.3067] ID = 2
  23    2                              ..........((((....)))).  -2.20 -[1.0000 -> 0.6933] ID = 1
  24    1                             (((((......)))))........  -4.00 +[0.3067 -> 0.5504] ID = 3
  24    2                             ...........((((....)))).  -2.20 -[0.6933 -> 0.4496] ID = 1
  25    1                            .(((((......)))))........  -4.00 +[0.5504 -> 0.7016] ID = 3
  25    2                            ............((((....)))).  -2.20 -[0.4496 -> 0.2984] ID = 1
  26    1                           ..(((((......)))))........  -4.00 +[0.7016 -> 0.7955] ID = 3
  26    2                           .............((((....)))).  -2.20 -[0.2984 -> 0.2045] ID = 1
  27    1                          ((.(((((......))))).)).....  -7.00 +[0.7955 -> 0.8191] ID = 4
  27    2                          ((........))..((((....)))).  -3.00 -[0.2045 -> 0.1809] ID = 5
  28    1                         .((.(((((......))))).)).....  -7.00 +[0.8191 -> 0.8400] ID = 4
  28    2                         .((........))..((((....)))).  -3.00 -[0.1809 -> 0.1600] ID = 5
  29    1                        ..((.(((((......))))).)).....  -7.00 +[0.8400 -> 0.8585] ID = 4
  29    2                        ..((........))..((((....)))).  -3.00 -[0.1600 -> 0.1415] ID = 5
  30    1                       ((.((.(((((......))))).))..)).  -7.30 +[0.8585 -> 0.8748] ID = 6
  30    2                       ...((........))..((((....)))).  -3.00 -[0.1415 -> 0.1252] ID = 5
  31    1                      .((.((.(((((......))))).))..)).  -7.30 +[0.8748 -> 0.8843] ID = 6
  31    2                      (((.((........))..)))..........  -4.00 +[0.0000 -> 0.0800] ID = 7
  31    3                      ....((........))..((((....)))).  -3.00 -[0.1252 -> 0.0357] ID = 5
  32    1                     ..((.((.(((((......))))).))..)).  -7.30 +[0.9021 -> 0.9044] ID = 6
  32    2                     .(((.((........))..)))..........  -4.00 -[0.0979 -> 0.0956] ID = 7
  33    1                    ...((.((.(((((......))))).))..)).  -7.30  [1.0000 -> 1.0000] ID = 6
  34    1                   ....((.((.(((((......))))).))..)).  -7.30  [1.0000 -> 1.0000] ID = 6
  35    1                  .....((.((.(((((......))))).))..)).  -7.30  [1.0000 -> 1.0000] ID = 6
  36    1                 ......((.((.(((((......))))).))..)).  -7.30  [1.0000 -> 1.0000] ID = 6
  37    1                (((..((((.((........))..)).))..)))...  -9.70 +[0.0000 -> 0.0008] ID = 8
  37    2                ((....))..((.(((((......))))).)).....  -8.10 -[1.0000 -> 0.9992] ID = 9
  38    1               ((((((..((.((........))..))))))))..... -12.60  [0.0000 -> 0.0000] ID = 10
  38    2               (((....))).((.(((((......))))).))..... -11.80  [1.0000 -> 1.0000] ID = 11
  39    1              .((((((..((.((........))..))))))))..... -12.60  [0.0000 -> 0.0000] ID = 10
  39    2              .(((....))).((.(((((......))))).))..... -11.80  [1.0000 -> 1.0000] ID = 11
  40    1             ..((((((..((.((........))..))))))))..... -12.60  [0.0000 -> 0.0000] ID = 10
  40    2             ..(((....))).((.(((((......))))).))..... -11.80  [1.0000 -> 1.0000] ID = 11
  41    1            ...((((((..((.((........))..))))))))..... -12.60  [0.0000 -> 0.0000] ID = 10
  41    2            ...(((....))).((.(((((......))))).))..... -11.80  [1.0000 -> 1.0000] ID = 11
  42    1           ....((((((..((.((........))..))))))))..... -12.60  [0.0000 -> 0.0000] ID = 10
  42    2           ....(((....))).((.(((((......))))).))..... -11.80  [1.0000 -> 1.0000] ID = 11
  43    1          ((((((((.....((.......)).....))))))))...... -15.00 +[0.0000 -> 0.0008] ID = 12
  43    2          .....(((....))).((.(((((......))))).))..... -11.80 -[1.0000 -> 0.9992] ID = 11
  44    1         .((((((((.....((.......)).....))))))))...... -15.00  [0.0008 -> 0.0008] ID = 12
  44    2         (((...(((....))).((.(((((......))))).))))).. -14.30  [0.9992 -> 0.9992] ID = 13
  45    1        ((((((((((.....((.......)).....)))))))).))... -18.60 +[0.0000 -> 0.0048] ID = 14
  45    2        .(((...(((....))).((.(((((......))))).))))).. -14.30 -[1.0000 -> 0.9952] ID = 13
  46    1       (((((((((((.....((.......)).....)))))))).))).. -21.40 +[0.0000 -> 0.0998] ID = 15
  46    2       ..(((...(((....))).((.(((((......))))).))))).. -14.30 -[1.0000 -> 0.9002] ID = 13
  47    1      .(((((((((((.....((.......)).....)))))))).))).. -21.40 +[0.0998 -> 0.1897] ID = 15
  47    2      ...(((...(((....))).((.(((((......))))).))))).. -14.30 -[0.9002 -> 0.8103] ID = 13
  48    1     ..(((((((((((.....((.......)).....)))))))).))).. -21.40 +[0.1897 -> 0.2705] ID = 15
  48    2     ....(((...(((....))).((.(((((......))))).))))).. -14.30 -[0.8103 -> 0.7295] ID = 13
  49    1    ...(((((((((((.....((.......)).....)))))))).))).. -21.40 +[0.2705 -> 0.3259] ID = 15
  49    2    ((((..((((((((.....((.......)).....)))))))).)))). -21.40 +[0.0000 -> 0.0133] ID = 18
  49    3    ((((((...))(((....))).((.(((((......))))).)))))). -16.00 +[0.0000 -> 0.1068] ID = 16
  49    4    .....(((...(((....))).((.(((((......))))).))))).. -14.30 -[0.7295 -> 0.5540] ID = 13
  50    1   ....(((((((((((.....((.......)).....)))))))).))).. -21.40 +[0.3259 -> 0.3640] ID = 15
  50    2   .((((..((((((((.....((.......)).....)))))))).)))). -21.40 +[0.0133 -> 0.0304] ID = 18
  50    3   .((((((...))(((....))).((.(((((......))))).)))))). -16.00 +[0.1068 -> 0.1839] ID = 16
  50    4   ......(((...(((....))).((.(((((......))))).))))).. -14.30 -[0.5540 -> 0.4217] ID = 13
  51    1  .....(((((((((((.....((.......)).....)))))))).))).. -21.40 +[0.3640 -> 0.3894] ID = 15
  51    2  ..((((..((((((((.....((.......)).....)))))))).)))). -21.40 +[0.0304 -> 0.0499] ID = 18
  51    3  ..((((((...))(((....))).((.(((((......))))).)))))). -16.00 +[0.1839 -> 0.2387] ID = 16
  51    4  .......(((...(((....))).((.(((((......))))).))))).. -14.30 -[0.4217 -> 0.3219] ID = 13
  52    1 ......(((((((((((.....((.......)).....)))))))).))).. -21.40 +[0.3894 -> 0.5000] ID = 15
  52    2 ...((((..((((((((.....((.......)).....)))))))).)))). -21.40 +[0.0499 -> 0.5000] ID = 18
  52    3 ...((((((...))(((....))).((.(((((......))))).)))))). -16.00 -[0.2387 -> 0.0001] ID = 16
  52    4 ........(((...(((....))).((.(((((......))))).))))).. -14.30 -[0.3219 -> 0.0000] ID = 13
# Distribution of structures at the end:
#         UGAACCCCCCCAGGGCCGGAAGGCAGCAAGGGUAAGCGGGCUCUGGCGGGUG
  52    1 ......(((((((((((.....((.......)).....)))))))).))).. -21.40 0.5000  [t8: 0.5000] ID = 15
  52    2 ...((((..((((((((.....((.......)).....)))))))).)))). -21.40 0.5000  [t8: 0.5000] ID = 18
  52    3 ...((((((...))(((....))).((.(((((......))))).)))))). -16.00 0.0001  [t8: 0.0001] ID = 16
  52    4 ........(((...(((....))).((.(((((......))))).))))).. -14.30 0.0000  [t8: 0.0000] ID = 13
