# File generated using DrTransformer v0.10
#
# >drtr_srp_Cory.glut._AP009044_rev
# UGAACCCCCCCAGGGCCGGAAGGCAGCAAGGGUAAGCGGGCUCUGACGGGUG 
#
# Co-transcriptional folding parameters:
# --t-ext: 0.02 sec
# --t-end: 60.0 sec
# --start: 1
# --stop: 52
# --reversed-transcription: True
#
# Algorithm parameters:
# --o-prune: 0.1
# --t-fast: 0.002 sec
# --fpwm: 4
# --mfree: 6 nuc
# --k0: 200000.0
#
# ViennaRNA model details:
# --temp: 37.0 C
# --dangles: 2
# --paramFile: None
# --noTetra: False
# --noGU: False
# --noClosingGU: False
#
#
# Results:
# Transcription Step | Energy-sorted structure count | Structure | Energy | [Occupancy-t0 Occupancy-t8] | Structure ID (-> Plotting ID)
   1    1                                                    .   0.00  [1.0000 -> 1.0000] ID = 0
   2    1                                                   ..   0.00  [1.0000 -> 1.0000] ID = 0
   3    1                                                  ...   0.00  [1.0000 -> 1.0000] ID = 0
   4    1                                                 ....   0.00  [1.0000 -> 1.0000] ID = 0
   5    1                                                .....   0.00  [1.0000 -> 1.0000] ID = 0
   6    1                                               ......   0.00  [1.0000 -> 1.0000] ID = 0
   7    1                                              .......   0.00  [1.0000 -> 1.0000] ID = 0
   8    1                                             ........   0.00  [1.0000 -> 1.0000] ID = 0
   9    1                                            .........   0.00  [1.0000 -> 1.0000] ID = 0
  10    1                                           ..........   0.00  [1.0000 -> 1.0000] ID = 0
  11    1                                          ...........   0.00  [1.0000 -> 1.0000] ID = 0
  12    1                                         ............   0.00  [1.0000 -> 1.0000] ID = 0
  13    1                                        ((((....)))).  -2.20  [1.0000 -> 1.0000] ID = 1
  14    1                                       .((((....)))).  -2.20  [1.0000 -> 1.0000] ID = 1
  15    1                                      ..((((....)))).  -2.20  [1.0000 -> 1.0000] ID = 1
  16    1                                     ...((((....)))).  -2.20  [1.0000 -> 1.0000] ID = 1
  17    1                                    ....((((....)))).  -2.20  [1.0000 -> 1.0000] ID = 1
  18    1                                   .....((((....)))).  -2.20  [1.0000 -> 1.0000] ID = 1
  19    1                                  ......((((....)))).  -2.20  [1.0000 -> 1.0000] ID = 1
  20    1                                 .......((((....)))).  -2.20  [1.0000 -> 1.0000] ID = 1
  21    1                                ........((((....)))).  -2.20  [1.0000 -> 1.0000] ID = 1
  22    1                               .........((((....)))).  -2.20  [1.0000 -> 1.0000] ID = 1
  23    1                              ((((......)))).........  -2.30 +[0.0000 -> 0.3067] ID = 2
  23    2                              ..........((((....)))).  -2.20 -[1.0000 -> 0.6933] ID = 1
  24    1                             (((((......)))))........  -4.00 +[0.3067 -> 0.5504] ID = 3
  24    2                             ...........((((....)))).  -2.20 -[0.6933 -> 0.4496] ID = 1
  25    1                            .(((((......)))))........  -4.00 +[0.5504 -> 0.7016] ID = 3
  25    2                            ............((((....)))).  -2.20 -[0.4496 -> 0.2984] ID = 1
  26    1                           ..(((((......)))))........  -4.00 +[0.7016 -> 0.7955] ID = 3
  26    2                           .............((((....)))).  -2.20 -[0.2984 -> 0.2045] ID = 1
  27    1                          ...(((((......)))))........  -4.00 +[0.7955 -> 0.8009] ID = 3
  27    2                          ((........))..((((....)))).  -3.00 -[0.2045 -> 0.1991] ID = 4
  28    1                         ....(((((......)))))........  -4.00 +[0.8009 -> 0.8056] ID = 3
  28    2                         .((........))..((((....)))).  -3.00 -[0.1991 -> 0.1944] ID = 4
  29    1                        .....(((((......)))))........  -4.00 +[0.8056 -> 0.8097] ID = 3
  29    2                        ..((........))..((((....)))).  -3.00 -[0.1944 -> 0.1903] ID = 4
  30    1                       ((....(((((......))))).....)).  -4.30 +[0.8097 -> 0.8203] ID = 5
  30    2                       ...((........))..((((....)))).  -3.00 -[0.1903 -> 0.1797] ID = 4
  31    1                      .((....(((((......))))).....)).  -4.30 -[0.8203 -> 0.8104] ID = 5
  31    2                      (((.((........))..)))..........  -4.00 +[0.0000 -> 0.1308] ID = 6
  31    3                      ....((........))..((((....)))).  -3.00 -[0.1797 -> 0.0588] ID = 4
  32    1                     ..((....(((((......))))).....)).  -4.30 -[0.8398 -> 0.8313] ID = 5
  32    2                     .(((.((........))..)))..........  -4.00 +[0.1602 -> 0.1687] ID = 6
  33    1                    ...((....(((((......))))).....)).  -4.30 -[0.8313 -> 0.8231] ID = 5
  33    2                    ..(((.((........))..)))..........  -4.00 +[0.1687 -> 0.1769] ID = 6
  34    1                   ....((....(((((......))))).....)).  -4.30 -[0.8231 -> 0.8152] ID = 5
  34    2                   ...(((.((........))..)))..........  -4.00 +[0.1769 -> 0.1848] ID = 6
  35    1                  .....((....(((((......))))).....)).  -4.30 -[0.8152 -> 0.8076] ID = 5
  35    2                  ....(((.((........))..)))..........  -4.00 +[0.1848 -> 0.1924] ID = 6
  36    1                 ((..((((.((........))..)).))..))....  -8.10 +[0.1924 -> 0.2218] ID = 7
  36    2                 (((..(((.((........))..)))))).......  -5.50 +[0.0000 -> 0.0051] ID = 8
  36    3                 ......((....(((((......))))).....)).  -4.30 -[0.8076 -> 0.7731] ID = 5
  37    1                (((..((((.((........))..)).))..)))... -11.30 +[0.2243 -> 0.3887] ID = 9
  37    2                (((..........(((((......)))))..)))...  -6.10 +[0.0000 -> 0.5791] ID = 10
  37    3                .......((....(((((......))))).....)).  -4.30 -[0.7757 -> 0.0322] ID = 5
  38    1               .(((..((((.((........))..)).))..)))... -11.30 +[0.4048 -> 0.5224] ID = 9
  38    2               (((....)))....(((((......)))))........  -8.80 +[0.0000 -> 0.1907] ID = 11
  38    3               .(((..........(((((......)))))..)))...  -6.10 -[0.5952 -> 0.2870] ID = 10
  39    1              ..(((..((((.((........))..)).))..)))... -11.30 +[0.5224 -> 0.5791] ID = 9
  39    2              .(((....)))....(((((......)))))........  -8.80 +[0.1907 -> 0.2817] ID = 11
  39    3              ..(((..........(((((......)))))..)))...  -6.10 -[0.2870 -> 0.1391] ID = 10
  40    1             ...(((..((((.((........))..)).))..)))... -11.30 +[0.5791 -> 0.6068] ID = 9
  40    2             ..(((....)))....(((((......)))))........  -8.80 +[0.2817 -> 0.3250] ID = 11
  40    3             ...(((..........(((((......)))))..)))...  -6.10 -[0.1391 -> 0.0682] ID = 10
  41    1            ....(((..((((.((........))..)).))..)))... -11.30 +[0.6409 -> 0.6421] ID = 9
  41    2            ...(((....)))....(((((......)))))........  -8.80 -[0.3591 -> 0.3579] ID = 11
  42    1           (((((((.....((.......)).....)))))))....... -12.50 +[0.0000 -> 0.0007] ID = 12
  42    2           .....(((..((((.((........))..)).))..)))... -11.30 +[0.6421 -> 0.6433] ID = 9
  42    3           ....(((....)))....(((((......)))))........  -8.80 -[0.3579 -> 0.3561] ID = 11
  43    1          .(((((((.....((.......)).....)))))))....... -12.50 +[0.0007 -> 0.0013] ID = 12
  43    2          ......(((..((((.((........))..)).))..)))... -11.30 +[0.6433 -> 0.6445] ID = 9
  43    3          .....(((....)))....(((((......)))))........  -8.80 -[0.3561 -> 0.3542] ID = 11
  44    1         (((((((((.....((.......)).....)))))))..))... -13.00  [0.0000 -> 0.0000] ID = 13
  44    2         .......(((..((((.((........))..)).))..)))... -11.30  [0.6451 -> 0.6451] ID = 9
  44    3         (((...(((....)))....(((((......)))))...))).. -11.30  [0.3549 -> 0.3548] ID = 14
  45    1        ((((((((((.....((.......)).....)))))))..))).. -15.80 +[0.0000 -> 0.0024] ID = 15
  45    2        ((....))(((..((((.((........))..)).))..)))... -11.90  [0.6451 -> 0.6451] ID = 16
  45    3        .(((...(((....)))....(((((......)))))...))).. -11.30 -[0.3549 -> 0.3525] ID = 14
  46    1       (((.(((((((.....((.......)).....)))))))..))).. -16.30 +[0.0000 -> 0.0053] ID = 17
  46    2       (((...)))(((..((((.((........))..)).))..)))... -13.20 +[0.0000 -> 0.5767] ID = 18
  46    3       .((....))(((..((((.((........))..)).))..)))... -11.90 -[0.6463 -> 0.0700] ID = 16
  46    4       ..(((...(((....)))....(((((......)))))...))).. -11.30 -[0.3537 -> 0.3479] ID = 14
  47    1      .(((.(((((((.....((.......)).....)))))))..))).. -16.30 +[0.0053 -> 0.0110] ID = 17
  47    2      (((....)))(((..((((.((........))..)).))..)))... -14.00 +[0.0000 -> 0.3511] ID = 19
  47    3      .(((...)))(((..((((.((........))..)).))..)))... -13.20 -[0.6118 -> 0.2630] ID = 18
  47    4      ...(((...(((....)))....(((((......)))))...))).. -11.30 -[0.3830 -> 0.3750] ID = 14
  48    1     .(((..(((((((.....((.......)).....)))))))..))).. -16.70 +[0.0000 -> 0.0107] ID = 20
  48    2     .(((....)))(((..((((.((........))..)).))..)))... -14.00 +[0.3547 -> 0.4534] ID = 19
  48    3     ..(((...)))(((..((((.((........))..)).))..)))... -13.20 -[0.2666 -> 0.1702] ID = 18
  48    4     ....(((...(((....)))....(((((......)))))...))).. -11.30 -[0.3786 -> 0.3657] ID = 14
  49    1    ((((...(((((((.....((.......)).....)))))))..)))). -17.80 +[0.0000 -> 0.0340] ID = 21
  49    2    .(((.....)))(((..((((.((........))..)).))..)))... -14.30 +[0.0000 -> 0.1923] ID = 23
  49    3    ..(((....)))(((..((((.((........))..)).))..)))... -14.00 -[0.4570 -> 0.3629] ID = 19
  49    4    ...(((...)))(((..((((.((........))..)).))..)))... -13.20 -[0.1737 -> 0.0799] ID = 18
  49    5    ((((((...))(((....)))....(((((......)))))...)))). -13.00 +[0.0000 -> 0.0543] ID = 22
  49    6    .....(((...(((....)))....(((((......)))))...))).. -11.30 -[0.3693 -> 0.2766] ID = 14
  50    1   .((((...(((((((.....((.......)).....)))))))..)))). -17.80 +[0.0340 -> 0.0601] ID = 21
  50    2   ..(((.....)))(((..((((.((........))..)).))..)))... -14.30 +[0.1923 -> 0.2760] ID = 23
  50    3   ...(((....)))(((..((((.((........))..)).))..)))... -14.00 -[0.3629 -> 0.2960] ID = 19
  50    4   ....(((...)))(((..((((.((........))..)).))..)))... -13.20 -[0.0799 -> 0.0664] ID = 18
  50    5   .((((((...))(((....)))....(((((......)))))...)))). -13.00 +[0.0543 -> 0.0937] ID = 22
  50    6   ......(((...(((....)))....(((((......)))))...))).. -11.30 -[0.2766 -> 0.2077] ID = 14
  51    1  ..((((...(((((((.....((.......)).....)))))))..)))). -17.80 +[0.0601 -> 0.0803] ID = 21
  51    2  ...(((.....)))(((..((((.((........))..)).))..)))... -14.30 +[0.2760 -> 0.3177] ID = 23
  51    3  ....(((....)))(((..((((.((........))..)).))..)))... -14.00 -[0.2960 -> 0.2601] ID = 19
  51    4  .....(((...)))(((..((((.((........))..)).))..)))... -13.20 -[0.0664 -> 0.0632] ID = 18
  51    5  ..((((((...))(((....)))....(((((......)))))...)))). -13.00 +[0.0937 -> 0.1222] ID = 22
  51    6  .......(((...(((....)))....(((((......)))))...))).. -11.30 -[0.2077 -> 0.1564] ID = 14
  52    1 ...((((...(((((((.....((.......)).....)))))))..)))). -17.80 +[0.0930 -> 0.5444] ID = 21
  52    2 ....(((.....)))(((..((((.((........))..)).))..)))... -14.30 -[0.3303 -> 0.2802] ID = 23
  52    3 .....(((....)))(((..((((.((........))..)).))..)))... -14.00 -[0.2728 -> 0.1722] ID = 19
  52    4 ...((((((...))(((....)))....(((((......)))))...)))). -13.00 -[0.1349 -> 0.0029] ID = 22
  52    5 ........(((...(((....)))....(((((......)))))...))).. -11.30 -[0.1691 -> 0.0002] ID = 14
# Distribution of structures at the end:
#         UGAACCCCCCCAGGGCCGGAAGGCAGCAAGGGUAAGCGGGCUCUGACGGGUG
  52    1 ...((((...(((((((.....((.......)).....)))))))..)))). -17.80 0.5444 +[t8: 0.9941] ID = 21
  52    2 ....(((.....)))(((..((((.((........))..)).))..)))... -14.30 0.2802 -[t8: 0.0034] ID = 23
  52    3 .....(((....)))(((..((((.((........))..)).))..)))... -14.00 0.1722 -[t8: 0.0021] ID = 19
  52    4 ...((((((...))(((....)))....(((((......)))))...)))). -13.00 0.0029 -[t8: 0.0004] ID = 22
  52    5 ........(((...(((....)))....(((((......)))))...))).. -11.30 0.0002 -[t8: 0.0000] ID = 14
