# File generated using DrTransformer v0.10
#
# >drtr_srp_Myco.bovi._BX248347_rev
# UGAACUCCCCCAGGGCCGGAAGGCAGCAAGGGUCAAUGGGCUCUGGCGGGUGCGCGGGG 
#
# Co-transcriptional folding parameters:
# --t-ext: 0.02 sec
# --t-end: 60.0 sec
# --start: 1
# --stop: 59
# --reversed-transcription: True
#
# Algorithm parameters:
# --o-prune: 0.1
# --t-fast: 0.002 sec
# --fpwm: 4
# --mfree: 6 nuc
# --k0: 200000.0
#
# ViennaRNA model details:
# --temp: 37.0 C
# --dangles: 2
# --paramFile: None
# --noTetra: False
# --noGU: False
# --noClosingGU: False
#
#
# Results:
# Transcription Step | Energy-sorted structure count | Structure | Energy | [Occupancy-t0 Occupancy-t8] | Structure ID (-> Plotting ID)
   1    1                                                           .   0.00  [1.0000 -> 1.0000] ID = 0
   2    1                                                          ..   0.00  [1.0000 -> 1.0000] ID = 0
   3    1                                                         ...   0.00  [1.0000 -> 1.0000] ID = 0
   4    1                                                        ....   0.00  [1.0000 -> 1.0000] ID = 0
   5    1                                                       .....   0.00  [1.0000 -> 1.0000] ID = 0
   6    1                                                      ......   0.00  [1.0000 -> 1.0000] ID = 0
   7    1                                                     .......   0.00  [1.0000 -> 1.0000] ID = 0
   8    1                                                    ........   0.00  [1.0000 -> 1.0000] ID = 0
   9    1                                                   .........   0.00  [1.0000 -> 1.0000] ID = 0
  10    1                                                  ..........   0.00  [1.0000 -> 1.0000] ID = 0
  11    1                                                 ...........   0.00  [1.0000 -> 1.0000] ID = 0
  12    1                                                ............   0.00  [1.0000 -> 1.0000] ID = 0
  13    1                                               ((......))...  -0.60  [1.0000 -> 1.0000] ID = 1
  14    1                                              (((....)))....  -4.00  [1.0000 -> 1.0000] ID = 2
  15    1                                             .(((....)))....  -4.00  [1.0000 -> 1.0000] ID = 2
  16    1                                            ..(((....)))....  -4.00  [1.0000 -> 1.0000] ID = 2
  17    1                                           ((.(((....))).)).  -7.40  [1.0000 -> 1.0000] ID = 3
  18    1                                          .((.(((....))).)).  -7.40  [1.0000 -> 1.0000] ID = 3
  19    1                                         ..((.(((....))).)).  -7.40  [1.0000 -> 1.0000] ID = 3
  20    1                                        ...((.(((....))).)).  -7.40  [1.0000 -> 1.0000] ID = 3
  21    1                                       ....((.(((....))).)).  -7.40  [1.0000 -> 1.0000] ID = 3
  22    1                                      .....((.(((....))).)).  -7.40  [1.0000 -> 1.0000] ID = 3
  23    1                                     ......((.(((....))).)).  -7.40  [1.0000 -> 1.0000] ID = 3
  24    1                                    .......((.(((....))).)).  -7.40  [1.0000 -> 1.0000] ID = 3
  25    1                                   ........((.(((....))).)).  -7.40  [1.0000 -> 1.0000] ID = 3
  26    1                                  .........((.(((....))).)).  -7.40  [1.0000 -> 1.0000] ID = 3
  27    1                                 ..........((.(((....))).)).  -7.40  [1.0000 -> 1.0000] ID = 3
  28    1                                (((....))).((.(((....))).)).  -8.20  [1.0000 -> 1.0000] ID = 4
  29    1                               ((((....))))((.(((....))).)).  -9.50  [1.0000 -> 1.0000] ID = 5
  30    1                              .((((....))))((.(((....))).)).  -9.50  [1.0000 -> 1.0000] ID = 5
  31    1                             ((((((....)))))).(((....))).... -10.10  [1.0000 -> 1.0000] ID = 6
  32    1                            .((((((....)))))).(((....))).... -10.10  [1.0000 -> 1.0000] ID = 6
  33    1                           ..((((((....)))))).(((....))).... -10.10  [1.0000 -> 1.0000] ID = 6
  34    1                          ...((((((....)))))).(((....))).... -10.10  [1.0000 -> 1.0000] ID = 6
  35    1                         ....((((((....)))))).(((....))).... -10.10  [1.0000 -> 1.0000] ID = 6
  36    1                        .....((((((....)))))).(((....))).... -10.10  [1.0000 -> 1.0000] ID = 6
  37    1                       (((((.((((((....)))))).))...)))...... -11.10 +[0.0000 -> 0.2367] ID = 7
  37    2                       ......((((((....)))))).(((....))).... -10.10 -[1.0000 -> 0.7633] ID = 6
  38    1                      .(((((.((((((....)))))).))...)))...... -11.10 +[0.2367 -> 0.4063] ID = 7
  38    2                      .......((((((....)))))).(((....))).... -10.10 -[0.7633 -> 0.5937] ID = 6
  39    1                     ..(((((.((((((....)))))).))...)))...... -11.10 +[0.4063 -> 0.5279] ID = 7
  39    2                     ........((((((....)))))).(((....))).... -10.10 -[0.5937 -> 0.4721] ID = 6
  40    1                    ...(((((.((((((....)))))).))...)))...... -11.10 +[0.5279 -> 0.6150] ID = 7
  40    2                    .........((((((....)))))).(((....))).... -10.10 -[0.4721 -> 0.3850] ID = 6
  41    1                   ....(((((.((((((....)))))).))...)))...... -11.10 +[0.6150 -> 0.6774] ID = 7
  41    2                   ..........((((((....)))))).(((....))).... -10.10 -[0.3850 -> 0.3226] ID = 6
  42    1                  .....(((((.((((((....)))))).))...)))...... -11.10 +[0.6774 -> 0.7221] ID = 7
  42    2                  ...........((((((....)))))).(((....))).... -10.10 -[0.3226 -> 0.2779] ID = 6
  43    1                 ((....((.((.((((((....)))))).))..))...))... -11.60 +[0.0000 -> 0.5315] ID = 8
  43    2                 ......(((((.((((((....)))))).))...)))...... -11.10 -[0.7221 -> 0.2855] ID = 7
  43    3                 ............((((((....)))))).(((....))).... -10.10 -[0.2779 -> 0.1830] ID = 6
  44    1                (((....((.((.((((((....)))))).))..))...))).. -14.80 +[0.5315 -> 0.8358] ID = 9
  44    2                (((....(((((.((((((....)))))).))...))).))).. -12.80 -[0.2855 -> 0.0684] ID = 13
  44    3                ((....)).....((((((....)))))).(((....))).... -11.20 -[0.1830 -> 0.0921] ID = 11
  44    4                (((...(((.......)))..)))...((.(((....))).)). -10.70 +[0.0000 -> 0.0037] ID = 10
  45    1               (((....)))....((((((....)))))).(((....))).... -14.90 +[0.1300 -> 0.1313] ID = 14
  45    2               .(((....((.((.((((((....)))))).))..))...))).. -14.80 -[0.8700 -> 0.8687] ID = 9
  46    1              .(((....)))....((((((....)))))).(((....))).... -14.90 +[0.1313 -> 0.1468] ID = 14
  46    2              ..(((....((.((.((((((....)))))).))..))...))).. -14.80 -[0.8687 -> 0.8532] ID = 9
  47    1             ..(((....)))....((((((....)))))).(((....))).... -14.90 +[0.1468 -> 0.1616] ID = 14
  47    2             ...(((....((.((.((((((....)))))).))..))...))).. -14.80 -[0.8532 -> 0.8384] ID = 9
  48    1            ...(((....)))....((((((....)))))).(((....))).... -14.90 +[0.1616 -> 0.1759] ID = 14
  48    2            ....(((....((.((.((((((....)))))).))..))...))).. -14.80 -[0.8384 -> 0.8241] ID = 9
  49    1           (((((((....(((.......)))....)))))))(((....))).... -18.10  [0.0000 -> 0.0000] ID = 15
  49    2           ....(((....)))....((((((....)))))).(((....))).... -14.90 +[0.1759 -> 0.1896] ID = 14
  49    3           .....(((....((.((.((((((....)))))).))..))...))).. -14.80 -[0.8241 -> 0.8104] ID = 9
  50    1          .(((((((....(((.......)))....)))))))(((....))).... -18.10  [0.0000 -> 0.0000] ID = 15
  50    2          ((...(((....)))....((((((....)))))).(((....))))).. -15.50 +[0.1896 -> 0.2049] ID = 16
  50    3          ......(((....((.((.((((((....)))))).))..))...))).. -14.80 -[0.8104 -> 0.7950] ID = 9
  51    1         (((...(((....)))....((((((....)))))).(((....)))))). -18.80 +[0.2049 -> 0.2213] ID = 17
  51    2         .......(((....((.((.((((((....)))))).))..))...))).. -14.80 -[0.7951 -> 0.7787] ID = 9
  52    1        ((((...(((....)))....((((((....)))))).(((....))))))) -20.90 +[0.2213 -> 0.2529] ID = 18
  52    2        ((((...(((....))).((.((((((....)))))).))........)))) -19.00 +[0.0000 -> 0.0209] ID = 21
  52    3        ((((...((......((.((.((((((....)))))).))..))))..)))) -15.90 +[0.0000 -> 0.0167] ID = 19
  52    4        ((....))(((....((.((.((((((....)))))).))..))...))).. -15.40 -[0.7787 -> 0.7095] ID = 20
  53    1       (((((((((((....(((.......)))....)))))))).)))......... -22.70  [0.0000 -> 0.0000] ID = 22
  53    2       .((((...(((....)))....((((((....)))))).(((....))))))) -20.90 +[0.2529 -> 0.2775] ID = 18
  53    3       .((((...(((....))).((.((((((....)))))).))........)))) -19.00 -[0.0209 -> 0.0155] ID = 21
  53    4       (((...)))(((....((.((.((((((....)))))).))..))...))).. -16.50 +[0.0000 -> 0.6056] ID = 23
  53    5       .((....))(((....((.((.((((((....)))))).))..))...))).. -15.40 -[0.7262 -> 0.1014] ID = 20
  54    1      .(((((((((((....(((.......)))....)))))))).)))......... -22.70  [0.0000 -> 0.0000] ID = 22
  54    2      ..((((...(((....)))....((((((....)))))).(((....))))))) -20.90 +[0.2775 -> 0.2939] ID = 18
  54    3      ..((((...(((....))).((.((((((....)))))).))........)))) -19.00 +[0.0155 -> 0.0161] ID = 21
  54    4      .(((...)))(((....((.((.((((((....)))))).))..))...))).. -16.50 -[0.6056 -> 0.5910] ID = 23
  54    5      ..((....))(((....((.((.((((((....)))))).))..))...))).. -15.40 -[0.1014 -> 0.0989] ID = 20
  55    1     ..(((((((((((....(((.......)))....)))))))).)))......... -22.70  [0.0000 -> 0.0000] ID = 22
  55    2     ...((((...(((....)))....((((((....)))))).(((....))))))) -20.90 +[0.2939 -> 0.3099] ID = 18
  55    3     ...((((...(((....))).((.((((((....)))))).))........)))) -19.00 +[0.0161 -> 0.0168] ID = 21
  55    4     ..(((...)))(((....((.((.((((((....)))))).))..))...))).. -16.50 -[0.5910 -> 0.5767] ID = 23
  55    5     ...((....))(((....((.((.((((((....)))))).))..))...))).. -15.40 -[0.0989 -> 0.0965] ID = 20
  56    1    ...(((((((((((....(((.......)))....)))))))).)))......... -22.70  [0.0000 -> 0.0000] ID = 22
  56    2    ....((((...(((....)))....((((((....)))))).(((....))))))) -20.90 +[0.3099 -> 0.3255] ID = 18
  56    3    ....((((...(((....))).((.((((((....)))))).))........)))) -19.00 +[0.0168 -> 0.0175] ID = 21
  56    4    ...(((...)))(((....((.((.((((((....)))))).))..))...))).. -16.50 -[0.5767 -> 0.5628] ID = 23
  56    5    ....((....))(((....((.((.((((((....)))))).))..))...))).. -15.40 -[0.0965 -> 0.0942] ID = 20
  57    1   ....(((((((((((....(((.......)))....)))))))).)))......... -22.70  [0.0000 -> 0.0000] ID = 22
  57    2   .....((((...(((....)))....((((((....)))))).(((....))))))) -20.90 +[0.3255 -> 0.3408] ID = 18
  57    3   .....((((...(((....))).((.((((((....)))))).))........)))) -19.00 +[0.0175 -> 0.0181] ID = 21
  57    4   ....(((...)))(((....((.((.((((((....)))))).))..))...))).. -16.50 -[0.5628 -> 0.5492] ID = 23
  57    5   .....((....))(((....((.((.((((((....)))))).))..))...))).. -15.40 -[0.0942 -> 0.0919] ID = 20
  58    1  .....(((((((((((....(((.......)))....)))))))).)))......... -22.70  [0.0000 -> 0.0000] ID = 22
  58    2  ......((((...(((....)))....((((((....)))))).(((....))))))) -20.90 +[0.3408 -> 0.3556] ID = 18
  58    3  ......((((...(((....))).((.((((((....)))))).))........)))) -19.00 +[0.0181 -> 0.0187] ID = 21
  58    4  .....(((...)))(((....((.((.((((((....)))))).))..))...))).. -16.50 -[0.5492 -> 0.5359] ID = 23
  58    5  ......((....))(((....((.((.((((((....)))))).))..))...))).. -15.40 -[0.0919 -> 0.0897] ID = 20
  59    1 ((....(((((((((((....(((.......)))....)))))))).)))....))... -22.80 +[0.0000 -> 0.0050] ID = 24
  59    2 .......((((...(((....)))....((((((....)))))).(((....))))))) -20.90 +[0.3557 -> 0.9505] ID = 18
  59    3 .......((((...(((....))).((.((((((....)))))).))........)))) -19.00 +[0.0187 -> 0.0436] ID = 21
  59    4 ......(((...)))(((....((.((.((((((....)))))).))..))...))).. -16.50 -[0.5359 -> 0.0008] ID = 23
  59    5 .......((....))(((....((.((.((((((....)))))).))..))...))).. -15.40 -[0.0897 -> 0.0001] ID = 20
# Distribution of structures at the end:
#         UGAACUCCCCCAGGGCCGGAAGGCAGCAAGGGUCAAUGGGCUCUGGCGGGUGCGCGGGG
  59    1 ((....(((((((((((....(((.......)))....)))))))).)))....))... -22.80 0.0050 +[t8: 0.9542] ID = 24
  59    2 .......((((...(((....)))....((((((....)))))).(((....))))))) -20.90 0.9505 -[t8: 0.0437] ID = 18
  59    3 .......((((...(((....))).((.((((((....)))))).))........)))) -19.00 0.0436 -[t8: 0.0020] ID = 21
  59    4 ......(((...)))(((....((.((.((((((....)))))).))..))...))).. -16.50 0.0008 -[t8: 0.0000] ID = 23
  59    5 .......((....))(((....((.((.((((((....)))))).))..))...))).. -15.40 0.0001 -[t8: 0.0000] ID = 20
