# File generated using DrTransformer v0.10
#
# >drtr_srp_Novo.arom._CP000248_rev
# UCGCCAACCCGGUCAGGUCCGGAAGGAAGCAGCCGUAACGA 
#
# Co-transcriptional folding parameters:
# --t-ext: 0.02 sec
# --t-end: 60.0 sec
# --start: 1
# --stop: 41
# --reversed-transcription: True
#
# Algorithm parameters:
# --o-prune: 0.1
# --t-fast: 0.002 sec
# --fpwm: 4
# --mfree: 6 nuc
# --k0: 200000.0
#
# ViennaRNA model details:
# --temp: 37.0 C
# --dangles: 2
# --paramFile: None
# --noTetra: False
# --noGU: False
# --noClosingGU: False
#
#
# Results:
# Transcription Step | Energy-sorted structure count | Structure | Energy | [Occupancy-t0 Occupancy-t8] | Structure ID (-> Plotting ID)
   1    1                                         .   0.00  [1.0000 -> 1.0000] ID = 0
   2    1                                        ..   0.00  [1.0000 -> 1.0000] ID = 0
   3    1                                       ...   0.00  [1.0000 -> 1.0000] ID = 0
   4    1                                      ....   0.00  [1.0000 -> 1.0000] ID = 0
   5    1                                     .....   0.00  [1.0000 -> 1.0000] ID = 0
   6    1                                    ......   0.00  [1.0000 -> 1.0000] ID = 0
   7    1                                   .......   0.00  [1.0000 -> 1.0000] ID = 0
   8    1                                  ........   0.00  [1.0000 -> 1.0000] ID = 0
   9    1                                 .........   0.00  [1.0000 -> 1.0000] ID = 0
  10    1                                ..........   0.00  [1.0000 -> 1.0000] ID = 0
  11    1                               ...........   0.00  [1.0000 -> 1.0000] ID = 0
  12    1                              ............   0.00  [1.0000 -> 1.0000] ID = 0
  13    1                             .............   0.00  [1.0000 -> 1.0000] ID = 0
  14    1                            ..............   0.00  [1.0000 -> 1.0000] ID = 0
  15    1                           ...............   0.00  [1.0000 -> 1.0000] ID = 0
  16    1                          ................   0.00  [1.0000 -> 1.0000] ID = 0
  17    1                         ((......)).......  -0.60  [1.0000 -> 1.0000] ID = 1
  18    1                        .((......)).......  -0.60  [1.0000 -> 1.0000] ID = 1
  19    1                       ..((......)).......  -0.60  [1.0000 -> 1.0000] ID = 1
  20    1                      ...((......)).......  -0.60  [1.0000 -> 1.0000] ID = 1
  21    1                     ....((......)).......  -0.60  [1.0000 -> 1.0000] ID = 1
  22    1                    ((...((......))....)).  -2.40  [1.0000 -> 1.0000] ID = 2
  23    1                   .((...((......))....)).  -2.40  [1.0000 -> 1.0000] ID = 2
  24    1                  (((....)))..............  -2.70 +[0.0000 -> 0.5300] ID = 3
  24    2                  ..((...((......))....)).  -2.40 -[1.0000 -> 0.4700] ID = 2
  25    1                 .(((....)))..............  -2.70 +[0.5300 -> 0.6064] ID = 3
  25    2                 ...((...((......))....)).  -2.40 -[0.4700 -> 0.3936] ID = 2
  26    1                ..(((....)))..............  -2.70 -[0.6064 -> 0.3657] ID = 3
  26    2                (((((....)).....))).......  -2.70 +[0.0000 -> 0.3619] ID = 4
  26    3                ....((...((......))....)).  -2.40 -[0.3936 -> 0.2724] ID = 2
  27    1               ...(((....)))..............  -2.70 +[0.3657 -> 0.3794] ID = 3
  27    2               .(((((....)).....))).......  -2.70 +[0.3619 -> 0.3787] ID = 4
  27    3               .....((...((......))....)).  -2.40 -[0.2724 -> 0.2419] ID = 2
  28    1              ....(((....)))..............  -2.70 +[0.3794 -> 0.3819] ID = 3
  28    2              ..(((((....)).....))).......  -2.70 +[0.3787 -> 0.3818] ID = 4
  28    3              ......((...((......))....)).  -2.40 -[0.2419 -> 0.2363] ID = 2
  29    1             .....(((....)))..............  -2.70 +[0.3819 -> 0.3824] ID = 3
  29    2             ...(((((....)).....))).......  -2.70 +[0.3818 -> 0.3823] ID = 4
  29    3             .......((...((......))....)).  -2.40 -[0.2363 -> 0.2353] ID = 2
  30    1            ((..(((((....)).....)))...))..  -2.90 +[0.3823 -> 0.4572] ID = 6
  30    2            ......(((....)))..............  -2.70 -[0.3824 -> 0.3312] ID = 3
  30    3            ........((...((......))....)).  -2.40 -[0.2353 -> 0.2116] ID = 2
  31    1           (((....(((....)))....))).......  -6.80 +[0.3312 -> 0.9376] ID = 8
  31    2           .((..(((((....)).....)))...))..  -2.90 -[0.4572 -> 0.0041] ID = 6
  31    3           .........((...((......))....)).  -2.40 -[0.2116 -> 0.0583] ID = 2
  32    1          ((((....(((....)))....))))......  -8.70  [1.0000 -> 1.0000] ID = 9
  33    1         .((((....(((....)))....))))......  -8.70  [1.0000 -> 1.0000] ID = 9
  34    1        ..((((....(((....)))....))))......  -8.70  [1.0000 -> 1.0000] ID = 9
  35    1       ...((((....(((....)))....))))......  -8.70  [1.0000 -> 1.0000] ID = 9
  36    1      ....((((....(((....)))....))))......  -8.70  [1.0000 -> 1.0000] ID = 9
  37    1     .....((((....(((....)))....))))......  -8.70  [1.0000 -> 1.0000] ID = 9
  38    1    ......((((....(((....)))....))))......  -8.70  [1.0000 -> 1.0000] ID = 9
  39    1   .......((((....(((....)))....))))......  -8.70  [1.0000 -> 1.0000] ID = 9
  40    1  ........((((....(((....)))....))))......  -8.70  [1.0000 -> 1.0000] ID = 9
  41    1 .........((((....(((....)))....))))......  -8.70  [1.0000 -> 1.0000] ID = 9
# Distribution of structures at the end:
#         UCGCCAACCCGGUCAGGUCCGGAAGGAAGCAGCCGUAACGA
  41    1 .........((((....(((....)))....))))......  -8.70 1.0000  [t8: 1.0000] ID = 9
