# File generated using DrTransformer v0.10
#
# >drtr_srp_Novo.arom._CP000248
# UCGCCAACCCGGUCAGGUCCGGAAGGAAGCAGCCGUAACGA 
#
# Co-transcriptional folding parameters:
# --t-ext: 0.02 sec
# --t-end: 60.0 sec
# --start: 1
# --stop: 41
# --reversed-transcription: False
#
# Algorithm parameters:
# --o-prune: 0.1
# --t-fast: 0.002 sec
# --fpwm: 4
# --mfree: 6 nuc
# --k0: 200000.0
#
# ViennaRNA model details:
# --temp: 37.0 C
# --dangles: 2
# --paramFile: None
# --noTetra: False
# --noGU: False
# --noClosingGU: False
#
#
# Results:
# Transcription Step | Energy-sorted structure count | Structure | Energy | [Occupancy-t0 Occupancy-t8] | Structure ID (-> Plotting ID)
   1    1 .   0.00  [1.0000 -> 1.0000] ID = 0
   2    1 ..   0.00  [1.0000 -> 1.0000] ID = 0
   3    1 ...   0.00  [1.0000 -> 1.0000] ID = 0
   4    1 ....   0.00  [1.0000 -> 1.0000] ID = 0
   5    1 .....   0.00  [1.0000 -> 1.0000] ID = 0
   6    1 ......   0.00  [1.0000 -> 1.0000] ID = 0
   7    1 .......   0.00  [1.0000 -> 1.0000] ID = 0
   8    1 ........   0.00  [1.0000 -> 1.0000] ID = 0
   9    1 .........   0.00  [1.0000 -> 1.0000] ID = 0
  10    1 ..........   0.00  [1.0000 -> 1.0000] ID = 0
  11    1 ...........   0.00  [1.0000 -> 1.0000] ID = 0
  12    1 ...((.....))  -0.20  [1.0000 -> 1.0000] ID = 1
  13    1 ..(((.....)))  -1.70  [1.0000 -> 1.0000] ID = 2
  14    1 ..(((.....))).  -1.70  [1.0000 -> 1.0000] ID = 2
  15    1 ..(((.....)))..  -1.70  [1.0000 -> 1.0000] ID = 2
  16    1 ..(((.....)))...  -1.70  [1.0000 -> 1.0000] ID = 2
  17    1 ..(((.....)))....  -1.70  [1.0000 -> 1.0000] ID = 2
  18    1 ..(((.....))).....  -1.70  [1.0000 -> 1.0000] ID = 2
  19    1 ..(((.....)))......  -1.70  [1.0000 -> 1.0000] ID = 2
  20    1 ..(((.....))).......  -1.70  [1.0000 -> 1.0000] ID = 2
  21    1 .........(((......)))  -3.40 +[0.0000 -> 0.9082] ID = 3
  21    2 ..(((.....)))........  -1.70 -[1.0000 -> 0.0918] ID = 2
  22    1 ........((((......))))  -6.70  [1.0000 -> 1.0000] ID = 4
  23    1 ........((((......)))).  -6.70  [1.0000 -> 1.0000] ID = 4
  24    1 ........((((......))))..  -6.70  [1.0000 -> 1.0000] ID = 4
  25    1 ........((((......))))...  -6.70  [1.0000 -> 1.0000] ID = 4
  26    1 ...((...((((......))))..))  -7.20  [1.0000 -> 1.0000] ID = 5
  27    1 ...((...((((......))))..)).  -7.20  [1.0000 -> 1.0000] ID = 5
  28    1 ...((...((((......))))..))..  -7.20  [1.0000 -> 1.0000] ID = 5
  29    1 ...((...((((......))))..))...  -7.20  [1.0000 -> 1.0000] ID = 5
  30    1 ...((...((((......))))..))....  -7.20  [1.0000 -> 1.0000] ID = 5
  31    1 ...((...((((......))))..)).....  -7.20  [1.0000 -> 1.0000] ID = 5
  32    1 ...((...((((......))))..))......  -7.20  [1.0000 -> 1.0000] ID = 5
  33    1 ...((...((((......))))..)).......  -7.20  [1.0000 -> 1.0000] ID = 5
  34    1 ........((((......))))..((......))  -7.30  [1.0000 -> 1.0000] ID = 6
  35    1 .........((((....(((....)))....))))  -8.70 +[0.0000 -> 0.0005] ID = 7
  35    2 ........((((......))))..((......)).  -7.30 -[1.0000 -> 0.9995] ID = 6
  36    1 .........((((....(((....)))....)))).  -8.70 +[0.0005 -> 0.0010] ID = 7
  36    2 ........((((......))))..((......))..  -7.30 -[0.9995 -> 0.9990] ID = 6
  37    1 .........((((....(((....)))....))))..  -8.70 +[0.0010 -> 0.0015] ID = 7
  37    2 ........((((......))))..((......))...  -7.30 -[0.9990 -> 0.9985] ID = 6
  38    1 .........((((....(((....)))....))))...  -8.70 +[0.0015 -> 0.0020] ID = 7
  38    2 ........((((......))))..((......))....  -7.30 -[0.9985 -> 0.9980] ID = 6
  39    1 .........((((....(((....)))....))))....  -8.70 +[0.0020 -> 0.0025] ID = 7
  39    2 ........((((......))))..((......)).....  -7.30 -[0.9980 -> 0.9975] ID = 6
  40    1 .........((((....(((....)))....)))).....  -8.70 +[0.0025 -> 0.0030] ID = 7
  40    2 ........((((......))))..((......))......  -7.30 -[0.9975 -> 0.9970] ID = 6
  41    1 .........((((....(((....)))....))))......  -8.70 +[0.0030 -> 0.7322] ID = 7
  41    2 ........((((......))))..((......)).......  -7.30 -[0.9970 -> 0.2678] ID = 6
# Distribution of structures at the end:
#         UCGCCAACCCGGUCAGGUCCGGAAGGAAGCAGCCGUAACGA
  41    1 .........((((....(((....)))....))))......  -8.70 0.7322 +[t8: 0.9065] ID = 7
  41    2 ........((((......))))..((......)).......  -7.30 0.2678 -[t8: 0.0935] ID = 6
