# File generated using DrTransformer v0.10
#
# >drtr_srp_Leis.aeth._AY722730
# UGGACCAGCGAGGGUGAUUUGCUGCGUUGACGUGGUGCUCUGCUUGGCUGUGUGUCGG 
#
# Co-transcriptional folding parameters:
# --t-ext: 0.02 sec
# --t-end: 60.0 sec
# --start: 1
# --stop: 58
# --reversed-transcription: False
#
# Algorithm parameters:
# --o-prune: 0.1
# --t-fast: 0.002 sec
# --fpwm: 4
# --mfree: 6 nuc
# --k0: 200000.0
#
# ViennaRNA model details:
# --temp: 37.0 C
# --dangles: 2
# --paramFile: None
# --noTetra: False
# --noGU: False
# --noClosingGU: False
#
#
# Results:
# Transcription Step | Energy-sorted structure count | Structure | Energy | [Occupancy-t0 Occupancy-t8] | Structure ID (-> Plotting ID)
   1    1 .   0.00  [1.0000 -> 1.0000] ID = 0
   2    1 ..   0.00  [1.0000 -> 1.0000] ID = 0
   3    1 ...   0.00  [1.0000 -> 1.0000] ID = 0
   4    1 ....   0.00  [1.0000 -> 1.0000] ID = 0
   5    1 .....   0.00  [1.0000 -> 1.0000] ID = 0
   6    1 ......   0.00  [1.0000 -> 1.0000] ID = 0
   7    1 .......   0.00  [1.0000 -> 1.0000] ID = 0
   8    1 ........   0.00  [1.0000 -> 1.0000] ID = 0
   9    1 .........   0.00  [1.0000 -> 1.0000] ID = 0
  10    1 ..........   0.00  [1.0000 -> 1.0000] ID = 0
  11    1 ...........   0.00  [1.0000 -> 1.0000] ID = 0
  12    1 ............   0.00  [1.0000 -> 1.0000] ID = 0
  13    1 ....((.....))  -0.70  [1.0000 -> 1.0000] ID = 1
  14    1 ....((.....)).  -0.70  [1.0000 -> 1.0000] ID = 1
  15    1 ...(((......)))  -2.20  [1.0000 -> 1.0000] ID = 2
  16    1 ...(((......))).  -2.20  [1.0000 -> 1.0000] ID = 2
  17    1 ...(((......)))..  -2.20  [1.0000 -> 1.0000] ID = 2
  18    1 ...(((......)))...  -2.20  [1.0000 -> 1.0000] ID = 2
  19    1 ...(((......)))....  -2.20  [1.0000 -> 1.0000] ID = 2
  20    1 ...(((......))).....  -2.20  [1.0000 -> 1.0000] ID = 2
  21    1 ...(((......)))......  -2.20  [1.0000 -> 1.0000] ID = 2
  22    1 .......(((((.....)))))  -3.00 +[0.0000 -> 0.1537] ID = 3
  22    2 ...(((......))).......  -2.20 -[1.0000 -> 0.8463] ID = 2
  23    1 ......((((((.....))))))  -4.40 +[0.1537 -> 0.2858] ID = 4
  23    2 ...(((......)))........  -2.20 -[0.8463 -> 0.7142] ID = 2
  24    1 .....(((((((.....)))))))  -6.90 +[0.2858 -> 0.3981] ID = 5
  24    2 ...(((......))).........  -2.20 -[0.7142 -> 0.6019] ID = 2
  25    1 .....(((((((.....))))))).  -6.90 +[0.3981 -> 0.4927] ID = 5
  25    2 ...(((......)))..........  -2.20 -[0.6019 -> 0.5073] ID = 2
  26    1 .....(((((((.....)))))))..  -6.90 +[0.4927 -> 0.5724] ID = 5
  26    2 ...(((......)))...........  -2.20 -[0.5073 -> 0.4276] ID = 2
  27    1 ...(((((((((.....))))))).))  -8.10 +[0.5724 -> 0.6397] ID = 6
  27    2 ...(((......)))............  -2.20 -[0.4276 -> 0.3603] ID = 2
  28    1 ..((((((((((.....))))))).)))  -9.50 +[0.6397 -> 0.6963] ID = 7
  28    2 ...(((......))).............  -2.20 -[0.3603 -> 0.3037] ID = 2
  29    1 ..((((((((((.....))))))).))).  -9.50 +[0.6963 -> 0.7441] ID = 7
  29    2 ...(((......)))..............  -2.20 -[0.3037 -> 0.2559] ID = 2
  30    1 ..((((((((((.....))))))).)))..  -9.50 +[0.7441 -> 0.7843] ID = 7
  30    2 ...(((......)))...............  -2.20 -[0.2559 -> 0.2157] ID = 2
  31    1 ..((((((((((.....))))))).)))...  -9.50 +[0.7843 -> 0.8182] ID = 7
  31    2 ...(((......)))................  -2.20 -[0.2157 -> 0.1818] ID = 2
  32    1 ..((((((((((.....))))))).)))....  -9.50 +[0.8182 -> 0.8468] ID = 7
  32    2 ...(((......))).................  -2.20 -[0.1818 -> 0.1532] ID = 2
  33    1 ..((((((((((.....))))))).))).....  -9.50 +[0.8468 -> 0.8550] ID = 7
  33    2 ...(((......)))........(((....)))  -2.90 -[0.1532 -> 0.1450] ID = 8
  34    1 ..((((((((((.....))))))).)))......  -9.50 +[0.8550 -> 0.8778] ID = 7
  34    2 ...(((......)))........(((....))).  -2.90 -[0.1450 -> 0.1222] ID = 8
  35    1 ..((((((((((.....))))))).))).......  -9.50 +[0.8778 -> 0.8781] ID = 7
  35    2 ...(((......)))......(((((....)))))  -5.50 -[0.1222 -> 0.1219] ID = 10
  36    1 ..((((((((((.....))))))).)))........  -9.50 +[0.8781 -> 0.8792] ID = 7
  36    2 ...(((......))).....((((((....))))))  -7.20 -[0.1219 -> 0.1208] ID = 11
  37    1 ..((((((((((.....))))))).))).........  -9.50 +[0.8792 -> 0.8845] ID = 7
  37    2 ...(((......))).....((((((....)))))).  -7.20 -[0.1208 -> 0.1155] ID = 11
  38    1 ..((((((((((.....))))))).)))..........  -9.50 +[0.8845 -> 0.8896] ID = 7
  38    2 ...(((......))).....((((((....))))))..  -7.20 -[0.1155 -> 0.1104] ID = 11
  39    1 ..((((((((((.....))))))).)))...........  -9.50 +[0.8896 -> 0.8943] ID = 7
  39    2 ...(((......))).....((((((....))))))...  -7.20 -[0.1104 -> 0.1057] ID = 11
  40    1 ..((((((((((.....))))))).)))............  -9.50 +[0.8943 -> 0.8988] ID = 7
  40    2 ...(((......))).....((((((....))))))....  -7.20 -[0.1057 -> 0.1012] ID = 11
  41    1 ..((((((((((.....))))))).))).............  -9.50 +[0.8988 -> 0.9024] ID = 7
  41    2 ..........(((((.....((((((....)))))))))))  -8.60 +[0.0000 -> 0.0034] ID = 12
  41    3 ...(((......))).....((((((....)))))).....  -7.20 -[0.1012 -> 0.0942] ID = 11
  42    1 ..((((((((((.....))))))).)))..............  -9.50  [1.0000 -> 1.0000] ID = 7
  43    1 ..((((((((((.....))))))).)))...((((....)))) -11.20  [1.0000 -> 1.0000] ID = 13
  44    1 ......(((.(((((.....((((((....)))))))))))))) -11.80  [0.0000 -> 0.0000] ID = 14
  44    2 ..((((((((((.....))))))).)))...((((....)))). -11.20  [1.0000 -> 1.0000] ID = 13
  45    1 ......(((.(((((.....((((((....)))))))))))))). -11.80  [0.0000 -> 0.0001] ID = 14
  45    2 ..((((((((((.....))))))).)))...((((....)))).. -11.20  [1.0000 -> 0.9999] ID = 13
  46    1 ......(((.(((((.....((((((....)))))))))))))).. -11.80  [0.0001 -> 0.0001] ID = 14
  46    2 ..((((((((((.....))))))).)))...((((....))))... -11.20  [0.9999 -> 0.9999] ID = 13
  47    1 ....(((((.(((((.....((((((....))))))))))))).))) -14.40 +[0.0000 -> 0.0002] ID = 15
  47    2 ..((((((((((.....))))))).)))...((((....)))).... -11.20 -[1.0000 -> 0.9998] ID = 13
  48    1 ....(((((.(((((.....((((((....))))))))))))).))). -14.40 +[0.0002 -> 0.0003] ID = 15
  48    2 ..((((((((((.....))))))).)))...((((....))))..... -11.20 -[0.9998 -> 0.9997] ID = 13
  49    1 .((.(((((.(((((.....((((((....))))))))))))).))))) -15.30 +[0.0000 -> 0.0007] ID = 16
  49    2 ..((((((((((.....))))))).)))...((((....))))...... -11.20 -[1.0000 -> 0.9993] ID = 13
  50    1 .((.(((((.(((((.....((((((....))))))))))))).))))). -15.30 +[0.0007 -> 0.0014] ID = 16
  50    2 ..((((((((((.....))))))).)))...((((....))))....... -11.20 -[0.9993 -> 0.9986] ID = 13
  51    1 .((.(((((.(((((.....((((((....))))))))))))).))))).. -15.30 +[0.0014 -> 0.0021] ID = 16
  51    2 ..((((((((((.....))))))).)))...((((....))))........ -11.20 -[0.9986 -> 0.9979] ID = 13
  52    1 .((.(((((.(((((.....((((((....))))))))))))).)))))... -15.30 +[0.0021 -> 0.0027] ID = 16
  52    2 ..((((((((((.....))))))).)))...((((....))))......... -11.20 -[0.9979 -> 0.9973] ID = 13
  53    1 ...((((((.(((..((..(((((((....))))))).))..))).)))).)) -16.50  [0.0000 -> 0.0001] ID = 17
  53    2 ..((((((((((.....))))))).)))...((((....)))).......... -11.20  [1.0000 -> 0.9999] ID = 13
  54    1 ...((((((.(((..((..(((((((....))))))).))..))).)))).)). -16.50  [0.0001 -> 0.0002] ID = 17
  54    2 ..((((((((((.....))))))).))).(((((((..........))))))). -11.40 +[0.0000 -> 0.1286] ID = 19
  54    3 ..((((((((((.....))))))).)))...((((....))))........... -11.20 -[0.9999 -> 0.8712] ID = 13
  55    1 ...((((((.(((..((..(((((((....))))))).))..))).)))).)).. -16.50  [0.0002 -> 0.0002] ID = 17
  55    2 ..((((((((((.....))))))).))).(((((((..........))))))).. -11.40 +[0.1286 -> 0.2287] ID = 19
  55    3 ..((((((((((.....))))))).)))...((((....))))............ -11.20 -[0.8712 -> 0.7710] ID = 13
  56    1 ..(((((((.(((..((..(((((((....))))))).))..))).))))...))) -17.10  [0.0000 -> 0.0000] ID = 20
  56    2 ..((((((((((.....))))))).)))((((....(((......)))....)))) -14.70 +[0.0000 -> 0.1701] ID = 22
  56    3 ..((((((((((.....))))))).)))...((((....))))..(((.....))) -13.10 -[0.7711 -> 0.7355] ID = 21
  56    4 ..((((((((((.....))))))).)))((((.(((..........)))...)))) -12.50 +[0.0000 -> 0.0794] ID = 24
  56    5 ..((((((((((.....))))))).))).(((((((..........)))))))... -11.40 -[0.2289 -> 0.0150] ID = 19
  57    1 ..(((((((.(((..((..(((((((....))))))).))..))).))))...))). -17.10  [0.0000 -> 0.0001] ID = 20
  57    2 ..((((((((((.....))))))).)))((((....(((......)))....)))). -14.70 +[0.2495 -> 0.2828] ID = 22
  57    3 ..((((((((((.....))))))).)))...((((....))))..(((.....))). -13.10 -[0.7505 -> 0.7171] ID = 21
  58    1 ..(((((((.(((..((..(((((((....))))))).))..))).))))...))).. -17.10 +[0.0001 -> 0.0286] ID = 20
  58    2 ..((((((((((.....))))))).)))((((....(((......)))....)))).. -14.70 +[0.2828 -> 0.8502] ID = 22
  58    3 ..((((((((((.....))))))).)))...((((....)))).((((.....)))). -13.50 -[0.7171 -> 0.1212] ID = 25
# Distribution of structures at the end:
#         UGGACCAGCGAGGGUGAUUUGCUGCGUUGACGUGGUGCUCUGCUUGGCUGUGUGUCGG
  58    1 ..(((((((.(((..((..(((((((....))))))).))..))).))))...))).. -17.10 0.0286 +[t8: 0.9773] ID = 20
  58    2 ..((((((((((.....))))))).)))((((....(((......)))....)))).. -14.70 0.8502 -[t8: 0.0199] ID = 22
  58    3 ..((((((((((.....))))))).)))...((((....)))).((((.....)))). -13.50 0.1212 -[t8: 0.0028] ID = 25
