# File generated using DrTransformer v0.10
#
# >drtr_srp_Acin.spec._CR543861_rev
# GCCGCGAACCCCGCCAGGCCCGGAAGGGAGCAACGGUAGUGGUGGAU 
#
# Co-transcriptional folding parameters:
# --t-ext: 0.02 sec
# --t-end: 60.0 sec
# --start: 1
# --stop: 47
# --reversed-transcription: True
#
# Algorithm parameters:
# --o-prune: 0.1
# --t-fast: 0.002 sec
# --fpwm: 4
# --mfree: 6 nuc
# --k0: 200000.0
#
# ViennaRNA model details:
# --temp: 37.0 C
# --dangles: 2
# --paramFile: None
# --noTetra: False
# --noGU: False
# --noClosingGU: False
#
#
# Results:
# Transcription Step | Energy-sorted structure count | Structure | Energy | [Occupancy-t0 Occupancy-t8] | Structure ID (-> Plotting ID)
   1    1                                               .   0.00  [1.0000 -> 1.0000] ID = 0
   2    1                                              ..   0.00  [1.0000 -> 1.0000] ID = 0
   3    1                                             ...   0.00  [1.0000 -> 1.0000] ID = 0
   4    1                                            ....   0.00  [1.0000 -> 1.0000] ID = 0
   5    1                                           .....   0.00  [1.0000 -> 1.0000] ID = 0
   6    1                                          ......   0.00  [1.0000 -> 1.0000] ID = 0
   7    1                                         .......   0.00  [1.0000 -> 1.0000] ID = 0
   8    1                                        ........   0.00  [1.0000 -> 1.0000] ID = 0
   9    1                                       .........   0.00  [1.0000 -> 1.0000] ID = 0
  10    1                                      ..........   0.00  [1.0000 -> 1.0000] ID = 0
  11    1                                     ...........   0.00  [1.0000 -> 1.0000] ID = 0
  12    1                                    ............   0.00  [1.0000 -> 1.0000] ID = 0
  13    1                                   .............   0.00  [1.0000 -> 1.0000] ID = 0
  14    1                                  ..............   0.00  [1.0000 -> 1.0000] ID = 0
  15    1                                 ...............   0.00  [1.0000 -> 1.0000] ID = 0
  16    1                                ................   0.00  [1.0000 -> 1.0000] ID = 0
  17    1                               .................   0.00  [1.0000 -> 1.0000] ID = 0
  18    1                              ((.((....)).))....  -0.20  [1.0000 -> 1.0000] ID = 1
  19    1                             .((.((....)).))....  -0.20  [1.0000 -> 1.0000] ID = 1
  20    1                            ..((.((....)).))....  -0.20  [1.0000 -> 1.0000] ID = 1
  21    1                           ...((.((....)).))....  -0.20  [1.0000 -> 1.0000] ID = 1
  22    1                          ....((.((....)).))....  -0.20  [1.0000 -> 1.0000] ID = 1
  23    1                         .....((.((....)).))....  -0.20  [1.0000 -> 1.0000] ID = 1
  24    1                        ......((.((....)).))....  -0.20  [1.0000 -> 1.0000] ID = 1
  25    1                       .......((.((....)).))....  -0.20  [1.0000 -> 1.0000] ID = 1
  26    1                      ........((.((....)).))....  -0.20  [1.0000 -> 1.0000] ID = 1
  27    1                     .........((.((....)).))....  -0.20  [1.0000 -> 1.0000] ID = 1
  28    1                    (((...........)))...........  -2.60 +[0.0000 -> 0.8034] ID = 2
  28    2                    ((....))..((.((....)).))....  -1.70 -[1.0000 -> 0.1966] ID = 3
  29    1                   (((....))).((.((....)).))....  -4.80 +[0.1966 -> 0.6543] ID = 4
  29    2                   .(((...........)))...........  -2.60 -[0.8034 -> 0.3457] ID = 2
  30    1                  .(((....))).((.((....)).))....  -4.80 +[0.6543 -> 0.8420] ID = 4
  30    2                  ..(((...........)))...........  -2.60 -[0.3457 -> 0.1580] ID = 2
  31    1                 ..(((....))).((.((....)).))....  -4.80 +[0.8420 -> 0.9190] ID = 4
  31    2                 ...(((...........)))...........  -2.60 -[0.1580 -> 0.0810] ID = 2
  32    1                ...(((....))).((.((....)).))....  -4.80  [1.0000 -> 1.0000] ID = 4
  33    1               ....(((....))).((.((....)).))....  -4.80  [1.0000 -> 1.0000] ID = 4
  34    1              (((...(((...........)))...))).....  -6.40 +[0.0000 -> 0.0241] ID = 5
  34    2              .....(((....))).((.((....)).))....  -4.80 -[1.0000 -> 0.9759] ID = 4
  35    1             ((((...(((...........)))...))))....  -8.10 +[0.0241 -> 0.0411] ID = 6
  35    2             ((((..(((....)))...........))))....  -6.80 +[0.0000 -> 0.9041] ID = 8
  35    3             ......(((....))).((.((....)).))....  -4.80 -[0.9759 -> 0.0549] ID = 4
  36    1            (((((...(((...........)))...)))))... -10.70 +[0.0685 -> 0.0823] ID = 9
  36    2            (((((..(((....)))...........)))))...  -9.40 -[0.9315 -> 0.9177] ID = 10
  37    1           ((((((...(((...........)))...)))))).. -14.00 +[0.0823 -> 0.0958] ID = 11
  37    2           ((((((..(((....)))...........)))))).. -12.70 -[0.9177 -> 0.9042] ID = 12
  38    1          .((((((...(((...........)))...)))))).. -14.00 +[0.0958 -> 0.1090] ID = 11
  38    2          .((((((..(((....)))...........)))))).. -12.70 -[0.9042 -> 0.8910] ID = 12
  39    1         ..((((((...(((...........)))...)))))).. -14.00 +[0.1090 -> 0.1221] ID = 11
  39    2         ..((((((..(((....)))...........)))))).. -12.70 -[0.8910 -> 0.8779] ID = 12
  40    1        ...((((((...(((...........)))...)))))).. -14.00 +[0.1221 -> 0.1349] ID = 11
  40    2        ...((((((..(((....)))...........)))))).. -12.70 -[0.8779 -> 0.8651] ID = 12
  41    1       ....((((((...(((...........)))...)))))).. -14.00 +[0.1349 -> 0.1476] ID = 11
  41    2       ....((((((..(((....)))...........)))))).. -12.70 -[0.8651 -> 0.8524] ID = 12
  42    1      .....((((((...(((...........)))...)))))).. -14.00 +[0.1476 -> 0.1600] ID = 11
  42    2      .....((((((..(((....)))...........)))))).. -12.70 -[0.8524 -> 0.8400] ID = 12
  43    1     ......((((((...(((...........)))...)))))).. -14.00 +[0.1600 -> 0.1722] ID = 11
  43    2     ......((((((..(((....)))...........)))))).. -12.70 -[0.8400 -> 0.8278] ID = 12
  44    1    .......((((((...(((...........)))...)))))).. -14.00 +[0.1722 -> 0.1842] ID = 11
  44    2    .......((((((..(((....)))...........)))))).. -12.70 -[0.8278 -> 0.8158] ID = 12
  45    1   ........((((((...(((...........)))...)))))).. -14.00 +[0.1842 -> 0.1960] ID = 11
  45    2   ........((((((..(((....)))...........)))))).. -12.70 -[0.8158 -> 0.8040] ID = 12
  46    1  ((((.....(((.....(((....))).....))).....)))).. -14.30  [0.0000 -> 0.0000] ID = 13
  46    2  .........((((((...(((...........)))...)))))).. -14.00 +[0.1960 -> 0.2076] ID = 11
  46    3  .........((((((..(((....)))...........)))))).. -12.70 -[0.8040 -> 0.7924] ID = 12
  47    1 (((((.....(((.....(((....))).....)))..))))).... -14.30 +[0.0000 -> 0.0010] ID = 14
  47    2 ..........((((((...(((...........)))...)))))).. -14.00 +[0.2076 -> 0.8909] ID = 11
  47    3 ..........((((((..(((....)))...........)))))).. -12.70 -[0.7924 -> 0.1081] ID = 12
# Distribution of structures at the end:
#         GCCGCGAACCCCGCCAGGCCCGGAAGGGAGCAACGGUAGUGGUGGAU
  47    1 (((((.....(((.....(((....))).....)))..))))).... -14.30 0.0010 +[t8: 0.5920] ID = 14
  47    2 ..........((((((...(((...........)))...)))))).. -14.00 0.8909 -[t8: 0.3639] ID = 11
  47    3 ..........((((((..(((....)))...........)))))).. -12.70 0.1081 -[t8: 0.0441] ID = 12
