# File generated using DrTransformer v0.10
#
# >drtr_srp_Proc.mari._AE017126_rev
# ACGCCUAAAUCUGGUCAGGACCGGAAGGUAGCAGCCACAAGGGAUGCUUGA 
#
# Co-transcriptional folding parameters:
# --t-ext: 0.02 sec
# --t-end: 60.0 sec
# --start: 1
# --stop: 51
# --reversed-transcription: True
#
# Algorithm parameters:
# --o-prune: 0.1
# --t-fast: 0.002 sec
# --fpwm: 4
# --mfree: 6 nuc
# --k0: 200000.0
#
# ViennaRNA model details:
# --temp: 37.0 C
# --dangles: 2
# --paramFile: None
# --noTetra: False
# --noGU: False
# --noClosingGU: False
#
#
# Results:
# Transcription Step | Energy-sorted structure count | Structure | Energy | [Occupancy-t0 Occupancy-t8] | Structure ID (-> Plotting ID)
   1    1                                                   .   0.00  [1.0000 -> 1.0000] ID = 0
   2    1                                                  ..   0.00  [1.0000 -> 1.0000] ID = 0
   3    1                                                 ...   0.00  [1.0000 -> 1.0000] ID = 0
   4    1                                                ....   0.00  [1.0000 -> 1.0000] ID = 0
   5    1                                               .....   0.00  [1.0000 -> 1.0000] ID = 0
   6    1                                              ......   0.00  [1.0000 -> 1.0000] ID = 0
   7    1                                             .......   0.00  [1.0000 -> 1.0000] ID = 0
   8    1                                            ........   0.00  [1.0000 -> 1.0000] ID = 0
   9    1                                           .........   0.00  [1.0000 -> 1.0000] ID = 0
  10    1                                          ..........   0.00  [1.0000 -> 1.0000] ID = 0
  11    1                                         ...........   0.00  [1.0000 -> 1.0000] ID = 0
  12    1                                        ............   0.00  [1.0000 -> 1.0000] ID = 0
  13    1                                       .............   0.00  [1.0000 -> 1.0000] ID = 0
  14    1                                      ((((.....)))).  -2.70  [1.0000 -> 1.0000] ID = 1
  15    1                                     .((((.....)))).  -2.70  [1.0000 -> 1.0000] ID = 1
  16    1                                    ..((((.....)))).  -2.70  [1.0000 -> 1.0000] ID = 1
  17    1                                   ...((((.....)))).  -2.70  [1.0000 -> 1.0000] ID = 1
  18    1                                  ....((((.....)))).  -2.70  [1.0000 -> 1.0000] ID = 1
  19    1                                 .....((((.....)))).  -2.70  [1.0000 -> 1.0000] ID = 1
  20    1                                ......((((.....)))).  -2.70  [1.0000 -> 1.0000] ID = 1
  21    1                               (((.((.....)).)))....  -4.30 +[0.0000 -> 0.4056] ID = 2
  21    2                               .......((((.....)))).  -2.70 -[1.0000 -> 0.5944] ID = 1
  22    1                              ((((.((.....)).))))...  -5.40 +[0.4056 -> 0.6482] ID = 3
  22    2                              ........((((.....)))).  -2.70 -[0.5944 -> 0.3518] ID = 1
  23    1                             .((((.((.....)).))))...  -5.40 +[0.6482 -> 0.7897] ID = 3
  23    2                             .........((((.....)))).  -2.70 -[0.3518 -> 0.2103] ID = 1
  24    1                            ..((((.((.....)).))))...  -5.40 +[0.7897 -> 0.8722] ID = 3
  24    2                            ..........((((.....)))).  -2.70 -[0.2103 -> 0.1278] ID = 1
  25    1                           ...((((.((.....)).))))...  -5.40 -[0.8722 -> 0.8684] ID = 3
  25    2                           (((....))).((((.....)))).  -4.90 +[0.1278 -> 0.1316] ID = 4
  26    1                          ....((((.((.....)).))))...  -5.40 -[0.8684 -> 0.8646] ID = 3
  26    2                          .(((....))).((((.....)))).  -4.90 +[0.1316 -> 0.1354] ID = 4
  27    1                         .....((((.((.....)).))))...  -5.40 -[0.8646 -> 0.8609] ID = 3
  27    2                         ..(((....))).((((.....)))).  -4.90 +[0.1354 -> 0.1391] ID = 4
  28    1                        ......((((.((.....)).))))...  -5.40 -[0.8609 -> 0.8573] ID = 3
  28    2                        ...(((....))).((((.....)))).  -4.90 +[0.1391 -> 0.1427] ID = 4
  29    1                       .......((((.((.....)).))))...  -5.40 -[0.8573 -> 0.8537] ID = 3
  29    2                       ....(((....))).((((.....)))).  -4.90 +[0.1427 -> 0.1463] ID = 4
  30    1                      ........((((.((.....)).))))...  -5.40 -[0.8537 -> 0.8503] ID = 3
  30    2                      .....(((....))).((((.....)))).  -4.90 +[0.1463 -> 0.1497] ID = 4
  31    1                     ((....)).((((.((.....)).))))...  -6.50 +[0.8503 -> 0.8516] ID = 5
  31    2                     ......(((....))).((((.....)))).  -4.90 -[0.1497 -> 0.1484] ID = 4
  32    1                    (((....)))((((.((.....)).))))...  -8.20 +[0.8516 -> 0.8784] ID = 6
  32    2                    (((....)))........((((.....)))).  -5.50 +[0.0000 -> 0.0778] ID = 7
  32    3                    .......(((....))).((((.....)))).  -4.90 -[0.1484 -> 0.0438] ID = 4
  33    1                   .(((....)))((((.((.....)).))))...  -8.20 +[0.8784 -> 0.9239] ID = 6
  33    2                   .(((....)))........((((.....)))).  -5.50 -[0.1216 -> 0.0761] ID = 7
  34    1                  ..(((....)))((((.((.....)).))))...  -8.20  [1.0000 -> 1.0000] ID = 6
  35    1                 ...(((....)))((((.((.....)).))))...  -8.20  [1.0000 -> 1.0000] ID = 6
  36    1                ....(((....)))((((.((.....)).))))...  -8.20  [1.0000 -> 1.0000] ID = 6
  37    1               .....(((....)))((((.((.....)).))))...  -8.20  [1.0000 -> 1.0000] ID = 6
  38    1              ......(((....)))((((.((.....)).))))...  -8.20  [1.0000 -> 1.0000] ID = 6
  39    1             (((....(((....)))....))).((((.....)))).  -9.30 +[0.0000 -> 0.0066] ID = 8
  39    2             .......(((....)))((((.((.....)).))))...  -8.20 -[1.0000 -> 0.9934] ID = 6
  40    1            ((((....(((....)))....))))((((.....)))). -10.10 +[0.0000 -> 0.0066] ID = 9
  40    2            ........(((....)))((((.((.....)).))))...  -8.20 -[1.0000 -> 0.9934] ID = 6
  41    1           (((((....))))).....((((.((.....)).))))... -10.50 +[0.0000 -> 0.5174] ID = 10
  41    2           .........(((....)))((((.((.....)).))))...  -8.20 -[1.0000 -> 0.4826] ID = 6
  42    1          ((((((....))))))....((((.((.....)).))))... -11.70 +[0.5174 -> 0.7678] ID = 11
  42    2          ..........(((....)))((((.((.....)).))))...  -8.20 -[0.4826 -> 0.2322] ID = 6
  43    1         .((((((....))))))....((((.((.....)).))))... -11.70 +[0.7678 -> 0.8874] ID = 11
  43    2         ...........(((....)))((((.((.....)).))))...  -8.20 -[0.2322 -> 0.1126] ID = 6
  44    1        ..((((((....))))))....((((.((.....)).))))... -11.70 +[0.8874 -> 0.9444] ID = 11
  44    2        ............(((....)))((((.((.....)).))))...  -8.20 -[0.1126 -> 0.0556] ID = 6
  45    1       ...((((((....))))))....((((.((.....)).))))... -11.70  [1.0000 -> 1.0000] ID = 11
  46    1      ....((((((....))))))....((((.((.....)).))))... -11.70  [1.0000 -> 1.0000] ID = 11
  47    1     .....((((((....))))))....((((.((.....)).))))... -11.70  [1.0000 -> 1.0000] ID = 11
  48    1    (((...((((((....))))))))).((((.((.....)).))))... -13.70  [1.0000 -> 1.0000] ID = 12
  49    1   ((((...((((((....))))))))))((((.((.....)).))))... -15.40  [1.0000 -> 1.0000] ID = 13
  50    1  .((((...((((((....))))))))))((((.((.....)).))))... -15.40  [1.0000 -> 1.0000] ID = 13
  51    1 ..((((...((((((....))))))))))((((.((.....)).))))... -15.40  [1.0000 -> 1.0000] ID = 13
# Distribution of structures at the end:
#         ACGCCUAAAUCUGGUCAGGACCGGAAGGUAGCAGCCACAAGGGAUGCUUGA
  51    1 ..((((...((((((....))))))))))((((.((.....)).))))... -15.40 1.0000  [t8: 1.0000] ID = 13
