# File generated using DrTransformer v0.10
#
# >drtr_srp_Erwi.caro._BX950851_rev
# AACCUGGUCAGGCCCGGAAGGGAGCAGCCA 
#
# Co-transcriptional folding parameters:
# --t-ext: 0.02 sec
# --t-end: 60.0 sec
# --start: 1
# --stop: 30
# --reversed-transcription: True
#
# Algorithm parameters:
# --o-prune: 0.1
# --t-fast: 0.002 sec
# --fpwm: 4
# --mfree: 6 nuc
# --k0: 200000.0
#
# ViennaRNA model details:
# --temp: 37.0 C
# --dangles: 2
# --paramFile: None
# --noTetra: False
# --noGU: False
# --noClosingGU: False
#
#
# Results:
# Transcription Step | Energy-sorted structure count | Structure | Energy | [Occupancy-t0 Occupancy-t8] | Structure ID (-> Plotting ID)
   1    1                              .   0.00  [1.0000 -> 1.0000] ID = 0
   2    1                             ..   0.00  [1.0000 -> 1.0000] ID = 0
   3    1                            ...   0.00  [1.0000 -> 1.0000] ID = 0
   4    1                           ....   0.00  [1.0000 -> 1.0000] ID = 0
   5    1                          .....   0.00  [1.0000 -> 1.0000] ID = 0
   6    1                         ......   0.00  [1.0000 -> 1.0000] ID = 0
   7    1                        .......   0.00  [1.0000 -> 1.0000] ID = 0
   8    1                       ........   0.00  [1.0000 -> 1.0000] ID = 0
   9    1                      .........   0.00  [1.0000 -> 1.0000] ID = 0
  10    1                     ((.....)).  -0.30  [1.0000 -> 1.0000] ID = 1
  11    1                    ((......)).  -1.60  [1.0000 -> 1.0000] ID = 2
  12    1                   .((......)).  -1.60  [1.0000 -> 1.0000] ID = 2
  13    1                  ..((......)).  -1.60  [1.0000 -> 1.0000] ID = 2
  14    1                 ...((......)).  -1.60  [1.0000 -> 1.0000] ID = 2
  15    1                ....((......)).  -1.60  [1.0000 -> 1.0000] ID = 2
  16    1               .....((......)).  -1.60  [1.0000 -> 1.0000] ID = 2
  17    1              ......((......)).  -1.60  [1.0000 -> 1.0000] ID = 2
  18    1             (((....)))........  -4.60 +[0.0000 -> 0.9922] ID = 3
  18    2             .......((......)).  -1.60 -[1.0000 -> 0.0078] ID = 2
  19    1            .(((....)))........  -4.60  [1.0000 -> 1.0000] ID = 3
  20    1           ..(((....)))........  -4.60 -[1.0000 -> 0.5298] ID = 3
  20    2           (((((.....))....))).  -4.60 +[0.0000 -> 0.4702] ID = 4
  21    1          ...(((....)))........  -4.60 -[0.5298 -> 0.5018] ID = 3
  21    2          .(((((.....))....))).  -4.60 +[0.4702 -> 0.4982] ID = 4
  22    1         ....(((....)))........  -4.60 -[0.5018 -> 0.5001] ID = 3
  22    2         ..(((((.....))....))).  -4.60 +[0.4982 -> 0.4999] ID = 4
  23    1        .....(((....)))........  -4.60  [0.5001 -> 0.5000] ID = 3
  23    2        ...(((((.....))....))).  -4.60  [0.4999 -> 0.5000] ID = 4
  24    1       ......(((....)))........  -4.60  [0.5000 -> 0.5000] ID = 3
  24    2       ....(((((.....))....))).  -4.60  [0.5000 -> 0.5000] ID = 4
  25    1      (((....(((....)))....))).  -8.40 +[0.5000 -> 0.8156] ID = 5
  25    2      (((...((((.....)).)).))).  -7.20 +[0.0000 -> 0.0659] ID = 6
  25    3      .....(((((.....))....))).  -4.60 -[0.5000 -> 0.1185] ID = 4
  26    1     ((((....(((....)))....))))  -8.60 +[0.8156 -> 0.8713] ID = 7
  26    2     ((((...((((.....)).)).))))  -7.40 +[0.0659 -> 0.1000] ID = 8
  26    3     ......(((((.....))....))).  -4.60 -[0.1185 -> 0.0288] ID = 4
  27    1    .((((....(((....)))....))))  -8.60 -[0.8856 -> 0.8790] ID = 7
  27    2    .((((...((((.....)).)).))))  -7.40 +[0.1144 -> 0.1210] ID = 8
  28    1   ..((((....(((....)))....))))  -8.60 -[0.8790 -> 0.8766] ID = 7
  28    2   ..((((...((((.....)).)).))))  -7.40 +[0.1210 -> 0.1234] ID = 8
  29    1  ...((((....(((....)))....))))  -8.60 -[0.8766 -> 0.8757] ID = 7
  29    2  ...((((...((((.....)).)).))))  -7.40 +[0.1234 -> 0.1243] ID = 8
  30    1 ....((((....(((....)))....))))  -8.60 -[0.8757 -> 0.8751] ID = 7
  30    2 ....((((...((((.....)).)).))))  -7.40 +[0.1243 -> 0.1249] ID = 8
# Distribution of structures at the end:
#         AACCUGGUCAGGCCCGGAAGGGAGCAGCCA
  30    1 ....((((....(((....)))....))))  -8.60 0.8751  [t8: 0.8751] ID = 7
  30    2 ....((((...((((.....)).)).))))  -7.40 0.1249  [t8: 0.1249] ID = 8
