# File generated using DrTransformer v0.10
#
# >drtr_srp_Kine.radi._CP000750
# CUGAACCCCCCCAGGGCCGGAAGGCAGCAAGGGUAGGUGGGCCCUGGCGGGUG 
#
# Co-transcriptional folding parameters:
# --t-ext: 0.02 sec
# --t-end: 60.0 sec
# --start: 1
# --stop: 53
# --reversed-transcription: False
#
# Algorithm parameters:
# --o-prune: 0.1
# --t-fast: 0.002 sec
# --fpwm: 4
# --mfree: 6 nuc
# --k0: 200000.0
#
# ViennaRNA model details:
# --temp: 37.0 C
# --dangles: 2
# --paramFile: None
# --noTetra: False
# --noGU: False
# --noClosingGU: False
#
#
# Results:
# Transcription Step | Energy-sorted structure count | Structure | Energy | [Occupancy-t0 Occupancy-t8] | Structure ID (-> Plotting ID)
   1    1 .   0.00  [1.0000 -> 1.0000] ID = 0
   2    1 ..   0.00  [1.0000 -> 1.0000] ID = 0
   3    1 ...   0.00  [1.0000 -> 1.0000] ID = 0
   4    1 ....   0.00  [1.0000 -> 1.0000] ID = 0
   5    1 .....   0.00  [1.0000 -> 1.0000] ID = 0
   6    1 ......   0.00  [1.0000 -> 1.0000] ID = 0
   7    1 .......   0.00  [1.0000 -> 1.0000] ID = 0
   8    1 ........   0.00  [1.0000 -> 1.0000] ID = 0
   9    1 .........   0.00  [1.0000 -> 1.0000] ID = 0
  10    1 ..........   0.00  [1.0000 -> 1.0000] ID = 0
  11    1 ...........   0.00  [1.0000 -> 1.0000] ID = 0
  12    1 ............   0.00  [1.0000 -> 1.0000] ID = 0
  13    1 .............   0.00  [1.0000 -> 1.0000] ID = 0
  14    1 (((........)))  -1.50  [1.0000 -> 1.0000] ID = 1
  15    1 (((........))).  -1.50  [1.0000 -> 1.0000] ID = 1
  16    1 .....(((.....)))  -3.00 +[0.0000 -> 0.8092] ID = 2
  16    2 (((........)))..  -1.50 -[1.0000 -> 0.1908] ID = 1
  17    1 .....(((.....))).  -3.00 +[0.8092 -> 0.9062] ID = 2
  17    2 (((........)))...  -1.50 -[0.1908 -> 0.0938] ID = 1
  18    1 .....(((.....)))..  -3.00  [1.0000 -> 1.0000] ID = 2
  19    1 .....(((.....)))...  -3.00  [1.0000 -> 1.0000] ID = 2
  20    1 (((..((......))..)))  -4.30 +[0.0000 -> 0.0448] ID = 3
  20    2 (((..(((.....))).)))  -4.20 -[1.0000 -> 0.9552] ID = 4
  21    1 (((..((......))..))).  -4.30 +[0.0448 -> 0.0858] ID = 3
  21    2 (((..(((.....))).))).  -4.20 -[0.9552 -> 0.9142] ID = 4
  22    1 (((..((......))..)))..  -4.30 +[0.0858 -> 0.1235] ID = 3
  22    2 (((..(((.....))).)))..  -4.20 -[0.9142 -> 0.8765] ID = 4
  23    1 (((..((......))..)))...  -4.30 +[0.1235 -> 0.1580] ID = 3
  23    2 (((..(((.....))).)))...  -4.20 -[0.8765 -> 0.8420] ID = 4
  24    1 (((..((......))..)))....  -4.30 +[0.1580 -> 0.1897] ID = 3
  24    2 (((..(((.....))).)))....  -4.20 -[0.8420 -> 0.8103] ID = 4
  25    1 (((........))).(((....)))  -6.30 +[0.8103 -> 0.8675] ID = 5
  25    2 (((..((......))..))).....  -4.30 -[0.1897 -> 0.1325] ID = 3
  26    1 (((........))).(((....))).  -6.30 +[0.8675 -> 0.9031] ID = 5
  26    2 (((..((......))..)))......  -4.30 -[0.1325 -> 0.0969] ID = 3
  27    1 (((........))).(((....)))..  -6.30  [1.0000 -> 1.0000] ID = 5
  28    1 (((........))).(((....)))...  -6.30  [1.0000 -> 1.0000] ID = 5
  29    1 (((........))).(((....)))....  -6.30  [1.0000 -> 1.0000] ID = 5
  30    1 (((........))).(((....))).....  -6.30  [1.0000 -> 1.0000] ID = 5
  31    1 (((........))).(((....)))......  -6.30  [1.0000 -> 1.0000] ID = 5
  32    1 ........((.....(((....))).....))  -6.50 +[0.0000 -> 0.5804] ID = 7
  32    2 (((........))).(((....))).......  -6.30 -[1.0000 -> 0.4196] ID = 5
  33    1 .......(((.....(((....))).....)))  -9.30 +[0.5804 -> 0.9915] ID = 8
  33    2 (((........))).(((....)))........  -6.30 -[0.4196 -> 0.0085] ID = 5
  34    1 ....((((.......(((....))).....))))  -9.60 +[0.0000 -> 0.0329] ID = 9
  34    2 .......(((.....(((....))).....))).  -9.30 -[1.0000 -> 0.9671] ID = 8
  35    1 ....((((.......(((....))).....)))).  -9.60 +[0.0329 -> 0.0640] ID = 9
  35    2 .......(((.....(((....))).....)))..  -9.30 -[0.9671 -> 0.9360] ID = 8
  36    1 ....((((.......(((....))).....))))..  -9.60 +[0.0640 -> 0.0935] ID = 9
  36    2 .......(((.....(((....))).....)))...  -9.30 -[0.9360 -> 0.9065] ID = 8
  37    1 .....((..(((...(((....))).....)))..)) -10.70 +[0.0000 -> 0.1208] ID = 10
  37    2 .....(((((.....(((....))).....)))..))  -9.90 -[0.9065 -> 0.7781] ID = 11
  37    3 ....((((.......(((....))).....))))...  -9.60 +[0.0935 -> 0.1010] ID = 9
  38    1 ....(((..(((...(((....))).....)))..))) -12.40 +[0.1208 -> 0.2211] ID = 12
  38    2 ....((((((.....(((....))).....)))..))) -11.60 -[0.7781 -> 0.6806] ID = 13
  38    3 ....((((.......(((....))).....))))....  -9.60 -[0.1010 -> 0.0983] ID = 9
  39    1 ....(((..(((...(((....))).....)))..))). -12.40 +[0.2703 -> 0.3574] ID = 12
  39    2 ....((((((.....(((....))).....)))..))). -11.60 -[0.7297 -> 0.6426] ID = 13
  40    1 ....(((..(((...(((....))).....)))..))).. -12.40 +[0.3574 -> 0.4297] ID = 12
  40    2 ....((((((.....(((....))).....)))..))).. -11.60 -[0.6426 -> 0.5703] ID = 13
  41    1 ....(((..(((...(((....))).....)))..)))... -12.40 +[0.4297 -> 0.4899] ID = 12
  41    2 ....((((((.....(((....))).....)))..)))... -11.60 -[0.5703 -> 0.5101] ID = 13
  42    1 ....(((..(((...(((....))).....)))..))).... -12.40 +[0.4899 -> 0.5398] ID = 12
  42    2 ....((((((.....(((....))).....)))..))).... -11.60 -[0.5101 -> 0.4602] ID = 13
  43    1 ....(((..(((...(((....))).....)))..)))..... -12.40 +[0.5398 -> 0.5814] ID = 12
  43    2 ....((((((.....(((....))).....)))..)))..... -11.60 -[0.4602 -> 0.4186] ID = 13
  44    1 ....(((..(((...(((....))).....)))..)))...... -12.40 +[0.5814 -> 0.6159] ID = 12
  44    2 ....((((((.....(((....))).....)))..)))...... -11.60 -[0.4186 -> 0.3841] ID = 13
  45    1 (((........))).(((....)))....(((((......))))) -13.30 +[0.0000 -> 0.0006] ID = 14
  45    2 ....(((..(((...(((....))).....)))..)))....... -12.40 +[0.6159 -> 0.6444] ID = 12
  45    3 ....((((((.....(((....))).....)))..)))....... -11.60 -[0.3841 -> 0.3551] ID = 13
  46    1 ...........(((((((.....((.......)).....))))))) -15.50  [0.0000 -> 0.0000] ID = 15
  46    2 ....(((..(((...(((....))).....)))..)))........ -12.40 +[0.6446 -> 0.6685] ID = 12
  46    3 ....((((((.....(((....))).....)))..)))........ -11.60 -[0.3554 -> 0.3315] ID = 13
  47    1 ..........((((((((.....((.......)).....)))))))) -18.00  [0.0000 -> 0.0000] ID = 16
  47    2 ....(((..(((...(((....))).....)))..)))......... -12.40 +[0.6685 -> 0.6882] ID = 12
  47    3 ....((((((.....(((....))).....)))..)))......... -11.60 -[0.3315 -> 0.3118] ID = 13
  48    1 ..........((((((((.....((.......)).....)))))))). -18.00  [0.0000 -> 0.0000] ID = 16
  48    2 ....(((..(((...(((....))).....)))..))).......... -12.40 +[0.6882 -> 0.7047] ID = 12
  48    3 ....((((((.....(((....))).....)))..))).......... -11.60 -[0.3118 -> 0.2953] ID = 13
  49    1 ..........((((((((.....((.......)).....)))))))).. -18.00  [0.0000 -> 0.0000] ID = 16
  49    2 ....(((..(((...(((....))).....)))..)))..((....)). -12.80 +[0.7047 -> 0.7183] ID = 17
  49    3 ....((((((.....(((....))).....)))..)))..((....)). -12.00 -[0.2953 -> 0.2816] ID = 18
  50    1 ........((((((((((.....((.......)).....)))))))).)) -21.60  [0.0000 -> 0.0000] ID = 19
  50    2 ........((((((((((....))).................))))).)) -13.00  [0.0000 -> 0.0000] ID = 20
  50    3 ........((((((((((....)).................)))))).)) -12.90  [0.0000 -> 0.0000] ID = 21
  50    4 ....(((..(((...(((....))).....)))..)))..((....)).. -12.80 +[0.7183 -> 0.7297] ID = 17
  50    5 ....((((((.....(((....))).....)))..)))..((....)).. -12.00 -[0.2817 -> 0.2703] ID = 18
  51    1 .......(((((((((((.....((.......)).....)))))))).))) -24.40  [0.0000 -> 0.0000] ID = 22
  51    2 ....(((..(((...(((....))).....)))..)))...(((....))) -15.90 +[0.7297 -> 0.7391] ID = 23
  51    3 .......(((((((((((....)).................)))))).))) -15.70  [0.0000 -> 0.0000] ID = 25
  51    4 ....((((((.....(((....))).....)))..)))...(((....))) -15.10 -[0.2703 -> 0.2609] ID = 24
  51    5 ........((((((((((....))).................))))).)). -13.00  [0.0000 -> 0.0000] ID = 20
  52    1 .......(((((((((((.....((.......)).....)))))))).))). -24.40  [0.0000 -> 0.0000] ID = 22
  52    2 ....(((..(((...(((....))).....)))..)))..((((....)))) -17.60 +[0.7391 -> 0.7469] ID = 26
  52    3 ....((((((.....(((....))).....)))..)))..((((....)))) -16.80 -[0.2609 -> 0.2530] ID = 27
  53    1 .......(((((((((((.....((.......)).....)))))))).))).. -24.40 +[0.0000 -> 0.0002] ID = 22
  53    2 ....(((..(((...(((....))).....)))..)))..((((....)))). -17.60 +[0.7469 -> 0.7853] ID = 26
  53    3 ....((((((.....(((....))).....)))..)))..((((....)))). -16.80 -[0.2530 -> 0.2145] ID = 27
# Distribution of structures at the end:
#         CUGAACCCCCCCAGGGCCGGAAGGCAGCAAGGGUAGGUGGGCCCUGGCGGGUG
  53    1 .......(((((((((((.....((.......)).....)))))))).))).. -24.40 0.0002 +[t8: 1.0000] ID = 22
  53    2 ....(((..(((...(((....))).....)))..)))..((((....)))). -17.60 0.7853 -[t8: 0.0000] ID = 26
  53    3 ....((((((.....(((....))).....)))..)))..((((....)))). -16.80 0.2145 -[t8: 0.0000] ID = 27
