# File generated using DrTransformer v0.10
#
# >drtr_srp_Myco.spec._CP000518
# UGAACUCCCCCAGGGCCGGAAGGCAGCAAGGGUAAGCGGGCUCUGGCGGGUGC 
#
# Co-transcriptional folding parameters:
# --t-ext: 0.02 sec
# --t-end: 60.0 sec
# --start: 1
# --stop: 53
# --reversed-transcription: False
#
# Algorithm parameters:
# --o-prune: 0.1
# --t-fast: 0.002 sec
# --fpwm: 4
# --mfree: 6 nuc
# --k0: 200000.0
#
# ViennaRNA model details:
# --temp: 37.0 C
# --dangles: 2
# --paramFile: None
# --noTetra: False
# --noGU: False
# --noClosingGU: False
#
#
# Results:
# Transcription Step | Energy-sorted structure count | Structure | Energy | [Occupancy-t0 Occupancy-t8] | Structure ID (-> Plotting ID)
   1    1 .   0.00  [1.0000 -> 1.0000] ID = 0
   2    1 ..   0.00  [1.0000 -> 1.0000] ID = 0
   3    1 ...   0.00  [1.0000 -> 1.0000] ID = 0
   4    1 ....   0.00  [1.0000 -> 1.0000] ID = 0
   5    1 .....   0.00  [1.0000 -> 1.0000] ID = 0
   6    1 ......   0.00  [1.0000 -> 1.0000] ID = 0
   7    1 .......   0.00  [1.0000 -> 1.0000] ID = 0
   8    1 ........   0.00  [1.0000 -> 1.0000] ID = 0
   9    1 .........   0.00  [1.0000 -> 1.0000] ID = 0
  10    1 ..........   0.00  [1.0000 -> 1.0000] ID = 0
  11    1 ...........   0.00  [1.0000 -> 1.0000] ID = 0
  12    1 ............   0.00  [1.0000 -> 1.0000] ID = 0
  13    1 .............   0.00  [1.0000 -> 1.0000] ID = 0
  14    1 ......((....))  -0.20  [1.0000 -> 1.0000] ID = 1
  15    1 ......(((...)))  -1.70  [1.0000 -> 1.0000] ID = 2
  16    1 ......(((...))).  -1.70  [1.0000 -> 1.0000] ID = 2
  17    1 ......(((...)))..  -1.70  [1.0000 -> 1.0000] ID = 2
  18    1 ......(((...)))...  -1.70  [1.0000 -> 1.0000] ID = 2
  19    1 ......(((...)))....  -1.70  [1.0000 -> 1.0000] ID = 2
  20    1 ......(((...))).....  -1.70  [1.0000 -> 1.0000] ID = 2
  21    1 ......(((...)))......  -1.70  [1.0000 -> 1.0000] ID = 2
  22    1 ......(((...))).......  -1.70  [1.0000 -> 1.0000] ID = 2
  23    1 ......(((...)))((....))  -2.80  [1.0000 -> 1.0000] ID = 3
  24    1 ......((....))(((....)))  -5.00  [1.0000 -> 1.0000] ID = 4
  25    1 ......((....))(((....))).  -5.00  [1.0000 -> 1.0000] ID = 4
  26    1 ......((....))(((....)))..  -5.00  [1.0000 -> 1.0000] ID = 4
  27    1 ......((....))(((....)))...  -5.00  [1.0000 -> 1.0000] ID = 4
  28    1 ......((....))(((....)))....  -5.00  [1.0000 -> 1.0000] ID = 4
  29    1 ......((....))(((....))).....  -5.00  [1.0000 -> 1.0000] ID = 4
  30    1 ......((....))(((....)))......  -5.00  [1.0000 -> 1.0000] ID = 4
  31    1 .......((.....(((....))).....))  -6.50  [1.0000 -> 1.0000] ID = 5
  32    1 ......(((.....(((....))).....)))  -9.00  [1.0000 -> 1.0000] ID = 6
  33    1 ......(((.....(((....))).....))).  -9.00  [1.0000 -> 1.0000] ID = 6
  34    1 ......(((.....(((....))).....)))..  -9.00  [1.0000 -> 1.0000] ID = 6
  35    1 ......(((.....(((....))).....)))...  -9.00  [1.0000 -> 1.0000] ID = 6
  36    1 ....((..(((...(((....))).....)))..))  -9.10 +[0.0000 -> 0.0609] ID = 7
  36    2 ......(((.....(((....))).....)))....  -9.00 -[1.0000 -> 0.9391] ID = 6
  37    1 ....((..(((...(((....))).....)))..)).  -9.10 +[0.0609 -> 0.1150] ID = 7
  37    2 ......(((.....(((....))).....))).....  -9.00 -[0.9391 -> 0.8850] ID = 6
  38    1 ....((..(((...(((....))).....)))..))..  -9.10 +[0.1150 -> 0.1629] ID = 7
  38    2 ......(((.....(((....))).....)))......  -9.00 -[0.8850 -> 0.8371] ID = 6
  39    1 ....((..(((...(((....))).....)))..))...  -9.10 +[0.1629 -> 0.1980] ID = 7
  39    2 ((....(((.....(((....))).....)))....)).  -9.10 -[0.8371 -> 0.8020] ID = 8
  40    1 ....((..(((...(((....))).....)))..))....  -9.10 +[0.1980 -> 0.2294] ID = 7
  40    2 ((....(((.....(((....))).....)))....))..  -9.10 -[0.8020 -> 0.7706] ID = 8
  41    1 ....((..(((...(((....))).....)))..)).....  -9.10 +[0.2294 -> 0.2576] ID = 7
  41    2 ((....(((.....(((....))).....)))....))...  -9.10 -[0.7706 -> 0.7424] ID = 8
  42    1 ....((..(((...(((....))).....)))..))......  -9.10 +[0.2576 -> 0.2828] ID = 7
  42    2 ((....(((.....(((....))).....)))....))....  -9.10 -[0.7424 -> 0.7172] ID = 8
  43    1 .((.((((((....(((....))).....))).....))).))  -9.80 +[0.0000 -> 0.0951] ID = 9
  43    2 ....((..(((...(((....))).....)))..)).......  -9.10 +[0.2828 -> 0.2888] ID = 7
  43    3 ((....(((.....(((....))).....)))....)).....  -9.10 -[0.7172 -> 0.6161] ID = 8
  44    1 .((.((((((....(((....))).....))).....))).)).  -9.80 +[0.0951 -> 0.1847] ID = 9
  44    2 ....((..(((...(((....))).....)))..))........  -9.10 +[0.2888 -> 0.2906] ID = 7
  44    3 ((....(((.....(((....))).....)))....))......  -9.10 -[0.6161 -> 0.5247] ID = 8
  45    1 ..........(((((((.....((.......)).....))))))) -12.50 +[0.0000 -> 0.0004] ID = 11
  45    2 .((.((((((....(((....))).....))).....))).))..  -9.80 +[0.1847 -> 0.2572] ID = 9
  45    3 ....((..(((...(((....))).....)))..)).........  -9.10 -[0.2906 -> 0.2893] ID = 7
  45    4 ((....(((.....(((....))).....)))....)).......  -9.10 -[0.5247 -> 0.4531] ID = 8
  46    1 .........((((((((.....((.......)).....)))))))) -15.00 +[0.0000 -> 0.0004] ID = 12
  46    2 .((.((((((....(((....))).....))).....))).))...  -9.80 +[0.2573 -> 0.3162] ID = 9
  46    3 ....((..(((...(((....))).....)))..))..........  -9.10 -[0.2894 -> 0.2860] ID = 7
  46    4 ((....(((.....(((....))).....)))....))........  -9.10 -[0.4533 -> 0.3973] ID = 8
  47    1 .........((((((((.....((.......)).....)))))))). -15.00  [0.0004 -> 0.0005] ID = 12
  47    2 ......(((.....(((....))).....)))...((........)) -10.70 +[0.3973 -> 0.4073] ID = 13
  47    3 .......(((....(((....))).....)))...((........)) -10.50 +[0.0000 -> 0.2480] ID = 15
  47    4 ........(((...(((....))).....)))...((........)) -10.00 -[0.2860 -> 0.2564] ID = 14
  47    5 .((.((((((....(((....))).....))).....))).))....  -9.80 -[0.3162 -> 0.0878] ID = 9
  48    1 .........((((((((.....((.......)).....)))))))).. -15.00  [0.0005 -> 0.0005] ID = 12
  48    2 ......((....))(((....))).((.(((((......))))).)). -12.00 +[0.0000 -> 0.0030] ID = 16
  48    3 ......(((.....(((....))).....)))...((........)). -10.70 +[0.4365 -> 0.4530] ID = 13
  48    4 .......(((....(((....))).....)))...((........)). -10.50 +[0.2773 -> 0.3080] ID = 15
  48    5 ........(((...(((....))).....)))...((........)). -10.00 -[0.2857 -> 0.2354] ID = 14
  49    1 .......((((((((((.....((.......)).....)))))))).)) -18.60 +[0.0000 -> 0.0045] ID = 17
  49    2 ......((....))(((....))).((.(((((......))))).)).. -12.00 +[0.0030 -> 0.0051] ID = 16
  49    3 ......(((.....(((....))).....)))...((........)).. -10.70 +[0.4532 -> 0.4621] ID = 13
  49    4 .......((((((((((....))).................))))).)) -10.70 +[0.0000 -> 0.0010] ID = 18
  49    5 .......(((....(((....))).....)))...((........)).. -10.50 +[0.3082 -> 0.3245] ID = 15
  49    6 ........(((...(((....))).....)))...((........)).. -10.00 -[0.2356 -> 0.2028] ID = 14
  50    1 ......(((((((((((.....((.......)).....)))))))).))) -21.10 +[0.0000 -> 0.1106] ID = 19
  50    2 ......(((((((((((....))).((........))....))))).))) -15.30 +[0.0000 -> 0.0077] ID = 20
  50    3 ......(((((((((((....))).................))))).))) -13.20 +[0.0000 -> 0.0327] ID = 21
  50    4 ......(((.....(((....))).....)))...((........))... -10.70 -[0.4661 -> 0.4537] ID = 13
  50    5 .......(((....(((....))).....)))...((........))... -10.50 -[0.3285 -> 0.3171] ID = 15
  50    6 ........(((...(((....))).....)))...((........))... -10.00 -[0.2055 -> 0.0781] ID = 14
  51    1 ......(((((((((((.....((.......)).....)))))))).))). -21.10 +[0.1106 -> 0.1564] ID = 19
  51    2 ......(((((((((((....))).((........))....))))).))). -15.30 -[0.0077 -> 0.0008] ID = 20
  51    3 ......(((((((((((....))).................))))).))). -13.20 -[0.0327 -> 0.0092] ID = 21
  51    4 ...(((((((....(((....))).....)))...((........)))))) -11.40 +[0.0000 -> 0.1776] ID = 27
  51    5 ((....(((.....(((....))).....)))....)).((((....)))) -11.30 +[0.0000 -> 0.2832] ID = 23
  51    6 ....((..(((...(((....))).....)))..))...((((....)))) -11.30 +[0.0000 -> 0.0588] ID = 24
  51    7 .......(((....(((....))).....))).......((((....)))) -11.00 +[0.0000 -> 0.0973] ID = 25
  51    8 ...((((.(((...(((....))).....)))...((........)))))) -10.90 +[0.0000 -> 0.0323] ID = 26
  51    9 ......(((.....(((....))).....)))...((........)).... -10.70 -[0.4537 -> 0.1119] ID = 13
  51   10 .......(((....(((....))).....)))...((........)).... -10.50 -[0.3171 -> 0.0424] ID = 15
  51   11 ........(((...(((....))).....))).......((((....)))) -10.50 +[0.0000 -> 0.0223] ID = 29
  51   12 ........(((...(((....))).....)))...((........)).... -10.00 -[0.0781 -> 0.0076] ID = 14
  52    1 ......(((((((((((.....((.......)).....)))))))).))).. -21.10 +[0.1564 -> 0.1673] ID = 19
  52    2 ......(((((((((((....))).((........))....))))).))).. -15.30 -[0.0008 -> 0.0003] ID = 20
  52    3 ......(((((((((((....))).................))))).))).. -13.20 -[0.0092 -> 0.0025] ID = 21
  52    4 ...(((((((....(((....))).....)))...((........)))))). -11.40 +[0.2100 -> 0.2112] ID = 27
  52    5 ((....(((.....(((....))).....)))....)).((((....)))). -11.30 -[0.2943 -> 0.2730] ID = 23
  52    6 ....((..(((...(((....))).....)))..))...((((....)))). -11.30 +[0.0613 -> 0.0790] ID = 24
  52    7 .......(((....(((....))).....))).......((((....)))). -11.00 +[0.1084 -> 0.1133] ID = 25
  52    8 ......(((.....(((....))).....)))...((........))..... -10.70 -[0.1145 -> 0.1036] ID = 13
  52    9 .......(((....(((....))).....)))...((........))..... -10.50 +[0.0450 -> 0.0498] ID = 15
  53    1 ......(((((((((((.....((.......)).....)))))))).)))... -21.10 +[0.1673 -> 0.9998] ID = 19
  53    2 ......(((((((((((....))).((........))....))))).)))... -15.30 -[0.0003 -> 0.0001] ID = 20
  53    3 ......(((((((((((....))).................))))).)))... -13.20 -[0.0025 -> 0.0000] ID = 21
  53    4 ...(((((((....(((....))).....)))...((........)))))).. -11.40 -[0.2278 -> 0.0000] ID = 27
  53    5 ((....(((.....(((....))).....)))....)).((((....)))).. -11.30 -[0.2730 -> 0.0000] ID = 23
  53    6 ....((..(((...(((....))).....)))..))...((((....)))).. -11.30 -[0.0790 -> 0.0000] ID = 24
  53    7 .......(((....(((....))).....))).......((((....)))).. -11.00 -[0.1299 -> 0.0000] ID = 25
  53    8 ......(((.....(((....))).....)))...((........))...... -10.70 -[0.1202 -> 0.0000] ID = 13
# Distribution of structures at the end:
#         UGAACUCCCCCAGGGCCGGAAGGCAGCAAGGGUAAGCGGGCUCUGGCGGGUGC
  53    1 ......(((((((((((.....((.......)).....)))))))).)))... -21.10 0.9998  [t8: 0.9999] ID = 19
  53    2 ......(((((((((((....))).((........))....))))).)))... -15.30 0.0001  [t8: 0.0001] ID = 20
  53    3 ......(((((((((((....))).................))))).)))... -13.20 0.0000  [t8: 0.0000] ID = 21
  53    4 ...(((((((....(((....))).....)))...((........)))))).. -11.40 0.0000  [t8: 0.0000] ID = 27
  53    5 ((....(((.....(((....))).....)))....)).((((....)))).. -11.30 0.0000  [t8: 0.0000] ID = 23
  53    6 ....((..(((...(((....))).....)))..))...((((....)))).. -11.30 0.0000  [t8: 0.0000] ID = 24
  53    7 .......(((....(((....))).....))).......((((....)))).. -11.00 0.0000  [t8: 0.0000] ID = 25
  53    8 ......(((.....(((....))).....)))...((........))...... -10.70 0.0000  [t8: 0.0000] ID = 13
