# File generated using DrTransformer v0.10
#
# >drtr_srp_Crit.luci._AY781798_rev
# UGGACCAGCGAGGGUGUUCUGCUGCGUUGACGUGGUGCUCUGCUUGGCUGUGUGUCGG 
#
# Co-transcriptional folding parameters:
# --t-ext: 0.02 sec
# --t-end: 60.0 sec
# --start: 1
# --stop: 58
# --reversed-transcription: True
#
# Algorithm parameters:
# --o-prune: 0.1
# --t-fast: 0.002 sec
# --fpwm: 4
# --mfree: 6 nuc
# --k0: 200000.0
#
# ViennaRNA model details:
# --temp: 37.0 C
# --dangles: 2
# --paramFile: None
# --noTetra: False
# --noGU: False
# --noClosingGU: False
#
#
# Results:
# Transcription Step | Energy-sorted structure count | Structure | Energy | [Occupancy-t0 Occupancy-t8] | Structure ID (-> Plotting ID)
   1    1                                                          .   0.00  [1.0000 -> 1.0000] ID = 0
   2    1                                                         ..   0.00  [1.0000 -> 1.0000] ID = 0
   3    1                                                        ...   0.00  [1.0000 -> 1.0000] ID = 0
   4    1                                                       ....   0.00  [1.0000 -> 1.0000] ID = 0
   5    1                                                      .....   0.00  [1.0000 -> 1.0000] ID = 0
   6    1                                                     ......   0.00  [1.0000 -> 1.0000] ID = 0
   7    1                                                    .......   0.00  [1.0000 -> 1.0000] ID = 0
   8    1                                                   ........   0.00  [1.0000 -> 1.0000] ID = 0
   9    1                                                  .........   0.00  [1.0000 -> 1.0000] ID = 0
  10    1                                                 ..........   0.00  [1.0000 -> 1.0000] ID = 0
  11    1                                                ...........   0.00  [1.0000 -> 1.0000] ID = 0
  12    1                                               ............   0.00  [1.0000 -> 1.0000] ID = 0
  13    1                                              (((.....)))..  -1.90  [1.0000 -> 1.0000] ID = 1
  14    1                                             ((((.....)))).  -2.30  [1.0000 -> 1.0000] ID = 2
  15    1                                            .((((.....)))).  -2.30  [1.0000 -> 1.0000] ID = 2
  16    1                                           ..((((.....)))).  -2.30  [1.0000 -> 1.0000] ID = 2
  17    1                                          ...((((.....)))).  -2.30  [1.0000 -> 1.0000] ID = 2
  18    1                                         ....((((.....)))).  -2.30  [1.0000 -> 1.0000] ID = 2
  19    1                                        .....((((.....)))).  -2.30  [1.0000 -> 1.0000] ID = 2
  20    1                                       ......((((.....)))).  -2.30  [1.0000 -> 1.0000] ID = 2
  21    1                                      .......((((.....)))).  -2.30  [1.0000 -> 1.0000] ID = 2
  22    1                                     ........((((.....)))).  -2.30  [1.0000 -> 1.0000] ID = 2
  23    1                                    .........((((.....)))).  -2.30  [1.0000 -> 1.0000] ID = 2
  24    1                                   ..........((((.....)))).  -2.30  [1.0000 -> 1.0000] ID = 2
  25    1                                  ...........((((.....)))).  -2.30  [1.0000 -> 1.0000] ID = 2
  26    1                                 ............((((.....)))).  -2.30  [1.0000 -> 1.0000] ID = 2
  27    1                                ((((....)))).((((.....)))).  -4.00  [1.0000 -> 1.0000] ID = 3
  28    1                               .((((....)))).((((.....)))).  -4.00  [1.0000 -> 1.0000] ID = 3
  29    1                              ..((((....)))).((((.....)))).  -4.00  [1.0000 -> 1.0000] ID = 3
  30    1                             ((((....(((......)))....))))..  -5.20 +[0.0000 -> 0.0241] ID = 4
  30    2                             ...((((....)))).((((.....)))).  -4.00 -[1.0000 -> 0.9759] ID = 3
  31    1                            (((((....(((......)))....))))).  -5.60 +[0.0241 -> 0.0475] ID = 5
  31    2                            ....((((....)))).((((.....)))).  -4.00 -[0.9759 -> 0.9525] ID = 3
  32    1                           .(((((....(((......)))....))))).  -5.60 +[0.0475 -> 0.0704] ID = 5
  32    2                           .....((((....)))).((((.....)))).  -4.00 -[0.9525 -> 0.9296] ID = 3
  33    1                          ..(((((....(((......)))....))))).  -5.60 +[0.0704 -> 0.0927] ID = 5
  33    2                          ......((((....)))).((((.....)))).  -4.00 -[0.9296 -> 0.9073] ID = 3
  34    1                         ...(((((....(((......)))....))))).  -5.60 +[0.0927 -> 0.1142] ID = 5
  34    2                         .......((((....)))).((((.....)))).  -4.00 -[0.9073 -> 0.5211] ID = 3
  34    3                         .(((((.((((....)))))))))..........  -4.00 +[0.0000 -> 0.3647] ID = 6
  35    1                        ....(((((....(((......)))....))))).  -5.60 +[0.1142 -> 0.1351] ID = 5
  35    2                        ........((((....)))).((((.....)))).  -4.00 -[0.5211 -> 0.4459] ID = 3
  35    3                        ..(((((.((((....)))))))))..........  -4.00 +[0.3647 -> 0.4190] ID = 6
  36    1                       .....(((((....(((......)))....))))).  -5.60 +[0.1351 -> 0.1554] ID = 5
  36    2                       .........((((....)))).((((.....)))).  -4.00 -[0.4459 -> 0.4246] ID = 3
  36    3                       ...(((((.((((....)))))))))..........  -4.00 +[0.4190 -> 0.4200] ID = 6
  37    1                      ......(((((....(((......)))....))))).  -5.60 +[0.1554 -> 0.1725] ID = 5
  37    2                      (((((....))))).........((((.....)))).  -5.60 +[0.0000 -> 0.3999] ID = 7
  37    3                      ..........((((....)))).((((.....)))).  -4.00 -[0.4246 -> 0.1363] ID = 3
  37    4                      ....(((((.((((....)))))))))..........  -4.00 -[0.4200 -> 0.2912] ID = 6
  38    1                     ((((((....))))))........((((.....)))).  -7.30 +[0.3999 -> 0.5101] ID = 8
  38    2                     ((((((....))))))(((......)))..........  -6.30 +[0.0000 -> 0.0828] ID = 9
  38    3                     .......(((((....(((......)))....))))).  -5.60 -[0.1725 -> 0.1680] ID = 5
  38    4                     ...........((((....)))).((((.....)))).  -4.00 -[0.1363 -> 0.0677] ID = 3
  38    5                     .....(((((.((((....)))))))))..........  -4.00 -[0.2912 -> 0.1715] ID = 6
  39    1                    .((((((....))))))........((((.....)))).  -7.30 -[0.5326 -> 0.5222] ID = 8
  39    2                    .((((((....))))))(((......)))..........  -6.30 +[0.0828 -> 0.1057] ID = 9
  39    3                    ........(((((....(((......)))....))))).  -5.60 -[0.1906 -> 0.1873] ID = 5
  39    4                    .((((((((((.((((....))))))))).))).))...  -4.20 -[0.1940 -> 0.1847] ID = 10
  40    1                   ..((((((....))))))........((((.....)))).  -7.30 +[0.5222 -> 0.5303] ID = 8
  40    2                   ..((((((....))))))(((......)))..........  -6.30 +[0.1057 -> 0.1095] ID = 9
  40    3                   .........(((((....(((......)))....))))).  -5.60 -[0.1873 -> 0.1842] ID = 5
  40    4                   ..((((((((((.((((....))))))))).))).))...  -4.20 -[0.1847 -> 0.1759] ID = 10
  41    1                  ...((((((....))))))........((((.....)))).  -7.30 +[0.5303 -> 0.5399] ID = 8
  41    2                  ...((((((....))))))(((......)))..........  -6.30 +[0.1095 -> 0.1115] ID = 9
  41    3                  ..........(((((....(((......)))....))))).  -5.60 -[0.1842 -> 0.1810] ID = 5
  41    4                  ...((((((((((.((((....))))))))).))).))...  -4.20 -[0.1759 -> 0.1676] ID = 10
  42    1                 ....((((((....))))))........((((.....)))).  -7.30 +[0.5399 -> 0.5493] ID = 8
  42    2                 ....((((((....))))))(((......)))..........  -6.30 +[0.1115 -> 0.1132] ID = 9
  42    3                 ...........(((((....(((......)))....))))).  -5.60 -[0.1810 -> 0.1779] ID = 5
  42    4                 ....((((((((((.((((....))))))))).))).))...  -4.20 -[0.1676 -> 0.1596] ID = 10
  43    1                .....((((((....))))))........((((.....)))).  -7.30 +[0.5493 -> 0.5584] ID = 8
  43    2                .....((((((....))))))(((......)))..........  -6.30 +[0.1132 -> 0.1148] ID = 9
  43    3                ............(((((....(((......)))....))))).  -5.60 -[0.1779 -> 0.1748] ID = 5
  43    4                .....((((((((((.((((....))))))))).))).))...  -4.20 -[0.1596 -> 0.1520] ID = 10
  44    1               ......((((((....))))))........((((.....)))).  -7.30 +[0.5584 -> 0.5671] ID = 8
  44    2               ......((((((....))))))(((......)))..........  -6.30 +[0.1148 -> 0.1163] ID = 9
  44    3               .............(((((....(((......)))....))))).  -5.60 -[0.1748 -> 0.1717] ID = 5
  44    4               ......((((((((((.((((....))))))))).))).))...  -4.20 -[0.1520 -> 0.1449] ID = 10
  45    1              .......((((((....))))))........((((.....)))).  -7.30 +[0.5671 -> 0.5755] ID = 8
  45    2              .......((((((....))))))(((......)))..........  -6.30 +[0.1163 -> 0.1178] ID = 9
  45    3              ..............(((((....(((......)))....))))).  -5.60 -[0.1717 -> 0.1686] ID = 5
  45    4              .......((((((((((.((((....))))))))).))).))...  -4.20 -[0.1449 -> 0.1380] ID = 10
  46    1             ((.((...((((((....)))))))).))...((((.....)))).  -7.80 +[0.5755 -> 0.6354] ID = 11
  46    2             ........((((((....))))))(((......)))..........  -6.30 -[0.1178 -> 0.0680] ID = 9
  46    3             ...............(((((....(((......)))....))))).  -5.60 -[0.1686 -> 0.1651] ID = 5
  46    4             ........((((((((((.((((....))))))))).))).))...  -4.20 -[0.1380 -> 0.1315] ID = 10
  47    1            ((((.....((((((....))))))))))....((((.....)))).  -9.10 +[0.0000 -> 0.2308] ID = 12
  47    2            .((.((...((((((....)))))))).))...((((.....)))).  -7.80 -[0.6354 -> 0.4314] ID = 11
  47    3            .........((((((....))))))(((......)))..........  -6.30 -[0.0680 -> 0.0512] ID = 9
  47    4            ................(((((....(((......)))....))))).  -5.60 -[0.1651 -> 0.1614] ID = 5
  47    5            .........((((((((((.((((....))))))))).))).))...  -4.20 -[0.1315 -> 0.1253] ID = 10
  48    1           (((((.....((((((....)))))))))))...((((.....)))). -10.90 +[0.2308 -> 0.3920] ID = 13
  48    2           ..((.((...((((((....)))))))).))...((((.....)))).  -7.80 -[0.4314 -> 0.2943] ID = 11
  48    3           ..........((((((....))))))(((......)))..........  -6.30 -[0.0512 -> 0.0370] ID = 9
  48    4           .................(((((....(((......)))....))))).  -5.60 -[0.1614 -> 0.1575] ID = 5
  48    5           ..........((((((((((.((((....))))))))).))).))...  -4.20 -[0.1253 -> 0.1193] ID = 10
  49    1          .(((((.....((((((....)))))))))))...((((.....)))). -10.90 +[0.3920 -> 0.6056] ID = 13
  49    2          (((((.((...((((((....)))))))).)).)))(((.....)))..  -8.50 -[0.2943 -> 0.1139] ID = 14
  49    3          ...........((((((....))))))(((......)))..........  -6.30 -[0.0370 -> 0.0135] ID = 9
  49    4          ..................(((((....(((......)))....))))).  -5.60 -[0.1575 -> 0.1533] ID = 5
  49    5          ...........((((((((((.((((....))))))))).))).))...  -4.20 -[0.1193 -> 0.1136] ID = 10
  50    1         ..(((((.....((((((....)))))))))))...((((.....)))). -10.90 +[0.6056 -> 0.6374] ID = 13
  50    2         ((((((.((...((((((....)))))))).)).))))............  -9.10 -[0.1184 -> 0.0912] ID = 16
  50    3         ((.((........)).)).(((((....(((......)))....))))).  -6.90 +[0.1578 -> 0.1591] ID = 15
  50    4         ............((((((((((.((((....))))))))).))).))...  -4.20 -[0.1181 -> 0.1122] ID = 10
  51    1        ((.(((((.....((((((....))))))))))))).((((.....)))). -12.90 +[0.6678 -> 0.6687] ID = 17
  51    2        (((.((........)).)))(((((....(((......)))....))))).  -8.50 -[0.1895 -> 0.1469] ID = 19
  51    3        (((..((....))..)))..(((((....(((......)))....))))).  -8.10 +[0.0000 -> 0.0463] ID = 20
  51    4        .............((((((....))))))........((((.....)))).  -7.30 +[0.0000 -> 0.0014] ID = 8
  51    5        (((..((....))..)))(((((.((((....)))))))))..........  -6.50 -[0.1427 -> 0.1367] ID = 18
  52    1       (((.(((((.....((((((....))))))))))))))((((.....)))). -14.10 +[0.6841 -> 0.6856] ID = 24
  52    2       ((((.((........)).))))((((....(((......)))....))))..  -8.80 +[0.1623 -> 0.1671] ID = 25
  52    3       ..............((((((....))))))........((((.....)))).  -7.30  [0.0014 -> 0.0014] ID = 8
  52    4       .(((..((....))..)))(((((.((((....)))))))))..........  -6.50 -[0.1522 -> 0.0857] ID = 18
  52    5       .(((..((....))..)))......((((....)))).((((.....)))).  -6.50 +[0.0000 -> 0.0602] ID = 26
  53    1      .(((.(((((.....((((((....))))))))))))))((((.....)))). -14.10 +[0.6870 -> 0.6871] ID = 24
  53    2      (((((.((........)).)))))..((((....)))).((((.....)))). -10.90 +[0.0000 -> 0.1388] ID = 29
  53    3      .((((.((........)).))))((((....(((......)))....))))..  -8.80 -[0.1671 -> 0.0836] ID = 25
  53    4      ..(((..((....))..)))(((((.((((....)))))))))..........  -6.50 -[0.0857 -> 0.0581] ID = 18
  53    5      ..(((..((....))..)))......((((....)))).((((.....)))).  -6.50 -[0.0602 -> 0.0323] ID = 26
  54    1     .((((.(((.......((((((....))))))......))).))))........ -14.30 +[0.0000 -> 0.0006] ID = 30
  54    2     ..(((.(((((.....((((((....))))))))))))))((((.....)))). -14.10 -[0.6871 -> 0.6867] ID = 24
  54    3     .(((((.((........)).)))))..((((....)))).((((.....)))). -10.90 +[0.1712 -> 0.2413] ID = 29
  54    4     ..((((.((........)).))))((((....(((......)))....))))..  -8.80 -[0.1417 -> 0.0714] ID = 25
  55    1    ((((((.(((.......((((((....))))))......))).)))).))..... -15.70 +[0.0000 -> 0.0048] ID = 31
  55    2    .(((((.(((((.....((((((....)))))))))))))).))........... -14.40 +[0.0000 -> 0.4143] ID = 32
  55    3    ...(((.(((((.....((((((....))))))))))))))((((.....)))). -14.10 -[0.7227 -> 0.3037] ID = 24
  55    4    ..(((((.((........)).)))))..((((....)))).((((.....)))). -10.90  [0.2773 -> 0.2773] ID = 29
  56    1   (((((((.(((.......((((((....))))))......))).))))...))).. -16.30 +[0.0000 -> 0.0114] ID = 34
  56    2   ..(((((.(((((.....((((((....)))))))))))))).))........... -14.40 +[0.4167 -> 0.4389] ID = 32
  56    3   ....(((.(((((.....((((((....))))))))))))))((((.....)))). -14.10 -[0.3061 -> 0.2724] ID = 24
  56    4   ...(((((.((........)).)))))..((((....)))).((((.....)))). -10.90  [0.2773 -> 0.2773] ID = 29
  57    1  .(((((((.(((.......((((((....))))))......))).))))...))).. -16.30 +[0.0114 -> 0.0165] ID = 34
  57    2  ((.(((((.(((((.....((((((....)))))))))))))).))))......... -15.30 +[0.4389 -> 0.5916] ID = 36
  57    3  .....(((.(((((.....((((((....))))))))))))))((((.....)))). -14.10 -[0.2724 -> 0.1147] ID = 24
  57    4  ....(((((.((........)).)))))..((((....)))).((((.....)))). -10.90  [0.2773 -> 0.2773] ID = 29
  58    1 ..(((((((.(((.......((((((....))))))......))).))))...))).. -16.30 +[0.0165 -> 0.8156] ID = 34
  58    2 .((.(((((.(((((.....((((((....)))))))))))))).))))......... -15.30 -[0.5916 -> 0.1610] ID = 36
  58    3 ......(((.(((((.....((((((....))))))))))))))((((.....)))). -14.10 -[0.1147 -> 0.0230] ID = 24
  58    4 .....(((((.((........)).)))))..((((....)))).((((.....)))). -10.90 -[0.2773 -> 0.0005] ID = 29
# Distribution of structures at the end:
#         UGGACCAGCGAGGGUGUUCUGCUGCGUUGACGUGGUGCUCUGCUUGGCUGUGUGUCGG
  58    1 ..(((((((.(((.......((((((....))))))......))).))))...))).. -16.30 0.8156 +[t8: 0.8158] ID = 34
  58    2 .((.(((((.(((((.....((((((....)))))))))))))).))))......... -15.30 0.1610  [t8: 0.1610] ID = 36
  58    3 ......(((.(((((.....((((((....))))))))))))))((((.....)))). -14.10 0.0230  [t8: 0.0230] ID = 24
  58    4 .....(((((.((........)).)))))..((((....)))).((((.....)))). -10.90 0.0005 -[t8: 0.0001] ID = 29
