# File generated using DrTransformer v0.10
#
# >drtr_srp_Nitr.wino._CP000115
# CGCCAACCUGGUCAGGUCCGGAAGGAAGCAGCCACAACG 
#
# Co-transcriptional folding parameters:
# --t-ext: 0.02 sec
# --t-end: 60.0 sec
# --start: 1
# --stop: 39
# --reversed-transcription: False
#
# Algorithm parameters:
# --o-prune: 0.1
# --t-fast: 0.002 sec
# --fpwm: 4
# --mfree: 6 nuc
# --k0: 200000.0
#
# ViennaRNA model details:
# --temp: 37.0 C
# --dangles: 2
# --paramFile: None
# --noTetra: False
# --noGU: False
# --noClosingGU: False
#
#
# Results:
# Transcription Step | Energy-sorted structure count | Structure | Energy | [Occupancy-t0 Occupancy-t8] | Structure ID (-> Plotting ID)
   1    1 .   0.00  [1.0000 -> 1.0000] ID = 0
   2    1 ..   0.00  [1.0000 -> 1.0000] ID = 0
   3    1 ...   0.00  [1.0000 -> 1.0000] ID = 0
   4    1 ....   0.00  [1.0000 -> 1.0000] ID = 0
   5    1 .....   0.00  [1.0000 -> 1.0000] ID = 0
   6    1 ......   0.00  [1.0000 -> 1.0000] ID = 0
   7    1 .......   0.00  [1.0000 -> 1.0000] ID = 0
   8    1 ........   0.00  [1.0000 -> 1.0000] ID = 0
   9    1 .........   0.00  [1.0000 -> 1.0000] ID = 0
  10    1 ..........   0.00  [1.0000 -> 1.0000] ID = 0
  11    1 ..(((...)))  -0.60  [1.0000 -> 1.0000] ID = 1
  12    1 .((((...))))  -2.10  [1.0000 -> 1.0000] ID = 2
  13    1 .((((...)))).  -2.10  [1.0000 -> 1.0000] ID = 2
  14    1 .((((...))))..  -2.10  [1.0000 -> 1.0000] ID = 2
  15    1 .((((...))))...  -2.10  [1.0000 -> 1.0000] ID = 2
  16    1 .((((...))))....  -2.10  [1.0000 -> 1.0000] ID = 2
  17    1 .....((((....))))  -2.50 +[0.0000 -> 0.5509] ID = 3
  17    2 .((((...)))).....  -2.10 -[1.0000 -> 0.4491] ID = 2
  18    1 .....((((....)))).  -2.50 +[0.5509 -> 0.6397] ID = 3
  18    2 .((((...))))......  -2.10 -[0.4491 -> 0.3603] ID = 2
  19    1 .....((((....))))..  -2.50 +[0.6397 -> 0.6540] ID = 3
  19    2 .((((...)))).......  -2.10 -[0.3603 -> 0.3460] ID = 2
  20    1 ((...((((....)))).))  -3.00 +[0.6540 -> 0.7756] ID = 4
  20    2 .((((...))))........  -2.10 -[0.3460 -> 0.2244] ID = 2
  21    1 .......((((......))))  -4.50 +[0.0000 -> 0.3732] ID = 5
  21    2 ((...((((....)))).)).  -3.00 -[0.7756 -> 0.5539] ID = 4
  21    3 .((((...)))).........  -2.10 -[0.2244 -> 0.0729] ID = 2
  22    1 .......((((......)))).  -4.50 +[0.4096 -> 0.4366] ID = 5
  22    2 ..((.((((....))))..)).  -3.90 -[0.5904 -> 0.5634] ID = 6
  23    1 .......((((......))))..  -4.50 +[0.4366 -> 0.4612] ID = 5
  23    2 ..((.((((....))))..))..  -3.90 -[0.5634 -> 0.5388] ID = 6
  24    1 .......((((......))))...  -4.50 +[0.4612 -> 0.4837] ID = 5
  24    2 ..((.((((....))))..))...  -3.90 -[0.5388 -> 0.5163] ID = 6
  25    1 ..((...((((......))))..))  -5.00 +[0.4837 -> 0.5108] ID = 7
  25    2 ..((.((((....))))..))....  -3.90 -[0.5163 -> 0.4892] ID = 6
  26    1 ..((...((((......))))..)).  -5.00 +[0.5108 -> 0.5492] ID = 7
  26    2 .....((((....))))((....)).  -4.00 -[0.4892 -> 0.4508] ID = 8
  27    1 ..((...((((......))))..))..  -5.00 +[0.5492 -> 0.5513] ID = 7
  27    2 .((((...))))....(((....))).  -4.80 +[0.0000 -> 0.3511] ID = 9
  27    3 .....((((....))))((....))..  -4.00 -[0.4508 -> 0.0976] ID = 8
  28    1 ..((...((((......))))..))...  -5.00 -[0.5513 -> 0.5488] ID = 7
  28    2 .((((...))))....(((....)))..  -4.80 +[0.3511 -> 0.3543] ID = 9
  28    3 .....((((....))))((....))...  -4.00 -[0.0976 -> 0.0969] ID = 8
  29    1 ..((...((((......))))..))....  -5.00 -[0.5488 -> 0.5464] ID = 7
  29    2 .((((...))))....(((....)))...  -4.80 +[0.3543 -> 0.3562] ID = 9
  29    3 .....((((....))))((....))....  -4.00 +[0.0969 -> 0.0974] ID = 8
  30    1 ..((...((((......))))..)).....  -5.00 -[0.5464 -> 0.5443] ID = 7
  30    2 .((((...))))....(((....)))....  -4.80 +[0.3562 -> 0.3578] ID = 9
  30    3 .....((((....))))((....)).....  -4.00 +[0.0974 -> 0.0978] ID = 8
  31    1 ..((...((((......))))..))......  -5.00 -[0.5443 -> 0.5424] ID = 7
  31    2 .((((...))))....(((....))).....  -4.80 +[0.3578 -> 0.3594] ID = 9
  31    3 .....((((....))))((....))......  -4.00 +[0.0978 -> 0.0983] ID = 8
  32    1 ..((...((((......))))..)).......  -5.00 -[0.5424 -> 0.5406] ID = 7
  32    2 .((((...))))....(((....)))......  -4.80 +[0.3594 -> 0.3608] ID = 9
  32    3 .....((((....))))((....)).......  -4.00 +[0.0983 -> 0.0986] ID = 8
  33    1 .........(((....(((....)))....)))  -6.80 +[0.0000 -> 0.4070] ID = 10
  33    2 ..((...((((......))))..))........  -5.00 -[0.5406 -> 0.5163] ID = 7
  33    3 .((((...))))....(((....))).......  -4.80 -[0.3608 -> 0.0632] ID = 9
  33    4 .....((((....))))((....))........  -4.00 -[0.0986 -> 0.0135] ID = 8
  34    1 ........((((....(((....)))....))))  -7.60 +[0.4453 -> 0.4535] ID = 11
  34    2 .......((((......))))..((......)).  -5.20 -[0.5547 -> 0.5465] ID = 12
  35    1 ........((((....(((....)))....)))).  -7.60 +[0.4535 -> 0.4615] ID = 11
  35    2 .......((((......))))..((......))..  -5.20 -[0.5465 -> 0.5385] ID = 12
  36    1 ........((((....(((....)))....))))..  -7.60 +[0.4615 -> 0.4693] ID = 11
  36    2 .......((((......))))..((......))...  -5.20 -[0.5385 -> 0.5307] ID = 12
  37    1 ........((((....(((....)))....))))...  -7.60 +[0.4693 -> 0.4771] ID = 11
  37    2 .......((((......))))..((......))....  -5.20 -[0.5307 -> 0.5229] ID = 12
  38    1 ........((((....(((....)))....))))....  -7.60 +[0.4771 -> 0.4847] ID = 11
  38    2 .......((((......))))..((......)).....  -5.20 -[0.5229 -> 0.5153] ID = 12
  39    1 ........((((....(((....)))....)))).....  -7.60 +[0.4847 -> 0.9800] ID = 11
  39    2 .......((((......))))..((......))......  -5.20 -[0.5153 -> 0.0200] ID = 12
# Distribution of structures at the end:
#         CGCCAACCUGGUCAGGUCCGGAAGGAAGCAGCCACAACG
  39    1 ........((((....(((....)))....)))).....  -7.60 0.9800  [t8: 0.9800] ID = 11
  39    2 .......((((......))))..((......))......  -5.20 0.0200  [t8: 0.0200] ID = 12
