# File generated using DrTransformer v0.10
#
# >drtr_srp_Lact.lact._AM406671_rev
# CGAAGCGUGUCAGGACCUGACGGUAGCAGCACUAAG 
#
# Co-transcriptional folding parameters:
# --t-ext: 0.02 sec
# --t-end: 60.0 sec
# --start: 1
# --stop: 36
# --reversed-transcription: True
#
# Algorithm parameters:
# --o-prune: 0.1
# --t-fast: 0.002 sec
# --fpwm: 4
# --mfree: 6 nuc
# --k0: 200000.0
#
# ViennaRNA model details:
# --temp: 37.0 C
# --dangles: 2
# --paramFile: None
# --noTetra: False
# --noGU: False
# --noClosingGU: False
#
#
# Results:
# Transcription Step | Energy-sorted structure count | Structure | Energy | [Occupancy-t0 Occupancy-t8] | Structure ID (-> Plotting ID)
   1    1                                    .   0.00  [1.0000 -> 1.0000] ID = 0
   2    1                                   ..   0.00  [1.0000 -> 1.0000] ID = 0
   3    1                                  ...   0.00  [1.0000 -> 1.0000] ID = 0
   4    1                                 ....   0.00  [1.0000 -> 1.0000] ID = 0
   5    1                                .....   0.00  [1.0000 -> 1.0000] ID = 0
   6    1                               ......   0.00  [1.0000 -> 1.0000] ID = 0
   7    1                              .......   0.00  [1.0000 -> 1.0000] ID = 0
   8    1                             ........   0.00  [1.0000 -> 1.0000] ID = 0
   9    1                            .........   0.00  [1.0000 -> 1.0000] ID = 0
  10    1                           ..........   0.00  [1.0000 -> 1.0000] ID = 0
  11    1                          ...........   0.00  [1.0000 -> 1.0000] ID = 0
  12    1                         ............   0.00  [1.0000 -> 1.0000] ID = 0
  13    1                        .............   0.00  [1.0000 -> 1.0000] ID = 0
  14    1                       ..............   0.00  [1.0000 -> 1.0000] ID = 0
  15    1                      ...............   0.00  [1.0000 -> 1.0000] ID = 0
  16    1                     ................   0.00  [1.0000 -> 1.0000] ID = 0
  17    1                    .................   0.00  [1.0000 -> 1.0000] ID = 0
  18    1                   ..................   0.00  [1.0000 -> 1.0000] ID = 0
  19    1                  ...................   0.00  [1.0000 -> 1.0000] ID = 0
  20    1                 ....................   0.00  [1.0000 -> 1.0000] ID = 0
  21    1                .(((.......))).......  -0.20  [1.0000 -> 1.0000] ID = 1
  22    1               (((....)))............  -1.90  [1.0000 -> 1.0000] ID = 2
  23    1              .(((....)))............  -1.90  [1.0000 -> 1.0000] ID = 2
  24    1             ..(((....)))............  -1.90  [1.0000 -> 1.0000] ID = 2
  25    1            ...(((....)))............  -1.90  [1.0000 -> 1.0000] ID = 2
  26    1           ....(((....)))............  -1.90  [1.0000 -> 1.0000] ID = 2
  27    1          .....(((....)))............  -1.90  [1.0000 -> 1.0000] ID = 2
  28    1         (((((...)))))...............  -4.90 +[0.0000 -> 0.4633] ID = 3
  28    2         ((....(((....)))....))......  -2.40 -[1.0000 -> 0.5367] ID = 4
  29    1        ((((((...))))))..............  -5.10 +[0.4633 -> 0.5575] ID = 5
  29    2        (((....(((....)))....))).....  -3.10 -[0.5367 -> 0.4425] ID = 6
  30    1       ((((....(((....)))....))))....  -6.60 +[0.4425 -> 0.4466] ID = 7
  30    2       .((((((...))))))..............  -5.10 -[0.5575 -> 0.5534] ID = 5
  31    1      .((((....(((....)))....))))....  -6.60 +[0.4466 -> 0.4611] ID = 7
  31    2      ..((((((...))))))..............  -5.10 -[0.5534 -> 0.5389] ID = 5
  32    1     ((.((((((...))))))...)).........  -6.70  [0.5389 -> 0.5389] ID = 8
  32    2     ..((((....(((....)))....))))....  -6.60  [0.4611 -> 0.4611] ID = 7
  33    1    .((.((((((...))))))...)).........  -6.70  [0.5389 -> 0.5389] ID = 8
  33    2    ...((((....(((....)))....))))....  -6.60  [0.4611 -> 0.4611] ID = 7
  34    1   ..((.((((((...))))))...)).........  -6.70  [0.5389 -> 0.5389] ID = 8
  34    2   ....((((....(((....)))....))))....  -6.60  [0.4611 -> 0.4611] ID = 7
  35    1  ...((.((((((...))))))...)).........  -6.70  [0.5389 -> 0.5389] ID = 8
  35    2  .....((((....(((....)))....))))....  -6.60  [0.4611 -> 0.4611] ID = 7
  36    1 ....((.((((((...))))))...)).........  -6.70 +[0.5389 -> 0.5405] ID = 8
  36    2 ......((((....(((....)))....))))....  -6.60 -[0.4611 -> 0.4595] ID = 7
# Distribution of structures at the end:
#         CGAAGCGUGUCAGGACCUGACGGUAGCAGCACUAAG
  36    1 ....((.((((((...))))))...)).........  -6.70 0.5405  [t8: 0.5405] ID = 8
  36    2 ......((((....(((....)))....))))....  -6.60 0.4595  [t8: 0.4595] ID = 7
