# File generated using DrTransformer v0.10
#
# >drtr_srp_Camp.jeju._AL139074_rev
# GAACCCCGUCAGGUCCGGAAGGAAGCAGCGGUAAGU 
#
# Co-transcriptional folding parameters:
# --t-ext: 0.02 sec
# --t-end: 60.0 sec
# --start: 1
# --stop: 36
# --reversed-transcription: True
#
# Algorithm parameters:
# --o-prune: 0.1
# --t-fast: 0.002 sec
# --fpwm: 4
# --mfree: 6 nuc
# --k0: 200000.0
#
# ViennaRNA model details:
# --temp: 37.0 C
# --dangles: 2
# --paramFile: None
# --noTetra: False
# --noGU: False
# --noClosingGU: False
#
#
# Results:
# Transcription Step | Energy-sorted structure count | Structure | Energy | [Occupancy-t0 Occupancy-t8] | Structure ID (-> Plotting ID)
   1    1                                    .   0.00  [1.0000 -> 1.0000] ID = 0
   2    1                                   ..   0.00  [1.0000 -> 1.0000] ID = 0
   3    1                                  ...   0.00  [1.0000 -> 1.0000] ID = 0
   4    1                                 ....   0.00  [1.0000 -> 1.0000] ID = 0
   5    1                                .....   0.00  [1.0000 -> 1.0000] ID = 0
   6    1                               ......   0.00  [1.0000 -> 1.0000] ID = 0
   7    1                              .......   0.00  [1.0000 -> 1.0000] ID = 0
   8    1                             ........   0.00  [1.0000 -> 1.0000] ID = 0
   9    1                            .........   0.00  [1.0000 -> 1.0000] ID = 0
  10    1                           ..........   0.00  [1.0000 -> 1.0000] ID = 0
  11    1                          ...........   0.00  [1.0000 -> 1.0000] ID = 0
  12    1                         ............   0.00  [1.0000 -> 1.0000] ID = 0
  13    1                        .............   0.00  [1.0000 -> 1.0000] ID = 0
  14    1                       ..............   0.00  [1.0000 -> 1.0000] ID = 0
  15    1                      ...............   0.00  [1.0000 -> 1.0000] ID = 0
  16    1                     ................   0.00  [1.0000 -> 1.0000] ID = 0
  17    1                    .................   0.00  [1.0000 -> 1.0000] ID = 0
  18    1                   ..................   0.00  [1.0000 -> 1.0000] ID = 0
  19    1                  ...................   0.00  [1.0000 -> 1.0000] ID = 0
  20    1                 ....................   0.00  [1.0000 -> 1.0000] ID = 0
  21    1                .....................   0.00  [1.0000 -> 1.0000] ID = 0
  22    1               (((...........))).....  -2.00  [1.0000 -> 1.0000] ID = 1
  23    1              (((....))).............  -2.70 +[0.0000 -> 0.6394] ID = 2
  23    2              .(((...........))).....  -2.00 -[1.0000 -> 0.3606] ID = 1
  24    1             .(((....))).............  -2.70 +[0.6394 -> 0.7387] ID = 2
  24    2             ..(((...........))).....  -2.00 -[0.3606 -> 0.2613] ID = 1
  25    1            ..(((....))).............  -2.70 +[0.7387 -> 0.7541] ID = 2
  25    2            ...(((...........))).....  -2.00 -[0.2613 -> 0.2459] ID = 1
  26    1           ...(((....))).............  -2.70 +[0.7541 -> 0.7565] ID = 2
  26    2           ....(((...........))).....  -2.00 -[0.2459 -> 0.2435] ID = 1
  27    1          ....(((....))).............  -2.70 +[0.7565 -> 0.7568] ID = 2
  27    2          .....(((...........))).....  -2.00 -[0.2435 -> 0.2432] ID = 1
  28    1         .....(((....))).............  -2.70  [0.7568 -> 0.7569] ID = 2
  28    2         ......(((...........))).....  -2.00  [0.2432 -> 0.2431] ID = 1
  29    1        ((....(((....)))....)).......  -3.50 +[0.7569 -> 0.8843] ID = 3
  29    2        .......(((...........))).....  -2.00 -[0.2431 -> 0.1157] ID = 1
  30    1       (((....(((....)))....)))......  -5.90 +[0.8843 -> 0.9705] ID = 4
  30    2       ........(((...........))).....  -2.00 -[0.1157 -> 0.0295] ID = 1
  31    1      ((((....(((....)))....)))).....  -8.70  [1.0000 -> 1.0000] ID = 5
  32    1     .((((....(((....)))....)))).....  -8.70  [1.0000 -> 1.0000] ID = 5
  33    1    ..((((....(((....)))....)))).....  -8.70  [1.0000 -> 1.0000] ID = 5
  34    1   ...((((....(((....)))....)))).....  -8.70  [1.0000 -> 1.0000] ID = 5
  35    1  ....((((....(((....)))....)))).....  -8.70  [1.0000 -> 1.0000] ID = 5
  36    1 .....((((....(((....)))....)))).....  -8.70  [1.0000 -> 1.0000] ID = 5
# Distribution of structures at the end:
#         GAACCCCGUCAGGUCCGGAAGGAAGCAGCGGUAAGU
  36    1 .....((((....(((....)))....)))).....  -8.70 1.0000  [t8: 1.0000] ID = 5
