# File generated using DrTransformer v0.10
#
# >drtr_srp_Myco.bovi._BX248347
# UGAACUCCCCCAGGGCCGGAAGGCAGCAAGGGUCAAUGGGCUCUGGCGGGUGCGCGGGG 
#
# Co-transcriptional folding parameters:
# --t-ext: 0.02 sec
# --t-end: 60.0 sec
# --start: 1
# --stop: 59
# --reversed-transcription: False
#
# Algorithm parameters:
# --o-prune: 0.1
# --t-fast: 0.002 sec
# --fpwm: 4
# --mfree: 6 nuc
# --k0: 200000.0
#
# ViennaRNA model details:
# --temp: 37.0 C
# --dangles: 2
# --paramFile: None
# --noTetra: False
# --noGU: False
# --noClosingGU: False
#
#
# Results:
# Transcription Step | Energy-sorted structure count | Structure | Energy | [Occupancy-t0 Occupancy-t8] | Structure ID (-> Plotting ID)
   1    1 .   0.00  [1.0000 -> 1.0000] ID = 0
   2    1 ..   0.00  [1.0000 -> 1.0000] ID = 0
   3    1 ...   0.00  [1.0000 -> 1.0000] ID = 0
   4    1 ....   0.00  [1.0000 -> 1.0000] ID = 0
   5    1 .....   0.00  [1.0000 -> 1.0000] ID = 0
   6    1 ......   0.00  [1.0000 -> 1.0000] ID = 0
   7    1 .......   0.00  [1.0000 -> 1.0000] ID = 0
   8    1 ........   0.00  [1.0000 -> 1.0000] ID = 0
   9    1 .........   0.00  [1.0000 -> 1.0000] ID = 0
  10    1 ..........   0.00  [1.0000 -> 1.0000] ID = 0
  11    1 ...........   0.00  [1.0000 -> 1.0000] ID = 0
  12    1 ............   0.00  [1.0000 -> 1.0000] ID = 0
  13    1 .............   0.00  [1.0000 -> 1.0000] ID = 0
  14    1 ......((....))  -0.20  [1.0000 -> 1.0000] ID = 1
  15    1 ......(((...)))  -1.70  [1.0000 -> 1.0000] ID = 2
  16    1 ......(((...))).  -1.70  [1.0000 -> 1.0000] ID = 2
  17    1 ......(((...)))..  -1.70  [1.0000 -> 1.0000] ID = 2
  18    1 ......(((...)))...  -1.70  [1.0000 -> 1.0000] ID = 2
  19    1 ......(((...)))....  -1.70  [1.0000 -> 1.0000] ID = 2
  20    1 ......(((...))).....  -1.70  [1.0000 -> 1.0000] ID = 2
  21    1 ......(((...)))......  -1.70  [1.0000 -> 1.0000] ID = 2
  22    1 ......(((...))).......  -1.70  [1.0000 -> 1.0000] ID = 2
  23    1 ......(((...)))((....))  -2.80  [1.0000 -> 1.0000] ID = 3
  24    1 ......((....))(((....)))  -5.00  [1.0000 -> 1.0000] ID = 4
  25    1 ......((....))(((....))).  -5.00  [1.0000 -> 1.0000] ID = 4
  26    1 ......((....))(((....)))..  -5.00  [1.0000 -> 1.0000] ID = 4
  27    1 ......((....))(((....)))...  -5.00  [1.0000 -> 1.0000] ID = 4
  28    1 ......((....))(((....)))....  -5.00  [1.0000 -> 1.0000] ID = 4
  29    1 ......((....))(((....))).....  -5.00  [1.0000 -> 1.0000] ID = 4
  30    1 ......((....))(((....)))......  -5.00  [1.0000 -> 1.0000] ID = 4
  31    1 .......((.....(((....))).....))  -6.50  [1.0000 -> 1.0000] ID = 5
  32    1 ......(((.....(((....))).....)))  -9.00  [1.0000 -> 1.0000] ID = 6
  33    1 ......(((.....(((....))).....))).  -9.00  [1.0000 -> 1.0000] ID = 6
  34    1 ......(((.....(((....))).....)))..  -9.00  [1.0000 -> 1.0000] ID = 6
  35    1 (((...(((.....(((....))).....))))))  -9.40  [1.0000 -> 1.0000] ID = 7
  36    1 (((...(((.....(((....))).....)))))).  -9.40  [1.0000 -> 1.0000] ID = 7
  37    1 (((...(((.....(((....))).....))))))..  -9.40  [1.0000 -> 1.0000] ID = 7
  38    1 (((...(((.....(((....))).....))))))...  -9.40  [1.0000 -> 1.0000] ID = 7
  39    1 (((...(((.....(((....))).....))))))....  -9.40  [1.0000 -> 1.0000] ID = 7
  40    1 ........((((.((((.............))))..)))) -10.40 +[0.0000 -> 0.0006] ID = 8
  40    2 (((...(((.....(((....))).....)))))).....  -9.40 -[1.0000 -> 0.9994] ID = 7
  41    1 ........((((.((((.............))))..)))). -10.40 +[0.0006 -> 0.0012] ID = 8
  41    2 (((...(((.....(((....))).....))))))......  -9.40 -[0.9994 -> 0.9988] ID = 7
  42    1 ........((((.((((.............))))..)))).. -10.40 +[0.0012 -> 0.0018] ID = 8
  42    2 (((...(((.....(((....))).....)))))).......  -9.40 -[0.9988 -> 0.9982] ID = 7
  43    1 ........((((.((((.............))))..))))... -10.40 +[0.0018 -> 0.0023] ID = 8
  43    2 (((...(((.....(((....))).....))))))........  -9.40 -[0.9982 -> 0.9977] ID = 7
  44    1 ......((....))(((....)))....((((((....)))))) -11.10 +[0.0000 -> 0.4067] ID = 9
  44    2 (((...(((.....(((....))).....)))))).........  -9.40 -[1.0000 -> 0.5933] ID = 7
  45    1 ..........(((((((....(((.......)))....))))))) -14.10 +[0.0000 -> 0.0002] ID = 10
  45    2 ......((....))(((....)))....((((((....)))))). -11.10 +[0.4067 -> 0.6374] ID = 9
  45    3 (((...(((.....(((....))).....))))))..........  -9.40 -[0.5933 -> 0.3624] ID = 7
  46    1 .........((((((((....(((.......)))....)))))))) -16.60 +[0.0000 -> 0.0019] ID = 11
  46    2 ......((....))(((....)))....((((((....)))))).. -11.10 +[0.6375 -> 0.7667] ID = 9
  46    3 (((...(((.....(((....))).....))))))...........  -9.40 -[0.3625 -> 0.2314] ID = 7
  47    1 .........((((((((....(((.......)))....)))))))). -16.60  [0.0019 -> 0.0019] ID = 11
  47    2 ......((....))(((....))).((.((((((....)))))).)) -14.10 +[0.7667 -> 0.8621] ID = 12
  47    3 (((...(((.....(((....))).....))))))............  -9.40 -[0.2314 -> 0.1360] ID = 7
  48    1 .........((((((((....(((.......)))....)))))))).. -16.60  [0.0019 -> 0.0020] ID = 11
  48    2 ......((....))(((....))).((.((((((....)))))).)). -14.10 +[0.8621 -> 0.8949] ID = 12
  48    3 (((...(((.....(((....))).....))))))....((....)).  -9.80 -[0.1360 -> 0.1031] ID = 13
  49    1 .......((((((((((....(((.......)))....)))))))).)) -20.20 +[0.0000 -> 0.0064] ID = 14
  49    2 ......((....))(((....))).((.((((((....)))))).)).. -14.10 +[0.8959 -> 0.9149] ID = 12
  49    3 (((...(((.....(((....))).....))))))....((....))..  -9.80 -[0.1041 -> 0.0788] ID = 13
  50    1 ......(((((((((((....(((.......)))....)))))))).))) -22.70 +[0.0000 -> 0.0102] ID = 15
  50    2 ........(((...(((....))).((.((((((....)))))).))))) -16.40 +[0.0000 -> 0.6360] ID = 16
  50    3 ......(((((((.(((....)))......((((....)))))))).))) -16.10 +[0.0000 -> 0.3393] ID = 17
  50    4 ......((....))(((....))).((.((((((....)))))).))... -14.10 -[1.0000 -> 0.0146] ID = 12
  51    1 ......(((((((((((....(((.......)))....)))))))).))). -22.70 +[0.0102 -> 0.0212] ID = 15
  51    2 ........(((...(((....))).((.((((((....)))))).))))). -16.40 -[0.6433 -> 0.6300] ID = 16
  51    3 ......(((((((.(((....)))......((((....)))))))).))). -16.10 +[0.3466 -> 0.3488] ID = 17
  52    1 ......(((((((((((....(((.......)))....)))))))).))).. -22.70 +[0.0212 -> 0.0322] ID = 15
  52    2 ........(((...(((....))).((.((((((....)))))).))))).. -16.40 -[0.6300 -> 0.6184] ID = 16
  52    3 ......(((((((.(((....)))......((((....)))))))).))).. -16.10 +[0.3488 -> 0.3494] ID = 17
  53    1 ......(((((((((((....(((.......)))....)))))))).)))... -22.70 +[0.0322 -> 0.0431] ID = 15
  53    2 ........(((...(((....))).((.((((((....)))))).)))))... -16.40 -[0.6184 -> 0.6080] ID = 16
  53    3 ......(((((((.(((....)))......((((....)))))))).)))... -16.10 -[0.3494 -> 0.3489] ID = 17
  54    1 ......(((((((((((....(((.......)))....)))))))).))).... -22.70 +[0.0431 -> 0.0539] ID = 15
  54    2 ........(((...(((....))).((.((((((....)))))).))))).... -16.40 -[0.6080 -> 0.5986] ID = 16
  54    3 ......(((((((.(((....)))......((((....)))))))).))).... -16.10 -[0.3489 -> 0.3475] ID = 17
  55    1 ......(((((((((((....(((.......)))....)))))))).)))..... -22.70 +[0.0539 -> 0.0646] ID = 15
  55    2 ........(((...(((....))).((.((((((....)))))).)))))..... -16.40 -[0.5986 -> 0.5899] ID = 16
  55    3 ......(((((((.(((....)))......((((....)))))))).)))..... -16.10 -[0.3475 -> 0.3455] ID = 17
  56    1 ((....(((((((((((....(((.......)))....)))))))).)))....)) -22.80 +[0.0646 -> 0.0752] ID = 18
  56    2 ........(((...(((....))).((.((((((....)))))).)))))...... -16.40 -[0.5899 -> 0.5818] ID = 16
  56    3 ......(((((((.(((....)))......((((....)))))))).)))...... -16.10 -[0.3455 -> 0.3430] ID = 17
  57    1 ((....(((((((((((....(((.......)))....)))))))).)))....)). -22.80 +[0.0752 -> 0.0803] ID = 18
  57    2 ........(((...(((....))).((.((((((....)))))).)))))....... -16.40 -[0.5818 -> 0.5715] ID = 16
  57    3 ((....(((((((.(((....)))......((((....)))))))).)))....)). -16.20 +[0.3430 -> 0.3482] ID = 19
  58    1 ((....(((((((((((....(((.......)))....)))))))).)))....)).. -22.80 +[0.0803 -> 0.0856] ID = 18
  58    2 ........(((...(((....))).((.((((((....)))))).)))))........ -16.40 -[0.5715 -> 0.5628] ID = 16
  58    3 ((....(((((((.(((....)))......((((....)))))))).)))....)).. -16.20 +[0.3482 -> 0.3516] ID = 19
  59    1 ((....(((((((((((....(((.......)))....)))))))).)))....))... -22.80 +[0.0856 -> 0.3107] ID = 18
  59    2 .......((((...(((....))).((.((((((....)))))).))........)))) -19.00 +[0.0000 -> 0.3983] ID = 20
  59    3 ....(((((((...(((....))).((.((((((....)))))).))))).....)))) -18.80 -[0.5628 -> 0.2870] ID = 21
  59    4 ((....(((((((.(((....)))......((((....)))))))).)))....))... -16.20 -[0.3516 -> 0.0040] ID = 19
# Distribution of structures at the end:
#         UGAACUCCCCCAGGGCCGGAAGGCAGCAAGGGUCAAUGGGCUCUGGCGGGUGCGCGGGG
  59    1 ((....(((((((((((....(((.......)))....)))))))).)))....))... -22.80 0.3107 +[t8: 0.9964] ID = 18
  59    2 .......((((...(((....))).((.((((((....)))))).))........)))) -19.00 0.3983 -[t8: 0.0021] ID = 20
  59    3 ....(((((((...(((....))).((.((((((....)))))).))))).....)))) -18.80 0.2870 -[t8: 0.0015] ID = 21
  59    4 ((....(((((((.(((....)))......((((....)))))))).)))....))... -16.20 0.0040 -[t8: 0.0000] ID = 19
