# File generated using DrTransformer v0.10
#
# >drtr_srp_Bdel.bact._BX842656
# UGGGCCCCACGCAACGGAAGGUUACGAACUCCGUCAGGUCCGGAAGGAAGCAGCGG 
#
# Co-transcriptional folding parameters:
# --t-ext: 0.02 sec
# --t-end: 60.0 sec
# --start: 1
# --stop: 56
# --reversed-transcription: False
#
# Algorithm parameters:
# --o-prune: 0.1
# --t-fast: 0.002 sec
# --fpwm: 4
# --mfree: 6 nuc
# --k0: 200000.0
#
# ViennaRNA model details:
# --temp: 37.0 C
# --dangles: 2
# --paramFile: None
# --noTetra: False
# --noGU: False
# --noClosingGU: False
#
#
# Results:
# Transcription Step | Energy-sorted structure count | Structure | Energy | [Occupancy-t0 Occupancy-t8] | Structure ID (-> Plotting ID)
   1    1 .   0.00  [1.0000 -> 1.0000] ID = 0
   2    1 ..   0.00  [1.0000 -> 1.0000] ID = 0
   3    1 ...   0.00  [1.0000 -> 1.0000] ID = 0
   4    1 ....   0.00  [1.0000 -> 1.0000] ID = 0
   5    1 .....   0.00  [1.0000 -> 1.0000] ID = 0
   6    1 ......   0.00  [1.0000 -> 1.0000] ID = 0
   7    1 .......   0.00  [1.0000 -> 1.0000] ID = 0
   8    1 ........   0.00  [1.0000 -> 1.0000] ID = 0
   9    1 .........   0.00  [1.0000 -> 1.0000] ID = 0
  10    1 ..........   0.00  [1.0000 -> 1.0000] ID = 0
  11    1 ...........   0.00  [1.0000 -> 1.0000] ID = 0
  12    1 ...((.....))  -0.20  [1.0000 -> 1.0000] ID = 1
  13    1 ...((.....)).  -0.20  [1.0000 -> 1.0000] ID = 1
  14    1 ...((.....))..  -0.20  [1.0000 -> 1.0000] ID = 1
  15    1 ...((.....))...  -0.20  [1.0000 -> 1.0000] ID = 1
  16    1 ...((.....))....  -0.20  [1.0000 -> 1.0000] ID = 1
  17    1 .....((........))  -0.40 +[0.0000 -> 0.5804] ID = 2
  17    2 ...((.....)).....  -0.20 -[1.0000 -> 0.4196] ID = 1
  18    1 .....((........)).  -0.40  [0.5804 -> 0.5804] ID = 2
  18    2 ...((.....))......  -0.20  [0.4196 -> 0.4196] ID = 1
  19    1 .....((........))..  -0.40  [0.5804 -> 0.5804] ID = 2
  19    2 ...((.....)).......  -0.20  [0.4196 -> 0.4196] ID = 1
  20    1 .....((........))...  -0.40  [0.5804 -> 0.5804] ID = 2
  20    2 ...((.....))........  -0.20  [0.4196 -> 0.4196] ID = 1
  21    1 .....((........))....  -0.40  [0.5804 -> 0.5804] ID = 2
  21    2 ...((.....)).........  -0.20  [0.4196 -> 0.4196] ID = 1
  22    1 ...(((((.......))..)))  -2.00 +[0.5804 -> 0.9488] ID = 3
  22    2 ...((.....))..........  -0.20 -[0.4196 -> 0.0512] ID = 1
  23    1 ..((((((.......))..))))  -2.90  [1.0000 -> 1.0000] ID = 4
  24    1 ..((((((.......))..)))).  -2.90  [1.0000 -> 1.0000] ID = 4
  25    1 ..((((((.......))..))))..  -2.90  [1.0000 -> 1.0000] ID = 4
  26    1 ..((((((.......))..))))...  -2.90  [1.0000 -> 1.0000] ID = 4
  27    1 ..((((((.......))..))))....  -2.90  [1.0000 -> 1.0000] ID = 4
  28    1 ..((((((.......))..)))).....  -2.90  [1.0000 -> 1.0000] ID = 4
  29    1 ..((((((.......))..))))......  -2.90  [1.0000 -> 1.0000] ID = 4
  30    1 ..((((((.......))..)))).......  -2.90  [1.0000 -> 1.0000] ID = 4
  31    1 ..((((((.......))..))))........  -2.90  [1.0000 -> 1.0000] ID = 4
  32    1 .(((.....((.(((.....))).))...)))  -3.10 +[0.0000 -> 0.2211] ID = 5
  32    2 ..((((((.......))..)))).........  -2.90 -[1.0000 -> 0.7789] ID = 4
  33    1 ...((.....))..(((.((........)))))  -4.70 +[0.0000 -> 0.3179] ID = 7
  33    2 .(((.....((.(((.....))).))...))).  -3.10 -[0.2211 -> 0.2007] ID = 5
  33    3 ..((((((.......))..))))..........  -2.90 -[0.7789 -> 0.4814] ID = 4
  34    1 ...((.....)).((((.((........))))))  -6.00 +[0.3179 -> 0.4920] ID = 8
  34    2 ..((((((.......))..))))(((.....)))  -3.30 -[0.4814 -> 0.3874] ID = 9
  34    3 .(((.....((.(((.....))).))...)))..  -3.10 -[0.2007 -> 0.1206] ID = 5
  35    1 ...((.....)).((((.((........)))))).  -6.00 +[0.4920 -> 0.6417] ID = 8
  35    2 ..((((((.......))..))))(((.....))).  -3.30 -[0.3874 -> 0.2647] ID = 9
  35    3 .(((.....((.(((.....))).))...)))...  -3.10 -[0.1206 -> 0.0936] ID = 5
  36    1 ...((.....)).((((.((........))))))..  -6.00 +[0.6885 -> 0.7522] ID = 8
  36    2 ..((((((.......))..))))(((.....)))..  -3.30 -[0.3115 -> 0.2478] ID = 9
  37    1 ...((.....)).((((.((........))))))...  -6.00 +[0.7522 -> 0.8024] ID = 8
  37    2 ..((((((.......))..))))(((.....)))...  -3.30 -[0.2478 -> 0.1976] ID = 9
  38    1 ...((.....)).((((.((........))))))....  -6.00 +[0.8024 -> 0.8419] ID = 8
  38    2 ..((((((.......))..))))(((.....)))....  -3.30 -[0.1976 -> 0.1581] ID = 9
  39    1 ........((...((((.((........))))))...))  -6.20 +[0.0000 -> 0.5257] ID = 10
  39    2 ...((.....)).((((.((........)))))).....  -6.00 -[0.8419 -> 0.3804] ID = 8
  39    3 ..((((((.......))..)))).......((....)).  -3.60 -[0.1581 -> 0.0939] ID = 11
  40    1 ..((((.......((((.((........))))))..))))  -7.80 +[0.0000 -> 0.6010] ID = 12
  40    2 ........((...((((.((........))))))...)).  -6.20 -[0.5726 -> 0.2331] ID = 10
  40    3 ...((.....)).((((.((........))))))......  -6.00 -[0.4274 -> 0.1659] ID = 8
  41    1 .(((((.......((((.((........))))))..))))) -11.60 +[0.6010 -> 0.8537] ID = 13
  41    2 ........((...((((.((........))))))...))..  -6.20 -[0.2331 -> 0.0856] ID = 10
  41    3 ...((.....)).((((.((........)))))).......  -6.00 -[0.1659 -> 0.0607] ID = 8
  42    1 ((((((.......((((.((........))))))..)))))) -11.80 +[0.8841 -> 0.9969] ID = 14
  42    2 ..((....((...((((.((........))))))...)))).  -6.90 -[0.1159 -> 0.0031] ID = 15
  43    1 ((((((.......((((.((........))))))..)))))). -11.80  [1.0000 -> 1.0000] ID = 14
  44    1 ((((((.......((((.((........))))))..)))))).. -11.80  [1.0000 -> 1.0000] ID = 14
  45    1 ((((((.......((((.((........))))))..))))))... -11.80  [1.0000 -> 1.0000] ID = 14
  46    1 ((((((.......((((.((........))))))..)))))).... -11.80  [1.0000 -> 1.0000] ID = 14
  47    1 ((((((.......((((.((........))))))..))))))..... -11.80  [1.0000 -> 1.0000] ID = 14
  48    1 ((((((.......((((.((........))))))..))))))...... -11.80  [1.0000 -> 1.0000] ID = 14
  49    1 ((((((.......((((.((........))))))..))))))....... -11.80  [1.0000 -> 1.0000] ID = 14
  50    1 ((((((.......((((.((........))))))..))))))........ -11.80  [1.0000 -> 1.0000] ID = 14
  51    1 ((((((.......((((.((........))))))..))))))......... -11.80  [1.0000 -> 1.0000] ID = 14
  52    1 ((((((.......((((.((........))))))..)))))).......... -11.80  [1.0000 -> 1.0000] ID = 14
  53    1 ((((((.......((((.((........))))))..))))))........... -11.80  [1.0000 -> 1.0000] ID = 14
  54    1 ((((((.......((((.((........))))))..))))))............ -11.80  [1.0000 -> 1.0000] ID = 14
  55    1 ((((((.......((((.((........))))))..))))))............. -11.80  [1.0000 -> 1.0000] ID = 14
  56    1 ((((((.......((((.((........))))))..)))))).............. -11.80  [1.0000 -> 1.0000] ID = 14
# Distribution of structures at the end:
#         UGGGCCCCACGCAACGGAAGGUUACGAACUCCGUCAGGUCCGGAAGGAAGCAGCGG
  56    1 ((((((.......((((.((........))))))..)))))).............. -11.80 1.0000  [t8: 1.0000] ID = 14
