# File generated using DrTransformer v0.10
#
# >drtr_srp_Pedi.pent._CP000422_rev
# AGGCAAGGUUGGACUUACGAAUUGUGUCAGGUCCGGAAGGAAGCAGCACUAAGUAUGCU 
#
# Co-transcriptional folding parameters:
# --t-ext: 0.02 sec
# --t-end: 60.0 sec
# --start: 1
# --stop: 59
# --reversed-transcription: True
#
# Algorithm parameters:
# --o-prune: 0.1
# --t-fast: 0.002 sec
# --fpwm: 4
# --mfree: 6 nuc
# --k0: 200000.0
#
# ViennaRNA model details:
# --temp: 37.0 C
# --dangles: 2
# --paramFile: None
# --noTetra: False
# --noGU: False
# --noClosingGU: False
#
#
# Results:
# Transcription Step | Energy-sorted structure count | Structure | Energy | [Occupancy-t0 Occupancy-t8] | Structure ID (-> Plotting ID)
   1    1                                                           .   0.00  [1.0000 -> 1.0000] ID = 0
   2    1                                                          ..   0.00  [1.0000 -> 1.0000] ID = 0
   3    1                                                         ...   0.00  [1.0000 -> 1.0000] ID = 0
   4    1                                                        ....   0.00  [1.0000 -> 1.0000] ID = 0
   5    1                                                       .....   0.00  [1.0000 -> 1.0000] ID = 0
   6    1                                                      ......   0.00  [1.0000 -> 1.0000] ID = 0
   7    1                                                     .......   0.00  [1.0000 -> 1.0000] ID = 0
   8    1                                                    ........   0.00  [1.0000 -> 1.0000] ID = 0
   9    1                                                   .........   0.00  [1.0000 -> 1.0000] ID = 0
  10    1                                                  ..........   0.00  [1.0000 -> 1.0000] ID = 0
  11    1                                                 ...........   0.00  [1.0000 -> 1.0000] ID = 0
  12    1                                                ............   0.00  [1.0000 -> 1.0000] ID = 0
  13    1                                               .............   0.00  [1.0000 -> 1.0000] ID = 0
  14    1                                              (((.......))).  -0.60 +[0.0000 -> 0.7258] ID = 1
  14    2                                              ..............   0.00 -[1.0000 -> 0.2742] ID = 0
  15    1                                             ((((.......))))  -1.50 +[0.7258 -> 0.9193] ID = 2
  15    2                                             ...............   0.00 -[0.2742 -> 0.0807] ID = 0
  16    1                                            .((((.......))))  -1.50  [1.0000 -> 1.0000] ID = 2
  17    1                                           (((((.....)).))).  -1.60 +[0.0000 -> 0.4022] ID = 3
  17    2                                           ..((((.......))))  -1.50 -[1.0000 -> 0.5978] ID = 2
  18    1                                          ((((((.....)).))))  -2.50 +[0.4022 -> 0.6560] ID = 4
  18    2                                          ...((((.......))))  -1.50 -[0.5978 -> 0.3440] ID = 2
  19    1                                         .((((((.....)).))))  -2.50 +[0.6560 -> 0.7610] ID = 4
  19    2                                         ....((((.......))))  -1.50 -[0.3440 -> 0.2390] ID = 2
  20    1                                        ..((((((.....)).))))  -2.50 +[0.7610 -> 0.8045] ID = 4
  20    2                                        .....((((.......))))  -1.50 -[0.2390 -> 0.1955] ID = 2
  21    1                                       ...((((((.....)).))))  -2.50 +[0.8045 -> 0.8224] ID = 4
  21    2                                       ......((((.......))))  -1.50 -[0.1955 -> 0.1776] ID = 2
  22    1                                      ....((((((.....)).))))  -2.50 +[0.8224 -> 0.8299] ID = 4
  22    2                                      .......((((.......))))  -1.50 -[0.1776 -> 0.1701] ID = 2
  23    1                                     .....((((((.....)).))))  -2.50 +[0.8299 -> 0.8330] ID = 4
  23    2                                     ........((((.......))))  -1.50 -[0.1701 -> 0.1670] ID = 2
  24    1                                    ......((((((.....)).))))  -2.50 +[0.8330 -> 0.8342] ID = 4
  24    2                                    .........((((.......))))  -1.50 -[0.1670 -> 0.1658] ID = 2
  25    1                                   .......((((((.....)).))))  -2.50 +[0.8342 -> 0.8348] ID = 4
  25    2                                   ..........((((.......))))  -1.50 -[0.1658 -> 0.1652] ID = 2
  26    1                                  ........((((((.....)).))))  -2.50 +[0.8348 -> 0.8350] ID = 4
  26    2                                  ...........((((.......))))  -1.50 -[0.1652 -> 0.1650] ID = 2
  27    1                                 ((....)).((((((.....)).))))  -4.00  [0.8350 -> 0.8351] ID = 5
  27    2                                 ((....))....((((.......))))  -3.00  [0.1650 -> 0.1649] ID = 6
  28    1                                (((....)))((((((.....)).))))  -5.20  [0.8351 -> 0.8351] ID = 7
  28    2                                (((....)))...((((.......))))  -4.20  [0.1649 -> 0.1649] ID = 8
  29    1                               .(((....)))((((((.....)).))))  -5.20  [0.8351 -> 0.8351] ID = 7
  29    2                               .(((....)))...((((.......))))  -4.20  [0.1649 -> 0.1649] ID = 8
  30    1                              ..(((....)))((((((.....)).))))  -5.20  [0.8351 -> 0.8351] ID = 7
  30    2                              ..(((....)))...((((.......))))  -4.20  [0.1649 -> 0.1649] ID = 8
  31    1                             ...(((....)))((((((.....)).))))  -5.20  [0.8351 -> 0.8351] ID = 7
  31    2                             ...(((....)))...((((.......))))  -4.20  [0.1649 -> 0.1649] ID = 8
  32    1                            ....(((....)))((((((.....)).))))  -5.20  [0.8351 -> 0.8351] ID = 7
  32    2                            ....(((....)))...((((.......))))  -4.20  [0.1649 -> 0.1649] ID = 8
  33    1                           .....(((....)))((((((.....)).))))  -5.20  [0.8351 -> 0.8351] ID = 7
  33    2                           .....(((....)))...((((.......))))  -4.20  [0.1649 -> 0.1649] ID = 8
  34    1                          ......(((....)))((((((.....)).))))  -5.20  [0.8351 -> 0.8351] ID = 7
  34    2                          ......(((....)))...((((.......))))  -4.20  [0.1649 -> 0.1649] ID = 8
  35    1                         .......(((....)))((((((.....)).))))  -5.20  [0.8351 -> 0.8351] ID = 7
  35    2                         .......(((....)))...((((.......))))  -4.20  [0.1649 -> 0.1649] ID = 8
  36    1                        ((((....(((....)))....))))..........  -7.50 +[0.0000 -> 0.2402] ID = 9
  36    2                        ........(((....)))((((((.....)).))))  -5.20 -[0.8351 -> 0.6662] ID = 7
  36    3                        ........(((....)))...((((.......))))  -4.20 -[0.1649 -> 0.0936] ID = 8
  37    1                       .((((....(((....)))....))))..........  -7.50 +[0.2870 -> 0.4154] ID = 9
  37    2                       .........(((....)))((((((.....)).))))  -5.20 -[0.7130 -> 0.5846] ID = 7
  38    1                      ..((((....(((....)))....))))..........  -7.50 +[0.4154 -> 0.5199] ID = 9
  38    2                      ..........(((....)))((((((.....)).))))  -5.20 -[0.5846 -> 0.4801] ID = 7
  39    1                     ...((((....(((....)))....))))..........  -7.50 +[0.5199 -> 0.6049] ID = 9
  39    2                     ...........(((....)))((((((.....)).))))  -5.20 -[0.4801 -> 0.3951] ID = 7
  40    1                    ....((((....(((....)))....))))..........  -7.50 +[0.6049 -> 0.6741] ID = 9
  40    2                    ............(((....)))((((((.....)).))))  -5.20 -[0.3951 -> 0.3259] ID = 7
  41    1                   .....((((....(((....)))....))))..........  -7.50 +[0.6741 -> 0.7305] ID = 9
  41    2                   .............(((....)))((((((.....)).))))  -5.20 -[0.3259 -> 0.2695] ID = 7
  42    1                  ......((((....(((....)))....))))..........  -7.50 +[0.7305 -> 0.7763] ID = 9
  42    2                  ..............(((....)))((((((.....)).))))  -5.20 -[0.2695 -> 0.2237] ID = 7
  43    1                 .......((((....(((....)))....))))..........  -7.50 +[0.7763 -> 0.8136] ID = 9
  43    2                 ...............(((....)))((((((.....)).))))  -5.20 -[0.2237 -> 0.1864] ID = 7
  44    1                (((.....((((....(((....)))....))))...)))....  -8.20 +[0.8136 -> 0.8464] ID = 10
  44    2                ................(((....)))((((((.....)).))))  -5.20 -[0.1864 -> 0.1536] ID = 7
  45    1               .(((.....((((....(((....)))....))))...)))....  -8.20 +[0.8464 -> 0.8732] ID = 10
  45    2               .................(((....)))((((((.....)).))))  -5.20 -[0.1536 -> 0.1268] ID = 7
  46    1              ..(((.....((((....(((....)))....))))...)))....  -8.20 +[0.8732 -> 0.8951] ID = 10
  46    2              ..................(((....)))((((((.....)).))))  -5.20 -[0.1268 -> 0.1049] ID = 7
  47    1             ...(((.....((((....(((....)))....))))...)))....  -8.20 +[0.8951 -> 0.9129] ID = 10
  47    2             ...................(((....)))((((((.....)).))))  -5.20 -[0.1049 -> 0.0871] ID = 7
  48    1            .(((((......((((....(((....)))....))))))))).....  -8.50 +[0.0000 -> 0.2242] ID = 11
  48    2            ....(((.....((((....(((....)))....))))...)))....  -8.20 -[1.0000 -> 0.7758] ID = 10
  49    1           (((((((((.....))).)))))).......((((((.....)).)))) -10.30 +[0.0000 -> 0.0014] ID = 12
  49    2           ..(((((......((((....(((....)))....))))))))).....  -8.50 +[0.2242 -> 0.3668] ID = 11
  49    3           .....(((.....((((....(((....)))....))))...)))....  -8.20 -[0.7758 -> 0.6318] ID = 10
  50    1          ((((((((((.....))).)))))))......((((((.....)).)))) -10.70 +[0.0000 -> 0.0013] ID = 13
  50    2          ...(((((......((((....(((....)))....))))))))).....  -8.50 +[0.3675 -> 0.4582] ID = 11
  50    3          ......(((.....((((....(((....)))....))))...)))....  -8.20 -[0.6325 -> 0.5405] ID = 10
  51    1         (((((((((((.....))).)))))))).....((((((.....)).)))) -11.00 +[0.0000 -> 0.0013] ID = 14
  51    2         ....(((((......((((....(((....)))....))))))))).....  -8.50 +[0.4589 -> 0.5164] ID = 11
  51    3         .......(((.....((((....(((....)))....))))...)))....  -8.20 -[0.5411 -> 0.4823] ID = 10
  52    1        .(((((((((((.....))).)))))))).....((((((.....)).)))) -11.00 +[0.0013 -> 0.0025] ID = 14
  52    2        .....(((((......((((....(((....)))....))))))))).....  -8.50 +[0.5164 -> 0.5528] ID = 11
  52    3        ........(((.....((((....(((....)))....))))...)))....  -8.20 -[0.4823 -> 0.4447] ID = 10
  53    1       ..(((((((((((.....))).)))))))).....((((((.....)).)))) -11.00 +[0.0025 -> 0.0033] ID = 14
  53    2       (((...(((((......((((....(((....)))....)))))))))..)))  -9.10 +[0.5528 -> 0.6271] ID = 15
  53    3       .........(((.....((((....(((....)))....))))...)))....  -8.20 -[0.4447 -> 0.3696] ID = 10
  54    1      ...(((((((((((.....))).)))))))).....((((((.....)).)))) -11.00 +[0.0033 -> 0.0041] ID = 14
  54    2      .(((...(((((......((((....(((....)))....)))))))))..)))  -9.10 +[0.6271 -> 0.7245] ID = 15
  54    3      ..........(((.....((((....(((....)))....))))...)))....  -8.20 -[0.3696 -> 0.2714] ID = 10
  55    1     ....(((((((((((.....))).)))))))).....((((((.....)).)))) -11.00 +[0.0041 -> 0.0047] ID = 14
  55    2     ..(((...(((((......((((....(((....)))....)))))))))..)))  -9.10 +[0.7245 -> 0.7692] ID = 15
  55    3     ...........(((.....((((....(((....)))....))))...)))....  -8.20 -[0.2714 -> 0.2261] ID = 10
  56    1    .....(((((((((((.....))).)))))))).....((((((.....)).)))) -11.00 +[0.0047 -> 0.0053] ID = 14
  56    2    ...(((...(((((......((((....(((....)))....)))))))))..)))  -9.10 +[0.7692 -> 0.7896] ID = 15
  56    3    ............(((.....((((....(((....)))....))))...)))....  -8.20 -[0.2261 -> 0.2051] ID = 10
  57    1   ((....(((((((((((.....))).))))))))......))((((.......)))) -10.90 +[0.0000 -> 0.0004] ID = 16
  57    2   ....(((...(((((......((((....(((....)))....)))))))))..)))  -9.10 -[0.7923 -> 0.7764] ID = 15
  57    3   (((..........(((.....((((....(((....)))....))))...)))))).  -8.50 +[0.0000 -> 0.0920] ID = 17
  57    4   .............(((.....((((....(((....)))....))))...)))....  -8.20 -[0.2077 -> 0.1312] ID = 10
  58    1  .......(((((((((((.....))).)))))))).....((((((.....)).)))) -11.00 +[0.0000 -> 0.0004] ID = 14
  58    2  ((((..........(((.....((((....(((....)))....))))...)))))))  -9.40 +[0.0920 -> 0.1616] ID = 19
  58    3  .....(((...(((((......((((....(((....)))....)))))))))..)))  -9.10 -[0.7766 -> 0.7368] ID = 15
  58    4  ..............(((.....((((....(((....)))....))))...)))....  -8.20 -[0.1313 -> 0.1012] ID = 10
  59    1 ........(((((((((((.....))).)))))))).....((((((.....)).)))) -11.00 +[0.0004 -> 0.5077] ID = 14
  59    2 .((((..........(((.....((((....(((....)))....))))...)))))))  -9.40 +[0.1616 -> 0.2805] ID = 19
  59    3 ......(((...(((((......((((....(((....)))....)))))))))..)))  -9.10 -[0.7368 -> 0.1719] ID = 15
  59    4 ...............(((.....((((....(((....)))....))))...)))....  -8.20 -[0.1012 -> 0.0399] ID = 10
# Distribution of structures at the end:
#         AGGCAAGGUUGGACUUACGAAUUGUGUCAGGUCCGGAAGGAAGCAGCACUAAGUAUGCU
  59    1 ........(((((((((((.....))).)))))))).....((((((.....)).)))) -11.00 0.5077 +[t8: 0.8841] ID = 14
  59    2 .((((..........(((.....((((....(((....)))....))))...)))))))  -9.40 0.2805 -[t8: 0.0659] ID = 19
  59    3 ......(((...(((((......((((....(((....)))....)))))))))..)))  -9.10 0.1719 -[t8: 0.0405] ID = 15
  59    4 ...............(((.....((((....(((....)))....))))...)))....  -8.20 0.0399 -[t8: 0.0094] ID = 10
