# File generated using DrTransformer v0.10
#
# >drtr_srp_Erwi.caro._BX950851
# AACCUGGUCAGGCCCGGAAGGGAGCAGCCA 
#
# Co-transcriptional folding parameters:
# --t-ext: 0.02 sec
# --t-end: 60.0 sec
# --start: 1
# --stop: 30
# --reversed-transcription: False
#
# Algorithm parameters:
# --o-prune: 0.1
# --t-fast: 0.002 sec
# --fpwm: 4
# --mfree: 6 nuc
# --k0: 200000.0
#
# ViennaRNA model details:
# --temp: 37.0 C
# --dangles: 2
# --paramFile: None
# --noTetra: False
# --noGU: False
# --noClosingGU: False
#
#
# Results:
# Transcription Step | Energy-sorted structure count | Structure | Energy | [Occupancy-t0 Occupancy-t8] | Structure ID (-> Plotting ID)
   1    1 .   0.00  [1.0000 -> 1.0000] ID = 0
   2    1 ..   0.00  [1.0000 -> 1.0000] ID = 0
   3    1 ...   0.00  [1.0000 -> 1.0000] ID = 0
   4    1 ....   0.00  [1.0000 -> 1.0000] ID = 0
   5    1 .....   0.00  [1.0000 -> 1.0000] ID = 0
   6    1 ......   0.00  [1.0000 -> 1.0000] ID = 0
   7    1 .......   0.00  [1.0000 -> 1.0000] ID = 0
   8    1 ........   0.00  [1.0000 -> 1.0000] ID = 0
   9    1 .........   0.00  [1.0000 -> 1.0000] ID = 0
  10    1 ..........   0.00  [1.0000 -> 1.0000] ID = 0
  11    1 ...........   0.00  [1.0000 -> 1.0000] ID = 0
  12    1 ..(((....)))  -1.20  [1.0000 -> 1.0000] ID = 1
  13    1 ..(((....))).  -1.20  [1.0000 -> 1.0000] ID = 1
  14    1 ..(((....)))..  -1.20  [1.0000 -> 1.0000] ID = 1
  15    1 ..(((....)))...  -1.20  [1.0000 -> 1.0000] ID = 1
  16    1 ..(((....)))....  -1.20  [1.0000 -> 1.0000] ID = 1
  17    1 ...((((......))))  -3.90 +[0.0000 -> 0.5534] ID = 2
  17    2 ..((.(((...))).))  -3.80 +[0.0000 -> 0.4387] ID = 3
  17    3 ..(((....))).....  -1.20 -[1.0000 -> 0.0079] ID = 1
  18    1 ...((((......)))).  -3.90 -[0.5574 -> 0.5413] ID = 2
  18    2 ..((.(((...))).)).  -3.80 +[0.4426 -> 0.4587] ID = 3
  19    1 ...((((......))))..  -3.90 -[0.5413 -> 0.5405] ID = 2
  19    2 ..((.(((...))).))..  -3.80 +[0.4587 -> 0.4595] ID = 3
  20    1 ...((((......))))...  -3.90  [0.5405 -> 0.5405] ID = 2
  20    2 ..((.(((...))).))...  -3.80  [0.4595 -> 0.4595] ID = 3
  21    1 ...((((......))))....  -3.90  [0.5405 -> 0.5405] ID = 2
  21    2 ..((.(((...))).))....  -3.80  [0.4595 -> 0.4595] ID = 3
  22    1 ..(((....)))(((....)))  -5.80 +[0.0000 -> 0.0743] ID = 4
  22    2 ...((((......)))).....  -3.90 -[0.5405 -> 0.4932] ID = 2
  22    3 ..((.(((...))).)).....  -3.80 -[0.4595 -> 0.4324] ID = 3
  23    1 ..(((....)))(((....))).  -5.80 +[0.0743 -> 0.1425] ID = 4
  23    2 ...((((......))))......  -3.90 -[0.4932 -> 0.4567] ID = 2
  23    3 ..((.(((...))).))......  -3.80 -[0.4324 -> 0.4009] ID = 3
  24    1 ..(((....)))(((....)))..  -5.80 +[0.1425 -> 0.2051] ID = 4
  24    2 ...((((......)))).......  -3.90 -[0.4567 -> 0.4233] ID = 2
  24    3 ..((.(((...))).)).......  -3.80 -[0.4009 -> 0.3715] ID = 3
  25    1 ..(((....)))(((....)))...  -5.80 +[0.2051 -> 0.2627] ID = 4
  25    2 ...((((......))))........  -3.90 -[0.4233 -> 0.3927] ID = 2
  25    3 ..((.(((...))).))........  -3.80 -[0.3715 -> 0.3446] ID = 3
  26    1 ..(((....)))(((....)))....  -5.80 +[0.2627 -> 0.3157] ID = 4
  26    2 ...((((......)))).........  -3.90 -[0.3927 -> 0.3645] ID = 2
  26    3 ..((.(((...))).)).........  -3.80 -[0.3446 -> 0.3197] ID = 3
  27    1 ..(((....)))(((....))).....  -5.80 +[0.3157 -> 0.3645] ID = 4
  27    2 ...((((......))))..........  -3.90 -[0.3645 -> 0.3386] ID = 2
  27    3 ..((.(((...))).))..........  -3.80 -[0.3197 -> 0.2969] ID = 3
  28    1 ..(((....)))(((....)))......  -5.80 +[0.3645 -> 0.4093] ID = 4
  28    2 ...((((......))))...........  -3.90 -[0.3386 -> 0.3148] ID = 2
  28    3 ..((.(((...))).))...........  -3.80 -[0.2969 -> 0.2759] ID = 3
  29    1 .....(((....(((....)))....)))  -8.40 +[0.0000 -> 0.4067] ID = 5
  29    2 ..(((....)))(((....))).......  -5.80 -[0.4093 -> 0.0088] ID = 4
  29    3 ...((((......))))..((......))  -5.50 +[0.3148 -> 0.3151] ID = 7
  29    4 ..((.(((...))).))..((......))  -5.40 -[0.2759 -> 0.2694] ID = 6
  30    1 ....((((....(((....)))....))))  -8.60 +[0.4097 -> 0.9880] ID = 8
  30    2 ...((((......))))..((......)).  -5.50 -[0.3180 -> 0.0065] ID = 7
  30    3 ..((.(((...))).))..((......)).  -5.40 -[0.2724 -> 0.0055] ID = 6
# Distribution of structures at the end:
#         AACCUGGUCAGGCCCGGAAGGGAGCAGCCA
  30    1 ....((((....(((....)))....))))  -8.60 0.9880  [t8: 0.9880] ID = 8
  30    2 ...((((......))))..((......)).  -5.50 0.0065  [t8: 0.0065] ID = 7
  30    3 ..((.(((...))).))..((......)).  -5.40 0.0055  [t8: 0.0055] ID = 6
