# File generated using DrTransformer v0.10
#
# >drtr_srp_Meth.vann._CP000742_rev
# CGAACCCCGUCAGGCCCGGAAGGGAGCAGCGGUAGG 
#
# Co-transcriptional folding parameters:
# --t-ext: 0.02 sec
# --t-end: 60.0 sec
# --start: 1
# --stop: 36
# --reversed-transcription: True
#
# Algorithm parameters:
# --o-prune: 0.1
# --t-fast: 0.002 sec
# --fpwm: 4
# --mfree: 6 nuc
# --k0: 200000.0
#
# ViennaRNA model details:
# --temp: 37.0 C
# --dangles: 2
# --paramFile: None
# --noTetra: False
# --noGU: False
# --noClosingGU: False
#
#
# Results:
# Transcription Step | Energy-sorted structure count | Structure | Energy | [Occupancy-t0 Occupancy-t8] | Structure ID (-> Plotting ID)
   1    1                                    .   0.00  [1.0000 -> 1.0000] ID = 0
   2    1                                   ..   0.00  [1.0000 -> 1.0000] ID = 0
   3    1                                  ...   0.00  [1.0000 -> 1.0000] ID = 0
   4    1                                 ....   0.00  [1.0000 -> 1.0000] ID = 0
   5    1                                .....   0.00  [1.0000 -> 1.0000] ID = 0
   6    1                               ......   0.00  [1.0000 -> 1.0000] ID = 0
   7    1                              .......   0.00  [1.0000 -> 1.0000] ID = 0
   8    1                             ........   0.00  [1.0000 -> 1.0000] ID = 0
   9    1                            .........   0.00  [1.0000 -> 1.0000] ID = 0
  10    1                           ..........   0.00  [1.0000 -> 1.0000] ID = 0
  11    1                          ...........   0.00  [1.0000 -> 1.0000] ID = 0
  12    1                         ............   0.00  [1.0000 -> 1.0000] ID = 0
  13    1                        .............   0.00  [1.0000 -> 1.0000] ID = 0
  14    1                       ..............   0.00  [1.0000 -> 1.0000] ID = 0
  15    1                      ...............   0.00  [1.0000 -> 1.0000] ID = 0
  16    1                     ................   0.00  [1.0000 -> 1.0000] ID = 0
  17    1                    .................   0.00  [1.0000 -> 1.0000] ID = 0
  18    1                   ..................   0.00  [1.0000 -> 1.0000] ID = 0
  19    1                  ...................   0.00  [1.0000 -> 1.0000] ID = 0
  20    1                 ....................   0.00  [1.0000 -> 1.0000] ID = 0
  21    1                (((...........)))....  -2.30  [1.0000 -> 1.0000] ID = 1
  22    1               (((....)))............  -4.60 +[0.0000 -> 0.5745] ID = 2
  22    2               .(((...........)))....  -2.30 -[1.0000 -> 0.4255] ID = 1
  23    1              .(((....)))............  -4.60 +[0.5745 -> 0.8111] ID = 2
  23    2              ..(((...........)))....  -2.30 -[0.4255 -> 0.1889] ID = 1
  24    1             ..(((....)))............  -4.60 +[0.8111 -> 0.9085] ID = 2
  24    2             ...(((...........)))....  -2.30 -[0.1889 -> 0.0915] ID = 1
  25    1            ...(((....)))............  -4.60  [1.0000 -> 1.0000] ID = 2
  26    1           ....(((....)))............  -4.60  [1.0000 -> 1.0000] ID = 2
  27    1          .....(((....)))............  -4.60  [1.0000 -> 1.0000] ID = 2
  28    1         ((....(((....)))....))......  -5.10  [1.0000 -> 1.0000] ID = 3
  29    1        (((....(((....)))....))).....  -7.50  [1.0000 -> 1.0000] ID = 4
  30    1       ((((....(((....)))....)))).... -10.30  [1.0000 -> 1.0000] ID = 5
  31    1      .((((....(((....)))....)))).... -10.30  [1.0000 -> 1.0000] ID = 5
  32    1     ..((((....(((....)))....)))).... -10.30  [1.0000 -> 1.0000] ID = 5
  33    1    ...((((....(((....)))....)))).... -10.30  [1.0000 -> 1.0000] ID = 5
  34    1   ....((((....(((....)))....)))).... -10.30  [1.0000 -> 1.0000] ID = 5
  35    1  .....((((....(((....)))....)))).... -10.30  [1.0000 -> 1.0000] ID = 5
  36    1 ......((((....(((....)))....)))).... -10.30  [1.0000 -> 1.0000] ID = 5
# Distribution of structures at the end:
#         CGAACCCCGUCAGGCCCGGAAGGGAGCAGCGGUAGG
  36    1 ......((((....(((....)))....)))).... -10.30 1.0000  [t8: 1.0000] ID = 5
