# File generated using DrTransformer v0.10
#
# >drtr_srp_Stre.pyog._AM295007_rev
# GGAGCAACACUUGUGCGUGAAGUGGGUCAGGGGAGGAAUCCAGCAGCCCUAAGCGAU 
#
# Co-transcriptional folding parameters:
# --t-ext: 0.02 sec
# --t-end: 60.0 sec
# --start: 1
# --stop: 57
# --reversed-transcription: True
#
# Algorithm parameters:
# --o-prune: 0.1
# --t-fast: 0.002 sec
# --fpwm: 4
# --mfree: 6 nuc
# --k0: 200000.0
#
# ViennaRNA model details:
# --temp: 37.0 C
# --dangles: 2
# --paramFile: None
# --noTetra: False
# --noGU: False
# --noClosingGU: False
#
#
# Results:
# Transcription Step | Energy-sorted structure count | Structure | Energy | [Occupancy-t0 Occupancy-t8] | Structure ID (-> Plotting ID)
   1    1                                                         .   0.00  [1.0000 -> 1.0000] ID = 0
   2    1                                                        ..   0.00  [1.0000 -> 1.0000] ID = 0
   3    1                                                       ...   0.00  [1.0000 -> 1.0000] ID = 0
   4    1                                                      ....   0.00  [1.0000 -> 1.0000] ID = 0
   5    1                                                     .....   0.00  [1.0000 -> 1.0000] ID = 0
   6    1                                                    ......   0.00  [1.0000 -> 1.0000] ID = 0
   7    1                                                   .......   0.00  [1.0000 -> 1.0000] ID = 0
   8    1                                                  ........   0.00  [1.0000 -> 1.0000] ID = 0
   9    1                                                 .........   0.00  [1.0000 -> 1.0000] ID = 0
  10    1                                                ..........   0.00  [1.0000 -> 1.0000] ID = 0
  11    1                                               ...........   0.00  [1.0000 -> 1.0000] ID = 0
  12    1                                              ((.....))...  -0.10  [1.0000 -> 1.0000] ID = 1
  13    1                                             .((.....))...  -0.10  [1.0000 -> 1.0000] ID = 1
  14    1                                            ..((.....))...  -0.10  [1.0000 -> 1.0000] ID = 1
  15    1                                           ((........))...  -0.80  [1.0000 -> 1.0000] ID = 2
  16    1                                          .((........))...  -0.80  [1.0000 -> 1.0000] ID = 2
  17    1                                         ..((........))...  -0.80  [1.0000 -> 1.0000] ID = 2
  18    1                                        ...((........))...  -0.80  [1.0000 -> 1.0000] ID = 2
  19    1                                       ....((........))...  -0.80  [1.0000 -> 1.0000] ID = 2
  20    1                                      .....((........))...  -0.80  [1.0000 -> 1.0000] ID = 2
  21    1                                     ......((........))...  -0.80  [1.0000 -> 1.0000] ID = 2
  22    1                                    .......((........))...  -0.80  [1.0000 -> 1.0000] ID = 2
  23    1                                   ........((........))...  -0.80  [1.0000 -> 1.0000] ID = 2
  24    1                                  .........((........))...  -0.80  [1.0000 -> 1.0000] ID = 2
  25    1                                 .(((...........))).......  -0.90 +[0.0000 -> 0.5007] ID = 3
  25    2                                 ..........((........))...  -0.80 -[1.0000 -> 0.4993] ID = 2
  26    1                                (((....))).((........))...  -3.50 +[0.4993 -> 0.8415] ID = 4
  26    2                                ..(((...........))).......  -0.90 -[0.5007 -> 0.1585] ID = 3
  27    1                               .(((....))).((........))...  -3.50 +[0.8415 -> 0.9428] ID = 4
  27    2                               ...(((...........))).......  -0.90 -[0.1585 -> 0.0572] ID = 3
  28    1                              ..(((....))).((........))...  -3.50  [1.0000 -> 1.0000] ID = 4
  29    1                             ((((..............)))).......  -4.30 +[0.0000 -> 0.3442] ID = 5
  29    2                             ...(((....))).((........))...  -3.50 -[1.0000 -> 0.6558] ID = 4
  30    1                            .((((..............)))).......  -4.30 +[0.3442 -> 0.5376] ID = 5
  30    2                            ....(((....))).((........))...  -3.50 -[0.6558 -> 0.4624] ID = 4
  31    1                           ..((((..............)))).......  -4.30 +[0.5376 -> 0.6462] ID = 5
  31    2                           .....(((....))).((........))...  -3.50 -[0.4624 -> 0.3538] ID = 4
  32    1                          ((..((((.............))))..))...  -4.90 +[0.0000 -> 0.0087] ID = 6
  32    2                          ((.((((..............))))..))...  -4.40 +[0.6462 -> 0.7086] ID = 7
  32    3                          ......(((....))).((........))...  -3.50 -[0.3538 -> 0.2827] ID = 4
  33    1                         (((....(((....)))....))).........  -5.90 +[0.0000 -> 0.3840] ID = 8
  33    2                         .((..((((.............))))..))...  -4.90 +[0.0087 -> 0.0185] ID = 6
  33    3                         .((.((((..............))))..))...  -4.40 -[0.7086 -> 0.5842] ID = 7
  33    4                         .......(((....))).((........))...  -3.50 -[0.2827 -> 0.0133] ID = 4
  34    1                        ((((....(((....)))....))))........  -9.40 +[0.3999 -> 0.4598] ID = 9
  34    2                        ..((.((((..............))))..))...  -4.40 -[0.6001 -> 0.5402] ID = 7
  35    1                       .((((....(((....)))....))))........  -9.40 +[0.4598 -> 0.5137] ID = 9
  35    2                       ...((.((((..............))))..))...  -4.40 -[0.5402 -> 0.4863] ID = 7
  36    1                      ..((((....(((....)))....))))........  -9.40 +[0.5137 -> 0.5622] ID = 9
  36    2                      ....((.((((..............))))..))...  -4.40 -[0.4863 -> 0.4378] ID = 7
  37    1                     ...((((....(((....)))....))))........  -9.40 +[0.5622 -> 0.6059] ID = 9
  37    2                     .....((.((((..............))))..))...  -4.40 -[0.4378 -> 0.3941] ID = 7
  38    1                    ....((((....(((....)))....))))........  -9.40 +[0.6059 -> 0.6452] ID = 9
  38    2                    ......((.((((..............))))..))...  -4.40 -[0.3941 -> 0.3548] ID = 7
  39    1                   .....((((....(((....)))....))))........  -9.40 +[0.6452 -> 0.6806] ID = 9
  39    2                   .......((.((((..............))))..))...  -4.40 -[0.3548 -> 0.3194] ID = 7
  40    1                  ......((((....(((....)))....))))........  -9.40 +[0.6806 -> 0.7124] ID = 9
  40    2                  ........((.((((..............))))..))...  -4.40 -[0.3194 -> 0.2876] ID = 7
  41    1                 ((.....((((....(((....)))....))))...))...  -9.60 +[0.7124 -> 0.7411] ID = 10
  41    2                 .........((.((((..............))))..))...  -4.40 -[0.2876 -> 0.2589] ID = 7
  42    1                (((.....((((....(((....)))....))))...))).. -11.80 +[0.7411 -> 0.7670] ID = 11
  42    2                ..........((.((((..............))))..))...  -4.40 -[0.2589 -> 0.2330] ID = 7
  43    1               .(((.....((((....(((....)))....))))...))).. -11.80 +[0.7670 -> 0.7902] ID = 11
  43    2               ...........((.((((..............))))..))...  -4.40 -[0.2330 -> 0.2098] ID = 7
  44    1              ..(((.....((((....(((....)))....))))...))).. -11.80 +[0.7902 -> 0.8112] ID = 11
  44    2              ............((.((((..............))))..))...  -4.40 -[0.2098 -> 0.1888] ID = 7
  45    1             ...(((.....((((....(((....)))....))))...))).. -11.80 +[0.8112 -> 0.8300] ID = 11
  45    2             .............((.((((..............))))..))...  -4.40 -[0.1888 -> 0.1700] ID = 7
  46    1            ....(((.....((((....(((....)))....))))...))).. -11.80 +[0.8300 -> 0.8470] ID = 11
  46    2            ..............((.((((..............))))..))...  -4.40 -[0.1700 -> 0.1530] ID = 7
  47    1           .....(((.....((((....(((....)))....))))...))).. -11.80 +[0.8470 -> 0.8622] ID = 11
  47    2           ...............((.((((..............))))..))...  -4.40 -[0.1530 -> 0.1378] ID = 7
  48    1          ......(((.....((((....(((....)))....))))...))).. -11.80 +[0.8622 -> 0.8760] ID = 11
  48    2          ................((.((((..............))))..))...  -4.40 -[0.1378 -> 0.1240] ID = 7
  49    1         .......(((.....((((....(((....)))....))))...))).. -11.80 +[0.8760 -> 0.8796] ID = 11
  49    2         ((((.......))))..((.((((..............))))..))...  -5.40 +[0.0000 -> 0.1008] ID = 12
  49    3         .................((.((((..............))))..))...  -4.40 -[0.1240 -> 0.0197] ID = 7
  50    1        ........(((.....((((....(((....)))....))))...))).. -11.80 -[0.8894 -> 0.8284] ID = 11
  50    2        .((((.......))))((((....(((....)))....))))........ -10.40 +[0.0000 -> 0.0610] ID = 14
  50    3        (((((.......))))).((.((((..............))))..))...  -8.80  [0.1106 -> 0.1106] ID = 13
  51    1       .........(((.....((((....(((....)))....))))...))).. -11.80 -[0.8284 -> 0.8165] ID = 11
  51    2       ..((((.......))))((((....(((....)))....))))........ -10.40 +[0.0610 -> 0.0835] ID = 14
  51    3       .(((((.......))))).((.((((..............))))..))...  -8.80 -[0.1106 -> 0.1001] ID = 13
  52    1      ..........(((.....((((....(((....)))....))))...))).. -11.80 +[0.8165 -> 0.8198] ID = 11
  52    2      ...((((.......))))((((....(((....)))....))))........ -10.40 +[0.0835 -> 0.0895] ID = 14
  52    3      ..(((((.......))))).((.((((..............))))..))...  -8.80 -[0.1001 -> 0.0907] ID = 13
  53    1     ...........(((.....((((....(((....)))....))))...))).. -11.80 +[0.8198 -> 0.8265] ID = 11
  53    2     ....((((.......))))((((....(((....)))....))))........ -10.40 +[0.0895 -> 0.0912] ID = 14
  53    3     ...(((((.......))))).((.((((..............))))..))...  -8.80 -[0.0907 -> 0.0824] ID = 13
  54    1    ............(((.....((((....(((....)))....))))...))).. -11.80 +[0.8265 -> 0.8852] ID = 11
  54    2    .....((((.......))))((((....(((....)))....))))........ -10.40 -[0.1735 -> 0.1148] ID = 14
  55    1   .............(((.....((((....(((....)))....))))...))).. -11.80 +[0.8852 -> 0.9008] ID = 11
  55    2   ......((((.......))))((((....(((....)))....))))........ -10.40 -[0.1148 -> 0.0992] ID = 14
  56    1  ..............(((.....((((....(((....)))....))))...))).. -11.80  [1.0000 -> 1.0000] ID = 11
  57    1 ...............(((.....((((....(((....)))....))))...))).. -11.80  [1.0000 -> 1.0000] ID = 11
# Distribution of structures at the end:
#         GGAGCAACACUUGUGCGUGAAGUGGGUCAGGGGAGGAAUCCAGCAGCCCUAAGCGAU
  57    1 ...............(((.....((((....(((....)))....))))...))).. -11.80 1.0000  [t8: 1.0000] ID = 11
