# File generated using DrTransformer v0.10
#
# >drtr_srp_Leis.aeth._AY722730_rev
# UGGACCAGCGAGGGUGAUUUGCUGCGUUGACGUGGUGCUCUGCUUGGCUGUGUGUCGG 
#
# Co-transcriptional folding parameters:
# --t-ext: 0.02 sec
# --t-end: 60.0 sec
# --start: 1
# --stop: 58
# --reversed-transcription: True
#
# Algorithm parameters:
# --o-prune: 0.1
# --t-fast: 0.002 sec
# --fpwm: 4
# --mfree: 6 nuc
# --k0: 200000.0
#
# ViennaRNA model details:
# --temp: 37.0 C
# --dangles: 2
# --paramFile: None
# --noTetra: False
# --noGU: False
# --noClosingGU: False
#
#
# Results:
# Transcription Step | Energy-sorted structure count | Structure | Energy | [Occupancy-t0 Occupancy-t8] | Structure ID (-> Plotting ID)
   1    1                                                          .   0.00  [1.0000 -> 1.0000] ID = 0
   2    1                                                         ..   0.00  [1.0000 -> 1.0000] ID = 0
   3    1                                                        ...   0.00  [1.0000 -> 1.0000] ID = 0
   4    1                                                       ....   0.00  [1.0000 -> 1.0000] ID = 0
   5    1                                                      .....   0.00  [1.0000 -> 1.0000] ID = 0
   6    1                                                     ......   0.00  [1.0000 -> 1.0000] ID = 0
   7    1                                                    .......   0.00  [1.0000 -> 1.0000] ID = 0
   8    1                                                   ........   0.00  [1.0000 -> 1.0000] ID = 0
   9    1                                                  .........   0.00  [1.0000 -> 1.0000] ID = 0
  10    1                                                 ..........   0.00  [1.0000 -> 1.0000] ID = 0
  11    1                                                ...........   0.00  [1.0000 -> 1.0000] ID = 0
  12    1                                               ............   0.00  [1.0000 -> 1.0000] ID = 0
  13    1                                              (((.....)))..  -1.90  [1.0000 -> 1.0000] ID = 1
  14    1                                             ((((.....)))).  -2.30  [1.0000 -> 1.0000] ID = 2
  15    1                                            .((((.....)))).  -2.30  [1.0000 -> 1.0000] ID = 2
  16    1                                           ..((((.....)))).  -2.30  [1.0000 -> 1.0000] ID = 2
  17    1                                          ...((((.....)))).  -2.30  [1.0000 -> 1.0000] ID = 2
  18    1                                         ....((((.....)))).  -2.30  [1.0000 -> 1.0000] ID = 2
  19    1                                        .....((((.....)))).  -2.30  [1.0000 -> 1.0000] ID = 2
  20    1                                       ......((((.....)))).  -2.30  [1.0000 -> 1.0000] ID = 2
  21    1                                      .......((((.....)))).  -2.30  [1.0000 -> 1.0000] ID = 2
  22    1                                     ........((((.....)))).  -2.30  [1.0000 -> 1.0000] ID = 2
  23    1                                    .........((((.....)))).  -2.30  [1.0000 -> 1.0000] ID = 2
  24    1                                   ..........((((.....)))).  -2.30  [1.0000 -> 1.0000] ID = 2
  25    1                                  ...........((((.....)))).  -2.30  [1.0000 -> 1.0000] ID = 2
  26    1                                 ............((((.....)))).  -2.30  [1.0000 -> 1.0000] ID = 2
  27    1                                ((((....)))).((((.....)))).  -4.00  [1.0000 -> 1.0000] ID = 3
  28    1                               .((((....)))).((((.....)))).  -4.00  [1.0000 -> 1.0000] ID = 3
  29    1                              ..((((....)))).((((.....)))).  -4.00  [1.0000 -> 1.0000] ID = 3
  30    1                             ((((....(((......)))....))))..  -5.20 +[0.0000 -> 0.0241] ID = 4
  30    2                             ...((((....)))).((((.....)))).  -4.00 -[1.0000 -> 0.9759] ID = 3
  31    1                            (((((....(((......)))....))))).  -5.60 +[0.0241 -> 0.0475] ID = 5
  31    2                            ....((((....)))).((((.....)))).  -4.00 -[0.9759 -> 0.9525] ID = 3
  32    1                           .(((((....(((......)))....))))).  -5.60 +[0.0475 -> 0.0704] ID = 5
  32    2                           .....((((....)))).((((.....)))).  -4.00 -[0.9525 -> 0.9296] ID = 3
  33    1                          ..(((((....(((......)))....))))).  -5.60 +[0.0704 -> 0.0927] ID = 5
  33    2                          ......((((....)))).((((.....)))).  -4.00 -[0.9296 -> 0.9073] ID = 3
  34    1                         ...(((((....(((......)))....))))).  -5.60 +[0.0927 -> 0.1142] ID = 5
  34    2                         .......((((....)))).((((.....)))).  -4.00 -[0.9073 -> 0.5211] ID = 3
  34    3                         .(((((.((((....)))))))))..........  -4.00 +[0.0000 -> 0.3647] ID = 6
  35    1                        ....(((((....(((......)))....))))).  -5.60 +[0.1142 -> 0.1351] ID = 5
  35    2                        ........((((....)))).((((.....)))).  -4.00 -[0.5211 -> 0.4459] ID = 3
  35    3                        ..(((((.((((....)))))))))..........  -4.00 +[0.3647 -> 0.4190] ID = 6
  36    1                       .....(((((....(((......)))....))))).  -5.60 +[0.1351 -> 0.1554] ID = 5
  36    2                       .........((((....)))).((((.....)))).  -4.00 -[0.4459 -> 0.4246] ID = 3
  36    3                       ...(((((.((((....)))))))))..........  -4.00 +[0.4190 -> 0.4200] ID = 6
  37    1                      ......(((((....(((......)))....))))).  -5.60 +[0.1554 -> 0.1725] ID = 5
  37    2                      (((((....))))).........((((.....)))).  -5.60 +[0.0000 -> 0.3999] ID = 7
  37    3                      ..........((((....)))).((((.....)))).  -4.00 -[0.4246 -> 0.1363] ID = 3
  37    4                      ....(((((.((((....)))))))))..........  -4.00 -[0.4200 -> 0.2912] ID = 6
  38    1                     ((((((....))))))........((((.....)))).  -7.30 +[0.3999 -> 0.5101] ID = 8
  38    2                     ((((((....))))))(((......)))..........  -6.30 +[0.0000 -> 0.0828] ID = 9
  38    3                     .......(((((....(((......)))....))))).  -5.60 -[0.1725 -> 0.1680] ID = 5
  38    4                     ...........((((....)))).((((.....)))).  -4.00 -[0.1363 -> 0.0677] ID = 3
  38    5                     .....(((((.((((....)))))))))..........  -4.00 -[0.2912 -> 0.1715] ID = 6
  39    1                    .((((((....))))))........((((.....)))).  -7.30 -[0.5326 -> 0.5222] ID = 8
  39    2                    .((((((....))))))(((......)))..........  -6.30 +[0.0828 -> 0.1057] ID = 9
  39    3                    ........(((((....(((......)))....))))).  -5.60 -[0.1906 -> 0.1873] ID = 5
  39    4                    .((((((((((.((((....))))))))).))).))...  -4.20 -[0.1940 -> 0.1847] ID = 10
  40    1                   ..((((((....))))))........((((.....)))).  -7.30 +[0.5222 -> 0.5303] ID = 8
  40    2                   ..((((((....))))))(((......)))..........  -6.30 +[0.1057 -> 0.1095] ID = 9
  40    3                   .........(((((....(((......)))....))))).  -5.60 -[0.1873 -> 0.1842] ID = 5
  40    4                   ..((((((((((.((((....))))))))).))).))...  -4.20 -[0.1847 -> 0.1759] ID = 10
  41    1                  ...((((((....))))))........((((.....)))).  -7.30 +[0.5303 -> 0.5399] ID = 8
  41    2                  ...((((((....))))))(((......)))..........  -6.30 +[0.1095 -> 0.1115] ID = 9
  41    3                  ..........(((((....(((......)))....))))).  -5.60 -[0.1842 -> 0.1810] ID = 5
  41    4                  ...((((((((((.((((....))))))))).))).))...  -4.20 -[0.1759 -> 0.1676] ID = 10
  42    1                 ....((((((....))))))........((((.....)))).  -7.30 +[0.5399 -> 0.5493] ID = 8
  42    2                 ....((((((....))))))(((......)))..........  -6.30 +[0.1115 -> 0.1132] ID = 9
  42    3                 ...........(((((....(((......)))....))))).  -5.60 -[0.1810 -> 0.1779] ID = 5
  42    4                 ....((((((((((.((((....))))))))).))).))...  -4.20 -[0.1676 -> 0.1596] ID = 10
  43    1                .....((((((....))))))........((((.....)))).  -7.30 +[0.5493 -> 0.5558] ID = 8
  43    2                .....((((((....))))))(((......)))..........  -6.30 -[0.1132 -> 0.1123] ID = 9
  43    3                (((.(((...(((((.((((....))))))))).))).)))..  -6.20 +[0.1596 -> 0.1597] ID = 11
  43    4                ............(((((....(((......)))....))))).  -5.60 -[0.1779 -> 0.1722] ID = 5
  44    1               ......((((((....))))))........((((.....)))).  -7.30 +[0.5558 -> 0.5605] ID = 8
  44    2               ((((.(((...(((((.((((....))))))))).))).)))).  -6.40 +[0.1597 -> 0.1599] ID = 12
  44    3               ......((((((....))))))(((......)))..........  -6.30 +[0.1123 -> 0.1129] ID = 9
  44    4               .............(((((....(((......)))....))))).  -5.60 -[0.1722 -> 0.1667] ID = 5
  45    1              .......((((((....))))))........((((.....)))).  -7.30 +[0.5605 -> 0.5648] ID = 8
  45    2              .((((.(((...(((((.((((....))))))))).))).)))).  -6.40 +[0.1599 -> 0.1601] ID = 12
  45    3              .......((((((....))))))(((......)))..........  -6.30 +[0.1129 -> 0.1137] ID = 9
  45    4              ..............(((((....(((......)))....))))).  -5.60 -[0.1667 -> 0.1614] ID = 5
  46    1             ........((((((....))))))........((((.....)))).  -7.30 +[0.5648 -> 0.5690] ID = 8
  46    2             ..((((.(((...(((((.((((....))))))))).))).)))).  -6.40 +[0.1601 -> 0.1603] ID = 12
  46    3             ........((((((....))))))(((......)))..........  -6.30 +[0.1137 -> 0.1144] ID = 9
  46    4             ...............(((((....(((......)))....))))).  -5.60 -[0.1614 -> 0.1563] ID = 5
  47    1            ((((.....((((((....))))))))))....((((.....)))).  -9.10 +[0.0000 -> 0.3704] ID = 13
  47    2            .........((((((....))))))........((((.....)))).  -7.30 -[0.5690 -> 0.2438] ID = 8
  47    3            ...((((.(((...(((((.((((....))))))))).))).)))).  -6.40 +[0.1603 -> 0.1605] ID = 12
  47    4            .........((((((....))))))(((......)))..........  -6.30 -[0.1144 -> 0.0741] ID = 9
  47    5            ................(((((....(((......)))....))))).  -5.60 -[0.1563 -> 0.1512] ID = 5
  48    1           (((((.....((((((....)))))))))))...((((.....)))). -10.90 +[0.3704 -> 0.5417] ID = 14
  48    2           ..........((((((....))))))........((((.....)))).  -7.30 -[0.2438 -> 0.1135] ID = 8
  48    3           ....((((.(((...(((((.((((....))))))))).))).)))).  -6.40  [0.1605 -> 0.1606] ID = 12
  48    4           ..........((((((....))))))(((......)))..........  -6.30 -[0.0741 -> 0.0383] ID = 9
  48    5           .................(((((....(((......)))....))))).  -5.60 -[0.1512 -> 0.1458] ID = 5
  49    1          .(((((.....((((((....)))))))))))...((((.....)))). -10.90 +[0.5417 -> 0.6227] ID = 14
  49    2          ...........((((((....))))))........((((.....)))).  -7.30 -[0.1135 -> 0.0562] ID = 8
  49    3          .....((((.(((...(((((.((((....))))))))).))).)))).  -6.40  [0.1606 -> 0.1606] ID = 12
  49    4          ...........((((((....))))))(((......)))..........  -6.30 -[0.0383 -> 0.0201] ID = 9
  49    5          ..................(((((....(((......)))....))))).  -5.60 -[0.1458 -> 0.1403] ID = 5
  50    1         ..(((((.....((((((....)))))))))))...((((.....)))). -10.90 +[0.6227 -> 0.6606] ID = 14
  50    2         ............((((((....))))))........((((.....)))).  -7.30 -[0.0562 -> 0.0219] ID = 8
  50    3         ((.((........)).)).(((((....(((......)))....))))).  -6.90 -[0.1504 -> 0.1498] ID = 15
  50    4         ......((((.(((...(((((.((((....))))))))).))).)))).  -6.40 -[0.1707 -> 0.1677] ID = 12
  51    1        ((.(((((.....((((((....))))))))))))).((((.....)))). -12.90 +[0.6606 -> 0.6775] ID = 17
  51    2        (((.((........)).)))(((((....(((......)))....))))).  -8.50 +[0.1498 -> 0.1505] ID = 18
  51    3        .............((((((....))))))........((((.....)))).  -7.30 -[0.0219 -> 0.0080] ID = 8
  51    4        .......((((.(((...(((((.((((....))))))))).))).)))).  -6.40 -[0.1677 -> 0.1641] ID = 12
  52    1       (((.(((((.....((((((....))))))))))))))((((.....)))). -14.10 +[0.6815 -> 0.6844] ID = 19
  52    2       ((((.((........)).))))((((....(((......)))....))))..  -8.80 +[0.1544 -> 0.1628] ID = 20
  52    3       ........((((.(((...(((((.((((....))))))))).))).)))).  -6.40 -[0.1641 -> 0.1528] ID = 12
  53    1      ((((.(((..((..(((((((....))))))).))..))).))))........ -15.10 +[0.0000 -> 0.0007] ID = 21
  53    2      .(((.(((((.....((((((....))))))))))))))((((.....)))). -14.10 -[0.6844 -> 0.6841] ID = 19
  53    3      .((((.((........)).))))((((....(((......)))....))))..  -8.80 +[0.1628 -> 0.1706] ID = 20
  53    4      .........((((.(((...(((((.((((....))))))))).))).)))).  -6.40 -[0.1528 -> 0.1446] ID = 12
  54    1     .((((.(((..((..(((((((....))))))).))..))).))))........ -15.10 +[0.0007 -> 0.0014] ID = 21
  54    2     ..(((.(((((.....((((((....))))))))))))))((((.....)))). -14.10 -[0.6841 -> 0.6837] ID = 19
  54    3     ..((((.((........)).))))((((....(((......)))....))))..  -8.80 +[0.1706 -> 0.1727] ID = 20
  54    4     ((.....)).((((.(((...(((((.((((....))))))))).))).)))).  -7.10 -[0.1446 -> 0.1423] ID = 23
  55    1    ((((((.(((..((..(((((((....))))))).))..))).)))).))..... -16.50 +[0.0000 -> 0.0046] ID = 24
  55    2    .(((((.(((((.....((((((....)))))))))))))).))........... -14.40 +[0.0000 -> 0.3924] ID = 26
  55    3    ...(((.(((((.....((((((....))))))))))))))((((.....)))). -14.10 -[0.6842 -> 0.2876] ID = 19
  55    4    ...((((.((........)).))))((((....(((......)))....))))..  -8.80 -[0.1731 -> 0.1730] ID = 20
  55    5    (((......)))(((.(((...(((((.((((....))))))))).))).)))..  -8.40 -[0.1427 -> 0.1424] ID = 27
  56    1   (((((((.(((..((..(((((((....))))))).))..))).))))...))).. -17.10 +[0.0000 -> 0.0109] ID = 29
  56    2   ..(((((.(((((.....((((((....)))))))))))))).))........... -14.40 +[0.3940 -> 0.4151] ID = 26
  56    3   ....(((.(((((.....((((((....))))))))))))))((((.....)))). -14.10 -[0.2892 -> 0.2576] ID = 19
  56    4   ....((((.((........)).))))((((....(((......)))....))))..  -8.80 -[0.1745 -> 0.1743] ID = 20
  56    5   .(((......)))(((.(((...(((((.((((....))))))))).))).)))..  -8.40 -[0.1424 -> 0.1421] ID = 27
  57    1  .(((((((.(((..((..(((((((....))))))).))..))).))))...))).. -17.10 +[0.0109 -> 0.0158] ID = 29
  57    2  ((.(((((.(((((.....((((((....)))))))))))))).))))......... -15.30 +[0.4151 -> 0.5598] ID = 32
  57    3  .....(((.(((((.....((((((....))))))))))))))((((.....)))). -14.10 -[0.2576 -> 0.1086] ID = 19
  57    4  .....((((.((........)).))))((((....(((......)))....))))..  -8.80 -[0.1743 -> 0.1741] ID = 20
  57    5  ..(((......)))(((.(((...(((((.((((....))))))))).))).)))..  -8.40 -[0.1421 -> 0.1418] ID = 27
  58    1 ..(((((((.(((..((..(((((((....))))))).))..))).))))...))).. -17.10 +[0.0158 -> 0.9419] ID = 29
  58    2 .((.(((((.(((((.....((((((....)))))))))))))).))))......... -15.30 -[0.5598 -> 0.0508] ID = 32
  58    3 ......(((.(((((.....((((((....))))))))))))))((((.....)))). -14.10 -[0.1086 -> 0.0072] ID = 19
  58    4 ......((((.((........)).))))((((....(((......)))....))))..  -8.80 -[0.1741 -> 0.0000] ID = 20
  58    5 ...(((......)))(((.(((...(((((.((((....))))))))).))).)))..  -8.40 -[0.1418 -> 0.0000] ID = 27
# Distribution of structures at the end:
#         UGGACCAGCGAGGGUGAUUUGCUGCGUUGACGUGGUGCUCUGCUUGGCUGUGUGUCGG
  58    1 ..(((((((.(((..((..(((((((....))))))).))..))).))))...))).. -17.10 0.9419  [t8: 0.9420] ID = 29
  58    2 .((.(((((.(((((.....((((((....)))))))))))))).))))......... -15.30 0.0508  [t8: 0.0508] ID = 32
  58    3 ......(((.(((((.....((((((....))))))))))))))((((.....)))). -14.10 0.0072  [t8: 0.0072] ID = 19
  58    4 ......((((.((........)).))))((((....(((......)))....))))..  -8.80 0.0000  [t8: 0.0000] ID = 20
  58    5 ...(((......)))(((.(((...(((((.((((....))))))))).))).)))..  -8.40 0.0000  [t8: 0.0000] ID = 27
