# File generated using DrTransformer v0.10
#
# >drtr_srp_Shig.flex._AE016979_rev
# GUGAACCCGGUCAGGCCCGGAAGGGAGCAGCCGAAGCGGUGGAUGUGUGUGCCG 
#
# Co-transcriptional folding parameters:
# --t-ext: 0.02 sec
# --t-end: 60.0 sec
# --start: 1
# --stop: 54
# --reversed-transcription: True
#
# Algorithm parameters:
# --o-prune: 0.1
# --t-fast: 0.002 sec
# --fpwm: 4
# --mfree: 6 nuc
# --k0: 200000.0
#
# ViennaRNA model details:
# --temp: 37.0 C
# --dangles: 2
# --paramFile: None
# --noTetra: False
# --noGU: False
# --noClosingGU: False
#
#
# Results:
# Transcription Step | Energy-sorted structure count | Structure | Energy | [Occupancy-t0 Occupancy-t8] | Structure ID (-> Plotting ID)
   1    1                                                      .   0.00  [1.0000 -> 1.0000] ID = 0
   2    1                                                     ..   0.00  [1.0000 -> 1.0000] ID = 0
   3    1                                                    ...   0.00  [1.0000 -> 1.0000] ID = 0
   4    1                                                   ....   0.00  [1.0000 -> 1.0000] ID = 0
   5    1                                                  .....   0.00  [1.0000 -> 1.0000] ID = 0
   6    1                                                 ......   0.00  [1.0000 -> 1.0000] ID = 0
   7    1                                                .......   0.00  [1.0000 -> 1.0000] ID = 0
   8    1                                               ........   0.00  [1.0000 -> 1.0000] ID = 0
   9    1                                              .........   0.00  [1.0000 -> 1.0000] ID = 0
  10    1                                             ..........   0.00  [1.0000 -> 1.0000] ID = 0
  11    1                                            ...........   0.00  [1.0000 -> 1.0000] ID = 0
  12    1                                           ............   0.00  [1.0000 -> 1.0000] ID = 0
  13    1                                          .............   0.00  [1.0000 -> 1.0000] ID = 0
  14    1                                         ..............   0.00  [1.0000 -> 1.0000] ID = 0
  15    1                                        ...............   0.00  [1.0000 -> 1.0000] ID = 0
  16    1                                       ................   0.00  [1.0000 -> 1.0000] ID = 0
  17    1                                      ((((........)))).  -2.60 +[0.0000 -> 0.9848] ID = 1
  17    2                                      .................   0.00 -[1.0000 -> 0.0152] ID = 0
  18    1                                     (((((........)))))  -3.70  [1.0000 -> 1.0000] ID = 2
  19    1                                    .(((((........)))))  -3.70  [1.0000 -> 1.0000] ID = 2
  20    1                                   ..(((((........)))))  -3.70  [1.0000 -> 1.0000] ID = 2
  21    1                                  ...(((((........)))))  -3.70  [1.0000 -> 1.0000] ID = 2
  22    1                                 ....(((((........)))))  -3.70  [1.0000 -> 1.0000] ID = 2
  23    1                                .....(((((........)))))  -3.70  [1.0000 -> 1.0000] ID = 2
  24    1                               ......(((((........)))))  -3.70  [1.0000 -> 1.0000] ID = 2
  25    1                              .......(((((........)))))  -3.70  [1.0000 -> 1.0000] ID = 2
  26    1                             ........(((((........)))))  -3.70  [1.0000 -> 1.0000] ID = 2
  27    1                            .........(((((........)))))  -3.70  [1.0000 -> 1.0000] ID = 2
  28    1                           ..........(((((........)))))  -3.70  [1.0000 -> 1.0000] ID = 2
  29    1                          ...........(((((........)))))  -3.70  [1.0000 -> 1.0000] ID = 2
  30    1                         ............(((((........)))))  -3.70  [1.0000 -> 1.0000] ID = 2
  31    1                        ((.(((((((...)))).......))).)).  -5.70 +[0.0000 -> 0.0078] ID = 3
  31    2                        ((.....))....(((((........)))))  -4.20 -[1.0000 -> 0.9922] ID = 4
  32    1                       .((.(((((((...)))).......))).)).  -5.70 +[0.0078 -> 0.0173] ID = 3
  32    2                       ((..(((((((...)))).....)))...)).  -5.60 +[0.0000 -> 0.0117] ID = 5
  32    3                       ((......))....(((((........)))))  -5.20 -[0.9922 -> 0.9710] ID = 6
  33    1                      ..((.(((((((...)))).......))).)).  -5.70 +[0.0173 -> 0.0272] ID = 3
  33    2                      .((..(((((((...)))).....)))...)).  -5.60 +[0.0117 -> 0.0225] ID = 5
  33    3                      .((......))....(((((........)))))  -5.20 -[0.9710 -> 0.9504] ID = 6
  34    1                     ...((.(((((((...)))).......))).)).  -5.70 +[0.0272 -> 0.0373] ID = 3
  34    2                     ..((..(((((((...)))).....)))...)).  -5.60 +[0.0225 -> 0.0325] ID = 5
  34    3                     ..((......))....(((((........)))))  -5.20 -[0.9504 -> 0.9303] ID = 6
  35    1                    ....((.(((((((...)))).......))).)).  -5.70 +[0.0373 -> 0.0473] ID = 3
  35    2                    ...((..(((((((...)))).....)))...)).  -5.60 +[0.0325 -> 0.0419] ID = 5
  35    3                    ...((......))....(((((........)))))  -5.20 -[0.9303 -> 0.9107] ID = 6
  36    1                   ((......(((((((...))))...))).....)).  -5.90 +[0.0000 -> 0.0311] ID = 7
  36    2                   .....((.(((((((...)))).......))).)).  -5.70 +[0.0473 -> 0.0512] ID = 3
  36    3                   ....((..(((((((...)))).....)))...)).  -5.60 -[0.0419 -> 0.0357] ID = 5
  36    4                   ....((......))....(((((........)))))  -5.20 -[0.9107 -> 0.8821] ID = 6
  37    1                  (((......(((((((...))))...))).....)))  -7.10 +[0.0311 -> 0.0608] ID = 8
  37    2                  ......((.(((((((...)))).......))).)).  -5.70 -[0.0512 -> 0.0493] ID = 3
  37    3                  (((..........)))...(((((........)))))  -5.70 +[0.0000 -> 0.4291] ID = 9
  37    4                  .....((..(((((((...)))).....)))...)).  -5.60 -[0.0357 -> 0.0279] ID = 5
  37    5                  .....((......))....(((((........)))))  -5.20 -[0.8821 -> 0.4329] ID = 6
  38    1                 .(((......(((((((...))))...))).....)))  -7.10 +[0.0865 -> 0.0904] ID = 8
  38    2                 (((...((......))....)))...............  -6.10 +[0.0000 -> 0.0379] ID = 10
  38    3                 .(((..........)))...(((((........)))))  -5.70 +[0.4549 -> 0.5685] ID = 9
  38    4                 ......((......))....(((((........)))))  -5.20 -[0.4586 -> 0.3032] ID = 6
  39    1                (((....)))...........(((((........)))))  -8.30 +[0.0000 -> 0.5603] ID = 11
  39    2                (((....))).(((((((...))))...)))........  -7.80 +[0.0000 -> 0.0338] ID = 12
  39    3                ..(((......(((((((...))))...))).....)))  -7.10 -[0.0904 -> 0.0638] ID = 8
  39    4                .(((...((......))....)))...............  -6.10 +[0.0379 -> 0.0412] ID = 10
  39    5                ..(((..........)))...(((((........)))))  -5.70 -[0.5685 -> 0.2867] ID = 9
  39    6                .......((......))....(((((........)))))  -5.20 -[0.3032 -> 0.0142] ID = 6
  40    1               .(((....)))...........(((((........)))))  -8.30 +[0.5651 -> 0.6250] ID = 11
  40    2               .(((....))).(((((((...)))).........)))..  -8.10 +[0.0000 -> 0.0502] ID = 14
  40    3               .(((....))).(((((((...))))...)))........  -7.80 -[0.0544 -> 0.0464] ID = 12
  40    4               ...(((......(((((((...))))...))).....)))  -7.10 -[0.0892 -> 0.0656] ID = 8
  40    5               ((.(((..........)))..))((((........)))).  -5.80 -[0.2914 -> 0.2128] ID = 13
  41    1              ..(((....)))...........(((((........)))))  -8.30 -[0.6250 -> 0.4080] ID = 11
  41    2              ((((((...((......))....)))...........))).  -8.20 +[0.0000 -> 0.0040] ID = 15
  41    3              (((((.....))....)))....(((((........)))))  -8.20 +[0.0000 -> 0.3140] ID = 16
  41    4              ..(((....))).(((((((...)))).........)))..  -8.10 +[0.0502 -> 0.0693] ID = 14
  41    5              ..(((....))).(((((((...))))...)))........  -7.80 -[0.0792 -> 0.0511] ID = 12
  41    6              ..(((....)))....((((...))))..............  -7.40 +[0.0000 -> 0.0194] ID = 19
  41    7              ..(((....)))............((((........)))).  -7.20 +[0.0000 -> 0.0115] ID = 17
  41    8              ...(((...((......))....)))...............  -6.10 +[0.0000 -> 0.0034] ID = 10
  41    9              .((.(((..........)))..))((((........)))).  -5.80 -[0.2456 -> 0.1190] ID = 13
  42    1             ...(((....)))...........(((((........)))))  -8.30 -[0.4350 -> 0.4324] ID = 11
  42    2             .(((((.....))....)))....(((((........)))))  -8.20 +[0.3154 -> 0.3665] ID = 16
  42    3             ...(((....))).(((((((...)))).........)))..  -8.10 -[0.0962 -> 0.0919] ID = 14
  42    4             ...(((....)))....((((...))))..............  -7.40 +[0.0194 -> 0.0286] ID = 19
  42    5             ...(((....)))............((((........)))).  -7.20 +[0.0115 -> 0.0168] ID = 17
  42    6             ..((.(((..........)))..))((((........)))).  -5.80 -[0.1225 -> 0.0637] ID = 13
  43    1            ....(((....)))...........(((((........)))))  -8.30 +[0.4324 -> 0.4419] ID = 11
  43    2            ..(((((.....))....)))....(((((........)))))  -8.20 +[0.3665 -> 0.3779] ID = 16
  43    3            ....(((....))).(((((((...)))).........)))..  -8.10 +[0.0919 -> 0.0955] ID = 14
  43    4            ....(((....)))....((((...))))..............  -7.40 +[0.0286 -> 0.0301] ID = 19
  43    5            ....(((....)))............((((........)))).  -7.20 +[0.0168 -> 0.0197] ID = 17
  43    6            ...((.(((..........)))..))((((........)))).  -5.80 -[0.0637 -> 0.0350] ID = 13
  44    1           .....(((....)))...........(((((........)))))  -8.30 -[0.4659 -> 0.4653] ID = 11
  44    2           ...(((((.....))....)))....(((((........)))))  -8.20 -[0.4019 -> 0.3975] ID = 16
  44    3           .....(((....))).(((((((...)))).........)))..  -8.10 +[0.1322 -> 0.1371] ID = 14
  45    1          ......(((....)))...........(((((........)))))  -8.30 -[0.4653 -> 0.4629] ID = 11
  45    2          ....(((((.....))....)))....(((((........)))))  -8.20 -[0.3975 -> 0.3952] ID = 16
  45    3          ......(((....))).(((((((...)))).........)))..  -8.10 +[0.1371 -> 0.1419] ID = 14
  46    1         (((....(((....)))....)))....(((((........))))) -12.10 +[0.4629 -> 0.7094] ID = 20
  46    2         (((...((((.....)).)).)))....(((((........))))) -10.90 +[0.0000 -> 0.0584] ID = 23
  46    3         (((((.((((....)).....((((...))))....)).)).))).  -8.80 +[0.0000 -> 0.0722] ID = 22
  46    4         .....(((((.....))....)))....(((((........)))))  -8.20 -[0.3952 -> 0.0929] ID = 16
  46    5         .......(((....))).(((((((...)))).........)))..  -8.10 -[0.1419 -> 0.0671] ID = 14
  47    1        ((((....(((....)))....))))...(((((........))))) -14.50 +[0.7430 -> 0.7838] ID = 24
  47    2        ((((...((((.....)).)).))))...(((((........))))) -13.30 +[0.0584 -> 0.0901] ID = 25
  47    3        ((((((.((((....)).....((((...))))....)).)).)))) -10.00 -[0.1057 -> 0.1044] ID = 26
  47    4        ......(((((.....))....)))....(((((........)))))  -8.20 -[0.0929 -> 0.0217] ID = 16
  48    1       .((((....(((....)))....))))...(((((........))))) -14.50 -[0.7946 -> 0.7887] ID = 24
  48    2       .((((...((((.....)).)).))))...(((((........))))) -13.30 +[0.1010 -> 0.1082] ID = 25
  48    3       .((((((.((((....)).....((((...))))....)).)).)))) -10.00 -[0.1044 -> 0.1031] ID = 26
  49    1      ..((((....(((....)))....))))...(((((........))))) -14.50 -[0.7887 -> 0.7873] ID = 24
  49    2      ..((((...((((.....)).)).))))...(((((........))))) -13.30 +[0.1082 -> 0.1110] ID = 25
  49    3      ..((((((.((((....)).....((((...))))....)).)).)))) -10.00 -[0.1031 -> 0.1018] ID = 26
  50    1     ...((((....(((....)))....))))...(((((........))))) -14.50 +[0.7873 -> 0.7874] ID = 24
  50    2     ...((((...((((.....)).)).))))...(((((........))))) -13.30 +[0.1110 -> 0.1121] ID = 25
  50    3     ...((((((.((((....)).....((((...))))....)).)).)))) -10.00 -[0.1018 -> 0.1005] ID = 26
  51    1    ....((((....(((....)))....))))...(((((........))))) -14.50 +[0.7874 -> 0.7882] ID = 24
  51    2    ....((((...((((.....)).)).))))...(((((........))))) -13.30 +[0.1121 -> 0.1126] ID = 25
  51    3    ....((((((.((((....)).....((((...))))....)).)).)))) -10.00 -[0.1005 -> 0.0993] ID = 26
  52    1   .....((((....(((....)))....))))...(((((........))))) -14.50 +[0.8378 -> 0.8613] ID = 24
  52    2   .....((((...((((.....)).)).))))...(((((........))))) -13.30 -[0.1622 -> 0.1387] ID = 25
  53    1  ......((((....(((....)))....))))...(((((........))))) -14.50 +[0.8613 -> 0.8700] ID = 24
  53    2  ......((((...((((.....)).)).))))...(((((........))))) -13.30 -[0.1387 -> 0.1300] ID = 25
  54    1 .......((((....(((....)))....))))...(((((........))))) -14.50 +[0.8700 -> 0.8751] ID = 24
  54    2 .......((((...((((.....)).)).))))...(((((........))))) -13.30 -[0.1300 -> 0.1249] ID = 25
# Distribution of structures at the end:
#         GUGAACCCGGUCAGGCCCGGAAGGGAGCAGCCGAAGCGGUGGAUGUGUGUGCCG
  54    1 .......((((....(((....)))....))))...(((((........))))) -14.50 0.8751  [t8: 0.8751] ID = 24
  54    2 .......((((...((((.....)).)).))))...(((((........))))) -13.30 0.1249  [t8: 0.1249] ID = 25
