# File generated using DrTransformer v0.10
#
# >drtr_srp_Magn.magn._AP007255
# UCGCCAACCCGGUCAGGUCCGGAAGGAAGCAGCCGUAACGAGUUUUGCUCGGGUCGUU 
#
# Co-transcriptional folding parameters:
# --t-ext: 0.02 sec
# --t-end: 60.0 sec
# --start: 1
# --stop: 58
# --reversed-transcription: False
#
# Algorithm parameters:
# --o-prune: 0.1
# --t-fast: 0.002 sec
# --fpwm: 4
# --mfree: 6 nuc
# --k0: 200000.0
#
# ViennaRNA model details:
# --temp: 37.0 C
# --dangles: 2
# --paramFile: None
# --noTetra: False
# --noGU: False
# --noClosingGU: False
#
#
# Results:
# Transcription Step | Energy-sorted structure count | Structure | Energy | [Occupancy-t0 Occupancy-t8] | Structure ID (-> Plotting ID)
   1    1 .   0.00  [1.0000 -> 1.0000] ID = 0
   2    1 ..   0.00  [1.0000 -> 1.0000] ID = 0
   3    1 ...   0.00  [1.0000 -> 1.0000] ID = 0
   4    1 ....   0.00  [1.0000 -> 1.0000] ID = 0
   5    1 .....   0.00  [1.0000 -> 1.0000] ID = 0
   6    1 ......   0.00  [1.0000 -> 1.0000] ID = 0
   7    1 .......   0.00  [1.0000 -> 1.0000] ID = 0
   8    1 ........   0.00  [1.0000 -> 1.0000] ID = 0
   9    1 .........   0.00  [1.0000 -> 1.0000] ID = 0
  10    1 ..........   0.00  [1.0000 -> 1.0000] ID = 0
  11    1 ...........   0.00  [1.0000 -> 1.0000] ID = 0
  12    1 ...((.....))  -0.20  [1.0000 -> 1.0000] ID = 1
  13    1 ..(((.....)))  -1.70  [1.0000 -> 1.0000] ID = 2
  14    1 ..(((.....))).  -1.70  [1.0000 -> 1.0000] ID = 2
  15    1 ..(((.....)))..  -1.70  [1.0000 -> 1.0000] ID = 2
  16    1 ..(((.....)))...  -1.70  [1.0000 -> 1.0000] ID = 2
  17    1 ..(((.....)))....  -1.70  [1.0000 -> 1.0000] ID = 2
  18    1 ..(((.....))).....  -1.70  [1.0000 -> 1.0000] ID = 2
  19    1 ..(((.....)))......  -1.70  [1.0000 -> 1.0000] ID = 2
  20    1 ..(((.....))).......  -1.70  [1.0000 -> 1.0000] ID = 2
  21    1 .........(((......)))  -3.40 +[0.0000 -> 0.9082] ID = 3
  21    2 ..(((.....)))........  -1.70 -[1.0000 -> 0.0918] ID = 2
  22    1 ........((((......))))  -6.70  [1.0000 -> 1.0000] ID = 4
  23    1 ........((((......)))).  -6.70  [1.0000 -> 1.0000] ID = 4
  24    1 ........((((......))))..  -6.70  [1.0000 -> 1.0000] ID = 4
  25    1 ........((((......))))...  -6.70  [1.0000 -> 1.0000] ID = 4
  26    1 ...((...((((......))))..))  -7.20  [1.0000 -> 1.0000] ID = 5
  27    1 ...((...((((......))))..)).  -7.20  [1.0000 -> 1.0000] ID = 5
  28    1 ...((...((((......))))..))..  -7.20  [1.0000 -> 1.0000] ID = 5
  29    1 ...((...((((......))))..))...  -7.20  [1.0000 -> 1.0000] ID = 5
  30    1 ...((...((((......))))..))....  -7.20  [1.0000 -> 1.0000] ID = 5
  31    1 ...((...((((......))))..)).....  -7.20  [1.0000 -> 1.0000] ID = 5
  32    1 ...((...((((......))))..))......  -7.20  [1.0000 -> 1.0000] ID = 5
  33    1 ...((...((((......))))..)).......  -7.20  [1.0000 -> 1.0000] ID = 5
  34    1 ........((((......))))..((......))  -7.30  [1.0000 -> 1.0000] ID = 6
  35    1 .........((((....(((....)))....))))  -8.70 +[0.0000 -> 0.0005] ID = 7
  35    2 ........((((......))))..((......)).  -7.30 -[1.0000 -> 0.9995] ID = 6
  36    1 .........((((....(((....)))....)))).  -8.70 +[0.0005 -> 0.0010] ID = 7
  36    2 ........((((......))))..((......))..  -7.30 -[0.9995 -> 0.9990] ID = 6
  37    1 .........((((....(((....)))....))))..  -8.70 +[0.0010 -> 0.0015] ID = 7
  37    2 ........((((......))))..((......))...  -7.30 -[0.9990 -> 0.9985] ID = 6
  38    1 .........((((....(((....)))....))))...  -8.70 +[0.0015 -> 0.0020] ID = 7
  38    2 ........((((......))))..((......))....  -7.30 -[0.9985 -> 0.9980] ID = 6
  39    1 .........((((....(((....)))....))))....  -8.70 +[0.0020 -> 0.0025] ID = 7
  39    2 ........((((......))))..((......)).....  -7.30 -[0.9980 -> 0.9975] ID = 6
  40    1 .........((((....(((....)))....)))).....  -8.70 +[0.0025 -> 0.0030] ID = 7
  40    2 ........((((......))))..((......))......  -7.30 -[0.9975 -> 0.9970] ID = 6
  41    1 .........((((....(((....)))....))))......  -8.70 +[0.0030 -> 0.0035] ID = 7
  41    2 ........((((......))))..((......)).......  -7.30 -[0.9970 -> 0.9965] ID = 6
  42    1 .........((((....(((....)))....)))).......  -8.70 +[0.0035 -> 0.0040] ID = 7
  42    2 ........((((......))))..((......))........  -7.30 -[0.9965 -> 0.9960] ID = 6
  43    1 .........((((....(((....)))....))))........  -8.70 +[0.0040 -> 0.0045] ID = 7
  43    2 ........((((......))))..((......)).........  -7.30 -[0.9960 -> 0.9955] ID = 6
  44    1 .........((((....(((....)))....)))).........  -8.70 +[0.0045 -> 0.0050] ID = 7
  44    2 ........((((......))))..((......))..........  -7.30 -[0.9955 -> 0.9950] ID = 6
  45    1 .........((((....(((....)))....))))..........  -8.70 +[0.0050 -> 0.0055] ID = 7
  45    2 ........((((......))))..((......))...........  -7.30 -[0.9950 -> 0.9945] ID = 6
  46    1 .........((((....(((....)))....))))...........  -8.70 +[0.0055 -> 0.0059] ID = 7
  46    2 ........((((......))))..((......))............  -7.30 -[0.9945 -> 0.9941] ID = 6
  47    1 .........((((....(((....)))....))))............  -8.70 +[0.0059 -> 0.0064] ID = 7
  47    2 ........((((......))))..((......)).............  -7.30 -[0.9941 -> 0.9936] ID = 6
  48    1 ...((...((((......))))..))..(((((((...)).))..)))  -8.90 -[0.9936 -> 0.9930] ID = 8
  48    2 .........((((....(((....)))....)))).............  -8.70 +[0.0064 -> 0.0070] ID = 7
  49    1 ...((...((((......))))..)).((((((((...)).))..)))) -10.20  [1.0000 -> 1.0000] ID = 9
  50    1 .........((((....(((....)))....))))....((((...)))) -11.30 +[0.0000 -> 0.0003] ID = 10
  50    2 ...((...((((......))))..)).((((((((...)).))..)))). -10.20 -[1.0000 -> 0.9997] ID = 9
  51    1 .........((((....(((....)))....))))...(((((...))))) -13.80  [0.0000 -> 0.0001] ID = 11
  51    2 ........((((......))))................(((((...))))) -11.80 +[0.0000 -> 0.1157] ID = 12
  51    3 ...((...((((......))))..)).((((((((...)).))..)))).. -10.20 -[1.0000 -> 0.8842] ID = 9
  52    1 .........((((....(((....)))....))))...(((((...))))). -13.80  [0.0001 -> 0.0002] ID = 11
  52    2 ........((((......))))..((......))....(((((...))))). -12.40 +[0.1157 -> 0.2179] ID = 13
  52    3 ...((...((((......))))..)).((((((((...)).))..))))... -10.20 -[0.8842 -> 0.7819] ID = 9
  53    1 .........((((....(((....)))....))))...(((((...))))).. -13.80 +[0.0002 -> 0.0003] ID = 11
  53    2 ........((((......))))..((......))....(((((...))))).. -12.40 +[0.2179 -> 0.3226] ID = 13
  53    3 ...((...((((......))))..)).((((((((...)).))..)))).... -10.20 -[0.7819 -> 0.6771] ID = 9
  54    1 ..(((....((((....(((....)))....))))...(((((...)))))))) -14.50  [0.0000 -> 0.0000] ID = 15
  54    2 ..(((...((((......))))..((......))....(((((...)))))))) -14.00 +[0.3229 -> 0.4144] ID = 16
  54    3 ...((...((((......))))..)).((((((((...)).))..))))..... -10.20 -[0.6771 -> 0.5855] ID = 9
  55    1 ..(((....((((....(((....)))....))))...(((((...)))))))). -14.50  [0.0000 -> 0.0001] ID = 15
  55    2 ..(((...((((......))))..((......))....(((((...)))))))). -14.00 +[0.4144 -> 0.4869] ID = 16
  55    3 ..(((...((((......))))................(((((...)))))))). -12.50 +[0.0000 -> 0.0323] ID = 18
  55    4 ..(((...((((......)))).....((((((((...)).))..))))..))). -10.40 +[0.0000 -> 0.2726] ID = 17
  55    5 ...((...((((......))))..)).((((((((...)).))..))))...... -10.20 -[0.5855 -> 0.2081] ID = 9
  56    1 .((((....((((....(((....)))....))))...(((((...))))))).)) -14.60  [0.0001 -> 0.0002] ID = 19
  56    2 ..(((...((((......))))..((......))....(((((...)))))))).. -14.00 +[0.5193 -> 0.5894] ID = 16
  56    3 ..(((...((((......)))).....((((((((...)).))..))))..))).. -10.40 -[0.2726 -> 0.2346] ID = 17
  56    4 ...((...((((......))))..)).((((((((...)).))..))))....... -10.20 -[0.2081 -> 0.1759] ID = 9
  57    1 .((((....((((....(((....)))....))))...(((((...))))))).)). -14.60  [0.0002 -> 0.0002] ID = 19
  57    2 .((((...((((......))))..((......))....(((((...))))))).)). -14.10 +[0.5894 -> 0.6499] ID = 21
  57    3 .((((...((((......))))................(((((...))))))).)). -12.60 +[0.0000 -> 0.0270] ID = 22
  57    4 .((((...((((......)))).....((((((((...)).))..))))..)).)). -10.50 -[0.2346 -> 0.1956] ID = 20
  57    5 ...((...((((......))))..)).((((((((...)).))..))))........ -10.20 -[0.1759 -> 0.1272] ID = 9
  58    1 .((((....((((....(((....)))....))))...(((((...))))))).)).. -14.60 +[0.0002 -> 0.3514] ID = 19
  58    2 .((((...((((......))))..((......))....(((((...))))))).)).. -14.10 -[0.6499 -> 0.6031] ID = 21
  58    3 .((((...((((......))))................(((((...))))))).)).. -12.60 +[0.0270 -> 0.0428] ID = 22
  58    4 .((((...((((......)))).....((((((((...)).))..))))..)).)).. -10.50 -[0.1956 -> 0.0017] ID = 20
  58    5 ...((...((((......))))..)).((((((((...)).))..))))......... -10.20 -[0.1272 -> 0.0010] ID = 9
# Distribution of structures at the end:
#         UCGCCAACCCGGUCAGGUCCGGAAGGAAGCAGCCGUAACGAGUUUUGCUCGGGUCGUU
  58    1 .((((....((((....(((....)))....))))...(((((...))))))).)).. -14.60 0.3514 +[t8: 0.6732] ID = 19
  58    2 .((((...((((......))))..((......))....(((((...))))))).)).. -14.10 0.6031 -[t8: 0.2991] ID = 21
  58    3 .((((...((((......))))................(((((...))))))).)).. -12.60 0.0428 -[t8: 0.0262] ID = 22
  58    4 .((((...((((......)))).....((((((((...)).))..))))..)).)).. -10.50 0.0017 -[t8: 0.0009] ID = 20
  58    5 ...((...((((......))))..)).((((((((...)).))..))))......... -10.20 0.0010 -[t8: 0.0005] ID = 9
