# File generated using DrTransformer v0.10
#
# >drtr_srp_Magn.magn._AP007255_rev
# UCGCCAACCCGGUCAGGUCCGGAAGGAAGCAGCCGUAACGAGUUUUGCUCGGGUCGUU 
#
# Co-transcriptional folding parameters:
# --t-ext: 0.02 sec
# --t-end: 60.0 sec
# --start: 1
# --stop: 58
# --reversed-transcription: True
#
# Algorithm parameters:
# --o-prune: 0.1
# --t-fast: 0.002 sec
# --fpwm: 4
# --mfree: 6 nuc
# --k0: 200000.0
#
# ViennaRNA model details:
# --temp: 37.0 C
# --dangles: 2
# --paramFile: None
# --noTetra: False
# --noGU: False
# --noClosingGU: False
#
#
# Results:
# Transcription Step | Energy-sorted structure count | Structure | Energy | [Occupancy-t0 Occupancy-t8] | Structure ID (-> Plotting ID)
   1    1                                                          .   0.00  [1.0000 -> 1.0000] ID = 0
   2    1                                                         ..   0.00  [1.0000 -> 1.0000] ID = 0
   3    1                                                        ...   0.00  [1.0000 -> 1.0000] ID = 0
   4    1                                                       ....   0.00  [1.0000 -> 1.0000] ID = 0
   5    1                                                      .....   0.00  [1.0000 -> 1.0000] ID = 0
   6    1                                                     ......   0.00  [1.0000 -> 1.0000] ID = 0
   7    1                                                    .......   0.00  [1.0000 -> 1.0000] ID = 0
   8    1                                                   ........   0.00  [1.0000 -> 1.0000] ID = 0
   9    1                                                  .........   0.00  [1.0000 -> 1.0000] ID = 0
  10    1                                                 ..........   0.00  [1.0000 -> 1.0000] ID = 0
  11    1                                                ...........   0.00  [1.0000 -> 1.0000] ID = 0
  12    1                                               ............   0.00  [1.0000 -> 1.0000] ID = 0
  13    1                                              .............   0.00  [1.0000 -> 1.0000] ID = 0
  14    1                                             ..............   0.00  [1.0000 -> 1.0000] ID = 0
  15    1                                            ...............   0.00  [1.0000 -> 1.0000] ID = 0
  16    1                                           ................   0.00  [1.0000 -> 1.0000] ID = 0
  17    1                                          .................   0.00  [1.0000 -> 1.0000] ID = 0
  18    1                                         ..................   0.00  [1.0000 -> 1.0000] ID = 0
  19    1                                        ((((...))))........  -2.60  [1.0000 -> 1.0000] ID = 1
  20    1                                       (((((...))))).......  -5.10  [1.0000 -> 1.0000] ID = 2
  21    1                                      .(((((...))))).......  -5.10  [1.0000 -> 1.0000] ID = 2
  22    1                                     ..(((((...))))).......  -5.10  [1.0000 -> 1.0000] ID = 2
  23    1                                    ...(((((...))))).......  -5.10  [1.0000 -> 1.0000] ID = 2
  24    1                                   ....(((((...))))).......  -5.10  [1.0000 -> 1.0000] ID = 2
  25    1                                  ((...(((((...)))))...))..  -6.50  [1.0000 -> 1.0000] ID = 3
  26    1                                 .((...(((((...)))))...))..  -6.50  [1.0000 -> 1.0000] ID = 3
  27    1                                ..((...(((((...)))))...))..  -6.50  [1.0000 -> 1.0000] ID = 3
  28    1                               ...((...(((((...)))))...))..  -6.50  [1.0000 -> 1.0000] ID = 3
  29    1                              ....((...(((((...)))))...))..  -6.50  [1.0000 -> 1.0000] ID = 3
  30    1                             .....((...(((((...)))))...))..  -6.50  [1.0000 -> 1.0000] ID = 3
  31    1                            .((.(((....(((((...)))))))).)).  -7.10 +[0.0000 -> 0.5476] ID = 4
  31    2                            ......((...(((((...)))))...))..  -6.50 -[1.0000 -> 0.4524] ID = 3
  32    1                           .(((.(((....(((((...)))))))).)))  -7.30 +[0.5476 -> 0.7205] ID = 5
  32    2                           .......((...(((((...)))))...))..  -6.50 -[0.4524 -> 0.2795] ID = 3
  33    1                          ..(((.(((....(((((...)))))))).)))  -7.30 +[0.7205 -> 0.7678] ID = 5
  33    2                          ........((...(((((...)))))...))..  -6.50 -[0.2795 -> 0.2322] ID = 3
  34    1                         ...(((.(((....(((((...)))))))).)))  -7.30 +[0.7678 -> 0.7807] ID = 5
  34    2                         .........((...(((((...)))))...))..  -6.50 -[0.2322 -> 0.2193] ID = 3
  35    1                        ....(((.(((....(((((...)))))))).)))  -7.30 +[0.7807 -> 0.7842] ID = 5
  35    2                        ..........((...(((((...)))))...))..  -6.50 -[0.2193 -> 0.2158] ID = 3
  36    1                       .....(((.(((....(((((...)))))))).)))  -7.30 +[0.7842 -> 0.7851] ID = 5
  36    2                       ...........((...(((((...)))))...))..  -6.50 -[0.2158 -> 0.2149] ID = 3
  37    1                      ......(((.(((....(((((...)))))))).)))  -7.30 +[0.7851 -> 0.7854] ID = 5
  37    2                      ............((...(((((...)))))...))..  -6.50 -[0.2149 -> 0.2146] ID = 3
  38    1                     .......(((.(((....(((((...)))))))).)))  -7.30  [0.7854 -> 0.7855] ID = 5
  38    2                     .............((...(((((...)))))...))..  -6.50  [0.2146 -> 0.2145] ID = 3
  39    1                    ........(((.(((....(((((...)))))))).)))  -7.30  [0.7855 -> 0.7855] ID = 5
  39    2                    ..............((...(((((...)))))...))..  -6.50  [0.2145 -> 0.2145] ID = 3
  40    1                   ((....)).(((.(((....(((((...)))))))).)))  -8.80  [0.7855 -> 0.7855] ID = 6
  40    2                   ((....)).......((...(((((...)))))...))..  -8.00  [0.2145 -> 0.2145] ID = 7
  41    1                  (((....)))(((.(((....(((((...)))))))).))) -10.00  [0.7855 -> 0.7855] ID = 8
  41    2                  (((....)))......((...(((((...)))))...))..  -9.20  [0.2145 -> 0.2145] ID = 9
  42    1                 .(((....)))(((.(((....(((((...)))))))).))) -10.00  [0.7855 -> 0.7855] ID = 8
  42    2                 .(((....)))......((...(((((...)))))...))..  -9.20  [0.2145 -> 0.2145] ID = 9
  43    1                ..(((....)))(((.(((....(((((...)))))))).))) -10.00  [0.7855 -> 0.7855] ID = 8
  43    2                ..(((....)))......((...(((((...)))))...))..  -9.20  [0.2145 -> 0.2145] ID = 9
  44    1               ...(((....)))(((.(((....(((((...)))))))).))) -10.00  [0.7855 -> 0.7855] ID = 8
  44    2               ...(((....)))......((...(((((...)))))...))..  -9.20  [0.2145 -> 0.2145] ID = 9
  45    1              ....(((....)))(((.(((....(((((...)))))))).))) -10.00  [0.7855 -> 0.7855] ID = 8
  45    2              ....(((....)))......((...(((((...)))))...))..  -9.20  [0.2145 -> 0.2145] ID = 9
  46    1             .....(((....)))(((.(((....(((((...)))))))).))) -10.00  [0.7855 -> 0.7855] ID = 8
  46    2             .....(((....)))......((...(((((...)))))...))..  -9.20  [0.2145 -> 0.2145] ID = 9
  47    1            ......(((....)))(((.(((....(((((...)))))))).))) -10.00 -[0.7855 -> 0.7301] ID = 8
  47    2            ((....(((....)))....))((...(((((...)))))...))..  -9.50 +[0.2145 -> 0.2699] ID = 10
  48    1           (((....(((....)))....)))....(((((...)))))....... -11.90 +[0.2699 -> 0.4433] ID = 11
  48    2           .......(((....)))(((.(((....(((((...)))))))).))) -10.00 -[0.7301 -> 0.5567] ID = 8
  49    1          ((((....(((....)))....))))...(((((...)))))....... -13.80 +[0.4433 -> 0.5387] ID = 12
  49    2          (((......)))......(((.(((....(((((...)))))))).))) -10.70 +[0.0000 -> 0.2542] ID = 13
  49    3          ........(((....)))(((.(((....(((((...)))))))).))) -10.00 -[0.5567 -> 0.2071] ID = 8
  50    1         ((((......)))).....(((.(((....(((((...)))))))).))) -14.00 +[0.2542 -> 0.2905] ID = 15
  50    2         .((((....(((....)))....))))...(((((...)))))....... -13.80 +[0.5387 -> 0.5501] ID = 12
  50    3         ((.....))(((....)))(((.(((....(((((...)))))))).))) -10.90 -[0.2071 -> 0.1594] ID = 14
  51    1        .((((......)))).....(((.(((....(((((...)))))))).))) -14.00 +[0.2905 -> 0.3159] ID = 15
  51    2        ..((((....(((....)))....))))...(((((...)))))....... -13.80 +[0.5501 -> 0.5839] ID = 12
  51    3        .((.....))(((....)))(((.(((....(((((...)))))))).))) -10.90 -[0.1594 -> 0.1001] ID = 14
  52    1       ..((((......)))).....(((.(((....(((((...)))))))).))) -14.00 +[0.3159 -> 0.3319] ID = 15
  52    2       ...((((....(((....)))....))))...(((((...)))))....... -13.80 +[0.5839 -> 0.6046] ID = 12
  52    3       ..((.....))(((....)))(((.(((....(((((...)))))))).))) -10.90 -[0.1001 -> 0.0635] ID = 14
  53    1      ...((((......)))).....(((.(((....(((((...)))))))).))) -14.00  [0.3636 -> 0.3637] ID = 15
  53    2      .(((((((....(((....)))....))))...(((((...)))))))).... -13.90 +[0.0000 -> 0.3439] ID = 16
  53    3      ....((((....(((....)))....))))...(((((...)))))....... -13.80 -[0.6364 -> 0.2924] ID = 12
  54    1     ....((((......)))).....(((.(((....(((((...)))))))).))) -14.00  [0.3637 -> 0.3637] ID = 15
  54    2     ..(((((((....(((....)))....))))...(((((...)))))))).... -13.90  [0.3439 -> 0.3439] ID = 16
  54    3     .....((((....(((....)))....))))...(((((...)))))....... -13.80  [0.2924 -> 0.2924] ID = 12
  55    1    ((...((((......))))..)).(((.(((....(((((...)))))))).))) -14.50  [0.3637 -> 0.3638] ID = 17
  55    2    ...(((((((....(((....)))....))))...(((((...)))))))).... -13.90  [0.3439 -> 0.3439] ID = 16
  55    3    ......((((....(((....)))....))))...(((((...)))))....... -13.80  [0.2924 -> 0.2923] ID = 12
  56    1   .((...((((......))))..)).(((.(((....(((((...)))))))).))) -14.50  [0.3638 -> 0.3638] ID = 17
  56    2   (((....((((....(((....)))....))))...(((((...)))))))).... -14.50 +[0.0000 -> 0.3691] ID = 18
  56    3   ....(((((((....(((....)))....))))...(((((...)))))))).... -13.90 -[0.3439 -> 0.1464] ID = 16
  56    4   .......((((....(((....)))....))))...(((((...)))))....... -13.80 -[0.2923 -> 0.1207] ID = 12
  57    1  ..((...((((......))))..)).(((.(((....(((((...)))))))).))) -14.50  [0.3638 -> 0.3638] ID = 17
  57    2  .(((....((((....(((....)))....))))...(((((...)))))))).... -14.50 +[0.3691 -> 0.3744] ID = 18
  57    3  .....(((((((....(((....)))....))))...(((((...)))))))).... -13.90 -[0.1464 -> 0.1416] ID = 16
  57    4  ........((((....(((....)))....))))...(((((...)))))....... -13.80 -[0.1207 -> 0.1203] ID = 12
  58    1 .((((....((((....(((....)))....))))...(((((...))))))).)).. -14.60 +[0.3744 -> 0.4049] ID = 19
  58    2 ...((...((((......))))..)).(((.(((....(((((...)))))))).))) -14.50 -[0.3638 -> 0.3546] ID = 17
  58    3 ......(((((((....(((....)))....))))...(((((...)))))))).... -13.90 -[0.1416 -> 0.1300] ID = 16
  58    4 .........((((....(((....)))....))))...(((((...)))))....... -13.80 -[0.1203 -> 0.1106] ID = 12
# Distribution of structures at the end:
#         UCGCCAACCCGGUCAGGUCCGGAAGGAAGCAGCCGUAACGAGUUUUGCUCGGGUCGUU
  58    1 .((((....((((....(((....)))....))))...(((((...))))))).)).. -14.60 0.4049 +[t8: 0.4091] ID = 19
  58    2 ...((...((((......))))..)).(((.(((....(((((...)))))))).))) -14.50 0.3546 -[t8: 0.3478] ID = 17
  58    3 ......(((((((....(((....)))....))))...(((((...)))))))).... -13.90 0.1300 +[t8: 0.1314] ID = 16
  58    4 .........((((....(((....)))....))))...(((((...)))))....... -13.80 0.1106 +[t8: 0.1117] ID = 12
