# File generated using DrTransformer v0.10
#
# >drtr_srp_Carb.hydr._CP000141_rev
# CGAACCGUGUCAGGUCCGGAAGGAAGCAGCACUAAG 
#
# Co-transcriptional folding parameters:
# --t-ext: 0.02 sec
# --t-end: 60.0 sec
# --start: 1
# --stop: 36
# --reversed-transcription: True
#
# Algorithm parameters:
# --o-prune: 0.1
# --t-fast: 0.002 sec
# --fpwm: 4
# --mfree: 6 nuc
# --k0: 200000.0
#
# ViennaRNA model details:
# --temp: 37.0 C
# --dangles: 2
# --paramFile: None
# --noTetra: False
# --noGU: False
# --noClosingGU: False
#
#
# Results:
# Transcription Step | Energy-sorted structure count | Structure | Energy | [Occupancy-t0 Occupancy-t8] | Structure ID (-> Plotting ID)
   1    1                                    .   0.00  [1.0000 -> 1.0000] ID = 0
   2    1                                   ..   0.00  [1.0000 -> 1.0000] ID = 0
   3    1                                  ...   0.00  [1.0000 -> 1.0000] ID = 0
   4    1                                 ....   0.00  [1.0000 -> 1.0000] ID = 0
   5    1                                .....   0.00  [1.0000 -> 1.0000] ID = 0
   6    1                               ......   0.00  [1.0000 -> 1.0000] ID = 0
   7    1                              .......   0.00  [1.0000 -> 1.0000] ID = 0
   8    1                             ........   0.00  [1.0000 -> 1.0000] ID = 0
   9    1                            .........   0.00  [1.0000 -> 1.0000] ID = 0
  10    1                           ..........   0.00  [1.0000 -> 1.0000] ID = 0
  11    1                          ...........   0.00  [1.0000 -> 1.0000] ID = 0
  12    1                         ............   0.00  [1.0000 -> 1.0000] ID = 0
  13    1                        .............   0.00  [1.0000 -> 1.0000] ID = 0
  14    1                       ..............   0.00  [1.0000 -> 1.0000] ID = 0
  15    1                      ...............   0.00  [1.0000 -> 1.0000] ID = 0
  16    1                     ................   0.00  [1.0000 -> 1.0000] ID = 0
  17    1                    .................   0.00  [1.0000 -> 1.0000] ID = 0
  18    1                   ..................   0.00  [1.0000 -> 1.0000] ID = 0
  19    1                  ...................   0.00  [1.0000 -> 1.0000] ID = 0
  20    1                 ....................   0.00  [1.0000 -> 1.0000] ID = 0
  21    1                ((....)).............  -1.50  [1.0000 -> 1.0000] ID = 1
  22    1               (((....)))............  -2.70  [1.0000 -> 1.0000] ID = 2
  23    1              .(((....)))............  -2.70  [1.0000 -> 1.0000] ID = 2
  24    1             ..(((....)))............  -2.70  [1.0000 -> 1.0000] ID = 2
  25    1            ...(((....)))............  -2.70  [1.0000 -> 1.0000] ID = 2
  26    1           ....(((....)))............  -2.70  [1.0000 -> 1.0000] ID = 2
  27    1          .....(((....)))............  -2.70  [1.0000 -> 1.0000] ID = 2
  28    1         ((....(((....)))....))......  -3.50  [1.0000 -> 1.0000] ID = 3
  29    1        (((....(((....)))....))).....  -4.20  [1.0000 -> 1.0000] ID = 4
  30    1       ((((....(((....)))....))))....  -7.70  [1.0000 -> 1.0000] ID = 5
  31    1      .((((....(((....)))....))))....  -7.70  [1.0000 -> 1.0000] ID = 5
  32    1     ..((((....(((....)))....))))....  -7.70  [1.0000 -> 1.0000] ID = 5
  33    1    ...((((....(((....)))....))))....  -7.70  [1.0000 -> 1.0000] ID = 5
  34    1   ....((((....(((....)))....))))....  -7.70  [1.0000 -> 1.0000] ID = 5
  35    1  .....((((....(((....)))....))))....  -7.70  [1.0000 -> 1.0000] ID = 5
  36    1 ......((((....(((....)))....))))....  -7.70  [1.0000 -> 1.0000] ID = 5
# Distribution of structures at the end:
#         CGAACCGUGUCAGGUCCGGAAGGAAGCAGCACUAAG
  36    1 ......((((....(((....)))....))))....  -7.70 1.0000  [t8: 1.0000] ID = 5
