# File generated using DrTransformer v0.10
#
# >drtr_srp_Dein.geot._CP000359_rev
# UGAACCUGGUCAGGGCCGGAAGGCAGCAGCCA 
#
# Co-transcriptional folding parameters:
# --t-ext: 0.02 sec
# --t-end: 60.0 sec
# --start: 1
# --stop: 32
# --reversed-transcription: True
#
# Algorithm parameters:
# --o-prune: 0.1
# --t-fast: 0.002 sec
# --fpwm: 4
# --mfree: 6 nuc
# --k0: 200000.0
#
# ViennaRNA model details:
# --temp: 37.0 C
# --dangles: 2
# --paramFile: None
# --noTetra: False
# --noGU: False
# --noClosingGU: False
#
#
# Results:
# Transcription Step | Energy-sorted structure count | Structure | Energy | [Occupancy-t0 Occupancy-t8] | Structure ID (-> Plotting ID)
   1    1                                .   0.00  [1.0000 -> 1.0000] ID = 0
   2    1                               ..   0.00  [1.0000 -> 1.0000] ID = 0
   3    1                              ...   0.00  [1.0000 -> 1.0000] ID = 0
   4    1                             ....   0.00  [1.0000 -> 1.0000] ID = 0
   5    1                            .....   0.00  [1.0000 -> 1.0000] ID = 0
   6    1                           ......   0.00  [1.0000 -> 1.0000] ID = 0
   7    1                          .......   0.00  [1.0000 -> 1.0000] ID = 0
   8    1                         ........   0.00  [1.0000 -> 1.0000] ID = 0
   9    1                        .........   0.00  [1.0000 -> 1.0000] ID = 0
  10    1                       ((....))..  -0.30  [1.0000 -> 1.0000] ID = 1
  11    1                      (((....))).  -4.10  [1.0000 -> 1.0000] ID = 2
  12    1                     .(((....))).  -4.10  [1.0000 -> 1.0000] ID = 2
  13    1                    ..(((....))).  -4.10  [1.0000 -> 1.0000] ID = 2
  14    1                   ...(((....))).  -4.10  [1.0000 -> 1.0000] ID = 2
  15    1                  ....(((....))).  -4.10  [1.0000 -> 1.0000] ID = 2
  16    1                 .....(((....))).  -4.10  [1.0000 -> 1.0000] ID = 2
  17    1                ......(((....))).  -4.10  [1.0000 -> 1.0000] ID = 2
  18    1               (((....)))........  -4.80 +[0.0000 -> 0.0843] ID = 3
  18    2               .......(((....))).  -4.10 -[1.0000 -> 0.9157] ID = 2
  19    1              .(((....)))........  -4.80 +[0.0843 -> 0.1592] ID = 3
  19    2              ........(((....))).  -4.10 -[0.9157 -> 0.8408] ID = 2
  20    1             ..(((....)))........  -4.80 +[0.1592 -> 0.2258] ID = 3
  20    2             .........(((....))).  -4.10 -[0.8408 -> 0.7742] ID = 2
  21    1            ...(((....)))........  -4.80 +[0.2258 -> 0.2850] ID = 3
  21    2            ..........(((....))).  -4.10 -[0.7742 -> 0.7150] ID = 2
  22    1           ....(((....)))........  -4.80 +[0.2850 -> 0.3376] ID = 3
  22    2           ...........(((....))).  -4.10 -[0.7150 -> 0.6624] ID = 2
  23    1          .....(((....)))........  -4.80 +[0.3376 -> 0.3843] ID = 3
  23    2          ............(((....))).  -4.10 -[0.6624 -> 0.6157] ID = 2
  24    1         ......(((....)))........  -4.80 +[0.3843 -> 0.4258] ID = 3
  24    2         .............(((....))).  -4.10 -[0.6157 -> 0.5742] ID = 2
  25    1        (((....(((....)))....))).  -8.50 +[0.4258 -> 0.4281] ID = 4
  25    2        (((....)))....(((....))).  -6.00 -[0.5742 -> 0.5719] ID = 5
  26    1       ((((....(((....)))....))))  -8.70 +[0.4281 -> 0.4293] ID = 6
  26    2       ((((....))))...(((....))).  -6.40 -[0.5719 -> 0.5707] ID = 7
  27    1      (((((....)))))..(((....))).  -9.50  [0.5707 -> 0.5707] ID = 8
  27    2      .((((....(((....)))....))))  -8.70  [0.4293 -> 0.4293] ID = 6
  28    1     .(((((....)))))..(((....))).  -9.50  [0.5707 -> 0.5707] ID = 8
  28    2     ..((((....(((....)))....))))  -8.70  [0.4293 -> 0.4293] ID = 6
  29    1    ..(((((....)))))..(((....))).  -9.50  [0.5707 -> 0.5707] ID = 8
  29    2    ...((((....(((....)))....))))  -8.70  [0.4293 -> 0.4293] ID = 6
  30    1   ...(((((....)))))..(((....))).  -9.50  [0.5707 -> 0.5707] ID = 8
  30    2   ....((((....(((....)))....))))  -8.70  [0.4293 -> 0.4293] ID = 6
  31    1  ....(((((....)))))..(((....))).  -9.50  [0.5707 -> 0.5708] ID = 8
  31    2  .....((((....(((....)))....))))  -8.70  [0.4293 -> 0.4292] ID = 6
  32    1 .....(((((....)))))..(((....))).  -9.50 +[0.5708 -> 0.6090] ID = 8
  32    2 ......((((....(((....)))....))))  -8.70 -[0.4292 -> 0.3910] ID = 6
# Distribution of structures at the end:
#         UGAACCUGGUCAGGGCCGGAAGGCAGCAGCCA
  32    1 .....(((((....)))))..(((....))).  -9.50 0.6090 +[t8: 0.7855] ID = 8
  32    2 ......((((....(((....)))....))))  -8.70 0.3910 -[t8: 0.2145] ID = 6
