# File generated using DrTransformer v0.10
#
# >drtr_srp_Nitr.wino._CP000115_rev
# CGCCAACCUGGUCAGGUCCGGAAGGAAGCAGCCACAACG 
#
# Co-transcriptional folding parameters:
# --t-ext: 0.02 sec
# --t-end: 60.0 sec
# --start: 1
# --stop: 39
# --reversed-transcription: True
#
# Algorithm parameters:
# --o-prune: 0.1
# --t-fast: 0.002 sec
# --fpwm: 4
# --mfree: 6 nuc
# --k0: 200000.0
#
# ViennaRNA model details:
# --temp: 37.0 C
# --dangles: 2
# --paramFile: None
# --noTetra: False
# --noGU: False
# --noClosingGU: False
#
#
# Results:
# Transcription Step | Energy-sorted structure count | Structure | Energy | [Occupancy-t0 Occupancy-t8] | Structure ID (-> Plotting ID)
   1    1                                       .   0.00  [1.0000 -> 1.0000] ID = 0
   2    1                                      ..   0.00  [1.0000 -> 1.0000] ID = 0
   3    1                                     ...   0.00  [1.0000 -> 1.0000] ID = 0
   4    1                                    ....   0.00  [1.0000 -> 1.0000] ID = 0
   5    1                                   .....   0.00  [1.0000 -> 1.0000] ID = 0
   6    1                                  ......   0.00  [1.0000 -> 1.0000] ID = 0
   7    1                                 .......   0.00  [1.0000 -> 1.0000] ID = 0
   8    1                                ........   0.00  [1.0000 -> 1.0000] ID = 0
   9    1                               .........   0.00  [1.0000 -> 1.0000] ID = 0
  10    1                              ..........   0.00  [1.0000 -> 1.0000] ID = 0
  11    1                             ...........   0.00  [1.0000 -> 1.0000] ID = 0
  12    1                            ............   0.00  [1.0000 -> 1.0000] ID = 0
  13    1                           .............   0.00  [1.0000 -> 1.0000] ID = 0
  14    1                          ..............   0.00  [1.0000 -> 1.0000] ID = 0
  15    1                         ...............   0.00  [1.0000 -> 1.0000] ID = 0
  16    1                        ((......))......  -0.70  [1.0000 -> 1.0000] ID = 1
  17    1                       .((......))......  -0.70  [1.0000 -> 1.0000] ID = 1
  18    1                      ..((......))......  -0.70  [1.0000 -> 1.0000] ID = 1
  19    1                     ...((......))......  -0.70  [1.0000 -> 1.0000] ID = 1
  20    1                    ....((......))......  -0.70  [1.0000 -> 1.0000] ID = 1
  21    1                   .....((......))......  -0.70  [1.0000 -> 1.0000] ID = 1
  22    1                  ((....))..............  -1.50  [1.0000 -> 1.0000] ID = 2
  23    1                 (((....))).............  -2.70  [1.0000 -> 1.0000] ID = 3
  24    1                .(((....))).............  -2.70  [1.0000 -> 1.0000] ID = 3
  25    1               (((((....)).....)))......  -2.80 +[0.0000 -> 0.5405] ID = 4
  25    2               ..(((....))).............  -2.70 -[1.0000 -> 0.4595] ID = 3
  26    1              .(((((....)).....)))......  -2.80  [0.5405 -> 0.5405] ID = 4
  26    2              ...(((....))).............  -2.70  [0.4595 -> 0.4595] ID = 3
  27    1             ..(((((....)).....)))......  -2.80  [0.5405 -> 0.5405] ID = 4
  27    2             ....(((....))).............  -2.70  [0.4595 -> 0.4595] ID = 3
  28    1            ...(((((....)).....)))......  -2.80  [0.5405 -> 0.5405] ID = 4
  28    2            .....(((....))).............  -2.70  [0.4595 -> 0.4595] ID = 3
  29    1           ((....(((....)))....)).......  -3.00 +[0.4595 -> 0.5804] ID = 6
  29    2           ....(((((....)).....)))......  -2.80 -[0.5405 -> 0.4196] ID = 4
  30    1          (((....(((....)))....)))......  -6.80 +[0.5804 -> 0.9982] ID = 7
  30    2          .....(((((....)).....)))......  -2.80 -[0.4196 -> 0.0018] ID = 4
  31    1         ((((....(((....)))....)))).....  -7.60  [1.0000 -> 1.0000] ID = 8
  32    1        .((((....(((....)))....)))).....  -7.60  [1.0000 -> 1.0000] ID = 8
  33    1       ..((((....(((....)))....)))).....  -7.60  [1.0000 -> 1.0000] ID = 8
  34    1      ...((((....(((....)))....)))).....  -7.60  [1.0000 -> 1.0000] ID = 8
  35    1     ....((((....(((....)))....)))).....  -7.60  [1.0000 -> 1.0000] ID = 8
  36    1    .....((((....(((....)))....)))).....  -7.60  [1.0000 -> 1.0000] ID = 8
  37    1   ......((((....(((....)))....)))).....  -7.60  [1.0000 -> 1.0000] ID = 8
  38    1  .......((((....(((....)))....)))).....  -7.60  [1.0000 -> 1.0000] ID = 8
  39    1 ........((((....(((....)))....)))).....  -7.60  [1.0000 -> 1.0000] ID = 8
# Distribution of structures at the end:
#         CGCCAACCUGGUCAGGUCCGGAAGGAAGCAGCCACAACG
  39    1 ........((((....(((....)))....)))).....  -7.60 1.0000  [t8: 1.0000] ID = 8
