# File generated using DrTransformer v0.10
#
# >drtr_srp_Rhod.spha._CP000577
# GUCGCCAACCCGGUCAGGUCCGGAAGGAAGCAGCCGUAACGA 
#
# Co-transcriptional folding parameters:
# --t-ext: 0.02 sec
# --t-end: 60.0 sec
# --start: 1
# --stop: 42
# --reversed-transcription: False
#
# Algorithm parameters:
# --o-prune: 0.1
# --t-fast: 0.002 sec
# --fpwm: 4
# --mfree: 6 nuc
# --k0: 200000.0
#
# ViennaRNA model details:
# --temp: 37.0 C
# --dangles: 2
# --paramFile: None
# --noTetra: False
# --noGU: False
# --noClosingGU: False
#
#
# Results:
# Transcription Step | Energy-sorted structure count | Structure | Energy | [Occupancy-t0 Occupancy-t8] | Structure ID (-> Plotting ID)
   1    1 .   0.00  [1.0000 -> 1.0000] ID = 0
   2    1 ..   0.00  [1.0000 -> 1.0000] ID = 0
   3    1 ...   0.00  [1.0000 -> 1.0000] ID = 0
   4    1 ....   0.00  [1.0000 -> 1.0000] ID = 0
   5    1 .....   0.00  [1.0000 -> 1.0000] ID = 0
   6    1 ......   0.00  [1.0000 -> 1.0000] ID = 0
   7    1 .......   0.00  [1.0000 -> 1.0000] ID = 0
   8    1 ........   0.00  [1.0000 -> 1.0000] ID = 0
   9    1 .........   0.00  [1.0000 -> 1.0000] ID = 0
  10    1 ..........   0.00  [1.0000 -> 1.0000] ID = 0
  11    1 ...........   0.00  [1.0000 -> 1.0000] ID = 0
  12    1 ............   0.00  [1.0000 -> 1.0000] ID = 0
  13    1 ....((.....))  -0.20  [1.0000 -> 1.0000] ID = 1
  14    1 ...(((.....)))  -1.70  [1.0000 -> 1.0000] ID = 2
  15    1 ...(((.....))).  -1.70  [1.0000 -> 1.0000] ID = 2
  16    1 ...(((.....)))..  -1.70  [1.0000 -> 1.0000] ID = 2
  17    1 ...(((.....)))...  -1.70  [1.0000 -> 1.0000] ID = 2
  18    1 ...(((.....)))....  -1.70  [1.0000 -> 1.0000] ID = 2
  19    1 ...(((.....))).....  -1.70  [1.0000 -> 1.0000] ID = 2
  20    1 ...(((.....)))......  -1.70  [1.0000 -> 1.0000] ID = 2
  21    1 ...(((.....))).......  -1.70  [1.0000 -> 1.0000] ID = 2
  22    1 ..........(((......)))  -3.40 +[0.0000 -> 0.9082] ID = 3
  22    2 ...(((.....)))........  -1.70 -[1.0000 -> 0.0918] ID = 2
  23    1 .........((((......))))  -6.70  [1.0000 -> 1.0000] ID = 4
  24    1 .........((((......)))).  -6.70  [1.0000 -> 1.0000] ID = 4
  25    1 .........((((......))))..  -6.70  [1.0000 -> 1.0000] ID = 4
  26    1 .........((((......))))...  -6.70  [1.0000 -> 1.0000] ID = 4
  27    1 ....((...((((......))))..))  -7.20  [1.0000 -> 1.0000] ID = 5
  28    1 ....((...((((......))))..)).  -7.20  [1.0000 -> 1.0000] ID = 5
  29    1 ....((...((((......))))..))..  -7.20  [1.0000 -> 1.0000] ID = 5
  30    1 ....((...((((......))))..))...  -7.20  [1.0000 -> 1.0000] ID = 5
  31    1 ((..((...((((......))))..))..))  -9.40  [1.0000 -> 1.0000] ID = 6
  32    1 ((..((...((((......))))..))..)).  -9.40  [1.0000 -> 1.0000] ID = 6
  33    1 ((..((...((((......))))..))..))..  -9.40  [1.0000 -> 1.0000] ID = 6
  34    1 ((..((...((((......))))..))..))...  -9.40  [1.0000 -> 1.0000] ID = 6
  35    1 ((..((...((((......))))..))..))....  -9.40  [1.0000 -> 1.0000] ID = 6
  36    1 ((..((...((((......))))..))..)).....  -9.40  [1.0000 -> 1.0000] ID = 6
  37    1 ((..((...((((......))))..))..))......  -9.40  [1.0000 -> 1.0000] ID = 6
  38    1 ((..((...((((......))))..))..)).......  -9.40  [1.0000 -> 1.0000] ID = 6
  39    1 ((..((...((((......))))..))..))........  -9.40  [1.0000 -> 1.0000] ID = 6
  40    1 ((..((...((((......))))..))..)).........  -9.40  [1.0000 -> 1.0000] ID = 6
  41    1 ((..((...((((......))))..))..))..........  -9.40  [1.0000 -> 1.0000] ID = 6
  42    1 ((..((...((((......))))..))..))...........  -9.40  [1.0000 -> 1.0000] ID = 6
# Distribution of structures at the end:
#         GUCGCCAACCCGGUCAGGUCCGGAAGGAAGCAGCCGUAACGA
  42    1 ((..((...((((......))))..))..))...........  -9.40 1.0000  [t8: 1.0000] ID = 6
