# File generated using DrTransformer v0.10
#
# >drtr_srp_Cory.glut._AP009044
# UGAACCCCCCCAGGGCCGGAAGGCAGCAAGGGUAAGCGGGCUCUGACGGGUG 
#
# Co-transcriptional folding parameters:
# --t-ext: 0.02 sec
# --t-end: 60.0 sec
# --start: 1
# --stop: 52
# --reversed-transcription: False
#
# Algorithm parameters:
# --o-prune: 0.1
# --t-fast: 0.002 sec
# --fpwm: 4
# --mfree: 6 nuc
# --k0: 200000.0
#
# ViennaRNA model details:
# --temp: 37.0 C
# --dangles: 2
# --paramFile: None
# --noTetra: False
# --noGU: False
# --noClosingGU: False
#
#
# Results:
# Transcription Step | Energy-sorted structure count | Structure | Energy | [Occupancy-t0 Occupancy-t8] | Structure ID (-> Plotting ID)
   1    1 .   0.00  [1.0000 -> 1.0000] ID = 0
   2    1 ..   0.00  [1.0000 -> 1.0000] ID = 0
   3    1 ...   0.00  [1.0000 -> 1.0000] ID = 0
   4    1 ....   0.00  [1.0000 -> 1.0000] ID = 0
   5    1 .....   0.00  [1.0000 -> 1.0000] ID = 0
   6    1 ......   0.00  [1.0000 -> 1.0000] ID = 0
   7    1 .......   0.00  [1.0000 -> 1.0000] ID = 0
   8    1 ........   0.00  [1.0000 -> 1.0000] ID = 0
   9    1 .........   0.00  [1.0000 -> 1.0000] ID = 0
  10    1 ..........   0.00  [1.0000 -> 1.0000] ID = 0
  11    1 ...........   0.00  [1.0000 -> 1.0000] ID = 0
  12    1 ............   0.00  [1.0000 -> 1.0000] ID = 0
  13    1 .............   0.00  [1.0000 -> 1.0000] ID = 0
  14    1 ....((......))  -0.50  [1.0000 -> 1.0000] ID = 1
  15    1 ....(((.....)))  -3.00 +[0.0000 -> 0.9829] ID = 2
  15    2 ....((......)).  -0.50 -[1.0000 -> 0.0171] ID = 1
  16    1 ....(((.....))).  -3.00  [1.0000 -> 1.0000] ID = 2
  17    1 ....(((.....)))..  -3.00  [1.0000 -> 1.0000] ID = 2
  18    1 ....(((.....)))...  -3.00  [1.0000 -> 1.0000] ID = 2
  19    1 ....(((.....)))....  -3.00  [1.0000 -> 1.0000] ID = 2
  20    1 ....(((.....))).....  -3.00  [1.0000 -> 1.0000] ID = 2
  21    1 ....(((.....)))......  -3.00  [1.0000 -> 1.0000] ID = 2
  22    1 ....(((.....))).......  -3.00  [1.0000 -> 1.0000] ID = 2
  23    1 ....(((.....)))((....))  -4.10  [1.0000 -> 1.0000] ID = 3
  24    1 ....((......))(((....)))  -5.30  [1.0000 -> 1.0000] ID = 4
  25    1 ....((......))(((....))).  -5.30  [1.0000 -> 1.0000] ID = 4
  26    1 ....((......))(((....)))..  -5.30  [1.0000 -> 1.0000] ID = 4
  27    1 ....((......))(((....)))...  -5.30  [1.0000 -> 1.0000] ID = 4
  28    1 ....((......))(((....)))....  -5.30  [1.0000 -> 1.0000] ID = 4
  29    1 ....((......))(((....))).....  -5.30  [1.0000 -> 1.0000] ID = 4
  30    1 ....((......))(((....)))......  -5.30  [1.0000 -> 1.0000] ID = 4
  31    1 .......((.....(((....))).....))  -6.50  [1.0000 -> 1.0000] ID = 5
  32    1 ......(((.....(((....))).....)))  -9.30  [1.0000 -> 1.0000] ID = 6
  33    1 ...((((.......(((....))).....))))  -9.60 +[0.0000 -> 0.0329] ID = 7
  33    2 ......(((.....(((....))).....))).  -9.30 -[1.0000 -> 0.9671] ID = 6
  34    1 ...((((.......(((....))).....)))).  -9.60 +[0.0329 -> 0.0640] ID = 7
  34    2 ......(((.....(((....))).....)))..  -9.30 -[0.9671 -> 0.9360] ID = 6
  35    1 ...((((.......(((....))).....))))..  -9.60 +[0.0640 -> 0.0935] ID = 7
  35    2 ......(((.....(((....))).....)))...  -9.30 -[0.9360 -> 0.9065] ID = 6
  36    1 ...((((.......(((....))).....))))...  -9.60 +[0.0935 -> 0.1214] ID = 7
  36    2 ......(((.....(((....))).....)))....  -9.30 -[0.9065 -> 0.8786] ID = 6
  37    1 ...((((.......(((....))).....))))....  -9.60 +[0.1214 -> 0.1478] ID = 7
  37    2 ......(((.....(((....))).....))).....  -9.30 -[0.8786 -> 0.8522] ID = 6
  38    1 ...((((.......(((....))).....)))).....  -9.60 +[0.1478 -> 0.1728] ID = 7
  38    2 ......(((.....(((....))).....)))......  -9.30 -[0.8522 -> 0.8272] ID = 6
  39    1 ...((((.......(((....))).....))))......  -9.60 +[0.1728 -> 0.1965] ID = 7
  39    2 ......(((.....(((....))).....))).......  -9.30 -[0.8272 -> 0.8035] ID = 6
  40    1 ....((((((....(((....))).....))).....))) -11.50 +[0.0000 -> 0.4581] ID = 8
  40    2 ...((((.......(((....))).....)))).......  -9.60 +[0.1965 -> 0.2078] ID = 7
  40    3 ......(((.....(((....))).....)))........  -9.30 -[0.8035 -> 0.3341] ID = 6
  41    1 ....((((((....(((....))).....))).....))). -11.50 +[0.4581 -> 0.6432] ID = 8
  41    2 ...((((.......(((....))).....))))........  -9.60 +[0.2078 -> 0.2088] ID = 7
  41    3 ......(((.....(((....))).....))).........  -9.30 -[0.3341 -> 0.1479] ID = 6
  42    1 ....((((((....(((....))).....))).....))).. -11.50 +[0.6432 -> 0.7201] ID = 8
  42    2 ...((((.......(((....))).....)))).........  -9.60 -[0.2088 -> 0.2058] ID = 7
  42    3 ......(((.....(((....))).....)))..........  -9.30 -[0.1479 -> 0.0741] ID = 6
  43    1 .((.((((((....(((....))).....))).....))).)) -12.80 +[0.7571 -> 0.7601] ID = 9
  43    2 ...((((.......(((....))).....))))..........  -9.60 -[0.2429 -> 0.2399] ID = 7
  44    1 .((.((((((....(((....))).....))).....))).)). -12.80 +[0.7601 -> 0.7631] ID = 9
  44    2 ...((((.......(((....))).....))))...........  -9.60 -[0.2399 -> 0.2369] ID = 7
  45    1 .((.((((((....(((....))).....))).....))).)).. -12.80 +[0.7631 -> 0.7661] ID = 9
  45    2 ...((((.......(((....))).....))))............  -9.60 -[0.2369 -> 0.2339] ID = 7
  46    1 .((.((((((....(((....))).....))).....))).))... -12.80 +[0.7661 -> 0.7690] ID = 9
  46    2 ...((((.......(((....))).....)))).............  -9.60 -[0.2339 -> 0.2310] ID = 7
  47    1 .((.((((((....(((....))).....))).....))).)).... -12.80 +[0.7690 -> 0.7718] ID = 9
  47    2 ...((((.......(((....))).....))))..............  -9.60 -[0.2310 -> 0.2282] ID = 7
  48    1 .((.((((((....(((....))).....))).....))).))..... -12.80 +[0.7718 -> 0.7747] ID = 9
  48    2 ...((((.......(((....))).....))))...............  -9.60 -[0.2282 -> 0.2253] ID = 7
  49    1 ....(((.....)))(((..((((.((........))..)).))..))) -14.30 +[0.0000 -> 0.0008] ID = 10
  49    2 .((.((((((....(((....))).....))).....))).))...... -12.80 +[0.7747 -> 0.7753] ID = 9
  49    3 ...((((.......(((....))).....))))...((........)). -10.40 -[0.2253 -> 0.2238] ID = 11
  50    1 .....(((..(((((((.....((.......)).....)))))))..))) -16.70 +[0.0000 -> 0.0007] ID = 12
  50    2 .((.((((((....(((....))).....))).....))).))....... -12.80 +[0.7758 -> 0.7782] ID = 9
  50    3 ...((((.......(((....))).....))))...((........)).. -10.40 -[0.2242 -> 0.2211] ID = 11
  51    1 ...((((...(((((((.....((.......)).....)))))))..)))) -17.80 +[0.0000 -> 0.0017] ID = 13
  51    2 .((.((((((....(((....))).....))).....))).))........ -12.80 -[0.7785 -> 0.7777] ID = 9
  51    3 ...((((.......(((....))).....))))......((((....)))) -11.80 -[0.2215 -> 0.2206] ID = 14
  52    1 ...((((...(((((((.....((.......)).....)))))))..)))). -17.80 +[0.0017 -> 0.9991] ID = 13
  52    2 ...((((((...))(((....)))....(((((......)))))...)))). -13.00 +[0.0000 -> 0.0004] ID = 15
  52    3 .((.((((((....(((....))).....))).....))).))......... -12.80 -[0.7777 -> 0.0004] ID = 9
  52    4 ...((((.......(((....))).....))))......((((....)))). -11.80 -[0.2206 -> 0.0001] ID = 14
# Distribution of structures at the end:
#         UGAACCCCCCCAGGGCCGGAAGGCAGCAAGGGUAAGCGGGCUCUGACGGGUG
  52    1 ...((((...(((((((.....((.......)).....)))))))..)))). -17.80 0.9991  [t8: 0.9992] ID = 13
  52    2 ...((((((...))(((....)))....(((((......)))))...)))). -13.00 0.0004  [t8: 0.0004] ID = 15
  52    3 .((.((((((....(((....))).....))).....))).))......... -12.80 0.0004  [t8: 0.0003] ID = 9
  52    4 ...((((.......(((....))).....))))......((((....)))). -11.80 0.0001  [t8: 0.0001] ID = 14
