# File generated using DrTransformer v0.10
#
# >drtr_srp_Kine.radi._CP000750_rev
# CUGAACCCCCCCAGGGCCGGAAGGCAGCAAGGGUAGGUGGGCCCUGGCGGGUG 
#
# Co-transcriptional folding parameters:
# --t-ext: 0.02 sec
# --t-end: 60.0 sec
# --start: 1
# --stop: 53
# --reversed-transcription: True
#
# Algorithm parameters:
# --o-prune: 0.1
# --t-fast: 0.002 sec
# --fpwm: 4
# --mfree: 6 nuc
# --k0: 200000.0
#
# ViennaRNA model details:
# --temp: 37.0 C
# --dangles: 2
# --paramFile: None
# --noTetra: False
# --noGU: False
# --noClosingGU: False
#
#
# Results:
# Transcription Step | Energy-sorted structure count | Structure | Energy | [Occupancy-t0 Occupancy-t8] | Structure ID (-> Plotting ID)
   1    1                                                     .   0.00  [1.0000 -> 1.0000] ID = 0
   2    1                                                    ..   0.00  [1.0000 -> 1.0000] ID = 0
   3    1                                                   ...   0.00  [1.0000 -> 1.0000] ID = 0
   4    1                                                  ....   0.00  [1.0000 -> 1.0000] ID = 0
   5    1                                                 .....   0.00  [1.0000 -> 1.0000] ID = 0
   6    1                                                ......   0.00  [1.0000 -> 1.0000] ID = 0
   7    1                                               .......   0.00  [1.0000 -> 1.0000] ID = 0
   8    1                                              ........   0.00  [1.0000 -> 1.0000] ID = 0
   9    1                                             .........   0.00  [1.0000 -> 1.0000] ID = 0
  10    1                                            ..........   0.00  [1.0000 -> 1.0000] ID = 0
  11    1                                           ((....))...  -0.60  [1.0000 -> 1.0000] ID = 1
  12    1                                          (((....)))..  -3.50  [1.0000 -> 1.0000] ID = 2
  13    1                                         ((((....)))).  -5.20  [1.0000 -> 1.0000] ID = 3
  14    1                                        .((((....)))).  -5.20  [1.0000 -> 1.0000] ID = 3
  15    1                                       ..((((....)))).  -5.20  [1.0000 -> 1.0000] ID = 3
  16    1                                      ...((((....)))).  -5.20  [1.0000 -> 1.0000] ID = 3
  17    1                                     ....((((....)))).  -5.20  [1.0000 -> 1.0000] ID = 3
  18    1                                    .....((((....)))).  -5.20  [1.0000 -> 1.0000] ID = 3
  19    1                                   ......((((....)))).  -5.20  [1.0000 -> 1.0000] ID = 3
  20    1                                  .......((((....)))).  -5.20  [1.0000 -> 1.0000] ID = 3
  21    1                                 ........((((....)))).  -5.20  [1.0000 -> 1.0000] ID = 3
  22    1                                .........((((....)))).  -5.20  [1.0000 -> 1.0000] ID = 3
  23    1                               ((((......)))).........  -5.30 +[0.0000 -> 0.0035] ID = 4
  23    2                               ..........((((....)))).  -5.20 -[1.0000 -> 0.9965] ID = 3
  24    1                              (((((......)))))........  -7.00 +[0.0000 -> 0.0035] ID = 5
  24    2                              ...........((((....)))).  -5.20 -[1.0000 -> 0.9965] ID = 3
  25    1                             .(((((......)))))........  -7.00 +[0.0035 -> 0.0069] ID = 5
  25    2                             ............((((....)))).  -5.20 -[0.9965 -> 0.9931] ID = 3
  26    1                            ..(((((......)))))........  -7.00 +[0.0069 -> 0.0104] ID = 5
  26    2                            .............((((....)))).  -5.20 -[0.9931 -> 0.9896] ID = 3
  27    1                           ((.(((((......))))).))..... -10.00 +[0.0000 -> 0.0035] ID = 6
  27    2                           ..............((((....)))).  -5.20 -[1.0000 -> 0.9965] ID = 3
  28    1                          .((.(((((......))))).))..... -10.00 +[0.0035 -> 0.0069] ID = 6
  28    2                          ...............((((....)))).  -5.20 -[0.9965 -> 0.9931] ID = 3
  29    1                         ..((.(((((......))))).))..... -10.00 +[0.0069 -> 0.0104] ID = 6
  29    2                         ................((((....)))).  -5.20 -[0.9931 -> 0.9896] ID = 3
  30    1                        ((.((.(((((......))))).))..)). -10.30 +[0.0000 -> 0.0035] ID = 7
  30    2                        .................((((....)))).  -5.20 -[1.0000 -> 0.9965] ID = 3
  31    1                       .((.((.(((((......))))).))..)). -10.30 +[0.0035 -> 0.0069] ID = 7
  31    2                       ..................((((....)))).  -5.20 -[0.9965 -> 0.9931] ID = 3
  32    1                      ..((.((.(((((......))))).))..)). -10.30 +[0.0069 -> 0.0104] ID = 7
  32    2                      ...................((((....)))).  -5.20 -[0.9931 -> 0.9896] ID = 3
  33    1                     ...((.((.(((((......))))).))..)). -10.30 +[0.0104 -> 0.0138] ID = 7
  33    2                     ....................((((....)))).  -5.20 -[0.9896 -> 0.9862] ID = 3
  34    1                    ....((.((.(((((......))))).))..)). -10.30 +[0.0138 -> 0.0173] ID = 7
  34    2                    .....................((((....)))).  -5.20 -[0.9862 -> 0.9827] ID = 3
  35    1                   .....((.((.(((((......))))).))..)). -10.30 +[0.0173 -> 0.0207] ID = 7
  35    2                   ......................((((....)))).  -5.20 -[0.9827 -> 0.9793] ID = 3
  36    1                  ......((.((.(((((......))))).))..)). -10.30 +[0.0207 -> 0.0241] ID = 7
  36    2                  .......................((((....)))).  -5.20 -[0.9793 -> 0.9759] ID = 3
  37    1                 ((....))..((.(((((......))))).))..... -11.10 +[0.0000 -> 0.0013] ID = 8
  37    2                 (((....((.......))...)))((((....)))).  -6.90 -[1.0000 -> 0.9987] ID = 9
  38    1                (((....))).((.(((((......))))).))..... -14.80 +[0.0000 -> 0.0012] ID = 10
  38    2                (((....)))...............((((....)))). -10.00 +[0.0000 -> 0.5771] ID = 12
  38    3                .(((....((.......))...)))((((....)))).  -6.90 -[1.0000 -> 0.4218] ID = 9
  39    1               .(((....))).((.(((((......))))).))..... -14.80 +[0.0012 -> 0.0036] ID = 10
  39    2               .(((....)))...............((((....)))). -10.00 +[0.5771 -> 0.7803] ID = 12
  39    3               ((((.....((.......)).....))))..........  -7.50 +[0.0000 -> 0.1087] ID = 13
  39    4               ..(((....((.......))...)))((((....)))).  -6.90 -[0.4218 -> 0.1074] ID = 9
  40    1              ..(((....))).((.(((((......))))).))..... -14.80 +[0.0036 -> 0.0064] ID = 10
  40    2              (((((.....((.......)).....)))))......... -10.80 +[0.1087 -> 0.1473] ID = 15
  40    3              ..(((....)))...............((((....)))). -10.00 +[0.7803 -> 0.8192] ID = 12
  40    4              ((((((....((.......))...))).))).........  -7.50 +[0.0000 -> 0.0007] ID = 14
  40    5              ...(((....((.......))...)))((((....)))).  -6.90 -[0.1074 -> 0.0263] ID = 9
  41    1             ...(((....))).((.(((((......))))).))..... -14.80 +[0.0064 -> 0.0093] ID = 10
  41    2             ((((((.....((.......)).....))))))........ -12.20 +[0.1612 -> 0.1646] ID = 16
  41    3             ...(((....)))...............((((....)))). -10.00 -[0.8324 -> 0.8261] ID = 12
  42    1            (((((((.....((.......)).....)))))))....... -15.50 +[0.1646 -> 0.1680] ID = 17
  42    2            ....(((....))).((.(((((......))))).))..... -14.80 +[0.0093 -> 0.0121] ID = 10
  42    3            ....(((....)))...............((((....)))). -10.00 -[0.8261 -> 0.8199] ID = 12
  43    1           ((((((((.....((.......)).....))))))))...... -18.00 +[0.1680 -> 0.1691] ID = 18
  43    2           .....(((....))).((.(((((......))))).))..... -14.80 +[0.0121 -> 0.0131] ID = 10
  43    3           ((...(((....))).....))........((((....)))). -10.70 -[0.8199 -> 0.8179] ID = 19
  44    1          .((((((((.....((.......)).....))))))))...... -18.00  [0.1756 -> 0.1756] ID = 18
  44    2          (((...(((....))).((.(((((......))))).))))).. -17.30  [0.0000 -> 0.0000] ID = 20
  44    3          (((...(((....))).....))).......((((....)))). -13.50  [0.8244 -> 0.8244] ID = 21
  45    1         ((((((((((.....((.......)).....)))))))).))... -21.60  [0.1756 -> 0.1756] ID = 22
  45    2         .(((...(((....))).((.(((((......))))).))))).. -17.30  [0.0000 -> 0.0000] ID = 20
  45    3         (((....(((....))).....))).......((((....)))). -14.00 +[0.0000 -> 0.1439] ID = 23
  45    4         .(((...(((....))).....))).......((((....)))). -13.50 -[0.8244 -> 0.6804] ID = 21
  46    1        (((((((((((.....((.......)).....)))))))).))).. -24.40  [0.1756 -> 0.1756] ID = 24
  46    2        ..(((...(((....))).((.(((((......))))).))))).. -17.30  [0.0000 -> 0.0000] ID = 20
  46    3        (((.....(((....))).....))).......((((....)))). -14.50 +[0.0000 -> 0.0815] ID = 26
  46    4        .(((....(((....))).....))).......((((....)))). -14.00 +[0.1439 -> 0.1597] ID = 23
  46    5        (((((...(((....))).....)))..))...((((....)))). -14.00 -[0.6804 -> 0.5831] ID = 25
  47    1       .(((((((((((.....((.......)).....)))))))).))).. -24.40  [0.1756 -> 0.1756] ID = 24
  47    2       ...(((...(((....))).((.(((((......))))).))))).. -17.30  [0.0000 -> 0.0000] ID = 20
  47    3       .(((.....(((....))).....))).......((((....)))). -14.50 +[0.0815 -> 0.1317] ID = 26
  47    4       (((((....(((....))).....)))..))...((((....)))). -14.50 +[0.1597 -> 0.1946] ID = 27
  47    5       .(((((...(((....))).....)))..))...((((....)))). -14.00 -[0.5831 -> 0.4980] ID = 25
  48    1      ..(((((((((((.....((.......)).....)))))))).))).. -24.40  [0.1756 -> 0.1756] ID = 24
  48    2      (((((((...(((....))).....)))..)).))((((....)))). -17.40 +[0.4980 -> 0.5083] ID = 28
  48    3      ....(((...(((....))).((.(((((......))))).))))).. -17.30  [0.0000 -> 0.0000] ID = 20
  48    4      (((((.....(((....))).....)))..))...((((....)))). -15.10 +[0.1317 -> 0.1417] ID = 29
  48    5      .(((((....(((....))).....)))..))...((((....)))). -14.50 -[0.1946 -> 0.1743] ID = 27
  49    1     ...(((((((((((.....((.......)).....)))))))).))).. -24.40  [0.1756 -> 0.1756] ID = 24
  49    2     .(((((((...(((....))).....)))..)).))((((....)))). -17.40 -[0.5083 -> 0.4776] ID = 28
  49    3     ((((((.....(((....))).....)))..)))..((((....)))). -16.80 +[0.1417 -> 0.1456] ID = 32
  49    4     (((.(((....(((....))).....)))..)))..((((....)))). -16.60 -[0.1744 -> 0.1648] ID = 31
  49    5     .((..(((...(((....))).....)))..))...((((....)))). -15.90 +[0.0000 -> 0.0364] ID = 34
  50    1    ....(((((((((((.....((.......)).....)))))))).))).. -24.40  [0.1756 -> 0.1756] ID = 24
  50    2    .(((..(((...(((....))).....)))..)))..((((....)))). -17.60 +[0.0000 -> 0.1018] ID = 35
  50    3    ..(((((((...(((....))).....)))..)).))((((....)))). -17.40 -[0.4958 -> 0.4282] ID = 28
  50    4    .((((((.....(((....))).....)))..)))..((((....)))). -16.80 -[0.1638 -> 0.1463] ID = 32
  50    5    .(((.(((....(((....))).....)))..)))..((((....)))). -16.60 -[0.1648 -> 0.1481] ID = 31
  51    1   .....(((((((((((.....((.......)).....)))))))).))).. -24.40  [0.1756 -> 0.1756] ID = 24
  51    2   ..(((..(((...(((....))).....)))..)))..((((....)))). -17.60 +[0.1018 -> 0.1755] ID = 35
  51    3   ...(((((((...(((....))).....)))..)).))((((....)))). -17.40 -[0.4282 -> 0.3810] ID = 28
  51    4   ..((((((.....(((....))).....)))..)))..((((....)))). -16.80 -[0.1463 -> 0.1341] ID = 32
  51    5   ..(((.(((....(((....))).....)))..)))..((((....)))). -16.60 -[0.1481 -> 0.1337] ID = 31
  52    1  ......(((((((((((.....((.......)).....)))))))).))).. -24.40  [0.1756 -> 0.1756] ID = 24
  52    2  ...(((..(((...(((....))).....)))..)))..((((....)))). -17.60 +[0.1755 -> 0.2289] ID = 35
  52    3  ....(((((((...(((....))).....)))..)).))((((....)))). -17.40 -[0.3810 -> 0.3481] ID = 28
  52    4  ...((((((.....(((....))).....)))..)))..((((....)))). -16.80 -[0.1341 -> 0.1256] ID = 32
  52    5  ...(((.(((....(((....))).....)))..)))..((((....)))). -16.60 -[0.1337 -> 0.1218] ID = 31
  53    1 .......(((((((((((.....((.......)).....)))))))).))).. -24.40 +[0.1756 -> 0.1758] ID = 24
  53    2 ....(((..(((...(((....))).....)))..)))..((((....)))). -17.60 +[0.2289 -> 0.3758] ID = 35
  53    3 .....(((((((...(((....))).....)))..)).))((((....)))). -17.40 -[0.3481 -> 0.2716] ID = 28
  53    4 ....((((((.....(((....))).....)))..)))..((((....)))). -16.80 -[0.1256 -> 0.1026] ID = 32
  53    5 ....(((.(((....(((....))).....)))..)))..((((....)))). -16.60 -[0.1218 -> 0.0742] ID = 31
# Distribution of structures at the end:
#         CUGAACCCCCCCAGGGCCGGAAGGCAGCAAGGGUAGGUGGGCCCUGGCGGGUG
  53    1 .......(((((((((((.....((.......)).....)))))))).))).. -24.40 0.1758 +[t8: 1.0000] ID = 24
  53    2 ....(((..(((...(((....))).....)))..)))..((((....)))). -17.60 0.3758 -[t8: 0.0000] ID = 35
  53    3 .....(((((((...(((....))).....)))..)).))((((....)))). -17.40 0.2716 -[t8: 0.0000] ID = 28
  53    4 ....((((((.....(((....))).....)))..)))..((((....)))). -16.80 0.1026 -[t8: 0.0000] ID = 32
  53    5 ....(((.(((....(((....))).....)))..)))..((((....)))). -16.60 0.0742 -[t8: 0.0000] ID = 31
