# File generated using DrTransformer v0.10
#
# >drtr_srp_Lact.brev._CP000416_rev
# GCAAGGGUGGGCUUACGAAUCGUGUCAGGUCCGGAAGGAAGCAGCACUAAGUUUG 
#
# Co-transcriptional folding parameters:
# --t-ext: 0.02 sec
# --t-end: 60.0 sec
# --start: 1
# --stop: 55
# --reversed-transcription: True
#
# Algorithm parameters:
# --o-prune: 0.1
# --t-fast: 0.002 sec
# --fpwm: 4
# --mfree: 6 nuc
# --k0: 200000.0
#
# ViennaRNA model details:
# --temp: 37.0 C
# --dangles: 2
# --paramFile: None
# --noTetra: False
# --noGU: False
# --noClosingGU: False
#
#
# Results:
# Transcription Step | Energy-sorted structure count | Structure | Energy | [Occupancy-t0 Occupancy-t8] | Structure ID (-> Plotting ID)
   1    1                                                       .   0.00  [1.0000 -> 1.0000] ID = 0
   2    1                                                      ..   0.00  [1.0000 -> 1.0000] ID = 0
   3    1                                                     ...   0.00  [1.0000 -> 1.0000] ID = 0
   4    1                                                    ....   0.00  [1.0000 -> 1.0000] ID = 0
   5    1                                                   .....   0.00  [1.0000 -> 1.0000] ID = 0
   6    1                                                  ......   0.00  [1.0000 -> 1.0000] ID = 0
   7    1                                                 .......   0.00  [1.0000 -> 1.0000] ID = 0
   8    1                                                ........   0.00  [1.0000 -> 1.0000] ID = 0
   9    1                                               .........   0.00  [1.0000 -> 1.0000] ID = 0
  10    1                                              ..........   0.00  [1.0000 -> 1.0000] ID = 0
  11    1                                             ...........   0.00  [1.0000 -> 1.0000] ID = 0
  12    1                                            ............   0.00  [1.0000 -> 1.0000] ID = 0
  13    1                                           .............   0.00  [1.0000 -> 1.0000] ID = 0
  14    1                                          ..............   0.00  [1.0000 -> 1.0000] ID = 0
  15    1                                         ...............   0.00  [1.0000 -> 1.0000] ID = 0
  16    1                                        ................   0.00  [1.0000 -> 1.0000] ID = 0
  17    1                                       ((((........)))).  -0.70  [1.0000 -> 1.0000] ID = 1
  18    1                                      .((((........)))).  -0.70  [1.0000 -> 1.0000] ID = 1
  19    1                                     ..((((........)))).  -0.70  [1.0000 -> 1.0000] ID = 1
  20    1                                    ...((((........)))).  -0.70  [1.0000 -> 1.0000] ID = 1
  21    1                                   ....((((........)))).  -0.70  [1.0000 -> 1.0000] ID = 1
  22    1                                  .....((((........)))).  -0.70  [1.0000 -> 1.0000] ID = 1
  23    1                                 ......((((........)))).  -0.70  [1.0000 -> 1.0000] ID = 1
  24    1                                .......((((........)))).  -0.70  [1.0000 -> 1.0000] ID = 1
  25    1                               ((....))((((........)))).  -2.20  [1.0000 -> 1.0000] ID = 2
  26    1                              (((....)))................  -2.70  [1.0000 -> 1.0000] ID = 3
  27    1                             .(((....)))................  -2.70  [1.0000 -> 1.0000] ID = 3
  28    1                            ..(((....)))................  -2.70  [1.0000 -> 1.0000] ID = 3
  29    1                           ...(((....)))................  -2.70  [1.0000 -> 1.0000] ID = 3
  30    1                          ....(((....)))................  -2.70  [1.0000 -> 1.0000] ID = 3
  31    1                         .....(((....)))................  -2.70  [1.0000 -> 1.0000] ID = 3
  32    1                        ((....(((....)))....))..........  -3.50  [1.0000 -> 1.0000] ID = 4
  33    1                       (((....(((....)))....))).........  -4.20  [1.0000 -> 1.0000] ID = 5
  34    1                      ((((....(((....)))....))))........  -7.70  [1.0000 -> 1.0000] ID = 6
  35    1                     .((((....(((....)))....))))........  -7.70  [1.0000 -> 1.0000] ID = 6
  36    1                    ..((((....(((....)))....))))........  -7.70  [1.0000 -> 1.0000] ID = 6
  37    1                   ...((((....(((....)))....))))........  -7.70  [1.0000 -> 1.0000] ID = 6
  38    1                  ....((((....(((....)))....))))........  -7.70  [1.0000 -> 1.0000] ID = 6
  39    1                 .....((((....(((....)))....))))........  -7.70  [1.0000 -> 1.0000] ID = 6
  40    1                (((((.((((....(((....)))....))))...)))))  -8.80 +[0.0000 -> 0.8453] ID = 7
  40    2                ......((((....(((....)))....))))........  -7.70 -[1.0000 -> 0.1547] ID = 6
  41    1               .(((((.((((....(((....)))....))))...)))))  -8.80 +[0.8453 -> 0.8561] ID = 7
  41    2               .......((((....(((....)))....))))........  -7.70 -[0.1547 -> 0.1439] ID = 6
  42    1              ..(((((.((((....(((....)))....))))...)))))  -8.80 +[0.8561 -> 0.8563] ID = 7
  42    2              ........((((....(((....)))....))))........  -7.70 -[0.1439 -> 0.1437] ID = 6
  43    1             ...(((((.((((....(((....)))....))))...)))))  -8.80  [0.8563 -> 0.8563] ID = 7
  43    2             .........((((....(((....)))....))))........  -7.70  [0.1437 -> 0.1437] ID = 6
  44    1            ....(((((.((((....(((....)))....))))...)))))  -8.80  [0.8563 -> 0.8563] ID = 7
  44    2            ..........((((....(((....)))....))))........  -7.70  [0.1437 -> 0.1437] ID = 6
  45    1           .....(((((.((((....(((....)))....))))...)))))  -8.80  [0.8563 -> 0.8563] ID = 7
  45    2           ...........((((....(((....)))....))))........  -7.70  [0.1437 -> 0.1437] ID = 6
  46    1          ......(((((.((((....(((....)))....))))...)))))  -8.80  [0.8563 -> 0.8563] ID = 7
  46    2          ............((((....(((....)))....))))........  -7.70  [0.1437 -> 0.1437] ID = 6
  47    1         (((((((......((((....(((....)))....))))))))))).  -9.50 +[0.0000 -> 0.0321] ID = 8
  47    2         .......(((((.((((....(((....)))....))))...)))))  -8.80 -[0.8563 -> 0.8349] ID = 7
  47    3         .............((((....(((....)))....))))........  -7.70 -[0.1437 -> 0.1330] ID = 6
  48    1        .(((((((......((((....(((....)))....))))))))))).  -9.50 +[0.0321 -> 0.0625] ID = 8
  48    2        ........(((((.((((....(((....)))....))))...)))))  -8.80 -[0.8349 -> 0.8087] ID = 7
  48    3        ..............((((....(((....)))....))))........  -7.70 -[0.1330 -> 0.1288] ID = 6
  49    1       ..(((((((......((((....(((....)))....))))))))))).  -9.50 +[0.0625 -> 0.0915] ID = 8
  49    2       .........(((((.((((....(((....)))....))))...)))))  -8.80 -[0.8087 -> 0.7836] ID = 7
  49    3       ...............((((....(((....)))....))))........  -7.70 -[0.1288 -> 0.1249] ID = 6
  50    1      ...(((((((......((((....(((....)))....))))))))))).  -9.50 +[0.0915 -> 0.1193] ID = 8
  50    2      ..........(((((.((((....(((....)))....))))...)))))  -8.80 -[0.7836 -> 0.7595] ID = 7
  50    3      ................((((....(((....)))....))))........  -7.70 -[0.1249 -> 0.1212] ID = 6
  51    1     ....(((((((......((((....(((....)))....))))))))))).  -9.50 +[0.1193 -> 0.1458] ID = 8
  51    2     ...........(((((.((((....(((....)))....))))...)))))  -8.80 -[0.7595 -> 0.7366] ID = 7
  51    3     .................((((....(((....)))....))))........  -7.70 -[0.1212 -> 0.1176] ID = 6
  52    1    .....(((((((......((((....(((....)))....))))))))))).  -9.50 +[0.1458 -> 0.1712] ID = 8
  52    2    ............(((((.((((....(((....)))....))))...)))))  -8.80 -[0.7366 -> 0.7146] ID = 7
  52    3    ..................((((....(((....)))....))))........  -7.70 -[0.1176 -> 0.1142] ID = 6
  53    1   ......(((((((......((((....(((....)))....))))))))))).  -9.50 +[0.1712 -> 0.1955] ID = 8
  53    2   .............(((((.((((....(((....)))....))))...)))))  -8.80 -[0.7146 -> 0.6936] ID = 7
  53    3   ...................((((....(((....)))....))))........  -7.70 -[0.1142 -> 0.1109] ID = 6
  54    1  .......(((((((......((((....(((....)))....))))))))))).  -9.50 +[0.1955 -> 0.2161] ID = 8
  54    2  .(((......))).(((((.((((....(((....)))....))))...)))))  -8.90 -[0.6936 -> 0.6898] ID = 9
  54    3  ....................((((....(((....)))....))))........  -7.70 -[0.1109 -> 0.0940] ID = 6
  55    1 ........(((((((......((((....(((....)))....))))))))))).  -9.50 +[0.2632 -> 0.5804] ID = 8
  55    2 ((........))...(((((.((((....(((....)))....))))...)))))  -9.30 -[0.7368 -> 0.4196] ID = 10
# Distribution of structures at the end:
#         GCAAGGGUGGGCUUACGAAUCGUGUCAGGUCCGGAAGGAAGCAGCACUAAGUUUG
  55    1 ........(((((((......((((....(((....)))....))))))))))).  -9.50 0.5804  [t8: 0.5804] ID = 8
  55    2 ((........))...(((((.((((....(((....)))....))))...)))))  -9.30 0.4196  [t8: 0.4196] ID = 10
