# File generated using DrTransformer v0.10
#
# >drtr_srp_Shig.flex._AE016979
# GUGAACCCGGUCAGGCCCGGAAGGGAGCAGCCGAAGCGGUGGAUGUGUGUGCCG 
#
# Co-transcriptional folding parameters:
# --t-ext: 0.02 sec
# --t-end: 60.0 sec
# --start: 1
# --stop: 54
# --reversed-transcription: False
#
# Algorithm parameters:
# --o-prune: 0.1
# --t-fast: 0.002 sec
# --fpwm: 4
# --mfree: 6 nuc
# --k0: 200000.0
#
# ViennaRNA model details:
# --temp: 37.0 C
# --dangles: 2
# --paramFile: None
# --noTetra: False
# --noGU: False
# --noClosingGU: False
#
#
# Results:
# Transcription Step | Energy-sorted structure count | Structure | Energy | [Occupancy-t0 Occupancy-t8] | Structure ID (-> Plotting ID)
   1    1 .   0.00  [1.0000 -> 1.0000] ID = 0
   2    1 ..   0.00  [1.0000 -> 1.0000] ID = 0
   3    1 ...   0.00  [1.0000 -> 1.0000] ID = 0
   4    1 ....   0.00  [1.0000 -> 1.0000] ID = 0
   5    1 .....   0.00  [1.0000 -> 1.0000] ID = 0
   6    1 ......   0.00  [1.0000 -> 1.0000] ID = 0
   7    1 .......   0.00  [1.0000 -> 1.0000] ID = 0
   8    1 ........   0.00  [1.0000 -> 1.0000] ID = 0
   9    1 .........   0.00  [1.0000 -> 1.0000] ID = 0
  10    1 ..........   0.00  [1.0000 -> 1.0000] ID = 0
  11    1 ...........   0.00  [1.0000 -> 1.0000] ID = 0
  12    1 ............   0.00  [1.0000 -> 1.0000] ID = 0
  13    1 .............   0.00  [1.0000 -> 1.0000] ID = 0
  14    1 ..............   0.00  [1.0000 -> 1.0000] ID = 0
  15    1 ......((.....))  -0.60  [1.0000 -> 1.0000] ID = 1
  16    1 ......((.....)).  -0.60  [1.0000 -> 1.0000] ID = 1
  17    1 ........(((...)))  -1.00 +[0.0000 -> 0.6567] ID = 2
  17    2 ......((.....))..  -0.60 -[1.0000 -> 0.3433] ID = 1
  18    1 ........(((...))).  -1.00  [0.6567 -> 0.6568] ID = 2
  18    2 ......((.....))...  -0.60  [0.3433 -> 0.3432] ID = 1
  19    1 .......(((......)))  -2.80  [1.0000 -> 1.0000] ID = 3
  20    1 ......((((......))))  -6.10  [1.0000 -> 1.0000] ID = 4
  21    1 ......((((......)))).  -6.10  [1.0000 -> 1.0000] ID = 4
  22    1 ......((((......))))..  -6.10  [1.0000 -> 1.0000] ID = 4
  23    1 ......((((......))))...  -6.10  [1.0000 -> 1.0000] ID = 4
  24    1 ......((((......))))....  -6.10  [1.0000 -> 1.0000] ID = 4
  25    1 ......((((......)))).....  -6.10  [1.0000 -> 1.0000] ID = 4
  26    1 ......((((......))))......  -6.10  [1.0000 -> 1.0000] ID = 4
  27    1 ......((((......)))).......  -6.10  [1.0000 -> 1.0000] ID = 4
  28    1 ......((((......))))........  -6.10  [1.0000 -> 1.0000] ID = 4
  29    1 ......((((......)))).........  -6.10  [1.0000 -> 1.0000] ID = 4
  30    1 ......((((......))))..........  -6.10  [1.0000 -> 1.0000] ID = 4
  31    1 ......((((......))))...........  -6.10  [1.0000 -> 1.0000] ID = 4
  32    1 ........(((....(((....)))....)))  -8.40 +[0.0000 -> 0.0003] ID = 5
  32    2 ......((((......))))..((......))  -7.60 -[1.0000 -> 0.9997] ID = 6
  33    1 .......((((....(((....)))....)))) -10.80 +[0.0000 -> 0.0005] ID = 7
  33    2 ......((((......))))..((......)).  -7.60 -[1.0000 -> 0.9995] ID = 6
  34    1 .......((((....(((....)))....)))). -10.80 +[0.0005 -> 0.0010] ID = 7
  34    2 ......((((......))))..((......))..  -7.60 -[0.9995 -> 0.9990] ID = 6
  35    1 .......((((....(((....)))....)))).. -10.80 +[0.0010 -> 0.0015] ID = 7
  35    2 ......((((......))))..((......))...  -7.60 -[0.9990 -> 0.9985] ID = 6
  36    1 .......((((....(((....)))....))))... -10.80 +[0.0015 -> 0.0020] ID = 7
  36    2 ......((((......))))..((......))....  -7.60 -[0.9985 -> 0.9980] ID = 6
  37    1 .......((((....(((....)))....)))).... -10.80 +[0.0020 -> 0.0025] ID = 7
  37    2 ......((((......))))..((......)).....  -7.60 -[0.9980 -> 0.9975] ID = 6
  38    1 .......((((....(((....)))....))))..... -10.80 +[0.0025 -> 0.0030] ID = 7
  38    2 ......((((......))))..((......))......  -7.60 -[0.9975 -> 0.9970] ID = 6
  39    1 .......((((....(((....)))....))))...... -10.80 +[0.0030 -> 0.0035] ID = 7
  39    2 ......((((......))))..((......)).......  -7.60 -[0.9970 -> 0.9965] ID = 6
  40    1 ....(((((((....(((....)))....))))....))) -11.80 +[0.0000 -> 0.0026] ID = 8
  40    2 ......((((......)))).........((((...))))  -8.90 +[0.0000 -> 0.8829] ID = 9
  40    3 ......((((......))))..((......))........  -7.60 -[1.0000 -> 0.1145] ID = 6
  41    1 ....(((((((....(((....)))....))))....))). -11.80 +[0.0026 -> 0.0058] ID = 8
  41    2 ......((((......)))).........((((...)))).  -8.90 +[0.8829 -> 0.8866] ID = 9
  41    3 ......((((......))))..((......)).........  -7.60 -[0.1145 -> 0.1077] ID = 6
  42    1 ....(((((((....(((....)))....))))....))).. -11.80 +[0.0058 -> 0.0089] ID = 8
  42    2 ......((((......)))).........((((...))))..  -8.90 -[0.8866 -> 0.8838] ID = 9
  42    3 ......((((......))))..((......))..........  -7.60 -[0.1077 -> 0.1073] ID = 6
  43    1 ....(((((((....(((....)))....))))....)))... -11.80 +[0.0089 -> 0.0120] ID = 8
  43    2 ......((((......)))).........((((...))))...  -8.90 -[0.8838 -> 0.8810] ID = 9
  43    3 ......((((......))))..((......))...........  -7.60 -[0.1073 -> 0.1070] ID = 6
  44    1 ....(((((((....(((....)))....))))....))).... -11.80 +[0.0120 -> 0.0151] ID = 8
  44    2 ......((((......)))).........((((...))))....  -8.90 -[0.8810 -> 0.8782] ID = 9
  44    3 ......((((......))))..((......))............  -7.60 -[0.1070 -> 0.1066] ID = 6
  45    1 ....(((((((....(((....)))....))))....)))..... -11.80 +[0.0151 -> 0.0182] ID = 8
  45    2 ......((((......)))).........((((...)))).....  -8.90 -[0.8782 -> 0.8755] ID = 9
  45    3 ......((((......))))..((......)).............  -7.60 -[0.1066 -> 0.1063] ID = 6
  46    1 ....(((((((....(((....)))....))))....)))...... -11.80 +[0.0182 -> 0.0199] ID = 8
  46    2 ......((((......))))......(((((((...))))...)))  -9.30 +[0.8755 -> 0.9212] ID = 10
  46    3 ......((((......))))..((......))..............  -7.60 -[0.1063 -> 0.0589] ID = 6
  47    1 ....(((((((....(((....)))....))))....)))....... -11.80 +[0.0199 -> 0.0234] ID = 8
  47    2 ......((((......))))......(((((((...))))...))).  -9.30 -[0.9801 -> 0.9766] ID = 10
  48    1 ....(((((((....(((....)))....))))....)))........ -11.80 +[0.0234 -> 0.0267] ID = 8
  48    2 ......((((......))))......(((((((...))))...)))..  -9.30 -[0.9766 -> 0.9733] ID = 10
  49    1 ....(((((((....(((....)))....))))....)))......... -11.80 +[0.0267 -> 0.0301] ID = 8
  49    2 ......((((......))))......(((((((...))))...)))...  -9.30 -[0.9733 -> 0.9699] ID = 10
  50    1 ....(((((((....(((....)))....))))....))).......... -11.80 +[0.0301 -> 0.0335] ID = 8
  50    2 ......((((......))))......(((((((...))))...)))....  -9.30 -[0.9699 -> 0.9665] ID = 10
  51    1 ....(((((((....(((....)))....))))....)))........... -11.80 +[0.0335 -> 0.0369] ID = 8
  51    2 ......((((......))))......(((((((...))))...))).....  -9.30 -[0.9665 -> 0.9631] ID = 10
  52    1 ....(((((((....(((....)))....))))....)))............ -11.80 +[0.0369 -> 0.0402] ID = 8
  52    2 ......((((......))))......(((((((...))))...)))......  -9.30 -[0.9631 -> 0.9598] ID = 10
  53    1 .......((((....(((....)))....))))....((((........)))) -13.40  [0.0000 -> 0.0001] ID = 11
  53    2 ......((((......))))..((..(((((((...)))).....)))...)) -11.70 +[0.0000 -> 0.4999] ID = 12
  53    3 ......((((......))))..((..(((((((...))))...))).....)) -11.40 -[1.0000 -> 0.5000] ID = 13
  54    1 .......((((....(((....)))....))))...(((((........))))) -14.50 +[0.0000 -> 0.5043] ID = 14
  54    2 ......((((......))))..((..(((((((...)))).....)))...)). -11.70 -[0.4999 -> 0.3070] ID = 12
  54    3 ......((((......))))..((..(((((((...))))...))).....)). -11.40 -[0.5001 -> 0.1887] ID = 13
# Distribution of structures at the end:
#         GUGAACCCGGUCAGGCCCGGAAGGGAGCAGCCGAAGCGGUGGAUGUGUGUGCCG
  54    1 .......((((....(((....)))....))))...(((((........))))) -14.50 0.5043 +[t8: 0.9831] ID = 14
  54    2 ......((((......))))..((..(((((((...)))).....)))...)). -11.70 0.3070 -[t8: 0.0105] ID = 12
  54    3 ......((((......))))..((..(((((((...))))...))).....)). -11.40 0.1887 -[t8: 0.0064] ID = 13
