# File generated using DrTransformer v0.10
#
# >drtr_srp_Dein.geot._CP000359
# UGAACCUGGUCAGGGCCGGAAGGCAGCAGCCA 
#
# Co-transcriptional folding parameters:
# --t-ext: 0.02 sec
# --t-end: 60.0 sec
# --start: 1
# --stop: 32
# --reversed-transcription: False
#
# Algorithm parameters:
# --o-prune: 0.1
# --t-fast: 0.002 sec
# --fpwm: 4
# --mfree: 6 nuc
# --k0: 200000.0
#
# ViennaRNA model details:
# --temp: 37.0 C
# --dangles: 2
# --paramFile: None
# --noTetra: False
# --noGU: False
# --noClosingGU: False
#
#
# Results:
# Transcription Step | Energy-sorted structure count | Structure | Energy | [Occupancy-t0 Occupancy-t8] | Structure ID (-> Plotting ID)
   1    1 .   0.00  [1.0000 -> 1.0000] ID = 0
   2    1 ..   0.00  [1.0000 -> 1.0000] ID = 0
   3    1 ...   0.00  [1.0000 -> 1.0000] ID = 0
   4    1 ....   0.00  [1.0000 -> 1.0000] ID = 0
   5    1 .....   0.00  [1.0000 -> 1.0000] ID = 0
   6    1 ......   0.00  [1.0000 -> 1.0000] ID = 0
   7    1 .......   0.00  [1.0000 -> 1.0000] ID = 0
   8    1 ........   0.00  [1.0000 -> 1.0000] ID = 0
   9    1 .........   0.00  [1.0000 -> 1.0000] ID = 0
  10    1 ..........   0.00  [1.0000 -> 1.0000] ID = 0
  11    1 ...........   0.00  [1.0000 -> 1.0000] ID = 0
  12    1 ............   0.00  [1.0000 -> 1.0000] ID = 0
  13    1 .............   0.00  [1.0000 -> 1.0000] ID = 0
  14    1 ....(((....)))  -1.70  [1.0000 -> 1.0000] ID = 1
  15    1 ....(((....))).  -1.70  [1.0000 -> 1.0000] ID = 1
  16    1 ....(((....)))..  -1.70  [1.0000 -> 1.0000] ID = 1
  17    1 .......(((....)))  -1.90 +[0.0000 -> 0.5693] ID = 2
  17    2 ....(((....)))...  -1.70 -[1.0000 -> 0.4307] ID = 1
  18    1 ((..(((....)))..))  -2.60 +[0.4307 -> 0.7204] ID = 3
  18    2 .......(((....))).  -1.90 -[0.5693 -> 0.2796] ID = 2
  19    1 .....(((((....)))))  -5.40 +[0.2796 -> 0.5751] ID = 4
  19    2 ((..(((....)))..)).  -2.60 -[0.7204 -> 0.4249] ID = 3
  20    1 .....(((((....))))).  -5.40 +[0.5751 -> 0.7476] ID = 4
  20    2 ((..(((....)))..))..  -2.60 -[0.4249 -> 0.2524] ID = 3
  21    1 .....(((((....)))))..  -5.40 +[0.7476 -> 0.8483] ID = 4
  21    2 ((..(((....)))..))...  -2.60 -[0.2524 -> 0.1517] ID = 3
  22    1 .....(((((....)))))...  -5.40 +[0.8483 -> 0.9071] ID = 4
  22    2 ((..(((....)))..))....  -2.60 -[0.1517 -> 0.0929] ID = 3
  23    1 .....(((((....)))))....  -5.40  [1.0000 -> 1.0000] ID = 4
  24    1 ....(((....)))(((....)))  -6.50 +[0.0000 -> 0.0108] ID = 5
  24    2 .....(((((....))))).....  -5.40 -[1.0000 -> 0.9892] ID = 4
  25    1 ....(((....)))(((....))).  -6.50 +[0.0108 -> 0.0214] ID = 5
  25    2 .....(((((....)))))......  -5.40 -[0.9892 -> 0.9786] ID = 4
  26    1 ....(((....)))(((....)))..  -6.50 +[0.0214 -> 0.0319] ID = 5
  26    2 .....(((((....))))).......  -5.40 -[0.9786 -> 0.9681] ID = 4
  27    1 ....(((....)))(((....)))...  -6.50 +[0.0319 -> 0.0423] ID = 5
  27    2 .....(((((....)))))........  -5.40 -[0.9681 -> 0.9577] ID = 4
  28    1 ....(((....)))(((....)))....  -6.50 +[0.0423 -> 0.0525] ID = 5
  28    2 .....(((((....))))).........  -5.40 -[0.9577 -> 0.9475] ID = 4
  29    1 ....(((....)))(((....))).....  -6.50 +[0.0525 -> 0.0627] ID = 5
  29    2 .....(((((....)))))..........  -5.40 -[0.9475 -> 0.9373] ID = 4
  30    1 ....(((....)))(((....)))......  -6.50 +[0.0627 -> 0.0727] ID = 5
  30    2 .....(((((....)))))...........  -5.40 -[0.9373 -> 0.9273] ID = 4
  31    1 .....(((((....)))))..(((....)))  -9.50  [1.0000 -> 1.0000] ID = 6
  32    1 .....(((((....)))))..(((....))).  -9.50  [1.0000 -> 1.0000] ID = 6
# Distribution of structures at the end:
#         UGAACCUGGUCAGGGCCGGAAGGCAGCAGCCA
  32    1 .....(((((....)))))..(((....))).  -9.50 1.0000  [t8: 1.0000] ID = 6
