# File generated using DrTransformer v0.10
#
# >drtr_srp_Bdel.bact._BX842656_rev
# UGGGCCCCACGCAACGGAAGGUUACGAACUCCGUCAGGUCCGGAAGGAAGCAGCGG 
#
# Co-transcriptional folding parameters:
# --t-ext: 0.02 sec
# --t-end: 60.0 sec
# --start: 1
# --stop: 56
# --reversed-transcription: True
#
# Algorithm parameters:
# --o-prune: 0.1
# --t-fast: 0.002 sec
# --fpwm: 4
# --mfree: 6 nuc
# --k0: 200000.0
#
# ViennaRNA model details:
# --temp: 37.0 C
# --dangles: 2
# --paramFile: None
# --noTetra: False
# --noGU: False
# --noClosingGU: False
#
#
# Results:
# Transcription Step | Energy-sorted structure count | Structure | Energy | [Occupancy-t0 Occupancy-t8] | Structure ID (-> Plotting ID)
   1    1                                                        .   0.00  [1.0000 -> 1.0000] ID = 0
   2    1                                                       ..   0.00  [1.0000 -> 1.0000] ID = 0
   3    1                                                      ...   0.00  [1.0000 -> 1.0000] ID = 0
   4    1                                                     ....   0.00  [1.0000 -> 1.0000] ID = 0
   5    1                                                    .....   0.00  [1.0000 -> 1.0000] ID = 0
   6    1                                                   ......   0.00  [1.0000 -> 1.0000] ID = 0
   7    1                                                  .......   0.00  [1.0000 -> 1.0000] ID = 0
   8    1                                                 ........   0.00  [1.0000 -> 1.0000] ID = 0
   9    1                                                .........   0.00  [1.0000 -> 1.0000] ID = 0
  10    1                                               ..........   0.00  [1.0000 -> 1.0000] ID = 0
  11    1                                              ...........   0.00  [1.0000 -> 1.0000] ID = 0
  12    1                                             ............   0.00  [1.0000 -> 1.0000] ID = 0
  13    1                                            .............   0.00  [1.0000 -> 1.0000] ID = 0
  14    1                                           ..............   0.00  [1.0000 -> 1.0000] ID = 0
  15    1                                          ...............   0.00  [1.0000 -> 1.0000] ID = 0
  16    1                                         ................   0.00  [1.0000 -> 1.0000] ID = 0
  17    1                                        (((...........)))  -1.40  [1.0000 -> 1.0000] ID = 1
  18    1                                       (((....)))........  -2.70 +[0.0000 -> 0.8782] ID = 2
  18    2                                       .(((...........)))  -1.40 -[1.0000 -> 0.1218] ID = 1
  19    1                                      .(((....)))........  -2.70 +[0.8782 -> 0.8916] ID = 2
  19    2                                      ..(((...........)))  -1.40 -[0.1218 -> 0.1084] ID = 1
  20    1                                     ..(((....)))........  -2.70 +[0.8916 -> 0.8918] ID = 2
  20    2                                     ...(((...........)))  -1.40 -[0.1084 -> 0.1082] ID = 1
  21    1                                    ...(((....)))........  -2.70  [0.8918 -> 0.8918] ID = 2
  21    2                                    ....(((...........)))  -1.40  [0.1082 -> 0.1082] ID = 1
  22    1                                   ....(((....)))........  -2.70  [0.8918 -> 0.8918] ID = 2
  22    2                                   .....(((...........)))  -1.40  [0.1082 -> 0.1082] ID = 1
  23    1                                  .....(((....)))........  -2.70  [0.8918 -> 0.8918] ID = 2
  23    2                                  ......(((...........)))  -1.40  [0.1082 -> 0.1082] ID = 1
  24    1                                 ((....(((....)))....))..  -3.50 +[0.8918 -> 0.9663] ID = 3
  24    2                                 .......(((...........)))  -1.40 -[0.1082 -> 0.0337] ID = 1
  25    1                                (((....(((....)))....))).  -5.90  [1.0000 -> 1.0000] ID = 4
  26    1                               ((((....(((....)))....))))  -7.80  [1.0000 -> 1.0000] ID = 5
  27    1                              .((((....(((....)))....))))  -7.80  [1.0000 -> 1.0000] ID = 5
  28    1                             ..((((....(((....)))....))))  -7.80  [1.0000 -> 1.0000] ID = 5
  29    1                            ...((((....(((....)))....))))  -7.80  [1.0000 -> 1.0000] ID = 5
  30    1                           ....((((....(((....)))....))))  -7.80  [1.0000 -> 1.0000] ID = 5
  31    1                          .....((((....(((....)))....))))  -7.80  [1.0000 -> 1.0000] ID = 5
  32    1                         ......((((....(((....)))....))))  -7.80  [1.0000 -> 1.0000] ID = 5
  33    1                        .......((((....(((....)))....))))  -7.80  [1.0000 -> 1.0000] ID = 5
  34    1                       ........((((....(((....)))....))))  -7.80  [1.0000 -> 1.0000] ID = 5
  35    1                      .........((((....(((....)))....))))  -7.80  [1.0000 -> 1.0000] ID = 5
  36    1                     ..........((((....(((....)))....))))  -7.80  [1.0000 -> 1.0000] ID = 5
  37    1                    ...........((((....(((....)))....))))  -7.80  [1.0000 -> 1.0000] ID = 5
  38    1                   ............((((....(((....)))....))))  -7.80  [1.0000 -> 1.0000] ID = 5
  39    1                  .............((((....(((....)))....))))  -7.80  [1.0000 -> 1.0000] ID = 5
  40    1                 ..............((((....(((....)))....))))  -7.80  [1.0000 -> 1.0000] ID = 5
  41    1                ...............((((....(((....)))....))))  -7.80  [1.0000 -> 1.0000] ID = 5
  42    1               ((........))....((((....(((....)))....))))  -8.30  [1.0000 -> 1.0000] ID = 6
  43    1              .((........))....((((....(((....)))....))))  -8.30  [1.0000 -> 1.0000] ID = 6
  44    1             .((((.((........))))))....(((....)))........  -8.50 +[0.0000 -> 0.1700] ID = 7
  44    2             ..((........))....((((....(((....)))....))))  -8.30 -[1.0000 -> 0.8300] ID = 6
  45    1            ..((((.((........))))))....(((....)))........  -8.50 +[0.1700 -> 0.2903] ID = 7
  45    2            ...((........))....((((....(((....)))....))))  -8.30 -[0.8300 -> 0.7097] ID = 6
  46    1           ...((((.((........))))))....(((....)))........  -8.50 +[0.2903 -> 0.3753] ID = 7
  46    2           ....((........))....((((....(((....)))....))))  -8.30 -[0.7097 -> 0.6247] ID = 6
  47    1          (((.((((.((........))))))....(((....)))....))). -10.80 +[0.3753 -> 0.3833] ID = 8
  47    2          ((.(((.....))).))....((((....(((....)))....))))  -9.90 -[0.6247 -> 0.6167] ID = 9
  48    1         .(((.((((.((........))))))....(((....)))....))). -10.80 +[0.3833 -> 0.3911] ID = 8
  48    2         .((.(((.....))).))....((((....(((....)))....))))  -9.90 -[0.6167 -> 0.6089] ID = 9
  49    1        ..(((.((((.((........))))))....(((....)))....))). -10.80 +[0.3911 -> 0.3988] ID = 8
  49    2        ..((.(((.....))).))....((((....(((....)))....))))  -9.90 -[0.6089 -> 0.6012] ID = 9
  50    1       ...(((.((((.((........))))))....(((....)))....))). -10.80 +[0.3988 -> 0.4064] ID = 8
  50    2       ...((.(((.....))).))....((((....(((....)))....))))  -9.90 -[0.6012 -> 0.5936] ID = 9
  51    1      ....(((.((((.((........))))))....(((....)))....))). -10.80 +[0.4064 -> 0.4138] ID = 8
  51    2      ....((.(((.....))).))....((((....(((....)))....))))  -9.90 -[0.5936 -> 0.5862] ID = 9
  52    1     .....(((.((((.((........))))))....(((....)))....))). -10.80 +[0.4138 -> 0.4211] ID = 8
  52    2     .....((.(((.....))).))....((((....(((....)))....))))  -9.90 -[0.5862 -> 0.5789] ID = 9
  53    1    ......(((.((((.((........))))))....(((....)))....))). -10.80 +[0.4211 -> 0.4282] ID = 8
  53    2    ......((.(((.....))).))....((((....(((....)))....))))  -9.90 -[0.5789 -> 0.5718] ID = 9
  54    1   .......(((.((((.((........))))))....(((....)))....))). -10.80 +[0.4282 -> 0.4353] ID = 8
  54    2   .......((.(((.....))).))....((((....(((....)))....))))  -9.90 -[0.5718 -> 0.5647] ID = 9
  55    1  (((((.......((((.((........))))))..)))))............... -11.60 +[0.0000 -> 0.0253] ID = 10
  55    2  ........(((.((((.((........))))))....(((....)))....))). -10.80 -[0.4353 -> 0.4252] ID = 8
  55    3  ........((.(((.....))).))....((((....(((....)))....))))  -9.90 -[0.5647 -> 0.5495] ID = 9
  56    1 ((((((.......((((.((........))))))..)))))).............. -11.80 +[0.0000 -> 0.8044] ID = 11
  56    2 .........(((.((((.((........))))))....(((....)))....))). -10.80 -[0.4378 -> 0.1588] ID = 8
  56    3 .........((.(((.....))).))....((((....(((....)))....))))  -9.90 -[0.5622 -> 0.0369] ID = 9
# Distribution of structures at the end:
#         UGGGCCCCACGCAACGGAAGGUUACGAACUCCGUCAGGUCCGGAAGGAAGCAGCGG
  56    1 ((((((.......((((.((........))))))..)))))).............. -11.80 0.8044  [t8: 0.8044] ID = 11
  56    2 .........(((.((((.((........))))))....(((....)))....))). -10.80 0.1588  [t8: 0.1588] ID = 8
  56    3 .........((.(((.....))).))....((((....(((....)))....))))  -9.90 0.0369  [t8: 0.0369] ID = 9
