# File generated using DrTransformer v0.10
#
# >drtr_srp_Meth.vann._CP000742
# CGAACCCCGUCAGGCCCGGAAGGGAGCAGCGGUAGG 
#
# Co-transcriptional folding parameters:
# --t-ext: 0.02 sec
# --t-end: 60.0 sec
# --start: 1
# --stop: 36
# --reversed-transcription: False
#
# Algorithm parameters:
# --o-prune: 0.1
# --t-fast: 0.002 sec
# --fpwm: 4
# --mfree: 6 nuc
# --k0: 200000.0
#
# ViennaRNA model details:
# --temp: 37.0 C
# --dangles: 2
# --paramFile: None
# --noTetra: False
# --noGU: False
# --noClosingGU: False
#
#
# Results:
# Transcription Step | Energy-sorted structure count | Structure | Energy | [Occupancy-t0 Occupancy-t8] | Structure ID (-> Plotting ID)
   1    1 .   0.00  [1.0000 -> 1.0000] ID = 0
   2    1 ..   0.00  [1.0000 -> 1.0000] ID = 0
   3    1 ...   0.00  [1.0000 -> 1.0000] ID = 0
   4    1 ....   0.00  [1.0000 -> 1.0000] ID = 0
   5    1 .....   0.00  [1.0000 -> 1.0000] ID = 0
   6    1 ......   0.00  [1.0000 -> 1.0000] ID = 0
   7    1 .......   0.00  [1.0000 -> 1.0000] ID = 0
   8    1 ........   0.00  [1.0000 -> 1.0000] ID = 0
   9    1 .........   0.00  [1.0000 -> 1.0000] ID = 0
  10    1 ..........   0.00  [1.0000 -> 1.0000] ID = 0
  11    1 ...........   0.00  [1.0000 -> 1.0000] ID = 0
  12    1 ............   0.00  [1.0000 -> 1.0000] ID = 0
  13    1 .............   0.00  [1.0000 -> 1.0000] ID = 0
  14    1 ......((....))  -0.70  [1.0000 -> 1.0000] ID = 1
  15    1 ......((....)).  -0.70  [1.0000 -> 1.0000] ID = 1
  16    1 ......((....))..  -0.70  [1.0000 -> 1.0000] ID = 1
  17    1 ......((....))...  -0.70  [1.0000 -> 1.0000] ID = 1
  18    1 ((..((......))..))  -1.70  [1.0000 -> 1.0000] ID = 2
  19    1 ......(((.......)))  -2.20 +[0.0000 -> 0.5335] ID = 3
  19    2 ((..((......))..)).  -1.70 -[1.0000 -> 0.4665] ID = 2
  20    1 ......(((.......))).  -2.20 +[0.5335 -> 0.6559] ID = 3
  20    2 ((..((......))..))..  -1.70 -[0.4665 -> 0.3441] ID = 2
  21    1 ......(((.......)))..  -2.20 +[0.6559 -> 0.6840] ID = 3
  21    2 ((..((......))..))...  -1.70 -[0.3441 -> 0.3160] ID = 2
  22    1 ......(((.......)))...  -2.20 +[0.6840 -> 0.6905] ID = 3
  22    2 ((..((......))..))....  -1.70 -[0.3160 -> 0.3095] ID = 2
  23    1 ....(((((.......)))..))  -2.80 +[0.6905 -> 0.8059] ID = 4
  23    2 ((..((......))..)).....  -1.70 -[0.3095 -> 0.1941] ID = 2
  24    1 ......((....))(((....)))  -5.30 +[0.1941 -> 0.3201] ID = 5
  24    2 ....(((((.......)))..)).  -2.80 -[0.8059 -> 0.6799] ID = 4
  25    1 ......((....))(((....))).  -5.30 +[0.3201 -> 0.4260] ID = 5
  25    2 ....(((((.......)))..))..  -2.80 -[0.6799 -> 0.5740] ID = 4
  26    1 ......((....))(((....)))..  -5.30 +[0.4260 -> 0.5150] ID = 5
  26    2 ....(((((.......)))..))...  -2.80 -[0.5740 -> 0.4850] ID = 4
  27    1 ......((....))(((....)))...  -5.30 +[0.5150 -> 0.5897] ID = 5
  27    2 ....(((((.......)))..))....  -2.80 -[0.4850 -> 0.4103] ID = 4
  28    1 ......((....))(((....)))....  -5.30 +[0.5897 -> 0.6526] ID = 5
  28    2 ....(((((.......)))..)).....  -2.80 -[0.4103 -> 0.3474] ID = 4
  29    1 ......((....))(((....))).....  -5.30 +[0.6526 -> 0.7053] ID = 5
  29    2 ....(((((.......)))..))......  -2.80 -[0.3474 -> 0.2947] ID = 4
  30    1 ......((....))(((....)))......  -5.30 +[0.7053 -> 0.7497] ID = 5
  30    2 ....(((((.......)))..)).......  -2.80 -[0.2947 -> 0.2503] ID = 4
  31    1 .......(((....(((....)))....)))  -7.50 +[0.7497 -> 0.7890] ID = 8
  31    2 ....(((((.......)))..))........  -2.80 -[0.2503 -> 0.2110] ID = 4
  32    1 ......((((....(((....)))....)))) -10.30 +[0.7890 -> 0.8222] ID = 9
  32    2 ....(((((.......)))..)).........  -2.80 -[0.2110 -> 0.1778] ID = 4
  33    1 ......((((....(((....)))....)))). -10.30 +[0.8222 -> 0.8501] ID = 9
  33    2 ....(((((.......)))..))..........  -2.80 -[0.1778 -> 0.1499] ID = 4
  34    1 ......((((....(((....)))....)))).. -10.30 +[0.8501 -> 0.8737] ID = 9
  34    2 ....(((((.......)))..))...........  -2.80 -[0.1499 -> 0.1263] ID = 4
  35    1 ......((((....(((....)))....))))... -10.30 +[0.8737 -> 0.8936] ID = 9
  35    2 ....(((((.......)))..))............  -2.80 -[0.1263 -> 0.1064] ID = 4
  36    1 ......((((....(((....)))....)))).... -10.30 +[0.8936 -> 1.0000] ID = 9
  36    2 ....(((((.......)))..)).............  -2.80 -[0.1064 -> 0.0000] ID = 4
# Distribution of structures at the end:
#         CGAACCCCGUCAGGCCCGGAAGGGAGCAGCGGUAGG
  36    1 ......((((....(((....)))....)))).... -10.30 1.0000  [t8: 1.0000] ID = 9
  36    2 ....(((((.......)))..)).............  -2.80 0.0000  [t8: 0.0000] ID = 4
