# File generated using DrTransformer v0.10
#
# >drtr_srp_Proc.mari._AE017126
# ACGCCUAAAUCUGGUCAGGACCGGAAGGUAGCAGCCACAAGGGAUGCUUGA 
#
# Co-transcriptional folding parameters:
# --t-ext: 0.02 sec
# --t-end: 60.0 sec
# --start: 1
# --stop: 51
# --reversed-transcription: False
#
# Algorithm parameters:
# --o-prune: 0.05
# --t-fast: 0.001 sec
# --fpwm: 4
# --mfree: 6 nuc
# --k0: 200000.0
#
# ViennaRNA model details:
# --temp: 37.0 C
# --dangles: 2
# --paramFile: None
# --noTetra: False
# --noGU: False
# --noClosingGU: False
#
#
# Results:
# Transcription Step | Energy-sorted structure count | Structure | Energy | [Occupancy-t0 Occupancy-t8] | Structure ID (-> Plotting ID)
   1    1 .   0.00  [1.0000 -> 1.0000] ID = 0
   2    1 ..   0.00  [1.0000 -> 1.0000] ID = 0
   3    1 ...   0.00  [1.0000 -> 1.0000] ID = 0
   4    1 ....   0.00  [1.0000 -> 1.0000] ID = 0
   5    1 .....   0.00  [1.0000 -> 1.0000] ID = 0
   6    1 ......   0.00  [1.0000 -> 1.0000] ID = 0
   7    1 .......   0.00  [1.0000 -> 1.0000] ID = 0
   8    1 ........   0.00  [1.0000 -> 1.0000] ID = 0
   9    1 .........   0.00  [1.0000 -> 1.0000] ID = 0
  10    1 ..........   0.00  [1.0000 -> 1.0000] ID = 0
  11    1 ...........   0.00  [1.0000 -> 1.0000] ID = 0
  12    1 ............   0.00  [1.0000 -> 1.0000] ID = 0
  13    1 .............   0.00  [1.0000 -> 1.0000] ID = 0
  14    1 ...((.......))  -0.50  [1.0000 -> 1.0000] ID = 1
  15    1 ..(((.......)))  -2.00  [1.0000 -> 1.0000] ID = 2
  16    1 ..(((.......))).  -2.00  [1.0000 -> 1.0000] ID = 2
  17    1 ..(((.......)))..  -2.00  [1.0000 -> 1.0000] ID = 2
  18    1 ..(((.......)))...  -2.00  [1.0000 -> 1.0000] ID = 2
  19    1 ..(((.......)))....  -2.00  [1.0000 -> 1.0000] ID = 2
  20    1 ..(((.......))).....  -2.00  [1.0000 -> 1.0000] ID = 2
  21    1 ..(((.......)))......  -2.00  [1.0000 -> 1.0000] ID = 2
  22    1 ..(((.......))).......  -2.00  [1.0000 -> 1.0000] ID = 2
  23    1 ..(((.......)))........  -2.00  [1.0000 -> 1.0000] ID = 2
  24    1 ..........(((((....)))))  -5.10 +[0.0000 -> 0.9278] ID = 3
  24    2 ..(((.......))).........  -2.00 -[1.0000 -> 0.0722] ID = 2
  25    1 .........((((((....))))))  -6.30 +[0.9278 -> 0.9943] ID = 4
  25    2 ..(((.......)))..........  -2.00 -[0.0722 -> 0.0057] ID = 2
  26    1 .........((((((....)))))).  -6.30  [1.0000 -> 1.0000] ID = 4
  27    1 .........((((((....))))))..  -6.30  [1.0000 -> 1.0000] ID = 4
  28    1 ...(((...((((((....)))))))))  -8.30 +[0.0000 -> 0.9625] ID = 5
  28    2 .........((((((....))))))...  -6.30 -[1.0000 -> 0.0375] ID = 4
  29    1 ..((((...((((((....)))))))))) -10.00  [1.0000 -> 1.0000] ID = 6
  30    1 ..((((...((((((....)))))))))). -10.00  [1.0000 -> 1.0000] ID = 6
  31    1 ..((((...((((((....)))))))))).. -10.00  [1.0000 -> 1.0000] ID = 6
  32    1 ..((((...((((((....))))))))))... -10.00  [1.0000 -> 1.0000] ID = 6
  33    1 ..((((...((((((....)))))))))).... -10.00  [1.0000 -> 1.0000] ID = 6
  34    1 ..((((...((((((....))))))))))..... -10.00  [1.0000 -> 1.0000] ID = 6
  35    1 ..((((...((((((....))))))))))...... -10.00  [1.0000 -> 1.0000] ID = 6
  36    1 ..((((...((((((....))))))))))....... -10.00  [1.0000 -> 1.0000] ID = 6
  37    1 ..((((...((((((....))))))))))........ -10.00  [1.0000 -> 1.0000] ID = 6
  38    1 ..((((...((((((....))))))))))......... -10.00  [1.0000 -> 1.0000] ID = 6
  39    1 ..((((...((((((....)))))))))).......... -10.00  [1.0000 -> 1.0000] ID = 6
  40    1 ..((((...((((((....))))))))))........... -10.00  [1.0000 -> 1.0000] ID = 6
  41    1 ..((((...((((((....))))))))))............ -10.00  [1.0000 -> 1.0000] ID = 6
  42    1 ..((((...((((((....)))))))))).....((....)) -10.60  [1.0000 -> 1.0000] ID = 7
  43    1 ..((((...((((((....)))))))))).....((....)). -10.60  [1.0000 -> 1.0000] ID = 7
  44    1 ..((((...((((((....)))))))))).....((....)).. -10.60  [1.0000 -> 1.0000] ID = 7
  45    1 ..((((...((((((....)))))))))).....((....))... -10.60  [1.0000 -> 1.0000] ID = 7
  46    1 ..((((...((((((....))))))))))..((.((.....)).)) -11.00 +[0.0000 -> 0.6568] ID = 8
  46    2 ..((((...((((((....)))))))))).....((....)).... -10.60 -[1.0000 -> 0.3432] ID = 7
  47    1 ..((((...((((((....)))))))))).(((.((.....)).))) -14.30 +[0.6568 -> 0.6924] ID = 10
  47    2 ..((((...((((((....)))))))))).(((.((....))..))) -13.80 -[0.3432 -> 0.3076] ID = 11
  48    1 ..((((...((((((....))))))))))((((.((.....)).)))) -15.40  [0.6924 -> 0.6924] ID = 12
  48    2 ..((((...((((((....))))))))))((((.((....))..)))) -14.90  [0.3076 -> 0.3076] ID = 13
  49    1 ..((((...((((((....))))))))))((((.((.....)).)))). -15.40  [0.6924 -> 0.6924] ID = 12
  49    2 ..((((...((((((....))))))))))((((.((....))..)))). -14.90  [0.3076 -> 0.3076] ID = 13
  50    1 ..((((...((((((....))))))))))((((.((.....)).)))).. -15.40  [0.6924 -> 0.6924] ID = 12
  50    2 ..((((...((((((....))))))))))((((.((....))..)))).. -14.90  [0.3076 -> 0.3076] ID = 13
  51    1 ..((((...((((((....))))))))))((((.((.....)).))))... -15.40  [0.6924 -> 0.6924] ID = 12
  51    2 ..((((...((((((....))))))))))((((.((....))..))))... -14.90  [0.3076 -> 0.3076] ID = 13
# Distribution of structures at the end:
#         ACGCCUAAAUCUGGUCAGGACCGGAAGGUAGCAGCCACAAGGGAUGCUUGA
  51    1 ..((((...((((((....))))))))))((((.((.....)).))))... -15.40 0.6924  [t8: 0.6924] ID = 12
  51    2 ..((((...((((((....))))))))))((((.((....))..))))... -14.90 0.3076  [t8: 0.3076] ID = 13
