# File generated using DrTransformer v0.10
#
# >drtr_srp_Shig.flex._AE016979
# GUGAACCCGGUCAGGCCCGGAAGGGAGCAGCCGAAGCGGUGGAUGUGUGUGCCG 
#
# Co-transcriptional folding parameters:
# --t-ext: 0.02 sec
# --t-end: 60.0 sec
# --start: 1
# --stop: 54
# --reversed-transcription: False
#
# Algorithm parameters:
# --o-prune: 0.05
# --t-fast: 0.001 sec
# --fpwm: 4
# --mfree: 6 nuc
# --k0: 200000.0
#
# ViennaRNA model details:
# --temp: 37.0 C
# --dangles: 2
# --paramFile: None
# --noTetra: False
# --noGU: False
# --noClosingGU: False
#
#
# Results:
# Transcription Step | Energy-sorted structure count | Structure | Energy | [Occupancy-t0 Occupancy-t8] | Structure ID (-> Plotting ID)
   1    1 .   0.00  [1.0000 -> 1.0000] ID = 0
   2    1 ..   0.00  [1.0000 -> 1.0000] ID = 0
   3    1 ...   0.00  [1.0000 -> 1.0000] ID = 0
   4    1 ....   0.00  [1.0000 -> 1.0000] ID = 0
   5    1 .....   0.00  [1.0000 -> 1.0000] ID = 0
   6    1 ......   0.00  [1.0000 -> 1.0000] ID = 0
   7    1 .......   0.00  [1.0000 -> 1.0000] ID = 0
   8    1 ........   0.00  [1.0000 -> 1.0000] ID = 0
   9    1 .........   0.00  [1.0000 -> 1.0000] ID = 0
  10    1 ..........   0.00  [1.0000 -> 1.0000] ID = 0
  11    1 ...........   0.00  [1.0000 -> 1.0000] ID = 0
  12    1 ............   0.00  [1.0000 -> 1.0000] ID = 0
  13    1 .............   0.00  [1.0000 -> 1.0000] ID = 0
  14    1 ..............   0.00  [1.0000 -> 1.0000] ID = 0
  15    1 ......((.....))  -0.60  [1.0000 -> 1.0000] ID = 1
  16    1 ......((.....)).  -0.60  [1.0000 -> 1.0000] ID = 1
  17    1 ........(((...)))  -1.00 +[0.0000 -> 0.6567] ID = 2
  17    2 ......((.....))..  -0.60 -[1.0000 -> 0.3433] ID = 1
  18    1 ........(((...))).  -1.00  [0.6567 -> 0.6568] ID = 2
  18    2 ......((.....))...  -0.60  [0.3433 -> 0.3432] ID = 1
  19    1 .......(((......)))  -2.80 +[0.3432 -> 0.9489] ID = 3
  19    2 ........(((...)))..  -1.00 -[0.6568 -> 0.0511] ID = 2
  20    1 ......((((......))))  -6.10 +[0.9489 -> 0.9533] ID = 4
  20    2 .....((.(((...))).))  -3.80 -[0.0511 -> 0.0467] ID = 5
  21    1 ......((((......)))).  -6.10  [1.0000 -> 1.0000] ID = 4
  22    1 ......((((......))))..  -6.10  [1.0000 -> 1.0000] ID = 4
  23    1 ......((((......))))...  -6.10  [1.0000 -> 1.0000] ID = 4
  24    1 ......((((......))))....  -6.10  [1.0000 -> 1.0000] ID = 4
  25    1 ......((((......)))).....  -6.10  [1.0000 -> 1.0000] ID = 4
  26    1 ......((((......))))......  -6.10  [1.0000 -> 1.0000] ID = 4
  27    1 ......((((......)))).......  -6.10  [1.0000 -> 1.0000] ID = 4
  28    1 ......((((......))))........  -6.10  [1.0000 -> 1.0000] ID = 4
  29    1 ......((((......)))).........  -6.10  [1.0000 -> 1.0000] ID = 4
  30    1 ......((((......))))..........  -6.10  [1.0000 -> 1.0000] ID = 4
  31    1 ......((((......))))...........  -6.10  [1.0000 -> 1.0000] ID = 4
  32    1 ........(((....(((....)))....)))  -8.40 +[0.0000 -> 0.0003] ID = 6
  32    2 ......((((......))))..((......))  -7.60 -[1.0000 -> 0.9997] ID = 7
  33    1 .......((((....(((....)))....)))) -10.80 +[0.0000 -> 0.0005] ID = 8
  33    2 ......((((......))))..((......)).  -7.60 -[1.0000 -> 0.9995] ID = 7
  34    1 .......((((....(((....)))....)))). -10.80 +[0.0005 -> 0.0010] ID = 8
  34    2 ......((((......))))..((......))..  -7.60 -[0.9995 -> 0.9990] ID = 7
  35    1 .......((((....(((....)))....)))).. -10.80 +[0.0010 -> 0.0015] ID = 8
  35    2 ......((((......))))..((......))...  -7.60 -[0.9990 -> 0.9985] ID = 7
  36    1 .......((((....(((....)))....))))... -10.80 +[0.0015 -> 0.0020] ID = 8
  36    2 ......((((......))))..((......))....  -7.60 -[0.9985 -> 0.9980] ID = 7
  37    1 .......((((....(((....)))....)))).... -10.80 +[0.0020 -> 0.0025] ID = 8
  37    2 ......((((......))))..((......)).....  -7.60 -[0.9980 -> 0.9975] ID = 7
  38    1 .......((((....(((....)))....))))..... -10.80 +[0.0025 -> 0.0030] ID = 8
  38    2 ......((((......))))..((......))......  -7.60 -[0.9975 -> 0.9970] ID = 7
  39    1 .......((((....(((....)))....))))...... -10.80 +[0.0030 -> 0.0035] ID = 8
  39    2 ......((((......))))..((......)).......  -7.60 -[0.9970 -> 0.9965] ID = 7
  40    1 ....(((((((....(((....)))....))))....))) -11.80 +[0.0000 -> 0.0049] ID = 9
  40    2 .......((((....(((....)))....))))....... -10.80 -[0.0035 -> 0.0012] ID = 8
  40    3 ......((((......)))).........((((...))))  -8.90 +[0.0000 -> 0.8799] ID = 10
  40    4 ......((((......))))..((......))........  -7.60 -[0.9965 -> 0.1141] ID = 7
  41    1 ....(((((((....(((....)))....))))....))). -11.80 +[0.0049 -> 0.0075] ID = 9
  41    2 .......((((....(((....)))....))))........ -10.80 +[0.0012 -> 0.0017] ID = 8
  41    3 ......((((......)))).........((((...)))).  -8.90 +[0.8799 -> 0.8835] ID = 10
  41    4 ......((((......))))..((......)).........  -7.60 -[0.1141 -> 0.1073] ID = 7
  42    1 ....(((((((....(((....)))....))))....))).. -11.80 +[0.0075 -> 0.0101] ID = 9
  42    2 .......((((....(((....)))....))))......... -10.80 +[0.0017 -> 0.0022] ID = 8
  42    3 ......((((......)))).........((((...))))..  -8.90 -[0.8835 -> 0.8807] ID = 10
  42    4 ......((((......))))..((......))..........  -7.60 -[0.1073 -> 0.1069] ID = 7
  43    1 ....(((((((....(((....)))....))))....)))... -11.80 +[0.0101 -> 0.0127] ID = 9
  43    2 .......((((....(((....)))....)))).......... -10.80 +[0.0022 -> 0.0027] ID = 8
  43    3 ......((((......)))).........((((...))))...  -8.90 -[0.8807 -> 0.8780] ID = 10
  43    4 ......((((......))))..((......))...........  -7.60 -[0.1069 -> 0.1066] ID = 7
  44    1 ....(((((((....(((....)))....))))....))).... -11.80 +[0.0127 -> 0.0153] ID = 9
  44    2 .......((((....(((....)))....))))........... -10.80 +[0.0027 -> 0.0032] ID = 8
  44    3 ......((((......)))).........((((...))))....  -8.90 -[0.8780 -> 0.8752] ID = 10
  44    4 ......((((......))))..((......))............  -7.60 -[0.1066 -> 0.1062] ID = 7
  45    1 ....(((((((....(((....)))....))))....)))..... -11.80 +[0.0153 -> 0.0179] ID = 9
  45    2 .......((((....(((....)))....))))............ -10.80 +[0.0032 -> 0.0038] ID = 8
  45    3 ......((((......)))).........((((...)))).....  -8.90 -[0.8752 -> 0.8724] ID = 10
  45    4 ......((((......))))..((......)).............  -7.60 -[0.1062 -> 0.1059] ID = 7
  46    1 ....(((((((....(((....)))....))))....)))...... -11.80 +[0.0179 -> 0.0190] ID = 9
  46    2 .......((((....(((....)))....))))............. -10.80  [0.0038 -> 0.0038] ID = 8
  46    3 ......((((......))))......(((((((...))))...)))  -9.30 +[0.0000 -> 0.6154] ID = 11
  46    4 ......((((......)))).........((((...))))......  -8.90 -[0.8724 -> 0.3217] ID = 10
  46    5 ......((((......))))..((......))..............  -7.60 -[0.1059 -> 0.0400] ID = 7
  47    1 ....(((((((....(((....)))....))))....)))....... -11.80 +[0.0190 -> 0.0200] ID = 9
  47    2 .......((((....(((....)))....)))).............. -10.80 +[0.0038 -> 0.0040] ID = 8
  47    3 ......((((......))))......(((((((...))))...))).  -9.30  [0.6154 -> 0.6154] ID = 11
  47    4 ......((((......)))).........((((...)))).......  -8.90 -[0.3217 -> 0.3215] ID = 10
  47    5 ......((((......))))..((......))...............  -7.60 -[0.0400 -> 0.0390] ID = 7
  48    1 ....(((((((....(((....)))....))))....)))........ -11.80 +[0.0200 -> 0.0209] ID = 9
  48    2 .......((((....(((....)))....))))............... -10.80 +[0.0040 -> 0.0042] ID = 8
  48    3 ......((((......))))......(((((((...))))...)))..  -9.30 -[0.6154 -> 0.6147] ID = 11
  48    4 ......((((......)))).........((((...))))........  -8.90 -[0.3215 -> 0.3212] ID = 10
  48    5 ......((((......))))..((......))................  -7.60  [0.0390 -> 0.0390] ID = 7
  49    1 ....(((((((....(((....)))....))))....)))......... -11.80 +[0.0209 -> 0.0219] ID = 9
  49    2 .......((((....(((....)))....))))................ -10.80 +[0.0042 -> 0.0044] ID = 8
  49    3 ......((((......))))......(((((((...))))...)))...  -9.30 -[0.6147 -> 0.6140] ID = 11
  49    4 ......((((......)))).........((((...)))).........  -8.90 -[0.3212 -> 0.3208] ID = 10
  49    5 ......((((......))))..((......)).................  -7.60  [0.0390 -> 0.0389] ID = 7
  50    1 ....(((((((....(((....)))....))))....))).......... -11.80 +[0.0219 -> 0.0228] ID = 9
  50    2 .......((((....(((....)))....))))................. -10.80 +[0.0044 -> 0.0046] ID = 8
  50    3 ......((((......))))......(((((((...))))...)))....  -9.30 -[0.6140 -> 0.6133] ID = 11
  50    4 ......((((......)))).........((((...))))..........  -8.90 -[0.3208 -> 0.3204] ID = 10
  50    5 ......((((......))))..((......))..................  -7.60  [0.0389 -> 0.0389] ID = 7
  51    1 ....(((((((....(((....)))....))))....)))........... -11.80 +[0.0228 -> 0.0238] ID = 9
  51    2 .......((((....(((....)))....)))).................. -10.80 +[0.0046 -> 0.0048] ID = 8
  51    3 ......((((......))))......(((((((...))))...))).....  -9.30 -[0.6133 -> 0.6126] ID = 11
  51    4 ......((((......)))).........((((...))))...........  -8.90 -[0.3204 -> 0.3201] ID = 10
  51    5 ......((((......))))..((......))...................  -7.60  [0.0389 -> 0.0388] ID = 7
  52    1 ....(((((((....(((....)))....))))....)))............ -11.80 +[0.0238 -> 0.0247] ID = 9
  52    2 .......((((....(((....)))....))))................... -10.80 +[0.0048 -> 0.0050] ID = 8
  52    3 ......((((......))))......(((((((...))))...)))......  -9.30 -[0.6126 -> 0.6118] ID = 11
  52    4 ......((((......)))).........((((...))))............  -8.90 -[0.3201 -> 0.3197] ID = 10
  52    5 ......((((......))))..((......))....................  -7.60  [0.0388 -> 0.0388] ID = 7
  53    1 .......((((....(((....)))....))))....((((........)))) -13.40  [0.0000 -> 0.0000] ID = 12
  53    2 ......((((......))))..((..(((((((...)))).....)))...)) -11.70 +[0.0000 -> 0.2012] ID = 14
  53    3 ........(((((.(((((...((......))....))).....)).)).))) -11.40  [0.0000 -> 0.0000] ID = 13
  53    4 ......((((......))))..((..(((((((...))))...))).....)) -11.40 +[0.6118 -> 0.7505] ID = 15
  53    5 ......((((......))))..((......)).....((((........)))) -10.20 +[0.0000 -> 0.0386] ID = 16
  53    6 ......((((......)))).........((((...)))).............  -8.90 -[0.3345 -> 0.0088] ID = 10
  53    7 ......((((......))))..((......)).....................  -7.60 -[0.0536 -> 0.0008] ID = 7
  54    1 .......((((....(((....)))....))))...(((((........))))) -14.50 +[0.0000 -> 0.5043] ID = 17
  54    2 ......((((......))))..((..(((((((...)))).....)))...)). -11.70 +[0.2254 -> 0.3070] ID = 14
  54    3 ......((((......))))..((..(((((((...))))...))).....)). -11.40 -[0.7746 -> 0.1887] ID = 15
# Distribution of structures at the end:
#         GUGAACCCGGUCAGGCCCGGAAGGGAGCAGCCGAAGCGGUGGAUGUGUGUGCCG
  54    1 .......((((....(((....)))....))))...(((((........))))) -14.50 0.5043 +[t8: 0.9831] ID = 17
  54    2 ......((((......))))..((..(((((((...)))).....)))...)). -11.70 0.3070 -[t8: 0.0105] ID = 14
  54    3 ......((((......))))..((..(((((((...))))...))).....)). -11.40 0.1887 -[t8: 0.0064] ID = 15
