# File generated using DrTransformer v0.10
#
# >drtr_srp_Stre.pyog._AM295007
# GGAGCAACACUUGUGCGUGAAGUGGGUCAGGGGAGGAAUCCAGCAGCCCUAAGCGAU 
#
# Co-transcriptional folding parameters:
# --t-ext: 0.02 sec
# --t-end: 60.0 sec
# --start: 1
# --stop: 57
# --reversed-transcription: False
#
# Algorithm parameters:
# --o-prune: 0.05
# --t-fast: 0.001 sec
# --fpwm: 4
# --mfree: 6 nuc
# --k0: 200000.0
#
# ViennaRNA model details:
# --temp: 37.0 C
# --dangles: 2
# --paramFile: None
# --noTetra: False
# --noGU: False
# --noClosingGU: False
#
#
# Results:
# Transcription Step | Energy-sorted structure count | Structure | Energy | [Occupancy-t0 Occupancy-t8] | Structure ID (-> Plotting ID)
   1    1 .   0.00  [1.0000 -> 1.0000] ID = 0
   2    1 ..   0.00  [1.0000 -> 1.0000] ID = 0
   3    1 ...   0.00  [1.0000 -> 1.0000] ID = 0
   4    1 ....   0.00  [1.0000 -> 1.0000] ID = 0
   5    1 .....   0.00  [1.0000 -> 1.0000] ID = 0
   6    1 ......   0.00  [1.0000 -> 1.0000] ID = 0
   7    1 .......   0.00  [1.0000 -> 1.0000] ID = 0
   8    1 ........   0.00  [1.0000 -> 1.0000] ID = 0
   9    1 .........   0.00  [1.0000 -> 1.0000] ID = 0
  10    1 ..........   0.00  [1.0000 -> 1.0000] ID = 0
  11    1 ...........   0.00  [1.0000 -> 1.0000] ID = 0
  12    1 ............   0.00  [1.0000 -> 1.0000] ID = 0
  13    1 .............   0.00  [1.0000 -> 1.0000] ID = 0
  14    1 ..............   0.00  [1.0000 -> 1.0000] ID = 0
  15    1 ...............   0.00  [1.0000 -> 1.0000] ID = 0
  16    1 ...(((.......)))  -1.20 +[0.0000 -> 0.8751] ID = 1
  16    2 ................   0.00 -[1.0000 -> 0.1249] ID = 0
  17    1 ...(((.......))).  -1.20  [0.8751 -> 0.8751] ID = 1
  17    2 .................   0.00  [0.1249 -> 0.1249] ID = 0
  18    1 ...(((.......)))..  -1.20  [0.8751 -> 0.8751] ID = 1
  18    2 ..................   0.00  [0.1249 -> 0.1249] ID = 0
  19    1 .......(((......)))  -1.40 +[0.1249 -> 0.5227] ID = 2
  19    2 ...(((.......)))...  -1.20 -[0.8751 -> 0.4773] ID = 1
  20    1 .......(((......))).  -1.40 +[0.5227 -> 0.5731] ID = 2
  20    2 ...(((.......)))....  -1.20 -[0.4773 -> 0.4269] ID = 1
  21    1 .......(((......)))..  -1.40 +[0.5731 -> 0.5795] ID = 2
  21    2 ...(((.......))).....  -1.20 -[0.4269 -> 0.4205] ID = 1
  22    1 .......(((......)))...  -1.40 +[0.5795 -> 0.5803] ID = 2
  22    2 ...(((.......)))......  -1.20 -[0.4205 -> 0.4197] ID = 1
  23    1 ...((..(((......)))..))  -1.50 +[0.5803 -> 0.6137] ID = 3
  23    2 ...(((.......))).......  -1.20 -[0.4197 -> 0.3863] ID = 1
  24    1 .......(((((.......)))))  -4.40 +[0.0000 -> 0.5900] ID = 4
  24    2 ...((..(((......)))..)).  -1.50 -[0.6137 -> 0.2722] ID = 3
  24    3 ...(((.......)))........  -1.20 -[0.3863 -> 0.1378] ID = 1
  25    1 .......(((((.......))))).  -4.40 +[0.5900 -> 0.8252] ID = 4
  25    2 ...((..(((......)))..))..  -1.50 -[0.2722 -> 0.1167] ID = 3
  25    3 ...(((.......))).........  -1.20 -[0.1378 -> 0.0581] ID = 1
  26    1 .......(((((.......)))))..  -4.40 +[0.8252 -> 0.9205] ID = 4
  26    2 ...((..(((......)))..))...  -1.50 -[0.1167 -> 0.0527] ID = 3
  26    3 ...(((.......)))..........  -1.20 -[0.0581 -> 0.0268] ID = 1
  27    1 .......(((((.......)))))...  -4.40 +[0.9339 -> 0.9639] ID = 4
  27    2 ...((..(((......)))..))....  -1.50 -[0.0661 -> 0.0361] ID = 3
  28    1 .((....(((((.......)))))..))  -4.70  [1.0000 -> 1.0000] ID = 5
  29    1 .((....(((((.......)))))..)).  -4.70  [1.0000 -> 1.0000] ID = 5
  30    1 .((....(((((.......)))))..))..  -4.70  [1.0000 -> 1.0000] ID = 5
  31    1 .((....(((((.......)))))..))...  -4.70  [1.0000 -> 1.0000] ID = 5
  32    1 .((....(((((.......)))))..))....  -4.70  [1.0000 -> 1.0000] ID = 5
  33    1 .((....(((((.......)))))..)).....  -4.70  [1.0000 -> 1.0000] ID = 5
  34    1 .((....(((((.......)))))..))......  -4.70  [1.0000 -> 1.0000] ID = 5
  35    1 .((....(((((.......)))))..)).......  -4.70  [1.0000 -> 1.0000] ID = 5
  36    1 .((....(((((.......)))))..))........  -4.70  [1.0000 -> 1.0000] ID = 5
  37    1 .((....(((((.......)))))..)).........  -4.70  [1.0000 -> 1.0000] ID = 5
  38    1 .((....(((((.......)))))..))..........  -4.70  [1.0000 -> 1.0000] ID = 5
  39    1 .((....(((((.......)))))..))...........  -4.70  [1.0000 -> 1.0000] ID = 5
  40    1 .((....(((((.......)))))..))............  -4.70  [1.0000 -> 1.0000] ID = 5
  41    1 .((....(((((.......)))))..))...(((....)))  -7.40  [1.0000 -> 1.0000] ID = 6
  42    1 .((....(((((.......)))))..))...(((....))).  -7.40  [1.0000 -> 1.0000] ID = 6
  43    1 .((....(((((.......)))))..))...(((....)))..  -7.40  [1.0000 -> 1.0000] ID = 6
  44    1 .((....(((((.......)))))..))...(((....)))...  -7.40  [1.0000 -> 1.0000] ID = 6
  45    1 .((....(((((.......)))))..))...(((....)))....  -7.40  [1.0000 -> 1.0000] ID = 6
  46    1 .((....(((((.......)))))..))...(((....))).....  -7.40  [1.0000 -> 1.0000] ID = 6
  47    1 .((....(((((.......)))))..))...(((....)))......  -7.40  [1.0000 -> 1.0000] ID = 6
  48    1 .......(((((.......)))))(((....(((....)))....))) -10.30  [1.0000 -> 1.0000] ID = 7
  49    1 ...((..(((......)))..))((((....(((....)))....)))) -10.90 +[0.0000 -> 0.3696] ID = 8
  49    2 ........((((.......))))((((....(((....)))....)))) -10.40 +[0.0000 -> 0.3374] ID = 9
  49    3 .......(((((.......)))))(((....(((....)))....))). -10.30 -[1.0000 -> 0.2930] ID = 7
  50    1 ...((..(((......)))..))((((....(((....)))....)))). -10.90 +[0.3696 -> 0.4926] ID = 8
  50    2 ........((((.......))))((((....(((....)))....)))). -10.40 -[0.3374 -> 0.2732] ID = 9
  50    3 .......(((((.......)))))(((....(((....)))....))).. -10.30 -[0.2930 -> 0.2342] ID = 7
  51    1 ...((..(((......)))..))((((....(((....)))....)))).. -10.90 +[0.4926 -> 0.5312] ID = 8
  51    2 ........((((.......))))((((....(((....)))....)))).. -10.40 -[0.2732 -> 0.2531] ID = 9
  51    3 .......(((((.......)))))(((....(((....)))....)))... -10.30 -[0.2342 -> 0.2158] ID = 7
  52    1 ...((..(((......)))..))((((....(((....)))....))))... -10.90 +[0.5312 -> 0.5433] ID = 8
  52    2 ........((((.......))))((((....(((....)))....))))... -10.40 -[0.2531 -> 0.2467] ID = 9
  52    3 .......(((((.......)))))(((....(((....)))....))).... -10.30 -[0.2158 -> 0.2100] ID = 7
  53    1 ...((..(((......)))..))((((....(((....)))....)))).... -10.90 +[0.5433 -> 0.5471] ID = 8
  53    2 ........((((.......))))((((....(((....)))....)))).... -10.40 -[0.2467 -> 0.2448] ID = 9
  53    3 .......(((((.......)))))(((....(((....)))....)))..... -10.30 -[0.2100 -> 0.2082] ID = 7
  54    1 ...((..(((......)))..))((((....(((....)))....))))..... -10.90 +[0.5471 -> 0.5483] ID = 8
  54    2 ........((((.......))))((((....(((....)))....))))..... -10.40 -[0.2448 -> 0.2441] ID = 9
  54    3 .......(((((.......)))))(((....(((....)))....)))...... -10.30 -[0.2082 -> 0.2076] ID = 7
  55    1 ...............(((.....((((....(((....)))....))))...))) -11.80 +[0.0000 -> 0.6095] ID = 10
  55    2 ...((..(((......)))..))((((....(((....)))....))))...... -10.90 -[0.5483 -> 0.1645] ID = 8
  55    3 ........((((.......))))((((....(((....)))....))))...... -10.40 -[0.2441 -> 0.1202] ID = 9
  55    4 .......(((((.......)))))(((....(((....)))....)))....... -10.30 -[0.2076 -> 0.1059] ID = 7
  56    1 ...............(((.....((((....(((....)))....))))...))). -11.80 +[0.6095 -> 0.6803] ID = 10
  56    2 ...((..(((......)))..))((((....(((....)))....))))....... -10.90 -[0.1645 -> 0.1623] ID = 8
  56    3 ........((((.......))))((((....(((....)))....))))....... -10.40 -[0.1202 -> 0.0845] ID = 9
  56    4 .......(((((.......)))))(((....(((....)))....)))........ -10.30 -[0.1059 -> 0.0728] ID = 7
  57    1 ...............(((.....((((....(((....)))....))))...))).. -11.80 +[0.6803 -> 0.7027] ID = 10
  57    2 ...((..(((......)))..))((((....(((....)))....))))........ -10.90 +[0.1623 -> 0.1632] ID = 8
  57    3 ........((((.......))))((((....(((....)))....))))........ -10.40 -[0.0845 -> 0.0725] ID = 9
  57    4 .......(((((.......)))))(((....(((....)))....)))......... -10.30 -[0.0728 -> 0.0616] ID = 7
# Distribution of structures at the end:
#         GGAGCAACACUUGUGCGUGAAGUGGGUCAGGGGAGGAAUCCAGCAGCCCUAAGCGAU
  57    1 ...............(((.....((((....(((....)))....))))...))).. -11.80 0.7027  [t8: 0.7027] ID = 10
  57    2 ...((..(((......)))..))((((....(((....)))....))))........ -10.90 0.1632  [t8: 0.1632] ID = 8
  57    3 ........((((.......))))((((....(((....)))....))))........ -10.40 0.0725  [t8: 0.0725] ID = 9
  57    4 .......(((((.......)))))(((....(((....)))....)))......... -10.30 0.0616  [t8: 0.0616] ID = 7
