# File generated using DrTransformer v0.10
#
# >drtr_srp_Shig.flex._AE016979_rev
# GUGAACCCGGUCAGGCCCGGAAGGGAGCAGCCGAAGCGGUGGAUGUGUGUGCCG 
#
# Co-transcriptional folding parameters:
# --t-ext: 0.02 sec
# --t-end: 60.0 sec
# --start: 1
# --stop: 54
# --reversed-transcription: True
#
# Algorithm parameters:
# --o-prune: 0.05
# --t-fast: 0.001 sec
# --fpwm: 4
# --mfree: 6 nuc
# --k0: 200000.0
#
# ViennaRNA model details:
# --temp: 37.0 C
# --dangles: 2
# --paramFile: None
# --noTetra: False
# --noGU: False
# --noClosingGU: False
#
#
# Results:
# Transcription Step | Energy-sorted structure count | Structure | Energy | [Occupancy-t0 Occupancy-t8] | Structure ID (-> Plotting ID)
   1    1                                                      .   0.00  [1.0000 -> 1.0000] ID = 0
   2    1                                                     ..   0.00  [1.0000 -> 1.0000] ID = 0
   3    1                                                    ...   0.00  [1.0000 -> 1.0000] ID = 0
   4    1                                                   ....   0.00  [1.0000 -> 1.0000] ID = 0
   5    1                                                  .....   0.00  [1.0000 -> 1.0000] ID = 0
   6    1                                                 ......   0.00  [1.0000 -> 1.0000] ID = 0
   7    1                                                .......   0.00  [1.0000 -> 1.0000] ID = 0
   8    1                                               ........   0.00  [1.0000 -> 1.0000] ID = 0
   9    1                                              .........   0.00  [1.0000 -> 1.0000] ID = 0
  10    1                                             ..........   0.00  [1.0000 -> 1.0000] ID = 0
  11    1                                            ...........   0.00  [1.0000 -> 1.0000] ID = 0
  12    1                                           ............   0.00  [1.0000 -> 1.0000] ID = 0
  13    1                                          .............   0.00  [1.0000 -> 1.0000] ID = 0
  14    1                                         ..............   0.00  [1.0000 -> 1.0000] ID = 0
  15    1                                        ...............   0.00  [1.0000 -> 1.0000] ID = 0
  16    1                                       ................   0.00  [1.0000 -> 1.0000] ID = 0
  17    1                                      ((((........)))).  -2.60 +[0.0000 -> 0.9848] ID = 1
  17    2                                      .................   0.00 -[1.0000 -> 0.0152] ID = 0
  18    1                                     (((((........)))))  -3.70  [1.0000 -> 1.0000] ID = 2
  19    1                                    .(((((........)))))  -3.70  [1.0000 -> 1.0000] ID = 2
  20    1                                   ..(((((........)))))  -3.70  [1.0000 -> 1.0000] ID = 2
  21    1                                  ...(((((........)))))  -3.70  [1.0000 -> 1.0000] ID = 2
  22    1                                 ....(((((........)))))  -3.70  [1.0000 -> 1.0000] ID = 2
  23    1                                .....(((((........)))))  -3.70  [1.0000 -> 1.0000] ID = 2
  24    1                               ......(((((........)))))  -3.70  [1.0000 -> 1.0000] ID = 2
  25    1                              .......(((((........)))))  -3.70  [1.0000 -> 1.0000] ID = 2
  26    1                             ........(((((........)))))  -3.70  [1.0000 -> 1.0000] ID = 2
  27    1                            .........(((((........)))))  -3.70  [1.0000 -> 1.0000] ID = 2
  28    1                           ..........(((((........)))))  -3.70  [1.0000 -> 1.0000] ID = 2
  29    1                          ...........(((((........)))))  -3.70  [1.0000 -> 1.0000] ID = 2
  30    1                         ............(((((........)))))  -3.70  [1.0000 -> 1.0000] ID = 2
  31    1                        ((.(((((((...)))).......))).)).  -5.70 +[0.0000 -> 0.0078] ID = 3
  31    2                        ((.....))....(((((........)))))  -4.20 -[1.0000 -> 0.9922] ID = 4
  32    1                       .((.(((((((...)))).......))).)).  -5.70 +[0.0078 -> 0.0187] ID = 3
  32    2                       ((..(((((((...)))).....)))...)).  -5.60 +[0.0000 -> 0.0130] ID = 5
  32    3                       ((......))....(((((........)))))  -5.20 +[0.0000 -> 0.8088] ID = 6
  32    4                       .((.....))....(((((........)))))  -4.20 -[0.9922 -> 0.1595] ID = 4
  33    1                      ..((.(((((((...)))).......))).)).  -5.70 +[0.0187 -> 0.0296] ID = 3
  33    2                      .((..(((((((...)))).....)))...)).  -5.60 +[0.0130 -> 0.0247] ID = 5
  33    3                      .((......))....(((((........)))))  -5.20 -[0.8088 -> 0.7899] ID = 6
  33    4                      ..((.....))....(((((........)))))  -4.20 -[0.1595 -> 0.1558] ID = 4
  34    1                     ...((.(((((((...)))).......))).)).  -5.70 +[0.0296 -> 0.0406] ID = 3
  34    2                     ..((..(((((((...)))).....)))...)).  -5.60 +[0.0247 -> 0.0356] ID = 5
  34    3                     ..((......))....(((((........)))))  -5.20 -[0.7899 -> 0.7716] ID = 6
  34    4                     ...((.....))....(((((........)))))  -4.20 -[0.1558 -> 0.1522] ID = 4
  35    1                    ....((.(((((((...)))).......))).)).  -5.70 +[0.0406 -> 0.0516] ID = 3
  35    2                    ...((..(((((((...)))).....)))...)).  -5.60 +[0.0356 -> 0.0459] ID = 5
  35    3                    ...((......))....(((((........)))))  -5.20 -[0.7716 -> 0.7538] ID = 6
  35    4                    ....((.....))....(((((........)))))  -4.20 -[0.1522 -> 0.1487] ID = 4
  36    1                   ((......(((((((...))))...))).....)).  -5.90 +[0.0000 -> 0.0339] ID = 7
  36    2                   .....((.(((((((...)))).......))).)).  -5.70 +[0.0516 -> 0.0558] ID = 3
  36    3                   ....((..(((((((...)))).....)))...)).  -5.60 -[0.0459 -> 0.0389] ID = 5
  36    4                   ....((......))....(((((........)))))  -5.20 -[0.7538 -> 0.7279] ID = 6
  36    5                   .....((.....))....(((((........)))))  -4.20 -[0.1487 -> 0.1435] ID = 4
  37    1                  (((......(((((((...))))...))).....)))  -7.10 +[0.0339 -> 0.0651] ID = 8
  37    2                  ......((.(((((((...)))).......))).)).  -5.70 -[0.0558 -> 0.0529] ID = 3
  37    3                  (((..........)))...(((((........)))))  -5.70 +[0.0000 -> 0.4906] ID = 9
  37    4                  .....((..(((((((...)))).....)))...)).  -5.60 -[0.0389 -> 0.0297] ID = 5
  37    5                  .....((......))....(((((........)))))  -5.20 -[0.7279 -> 0.3044] ID = 6
  37    6                  ......((.....))....(((((........)))))  -4.20 -[0.1435 -> 0.0572] ID = 4
  38    1                 .(((......(((((((...))))...))).....)))  -7.10 +[0.0711 -> 0.0773] ID = 8
  38    2                 (((...((......))....)))...............  -6.10 +[0.0000 -> 0.0278] ID = 11
  38    3                 .......((.(((((((...)))).......))).)).  -5.70 -[0.0588 -> 0.0561] ID = 3
  38    4                 .(((..........)))...(((((........)))))  -5.70 +[0.4966 -> 0.5437] ID = 9
  38    5                 (((....((.....))....)))...............  -5.30 +[0.0000 -> 0.0076] ID = 10
  38    6                 ......((......))....(((((........)))))  -5.20 -[0.3103 -> 0.2402] ID = 6
  38    7                 .......((.....))....(((((........)))))  -4.20 -[0.0632 -> 0.0473] ID = 4
  39    1                (((....)))...........(((((........)))))  -8.30 +[0.0000 -> 0.5077] ID = 12
  39    2                (((....))).(((((((...))))...)))........  -7.80 +[0.0000 -> 0.0293] ID = 14
  39    3                (((....)))....((((...))))..............  -7.40 +[0.0000 -> 0.0158] ID = 15
  39    4                ..(((......(((((((...))))...))).....)))  -7.10 -[0.0773 -> 0.0590] ID = 8
  39    5                (((....))).(((((((...)))).......)))....  -6.40 +[0.0000 -> 0.0054] ID = 13
  39    6                .(((...((......))....)))...............  -6.10 +[0.0278 -> 0.0388] ID = 11
  39    7                ........((.(((((((...)))).......))).)).  -5.70 -[0.0680 -> 0.0421] ID = 3
  39    8                ..(((..........)))...(((((........)))))  -5.70 -[0.5555 -> 0.2778] ID = 9
  39    9                .(((....((.....))....)))...............  -5.30 -[0.0194 -> 0.0106] ID = 10
  39   10                .......((......))....(((((........)))))  -5.20 -[0.2520 -> 0.0136] ID = 6
  40    1               .(((....)))...........(((((........)))))  -8.30 +[0.5132 -> 0.5499] ID = 12
  40    2               .(((....))).(((((((...)))).........)))..  -8.10 +[0.0000 -> 0.0310] ID = 17
  40    3               .(((....))).(((((((...))))...)))........  -7.80 +[0.0293 -> 0.0366] ID = 14
  40    4               .(((....)))....((((...))))..............  -7.40 +[0.0179 -> 0.0186] ID = 15
  40    5               ...(((......(((((((...))))...))).....)))  -7.10 -[0.0611 -> 0.0484] ID = 8
  40    6               .(((....))).(((((((...)))).......)))....  -6.40  [0.0054 -> 0.0055] ID = 13
  40    7               ..(((...((......))....)))...............  -6.10 +[0.0443 -> 0.0517] ID = 11
  40    8               ((.(((..........)))..))((((........)))).  -5.80 +[0.0000 -> 0.1245] ID = 16
  40    9               .........((.(((((((...)))).......))).)).  -5.70 -[0.0476 -> 0.0297] ID = 3
  40   10               ...(((..........)))...(((((........)))))  -5.70 -[0.2812 -> 0.1041] ID = 9
  41    1              ..(((....)))...........(((((........)))))  -8.30 -[0.5499 -> 0.3456] ID = 12
  41    2              ((((((...((......))....)))...........))).  -8.20 +[0.0000 -> 0.0409] ID = 18
  41    3              (((((.....))....)))....(((((........)))))  -8.20 +[0.0000 -> 0.2628] ID = 19
  41    4              ..(((....))).(((((((...)))).........)))..  -8.10 +[0.0310 -> 0.0496] ID = 17
  41    5              ..(((....))).(((((((...))))...)))........  -7.80 +[0.0366 -> 0.0415] ID = 14
  41    6              ..(((....)))....((((...))))..............  -7.40 +[0.0186 -> 0.0213] ID = 15
  41    7              ....(((......(((((((...))))...))).....)))  -7.10 -[0.0484 -> 0.0390] ID = 8
  41    8              ..(((....))).(((((((...)))).......)))....  -6.40 -[0.0055 -> 0.0053] ID = 13
  41    9              ...(((...((......))....)))...............  -6.10 -[0.0517 -> 0.0164] ID = 11
  41   10              .((.(((..........)))..))((((........)))).  -5.80 -[0.1245 -> 0.0871] ID = 16
  41   11              ..........((.(((((((...)))).......))).)).  -5.70 -[0.0297 -> 0.0188] ID = 3
  41   12              ....(((..........)))...(((((........)))))  -5.70 -[0.1041 -> 0.0716] ID = 9
  42    1             ...(((....)))...........(((((........)))))  -8.30 +[0.3480 -> 0.3545] ID = 12
  42    2             .((((((...((......))....)))...........))).  -8.20 +[0.0433 -> 0.0435] ID = 18
  42    3             .(((((.....))....)))....(((((........)))))  -8.20 +[0.2651 -> 0.3017] ID = 19
  42    4             ...(((....))).(((((((...)))).........)))..  -8.10 +[0.0496 -> 0.0641] ID = 17
  42    5             ...(((....))).(((((((...))))...)))........  -7.80 +[0.0415 -> 0.0474] ID = 14
  42    6             ...(((....)))....((((...))))..............  -7.40 -[0.0290 -> 0.0243] ID = 15
  42    7             .....(((......(((((((...))))...))).....)))  -7.10 -[0.0507 -> 0.0393] ID = 8
  42    8             ..((.(((..........)))..))((((........)))).  -5.80 -[0.0894 -> 0.0687] ID = 16
  42    9             .....(((..........)))...(((((........)))))  -5.70 -[0.0834 -> 0.0565] ID = 9
  43    1            ....(((....)))...........(((((........)))))  -8.30 +[0.3545 -> 0.3620] ID = 12
  43    2            ..((((((...((......))....)))...........))).  -8.20 +[0.0435 -> 0.0453] ID = 18
  43    3            ..(((((.....))....)))....(((((........)))))  -8.20 +[0.3017 -> 0.3126] ID = 19
  43    4            ....(((....))).(((((((...)))).........)))..  -8.10 +[0.0641 -> 0.0792] ID = 17
  43    5            ....(((....))).(((((((...))))...)))........  -7.80 +[0.0474 -> 0.0510] ID = 14
  43    6            ....(((....)))....((((...))))..............  -7.40 +[0.0243 -> 0.0265] ID = 15
  43    7            ......(((......(((((((...))))...))).....)))  -7.10 -[0.0393 -> 0.0317] ID = 8
  43    8            .....(((...((......))....)))...............  -6.10 +[0.0000 -> 0.0036] ID = 11
  43    9            ...((.(((..........)))..))((((........)))).  -5.80 -[0.0687 -> 0.0483] ID = 16
  43   10            ......(((..........)))...(((((........)))))  -5.70 -[0.0565 -> 0.0398] ID = 9
  44    1           .....(((....)))...........(((((........)))))  -8.30 +[0.3620 -> 0.3664] ID = 12
  44    2           ...((((((...((......))....)))...........))).  -8.20 +[0.0453 -> 0.0490] ID = 18
  44    3           ...(((((.....))....)))....(((((........)))))  -8.20 +[0.3126 -> 0.3163] ID = 19
  44    4           .....(((....))).(((((((...)))).........)))..  -8.10 +[0.0792 -> 0.0887] ID = 17
  44    5           .....(((....))).(((((((...))))...)))........  -7.80 +[0.0510 -> 0.0561] ID = 14
  44    6           .....(((....)))....((((...))))..............  -7.40 +[0.0265 -> 0.0293] ID = 15
  44    7           .......(((......(((((((...))))...))).....)))  -7.10 -[0.0317 -> 0.0271] ID = 8
  44    8           ......(((...((......))....)))...............  -6.10 +[0.0036 -> 0.0038] ID = 11
  44    9           ....((.(((..........)))..))((((........)))).  -5.80 -[0.0483 -> 0.0346] ID = 16
  44   10           .......(((..........)))...(((((........)))))  -5.70 -[0.0398 -> 0.0286] ID = 9
  45    1          ......(((....)))...........(((((........)))))  -8.30 +[0.3670 -> 0.3729] ID = 12
  45    2          ....((((((...((......))....)))...........))).  -8.20 +[0.0551 -> 0.0556] ID = 18
  45    3          ....(((((.....))....)))....(((((........)))))  -8.20 -[0.3223 -> 0.3220] ID = 19
  45    4          ......(((....))).(((((((...)))).........)))..  -8.10 +[0.0887 -> 0.0988] ID = 17
  45    5          ......(((....))).(((((((...))))...)))........  -7.80  [0.0616 -> 0.0616] ID = 14
  45    6          ......(((....)))....((((...))))..............  -7.40 +[0.0299 -> 0.0322] ID = 15
  45    7          .....((.(((..........)))..))((((........)))).  -5.80 -[0.0407 -> 0.0310] ID = 16
  45    8          ........(((..........)))...(((((........)))))  -5.70 -[0.0346 -> 0.0257] ID = 9
  46    1         (((....(((....)))....)))....(((((........))))) -12.10 +[0.3815 -> 0.5959] ID = 21
  46    2         (((((.(((((...((......))....))).....)).)).))). -11.40 +[0.0000 -> 0.0029] ID = 25
  46    3         (((...((((.....)).)).)))....(((((........))))) -10.90 +[0.0000 -> 0.0488] ID = 26
  46    4         (((((.((((....)).....((((...))))....)).)).))).  -8.80 +[0.0000 -> 0.0726] ID = 22
  46    5         (((((..(((....))).(((((((...))))...))).)).))).  -8.60 +[0.0000 -> 0.0528] ID = 23
  46    6         .....((((((...((......))....)))...........))).  -8.20 -[0.0556 -> 0.0531] ID = 18
  46    7         .....(((((.....))....)))....(((((........)))))  -8.20 -[0.3306 -> 0.0793] ID = 19
  46    8         .......(((....))).(((((((...)))).........)))..  -8.10 -[0.0988 -> 0.0394] ID = 17
  46    9         .......(((....))).(((((((...))))...)))........  -7.80 -[0.0616 -> 0.0156] ID = 14
  46   10         .......(((....)))....((((...))))..............  -7.40 -[0.0322 -> 0.0083] ID = 15
  46   11         .......(((....)))............((((........)))).  -7.20 +[0.0000 -> 0.0012] ID = 27
  46   12         (((...)))(((..........)))...(((((........)))))  -6.70 +[0.0000 -> 0.0246] ID = 24
  46   13         ......((.(((..........)))..))((((........)))).  -5.80 -[0.0396 -> 0.0055] ID = 16
  47    1        ((((....(((....)))....))))...(((((........))))) -14.50 +[0.6039 -> 0.6458] ID = 28
  47    2        ((((...((((.....)).)).))))...(((((........))))) -13.30 +[0.0488 -> 0.0741] ID = 32
  47    3        ((((((.(((((...((......))....))).....)).)).)))) -12.60 +[0.0029 -> 0.0062] ID = 31
  47    4        ((((((.((((....)).....((((...))))....)).)).)))) -10.00 +[0.0749 -> 0.0954] ID = 30
  47    5        ((((((..(((....))).(((((((...))))...))).)).))))  -9.80 +[0.0566 -> 0.0691] ID = 29
  47    6        ......((((((...((......))....)))...........))).  -8.20 -[0.0593 -> 0.0573] ID = 18
  47    7        ......(((((.....))....)))....(((((........)))))  -8.20 -[0.0813 -> 0.0202] ID = 19
  47    8        ........(((....))).(((((((...)))).........)))..  -8.10 -[0.0456 -> 0.0113] ID = 17
  47    9        .(((...)))(((..........)))...(((((........)))))  -6.70 -[0.0266 -> 0.0204] ID = 24
  48    1       .((((....(((....)))....))))...(((((........))))) -14.50 -[0.6537 -> 0.6506] ID = 28
  48    2       .((((...((((.....)).)).))))...(((((........))))) -13.30 +[0.0792 -> 0.0889] ID = 32
  48    3       .((((((.(((((...((......))....))).....)).)).)))) -12.60 +[0.0062 -> 0.0099] ID = 31
  48    4       .((((((.((((....)).....((((...))))....)).)).)))) -10.00 -[0.0983 -> 0.0972] ID = 30
  48    5       .((((((..(((....))).(((((((...))))...))).)).))))  -9.80 -[0.0719 -> 0.0703] ID = 29
  48    6       (((((...))).))..((......))....(((((........)))))  -8.50 +[0.0000 -> 0.0081] ID = 33
  48    7       .........(((....)))...........(((((........)))))  -8.30 +[0.0000 -> 0.0023] ID = 12
  48    8       .......((((((...((......))....)))...........))).  -8.20 -[0.0652 -> 0.0610] ID = 18
  48    9       ..(((...)))(((..........)))...(((((........)))))  -6.70 -[0.0255 -> 0.0117] ID = 24
  49    1      ..((((....(((....)))....))))...(((((........))))) -14.50 +[0.6576 -> 0.6579] ID = 28
  49    2      ..((((...((((.....)).)).))))...(((((........))))) -13.30 +[0.0918 -> 0.0933] ID = 32
  49    3      ..((((((.(((((...((......))....))).....)).)).)))) -12.60 +[0.0099 -> 0.0136] ID = 31
  49    4      ..((((((.((((....)).....((((...))))....)).)).)))) -10.00 -[0.1001 -> 0.0806] ID = 30
  49    5      ..((((((..(((....))).(((((((...))))...))).)).))))  -9.80 -[0.0714 -> 0.0583] ID = 29
  49    6      ..((((((..(((....)))....((((...)))).......)).))))  -9.40 +[0.0000 -> 0.0305] ID = 35
  49    7      ........((((((...((......))....)))...........))).  -8.20 -[0.0692 -> 0.0659] ID = 18
  50    1     ...((((....(((....)))....))))...(((((........))))) -14.50 +[0.6579 -> 0.6589] ID = 28
  50    2     ...((((...((((.....)).)).))))...(((((........))))) -13.30 +[0.0933 -> 0.0940] ID = 32
  50    3     ...((((((.(((((...((......))....))).....)).)).)))) -12.60 +[0.0136 -> 0.0172] ID = 31
  50    4     ...((((((.((((....)).....((((...))))....)).)).)))) -10.00 -[0.0806 -> 0.0796] ID = 30
  50    5     ...((((((..(((....))).(((((((...))))...))).)).))))  -9.80 -[0.0583 -> 0.0575] ID = 29
  50    6     ...((((((..(((....)))....((((...)))).......)).))))  -9.40 -[0.0305 -> 0.0301] ID = 35
  50    7     .........((((((...((......))....)))...........))).  -8.20 -[0.0659 -> 0.0627] ID = 18
  51    1    ....((((....(((....)))....))))...(((((........))))) -14.50 +[0.6589 -> 0.6603] ID = 28
  51    2    ....((((...((((.....)).)).))))...(((((........))))) -13.30 +[0.0940 -> 0.0943] ID = 32
  51    3    ....((((((.(((((...((......))....))).....)).)).)))) -12.60 +[0.0172 -> 0.0205] ID = 31
  51    4    ....((((((.((((....)).....((((...))))....)).)).)))) -10.00 -[0.0796 -> 0.0786] ID = 30
  51    5    ....((((((..(((....))).(((((((...))))...))).)).))))  -9.80 -[0.0575 -> 0.0568] ID = 29
  51    6    ....((((((..(((....)))....((((...)))).......)).))))  -9.40 -[0.0301 -> 0.0297] ID = 35
  51    7    ..........((((((...((......))....)))...........))).  -8.20 -[0.0627 -> 0.0597] ID = 18
  52    1   .....((((....(((....)))....))))...(((((........))))) -14.50 +[0.6603 -> 0.6620] ID = 28
  52    2   .....((((...((((.....)).)).))))...(((((........))))) -13.30 +[0.0943 -> 0.0947] ID = 32
  52    3   .....((((((.(((((...((......))....))).....)).)).)))) -12.60 +[0.0205 -> 0.0239] ID = 31
  52    4   .....((((((.((((....)).....((((...))))....)).)).)))) -10.00 -[0.1083 -> 0.0944] ID = 30
  52    5   .....((((((..(((....))).(((((((...))))...))).)).))))  -9.80 +[0.0568 -> 0.0682] ID = 29
  52    6   ...........((((((...((......))....)))...........))).  -8.20 -[0.0597 -> 0.0569] ID = 18
  53    1  ......((((....(((....)))....))))...(((((........))))) -14.50 +[0.6620 -> 0.6637] ID = 28
  53    2  ......((((...((((.....)).)).))))...(((((........))))) -13.30 +[0.0947 -> 0.0950] ID = 32
  53    3  ......((((((.(((((...((......))....))).....)).)).)))) -12.60 +[0.0239 -> 0.0271] ID = 31
  53    4  ......((((((.((((....)).....((((...))))....)).)).)))) -10.00 -[0.0944 -> 0.0929] ID = 30
  53    5  ......((((((..(((....))).(((((((...))))...))).)).))))  -9.80 -[0.0682 -> 0.0672] ID = 29
  53    6  ............((((((...((......))....)))...........))).  -8.20 -[0.0569 -> 0.0541] ID = 18
  54    1 .......((((....(((....)))....))))...(((((........))))) -14.50 +[0.6637 -> 0.7853] ID = 28
  54    2 .......((((...((((.....)).)).))))...(((((........))))) -13.30 +[0.0950 -> 0.1121] ID = 32
  54    3 .......((((((.(((((...((......))....))).....)).)).)))) -12.60 +[0.0271 -> 0.1012] ID = 31
  54    4 .......((((((.((((....)).....((((...))))....)).)).)))) -10.00 -[0.0929 -> 0.0008] ID = 30
  54    5 .......((((((..(((....))).(((((((...))))...))).)).))))  -9.80 -[0.0672 -> 0.0006] ID = 29
  54    6 .............((((((...((......))....)))...........))).  -8.20 -[0.0541 -> 0.0001] ID = 18
# Distribution of structures at the end:
#         GUGAACCCGGUCAGGCCCGGAAGGGAGCAGCCGAAGCGGUGGAUGUGUGUGCCG
  54    1 .......((((....(((....)))....))))...(((((........))))) -14.50 0.7853 +[t8: 0.8405] ID = 28
  54    2 .......((((...((((.....)).)).))))...(((((........))))) -13.30 0.1121 +[t8: 0.1199] ID = 32
  54    3 .......((((((.(((((...((......))....))).....)).)).)))) -12.60 0.1012 -[t8: 0.0385] ID = 31
  54    4 .......((((((.((((....)).....((((...))))....)).)).)))) -10.00 0.0008 -[t8: 0.0006] ID = 30
  54    5 .......((((((..(((....))).(((((((...))))...))).)).))))  -9.80 0.0006 -[t8: 0.0004] ID = 29
  54    6 .............((((((...((......))....)))...........))).  -8.20 0.0001  [t8: 0.0000] ID = 18
