# File generated using DrTransformer v0.10
#
# >drtr_srp_Lact.lact._CP000425
# CGAAGCGUGUCAGGACCUGACGGUAGCAGCACUAAG 
#
# Co-transcriptional folding parameters:
# --t-ext: 0.02 sec
# --t-end: 60.0 sec
# --start: 1
# --stop: 36
# --reversed-transcription: False
#
# Algorithm parameters:
# --o-prune: 0.05
# --t-fast: 0.001 sec
# --fpwm: 4
# --mfree: 6 nuc
# --k0: 200000.0
#
# ViennaRNA model details:
# --temp: 37.0 C
# --dangles: 2
# --paramFile: None
# --noTetra: False
# --noGU: False
# --noClosingGU: False
#
#
# Results:
# Transcription Step | Energy-sorted structure count | Structure | Energy | [Occupancy-t0 Occupancy-t8] | Structure ID (-> Plotting ID)
   1    1 .   0.00  [1.0000 -> 1.0000] ID = 0
   2    1 ..   0.00  [1.0000 -> 1.0000] ID = 0
   3    1 ...   0.00  [1.0000 -> 1.0000] ID = 0
   4    1 ....   0.00  [1.0000 -> 1.0000] ID = 0
   5    1 .....   0.00  [1.0000 -> 1.0000] ID = 0
   6    1 ......   0.00  [1.0000 -> 1.0000] ID = 0
   7    1 .......   0.00  [1.0000 -> 1.0000] ID = 0
   8    1 ........   0.00  [1.0000 -> 1.0000] ID = 0
   9    1 .........   0.00  [1.0000 -> 1.0000] ID = 0
  10    1 ..........   0.00  [1.0000 -> 1.0000] ID = 0
  11    1 ...........   0.00  [1.0000 -> 1.0000] ID = 0
  12    1 ............   0.00  [1.0000 -> 1.0000] ID = 0
  13    1 .............   0.00  [1.0000 -> 1.0000] ID = 0
  14    1 ..............   0.00  [1.0000 -> 1.0000] ID = 0
  15    1 ...............   0.00  [1.0000 -> 1.0000] ID = 0
  16    1 ................   0.00  [1.0000 -> 1.0000] ID = 0
  17    1 .................   0.00  [1.0000 -> 1.0000] ID = 0
  18    1 ...((.((......))))  -0.50 +[0.0000 -> 0.6924] ID = 1
  18    2 ..................   0.00 -[1.0000 -> 0.3076] ID = 0
  19    1 ...((.((......)))).  -0.50  [0.6924 -> 0.6924] ID = 1
  19    2 ...................   0.00  [0.3076 -> 0.3076] ID = 0
  20    1 .........((((...))))  -1.30 +[0.3076 -> 0.7855] ID = 2
  20    2 ...((.((......))))..  -0.50 -[0.6924 -> 0.2145] ID = 1
  21    1 ........(((((...)))))  -4.90 +[0.7855 -> 0.9992] ID = 3
  21    2 ...((.((......))))...  -0.50 -[0.2145 -> 0.0008] ID = 1
  22    1 .......((((((...))))))  -5.10  [1.0000 -> 1.0000] ID = 4
  23    1 .......((((((...)))))).  -5.10  [1.0000 -> 1.0000] ID = 4
  24    1 ....((.((((((...))))))))  -6.10  [1.0000 -> 1.0000] ID = 5
  25    1 ....((.((((((...)))))))).  -6.10  [1.0000 -> 1.0000] ID = 5
  26    1 ....((.((((((...))))))))..  -6.10  [1.0000 -> 1.0000] ID = 5
  27    1 ....((.((((((...))))))...))  -6.70  [1.0000 -> 1.0000] ID = 6
  28    1 ....((.((((((...))))))...)).  -6.70  [1.0000 -> 1.0000] ID = 6
  29    1 ....((.((((((...))))))...))..  -6.70  [1.0000 -> 1.0000] ID = 6
  30    1 ....((.((((((...))))))...))...  -6.70  [1.0000 -> 1.0000] ID = 6
  31    1 ....((.((((((...))))))...))....  -6.70  [1.0000 -> 1.0000] ID = 6
  32    1 ....((.((((((...))))))...)).....  -6.70  [1.0000 -> 1.0000] ID = 6
  33    1 ....((.((((((...))))))...))......  -6.70  [1.0000 -> 1.0000] ID = 6
  34    1 ....((.((((((...))))))...)).......  -6.70  [1.0000 -> 1.0000] ID = 6
  35    1 ....((.((((((...))))))...))........  -6.70  [1.0000 -> 1.0000] ID = 6
  36    1 ....((.((((((...))))))...)).........  -6.70  [1.0000 -> 1.0000] ID = 6
# Distribution of structures at the end:
#         CGAAGCGUGUCAGGACCUGACGGUAGCAGCACUAAG
  36    1 ....((.((((((...))))))...)).........  -6.70 1.0000  [t8: 1.0000] ID = 6
