# File generated using DrTransformer v0.10
#
# >drtr_srp_Shig.flex._CP000266
# CCGUCAGGUCCGGAAGGAAGCAGCGGUA 
#
# Co-transcriptional folding parameters:
# --t-ext: 0.02 sec
# --t-end: 60.0 sec
# --start: 1
# --stop: 28
# --reversed-transcription: False
#
# Algorithm parameters:
# --o-prune: 0.05
# --t-fast: 0.001 sec
# --fpwm: 4
# --mfree: 6 nuc
# --k0: 200000.0
#
# ViennaRNA model details:
# --temp: 37.0 C
# --dangles: 2
# --paramFile: None
# --noTetra: False
# --noGU: False
# --noClosingGU: False
#
#
# Results:
# Transcription Step | Energy-sorted structure count | Structure | Energy | [Occupancy-t0 Occupancy-t8] | Structure ID (-> Plotting ID)
   1    1 .   0.00  [1.0000 -> 1.0000] ID = 0
   2    1 ..   0.00  [1.0000 -> 1.0000] ID = 0
   3    1 ...   0.00  [1.0000 -> 1.0000] ID = 0
   4    1 ....   0.00  [1.0000 -> 1.0000] ID = 0
   5    1 .....   0.00  [1.0000 -> 1.0000] ID = 0
   6    1 ......   0.00  [1.0000 -> 1.0000] ID = 0
   7    1 .......   0.00  [1.0000 -> 1.0000] ID = 0
   8    1 ((....))  -0.60  [1.0000 -> 1.0000] ID = 1
   9    1 ((....)).  -0.60  [1.0000 -> 1.0000] ID = 1
  10    1 ((....))..  -0.60  [1.0000 -> 1.0000] ID = 1
  11    1 ((....))...  -0.60  [1.0000 -> 1.0000] ID = 1
  12    1 ((....))....  -0.60  [1.0000 -> 1.0000] ID = 1
  13    1 (((.......)))  -1.80 +[0.0000 -> 0.8743] ID = 2
  13    2 ((....)).....  -0.60 -[1.0000 -> 0.1257] ID = 1
  14    1 (((.......))).  -1.80 +[0.8743 -> 0.8751] ID = 2
  14    2 ((....))......  -0.60 -[0.1257 -> 0.1249] ID = 1
  15    1 (((.......)))..  -1.80  [0.8751 -> 0.8751] ID = 2
  15    2 ((....)).......  -0.60  [0.1249 -> 0.1249] ID = 1
  16    1 (((.......)))...  -1.80  [0.8751 -> 0.8751] ID = 2
  16    2 ((....))........  -0.60  [0.1249 -> 0.1249] ID = 1
  17    1 ((....)).((....))  -2.10 +[0.1249 -> 0.4973] ID = 3
  17    2 (((.......)))....  -1.80 -[0.8751 -> 0.5027] ID = 2
  18    1 ((....))(((....)))  -3.30 +[0.4973 -> 0.7549] ID = 4
  18    2 (((.......))).....  -1.80 -[0.5027 -> 0.2451] ID = 2
  19    1 ((....))(((....))).  -3.30 +[0.7549 -> 0.8553] ID = 4
  19    2 (((.......)))......  -1.80 -[0.2451 -> 0.1447] ID = 2
  20    1 ((....))(((....)))..  -3.30 +[0.8553 -> 0.8944] ID = 4
  20    2 (((.......))).......  -1.80 -[0.1447 -> 0.1056] ID = 2
  21    1 ((....))(((....)))...  -3.30 +[0.8944 -> 0.9096] ID = 4
  21    2 (((.......)))........  -1.80 -[0.1056 -> 0.0904] ID = 2
  22    1 ((....))(((....)))....  -3.30 +[0.9096 -> 0.9156] ID = 4
  22    2 (((.......))).........  -1.80 -[0.0904 -> 0.0844] ID = 2
  23    1 ((....))(((....))).....  -3.30 +[0.9156 -> 0.9179] ID = 4
  23    2 (((.......)))..........  -1.80 -[0.0844 -> 0.0821] ID = 2
  24    1 ..((....(((....)))....))  -3.50 +[0.9179 -> 0.9314] ID = 5
  24    2 (((.......)))...........  -1.80 -[0.0821 -> 0.0686] ID = 2
  25    1 .(((....(((....)))....)))  -5.90 +[0.9314 -> 0.9705] ID = 7
  25    2 (((.......)))............  -1.80 -[0.0686 -> 0.0295] ID = 2
  26    1 ((((....(((....)))....))))  -8.30  [1.0000 -> 1.0000] ID = 8
  27    1 ((((....(((....)))....)))).  -8.30  [1.0000 -> 1.0000] ID = 8
  28    1 ((((....(((....)))....))))..  -8.30  [1.0000 -> 1.0000] ID = 8
# Distribution of structures at the end:
#         CCGUCAGGUCCGGAAGGAAGCAGCGGUA
  28    1 ((((....(((....)))....))))..  -8.30 1.0000  [t8: 1.0000] ID = 8
