# File generated using DrTransformer v0.10
#
# >drtr_srp_Geob.uran._CP000698_rev
# AACCCCGCCAGGCCCGGAAGGGAGCAACGGUAG 
#
# Co-transcriptional folding parameters:
# --t-ext: 0.02 sec
# --t-end: 60.0 sec
# --start: 1
# --stop: 33
# --reversed-transcription: True
#
# Algorithm parameters:
# --o-prune: 0.05
# --t-fast: 0.001 sec
# --fpwm: 4
# --mfree: 6 nuc
# --k0: 200000.0
#
# ViennaRNA model details:
# --temp: 37.0 C
# --dangles: 2
# --paramFile: None
# --noTetra: False
# --noGU: False
# --noClosingGU: False
#
#
# Results:
# Transcription Step | Energy-sorted structure count | Structure | Energy | [Occupancy-t0 Occupancy-t8] | Structure ID (-> Plotting ID)
   1    1                                 .   0.00  [1.0000 -> 1.0000] ID = 0
   2    1                                ..   0.00  [1.0000 -> 1.0000] ID = 0
   3    1                               ...   0.00  [1.0000 -> 1.0000] ID = 0
   4    1                              ....   0.00  [1.0000 -> 1.0000] ID = 0
   5    1                             .....   0.00  [1.0000 -> 1.0000] ID = 0
   6    1                            ......   0.00  [1.0000 -> 1.0000] ID = 0
   7    1                           .......   0.00  [1.0000 -> 1.0000] ID = 0
   8    1                          ........   0.00  [1.0000 -> 1.0000] ID = 0
   9    1                         .........   0.00  [1.0000 -> 1.0000] ID = 0
  10    1                        ..........   0.00  [1.0000 -> 1.0000] ID = 0
  11    1                       ...........   0.00  [1.0000 -> 1.0000] ID = 0
  12    1                      ............   0.00  [1.0000 -> 1.0000] ID = 0
  13    1                     .............   0.00  [1.0000 -> 1.0000] ID = 0
  14    1                    ..............   0.00  [1.0000 -> 1.0000] ID = 0
  15    1                   ...............   0.00  [1.0000 -> 1.0000] ID = 0
  16    1                  ................   0.00  [1.0000 -> 1.0000] ID = 0
  17    1                 .................   0.00  [1.0000 -> 1.0000] ID = 0
  18    1                ..................   0.00  [1.0000 -> 1.0000] ID = 0
  19    1               ...................   0.00  [1.0000 -> 1.0000] ID = 0
  20    1              (((...........)))...  -2.60  [1.0000 -> 1.0000] ID = 1
  21    1             (((....)))...........  -4.60 +[0.0000 -> 0.5713] ID = 2
  21    2             .(((...........)))...  -2.60 -[1.0000 -> 0.4287] ID = 1
  22    1            .(((....)))...........  -4.60 +[0.5713 -> 0.8035] ID = 2
  22    2            ..(((...........)))...  -2.60 -[0.4287 -> 0.1965] ID = 1
  23    1           ..(((....)))...........  -4.60 +[0.8035 -> 0.8979] ID = 2
  23    2           ...(((...........)))...  -2.60 -[0.1965 -> 0.1021] ID = 1
  24    1          ...(((....)))...........  -4.60 +[0.8979 -> 0.9362] ID = 2
  24    2          ....(((...........)))...  -2.60 -[0.1021 -> 0.0638] ID = 1
  25    1         ....(((....)))...........  -4.60 +[0.9362 -> 0.9518] ID = 2
  25    2         .....(((...........)))...  -2.60 -[0.0638 -> 0.0482] ID = 1
  26    1        ((..((((.....)).))...))...  -5.20 +[0.0000 -> 0.6951] ID = 3
  26    2        .....(((....)))...........  -4.60 -[1.0000 -> 0.3049] ID = 2
  27    1       (((..((((.....)).))...)))..  -6.90 +[0.6951 -> 0.8104] ID = 4
  27    2       (((...(((....)))......)))..  -6.00 -[0.3049 -> 0.1896] ID = 5
  28    1      .(((..((((.....)).))...)))..  -6.90 +[0.8104 -> 0.8116] ID = 4
  28    2      .(((...(((....)))......)))..  -6.00 -[0.1896 -> 0.1884] ID = 5
  29    1     (((.....(((....))).....)))...  -8.30 +[0.0000 -> 0.2700] ID = 6
  29    2     ..(((..((((.....)).))...)))..  -6.90 -[0.8116 -> 0.6322] ID = 4
  29    3     ..(((...(((....)))......)))..  -6.00 -[0.1884 -> 0.0978] ID = 5
  30    1    .(((.....(((....))).....)))...  -8.30 +[0.2700 -> 0.5036] ID = 6
  30    2    .(((....((((.....)).))..)))...  -7.20 +[0.0000 -> 0.2366] ID = 7
  30    3    ...(((..((((.....)).))...)))..  -6.90 -[0.6322 -> 0.2194] ID = 4
  30    4    ...(((...(((....)))......)))..  -6.00 -[0.0978 -> 0.0404] ID = 5
  31    1   ..(((.....(((....))).....)))...  -8.30 +[0.5238 -> 0.6333] ID = 6
  31    2   ..(((....((((.....)).))..)))...  -7.20 -[0.2366 -> 0.2059] ID = 7
  31    3   ....(((..((((.....)).))...)))..  -6.90 -[0.2396 -> 0.1608] ID = 4
  32    1  ...(((.....(((....))).....)))...  -8.30 +[0.6333 -> 0.6998] ID = 6
  32    2  ...(((....((((.....)).))..)))...  -7.20 -[0.2059 -> 0.1747] ID = 7
  32    3  .....(((..((((.....)).))...)))..  -6.90 -[0.1608 -> 0.1255] ID = 4
  33    1 ....(((.....(((....))).....)))...  -8.30 +[0.6998 -> 0.7868] ID = 6
  33    2 ....(((....((((.....)).))..)))...  -7.20 -[0.1747 -> 0.1320] ID = 7
  33    3 ......(((..((((.....)).))...)))..  -6.90 -[0.1255 -> 0.0812] ID = 4
# Distribution of structures at the end:
#         AACCCCGCCAGGCCCGGAAGGGAGCAACGGUAG
  33    1 ....(((.....(((....))).....)))...  -8.30 0.7868  [t8: 0.7868] ID = 6
  33    2 ....(((....((((.....)).))..)))...  -7.20 0.1320  [t8: 0.1320] ID = 7
  33    3 ......(((..((((.....)).))...)))..  -6.90 0.0812  [t8: 0.0812] ID = 4
