# File generated using DrTransformer v0.10
#
# >drtr_srp_Cory.glut._AP009044_rev
# UGAACCCCCCCAGGGCCGGAAGGCAGCAAGGGUAAGCGGGCUCUGACGGGUG 
#
# Co-transcriptional folding parameters:
# --t-ext: 0.02 sec
# --t-end: 60.0 sec
# --start: 1
# --stop: 52
# --reversed-transcription: True
#
# Algorithm parameters:
# --o-prune: 0.05
# --t-fast: 0.001 sec
# --fpwm: 4
# --mfree: 6 nuc
# --k0: 200000.0
#
# ViennaRNA model details:
# --temp: 37.0 C
# --dangles: 2
# --paramFile: None
# --noTetra: False
# --noGU: False
# --noClosingGU: False
#
#
# Results:
# Transcription Step | Energy-sorted structure count | Structure | Energy | [Occupancy-t0 Occupancy-t8] | Structure ID (-> Plotting ID)
   1    1                                                    .   0.00  [1.0000 -> 1.0000] ID = 0
   2    1                                                   ..   0.00  [1.0000 -> 1.0000] ID = 0
   3    1                                                  ...   0.00  [1.0000 -> 1.0000] ID = 0
   4    1                                                 ....   0.00  [1.0000 -> 1.0000] ID = 0
   5    1                                                .....   0.00  [1.0000 -> 1.0000] ID = 0
   6    1                                               ......   0.00  [1.0000 -> 1.0000] ID = 0
   7    1                                              .......   0.00  [1.0000 -> 1.0000] ID = 0
   8    1                                             ........   0.00  [1.0000 -> 1.0000] ID = 0
   9    1                                            .........   0.00  [1.0000 -> 1.0000] ID = 0
  10    1                                           ..........   0.00  [1.0000 -> 1.0000] ID = 0
  11    1                                          ...........   0.00  [1.0000 -> 1.0000] ID = 0
  12    1                                         ............   0.00  [1.0000 -> 1.0000] ID = 0
  13    1                                        ((((....)))).  -2.20  [1.0000 -> 1.0000] ID = 1
  14    1                                       .((((....)))).  -2.20  [1.0000 -> 1.0000] ID = 1
  15    1                                      ..((((....)))).  -2.20  [1.0000 -> 1.0000] ID = 1
  16    1                                     ...((((....)))).  -2.20  [1.0000 -> 1.0000] ID = 1
  17    1                                    ....((((....)))).  -2.20  [1.0000 -> 1.0000] ID = 1
  18    1                                   .....((((....)))).  -2.20  [1.0000 -> 1.0000] ID = 1
  19    1                                  ......((((....)))).  -2.20  [1.0000 -> 1.0000] ID = 1
  20    1                                 .......((((....)))).  -2.20  [1.0000 -> 1.0000] ID = 1
  21    1                                ........((((....)))).  -2.20  [1.0000 -> 1.0000] ID = 1
  22    1                               .........((((....)))).  -2.20  [1.0000 -> 1.0000] ID = 1
  23    1                              ((((......)))).........  -2.30 +[0.0000 -> 0.3067] ID = 2
  23    2                              ..........((((....)))).  -2.20 -[1.0000 -> 0.6933] ID = 1
  24    1                             (((((......)))))........  -4.00 +[0.3067 -> 0.5504] ID = 3
  24    2                             ...........((((....)))).  -2.20 -[0.6933 -> 0.4496] ID = 1
  25    1                            .(((((......)))))........  -4.00 +[0.5504 -> 0.7016] ID = 3
  25    2                            ............((((....)))).  -2.20 -[0.4496 -> 0.2984] ID = 1
  26    1                           ..(((((......)))))........  -4.00 +[0.7016 -> 0.7955] ID = 3
  26    2                           .............((((....)))).  -2.20 -[0.2984 -> 0.2045] ID = 1
  27    1                          ...(((((......)))))........  -4.00 +[0.7955 -> 0.8009] ID = 3
  27    2                          ((........))..((((....)))).  -3.00 -[0.2045 -> 0.1991] ID = 4
  28    1                         ....(((((......)))))........  -4.00 +[0.8009 -> 0.8056] ID = 3
  28    2                         .((........))..((((....)))).  -3.00 -[0.1991 -> 0.1944] ID = 4
  29    1                        .....(((((......)))))........  -4.00 +[0.8056 -> 0.8097] ID = 3
  29    2                        ..((........))..((((....)))).  -3.00 -[0.1944 -> 0.1903] ID = 4
  30    1                       ((....(((((......))))).....)).  -4.30 +[0.8097 -> 0.8203] ID = 5
  30    2                       ...((........))..((((....)))).  -3.00 -[0.1903 -> 0.1797] ID = 4
  31    1                      .((....(((((......))))).....)).  -4.30 -[0.8203 -> 0.8104] ID = 5
  31    2                      (((.((........))..)))..........  -4.00 +[0.0000 -> 0.1308] ID = 6
  31    3                      ....((........))..((((....)))).  -3.00 -[0.1797 -> 0.0588] ID = 4
  32    1                     ..((....(((((......))))).....)).  -4.30 -[0.8104 -> 0.7958] ID = 5
  32    2                     .(((.((........))..)))..........  -4.00 +[0.1308 -> 0.1635] ID = 6
  32    3                     .....((........))..((((....)))).  -3.00 -[0.0588 -> 0.0407] ID = 4
  33    1                    ...((....(((((......))))).....)).  -4.30 -[0.7958 -> 0.7812] ID = 5
  33    2                    ..(((.((........))..)))..........  -4.00 +[0.1635 -> 0.1792] ID = 6
  33    3                    ......((........))..((((....)))).  -3.00 -[0.0407 -> 0.0396] ID = 4
  34    1                   ....((....(((((......))))).....)).  -4.30 -[0.7812 -> 0.7675] ID = 5
  34    2                   ...(((.((........))..)))..........  -4.00 +[0.1792 -> 0.1914] ID = 6
  34    3                   .......((........))..((((....)))).  -3.00 +[0.0396 -> 0.0411] ID = 4
  35    1                  .....((....(((((......))))).....)).  -4.30 -[0.7675 -> 0.7546] ID = 5
  35    2                  ....(((.((........))..)))..........  -4.00 +[0.1914 -> 0.2024] ID = 6
  35    3                  ........((........))..((((....)))).  -3.00 +[0.0411 -> 0.0429] ID = 4
  36    1                 ((..((((.((........))..)).))..))....  -8.10 +[0.2024 -> 0.2732] ID = 7
  36    2                 (((..(((.((........))..)))))).......  -5.50 +[0.0000 -> 0.0074] ID = 8
  36    3                 ......((....(((((......))))).....)).  -4.30 -[0.7546 -> 0.7136] ID = 5
  36    4                 .........((........))..((((....)))).  -3.00 -[0.0429 -> 0.0059] ID = 4
  37    1                (((..((((.((........))..)).))..)))... -11.30 +[0.2798 -> 0.4324] ID = 9
  37    2                (((..........(((((......)))))..)))...  -6.10 +[0.0000 -> 0.5377] ID = 10
  37    3                .......((....(((((......))))).....)).  -4.30 -[0.7202 -> 0.0299] ID = 5
  38    1               .(((..((((.((........))..)).))..)))... -11.30 +[0.4474 -> 0.5565] ID = 9
  38    2               (((....)))....(((((......)))))........  -8.80 +[0.0000 -> 0.1770] ID = 11
  38    3               .(((..........(((((......)))))..)))...  -6.10 -[0.5526 -> 0.2665] ID = 10
  39    1              ..(((..((((.((........))..)).))..)))... -11.30 +[0.5565 -> 0.6092] ID = 9
  39    2              .(((....)))....(((((......)))))........  -8.80 +[0.1770 -> 0.2616] ID = 11
  39    3              ..(((..........(((((......)))))..)))...  -6.10 -[0.2665 -> 0.1292] ID = 10
  40    1             ...(((..((((.((........))..)).))..)))... -11.30 +[0.6092 -> 0.6349] ID = 9
  40    2             ..(((....)))....(((((......)))))........  -8.80 +[0.2616 -> 0.3018] ID = 11
  40    3             ...(((..........(((((......)))))..)))...  -6.10 -[0.1292 -> 0.0634] ID = 10
  41    1            ....(((..((((.((........))..)).))..)))... -11.30 +[0.6349 -> 0.6475] ID = 9
  41    2            ...(((....)))....(((((......)))))........  -8.80 +[0.3018 -> 0.3207] ID = 11
  41    3            ....(((..........(((((......)))))..)))...  -6.10 -[0.0634 -> 0.0318] ID = 10
  42    1           (((((((.....((.......)).....)))))))....... -12.50 +[0.0000 -> 0.0006] ID = 12
  42    2           .....(((..((((.((........))..)).))..)))... -11.30 +[0.6634 -> 0.6646] ID = 9
  42    3           ....(((....)))....(((((......)))))........  -8.80 -[0.3366 -> 0.3348] ID = 11
  43    1          .(((((((.....((.......)).....)))))))....... -12.50 +[0.0006 -> 0.0012] ID = 12
  43    2          ......(((..((((.((........))..)).))..)))... -11.30 +[0.6646 -> 0.6657] ID = 9
  43    3          .....(((....)))....(((((......)))))........  -8.80 -[0.3348 -> 0.3331] ID = 11
  44    1         (((((((((.....((.......)).....)))))))..))... -13.00 +[0.0000 -> 0.0001] ID = 13
  44    2         .......(((..((((.((........))..)).))..)))... -11.30  [0.6663 -> 0.6664] ID = 9
  44    3         (((...(((....)))....(((((......)))))...))).. -11.30 +[0.0000 -> 0.3278] ID = 14
  44    4         ......(((....)))....(((((......)))))........  -8.80 -[0.3337 -> 0.0057] ID = 11
  45    1        ((((((((((.....((.......)).....)))))))..))).. -15.80 +[0.0000 -> 0.0022] ID = 15
  45    2        ((....))(((..((((.((........))..)).))..)))... -11.90  [0.6693 -> 0.6693] ID = 16
  45    3        .(((...(((....)))....(((((......)))))...))).. -11.30 -[0.3307 -> 0.3285] ID = 14
  46    1       (((.(((((((.....((.......)).....)))))))..))).. -16.30 +[0.0000 -> 0.0049] ID = 17
  46    2       (((...)))(((..((((.((........))..)).))..)))... -13.20 +[0.0000 -> 0.5982] ID = 18
  46    3       .((....))(((..((((.((........))..)).))..)))... -11.90 -[0.6704 -> 0.0726] ID = 16
  46    4       ..(((...(((....)))....(((((......)))))...))).. -11.30 -[0.3296 -> 0.3242] ID = 14
  47    1      .(((.(((((((.....((.......)).....)))))))..))).. -16.30 +[0.0049 -> 0.0097] ID = 17
  47    2      (((....)))(((..((((.((........))..)).))..)))... -14.00 +[0.0000 -> 0.4549] ID = 19
  47    3      .(((...)))(((..((((.((........))..)).))..)))... -13.20 -[0.5982 -> 0.1993] ID = 18
  47    4      ..((....))(((..((((.((........))..)).))..)))... -11.90 -[0.0726 -> 0.0187] ID = 16
  47    5      ...(((...(((....)))....(((((......)))))...))).. -11.30 -[0.3242 -> 0.3174] ID = 14
  48    1     .(((..(((((((.....((.......)).....)))))))..))).. -16.70 +[0.0000 -> 0.0092] ID = 20
  48    2     .(((....)))(((..((((.((........))..)).))..)))... -14.00 +[0.4643 -> 0.5126] ID = 19
  48    3     ..(((...)))(((..((((.((........))..)).))..)))... -13.20 -[0.2088 -> 0.1624] ID = 18
  48    4     ....(((...(((....)))....(((((......)))))...))).. -11.30 -[0.3269 -> 0.3158] ID = 14
  49    1    ((((...(((((((.....((.......)).....)))))))..)))). -17.80 +[0.0000 -> 0.0294] ID = 21
  49    2    .(((.....)))(((..((((.((........))..)).))..)))... -14.30 +[0.0000 -> 0.2030] ID = 23
  49    3    ..(((....)))(((..((((.((........))..)).))..)))... -14.00 -[0.5157 -> 0.3978] ID = 19
  49    4    ...(((...)))(((..((((.((........))..)).))..)))... -13.20 -[0.1655 -> 0.0842] ID = 18
  49    5    ((((((...))(((....)))....(((((......)))))...)))). -13.00 +[0.0000 -> 0.0469] ID = 22
  49    6    .....(((...(((....)))....(((((......)))))...))).. -11.30 -[0.3188 -> 0.2388] ID = 14
  50    1   .((((...(((((((.....((.......)).....)))))))..)))). -17.80 +[0.0294 -> 0.0519] ID = 21
  50    2   ..(((.....)))(((..((((.((........))..)).))..)))... -14.30 +[0.2030 -> 0.2945] ID = 23
  50    3   ...(((....)))(((..((((.((........))..)).))..)))... -14.00 -[0.3978 -> 0.3218] ID = 19
  50    4   ....(((...)))(((..((((.((........))..)).))..)))... -13.20 -[0.0842 -> 0.0715] ID = 18
  50    5   .((((((...))(((....)))....(((((......)))))...)))). -13.00 +[0.0469 -> 0.0809] ID = 22
  50    6   ......(((...(((....)))....(((((......)))))...))).. -11.30 -[0.2388 -> 0.1793] ID = 14
  51    1  ..((((...(((((((.....((.......)).....)))))))..)))). -17.80 +[0.0519 -> 0.0694] ID = 21
  51    2  ...(((.....)))(((..((((.((........))..)).))..)))... -14.30 +[0.2945 -> 0.3404] ID = 23
  51    3  ....(((....)))(((..((((.((........))..)).))..)))... -14.00 -[0.3218 -> 0.2815] ID = 19
  51    4  .....(((...)))(((..((((.((........))..)).))..)))... -13.20 -[0.0715 -> 0.0681] ID = 18
  51    5  ..((((((...))(((....)))....(((((......)))))...)))). -13.00 +[0.0809 -> 0.1056] ID = 22
  51    6  .......(((...(((....)))....(((((......)))))...))).. -11.30 -[0.1793 -> 0.1351] ID = 14
  52    1 ...((((...(((((((.....((.......)).....)))))))..)))). -17.80 +[0.0694 -> 0.5122] ID = 21
  52    2 ....(((.....)))(((..((((.((........))..)).))..)))... -14.30 -[0.3404 -> 0.2717] ID = 23
  52    3 .....(((....)))(((..((((.((........))..)).))..)))... -14.00 -[0.2815 -> 0.1670] ID = 19
  52    4 ......(((...)))(((..((((.((........))..)).))..)))... -13.20 -[0.0681 -> 0.0456] ID = 18
  52    5 ...((((((...))(((....)))....(((((......)))))...)))). -13.00 -[0.1056 -> 0.0033] ID = 22
  52    6 ........(((...(((....)))....(((((......)))))...))).. -11.30 -[0.1351 -> 0.0002] ID = 14
# Distribution of structures at the end:
#         UGAACCCCCCCAGGGCCGGAAGGCAGCAAGGGUAAGCGGGCUCUGACGGGUG
  52    1 ...((((...(((((((.....((.......)).....)))))))..)))). -17.80 0.5122 +[t8: 0.9935] ID = 21
  52    2 ....(((.....)))(((..((((.((........))..)).))..)))... -14.30 0.2717 -[t8: 0.0034] ID = 23
  52    3 .....(((....)))(((..((((.((........))..)).))..)))... -14.00 0.1670 -[t8: 0.0021] ID = 19
  52    4 ......(((...)))(((..((((.((........))..)).))..)))... -13.20 0.0456 -[t8: 0.0006] ID = 18
  52    5 ...((((((...))(((....)))....(((((......)))))...)))). -13.00 0.0033 -[t8: 0.0004] ID = 22
  52    6 ........(((...(((....)))....(((((......)))))...))).. -11.30 0.0002 -[t8: 0.0000] ID = 14
