# File generated using DrTransformer v0.10
#
# >drtr_srp_Haem.infl._L42023
# AACCUGGUCAGAGCCGGAAGGCAGCAGCCAUA 
#
# Co-transcriptional folding parameters:
# --t-ext: 0.02 sec
# --t-end: 60.0 sec
# --start: 1
# --stop: 32
# --reversed-transcription: False
#
# Algorithm parameters:
# --o-prune: 0.05
# --t-fast: 0.001 sec
# --fpwm: 4
# --mfree: 6 nuc
# --k0: 200000.0
#
# ViennaRNA model details:
# --temp: 37.0 C
# --dangles: 2
# --paramFile: None
# --noTetra: False
# --noGU: False
# --noClosingGU: False
#
#
# Results:
# Transcription Step | Energy-sorted structure count | Structure | Energy | [Occupancy-t0 Occupancy-t8] | Structure ID (-> Plotting ID)
   1    1 .   0.00  [1.0000 -> 1.0000] ID = 0
   2    1 ..   0.00  [1.0000 -> 1.0000] ID = 0
   3    1 ...   0.00  [1.0000 -> 1.0000] ID = 0
   4    1 ....   0.00  [1.0000 -> 1.0000] ID = 0
   5    1 .....   0.00  [1.0000 -> 1.0000] ID = 0
   6    1 ......   0.00  [1.0000 -> 1.0000] ID = 0
   7    1 .......   0.00  [1.0000 -> 1.0000] ID = 0
   8    1 ........   0.00  [1.0000 -> 1.0000] ID = 0
   9    1 .........   0.00  [1.0000 -> 1.0000] ID = 0
  10    1 ..........   0.00  [1.0000 -> 1.0000] ID = 0
  11    1 ...........   0.00  [1.0000 -> 1.0000] ID = 0
  12    1 ............   0.00  [1.0000 -> 1.0000] ID = 0
  13    1 .............   0.00  [1.0000 -> 1.0000] ID = 0
  14    1 ..............   0.00  [1.0000 -> 1.0000] ID = 0
  15    1 .....(((....)))  -1.90  [1.0000 -> 1.0000] ID = 1
  16    1 ....((((....))))  -2.30  [1.0000 -> 1.0000] ID = 2
  17    1 ...(((((....)))))  -5.40  [1.0000 -> 1.0000] ID = 3
  18    1 ...(((((....))))).  -5.40  [1.0000 -> 1.0000] ID = 3
  19    1 ...(((((....)))))..  -5.40  [1.0000 -> 1.0000] ID = 3
  20    1 ...(((((....)))))...  -5.40  [1.0000 -> 1.0000] ID = 3
  21    1 ...(((((....)))))....  -5.40  [1.0000 -> 1.0000] ID = 3
  22    1 ...(((((....))))).....  -5.40  [1.0000 -> 1.0000] ID = 3
  23    1 ...(((((....)))))......  -5.40  [1.0000 -> 1.0000] ID = 3
  24    1 ...(((((....))))).......  -5.40  [1.0000 -> 1.0000] ID = 3
  25    1 ...(((((....)))))........  -5.40  [1.0000 -> 1.0000] ID = 3
  26    1 ...(((((....))))).........  -5.40  [1.0000 -> 1.0000] ID = 3
  27    1 ...(((((....)))))..........  -5.40  [1.0000 -> 1.0000] ID = 3
  28    1 ...(((((....)))))...((....))  -5.70  [1.0000 -> 1.0000] ID = 4
  29    1 ...(((((....)))))..(((....)))  -9.50  [1.0000 -> 1.0000] ID = 5
  30    1 ...(((((....)))))..(((....))).  -9.50  [1.0000 -> 1.0000] ID = 5
  31    1 ...(((((....)))))..(((....)))..  -9.50  [1.0000 -> 1.0000] ID = 5
  32    1 ...(((((....)))))..(((....)))...  -9.50  [1.0000 -> 1.0000] ID = 5
# Distribution of structures at the end:
#         AACCUGGUCAGAGCCGGAAGGCAGCAGCCAUA
  32    1 ...(((((....)))))..(((....)))...  -9.50 1.0000  [t8: 1.0000] ID = 5
