# File generated using DrTransformer v0.10
#
# >drtr_srp_Dein.geot._CP000359
# UGAACCUGGUCAGGGCCGGAAGGCAGCAGCCA 
#
# Co-transcriptional folding parameters:
# --t-ext: 0.02 sec
# --t-end: 60.0 sec
# --start: 1
# --stop: 32
# --reversed-transcription: False
#
# Algorithm parameters:
# --o-prune: 0.05
# --t-fast: 0.001 sec
# --fpwm: 4
# --mfree: 6 nuc
# --k0: 200000.0
#
# ViennaRNA model details:
# --temp: 37.0 C
# --dangles: 2
# --paramFile: None
# --noTetra: False
# --noGU: False
# --noClosingGU: False
#
#
# Results:
# Transcription Step | Energy-sorted structure count | Structure | Energy | [Occupancy-t0 Occupancy-t8] | Structure ID (-> Plotting ID)
   1    1 .   0.00  [1.0000 -> 1.0000] ID = 0
   2    1 ..   0.00  [1.0000 -> 1.0000] ID = 0
   3    1 ...   0.00  [1.0000 -> 1.0000] ID = 0
   4    1 ....   0.00  [1.0000 -> 1.0000] ID = 0
   5    1 .....   0.00  [1.0000 -> 1.0000] ID = 0
   6    1 ......   0.00  [1.0000 -> 1.0000] ID = 0
   7    1 .......   0.00  [1.0000 -> 1.0000] ID = 0
   8    1 ........   0.00  [1.0000 -> 1.0000] ID = 0
   9    1 .........   0.00  [1.0000 -> 1.0000] ID = 0
  10    1 ..........   0.00  [1.0000 -> 1.0000] ID = 0
  11    1 ...........   0.00  [1.0000 -> 1.0000] ID = 0
  12    1 ............   0.00  [1.0000 -> 1.0000] ID = 0
  13    1 .............   0.00  [1.0000 -> 1.0000] ID = 0
  14    1 ....(((....)))  -1.70  [1.0000 -> 1.0000] ID = 1
  15    1 ....(((....))).  -1.70  [1.0000 -> 1.0000] ID = 1
  16    1 ....(((....)))..  -1.70  [1.0000 -> 1.0000] ID = 1
  17    1 .......(((....)))  -1.90 +[0.0000 -> 0.5693] ID = 2
  17    2 ....(((....)))...  -1.70 -[1.0000 -> 0.4307] ID = 1
  18    1 ((..(((....)))..))  -2.60 +[0.4307 -> 0.7204] ID = 3
  18    2 .......(((....))).  -1.90 -[0.5693 -> 0.2796] ID = 2
  19    1 .....(((((....)))))  -5.40 +[0.2796 -> 0.5751] ID = 4
  19    2 ((..(((....)))..)).  -2.60 -[0.7204 -> 0.4249] ID = 3
  20    1 .....(((((....))))).  -5.40 +[0.5751 -> 0.7476] ID = 4
  20    2 ((..(((....)))..))..  -2.60 -[0.4249 -> 0.2524] ID = 3
  21    1 .....(((((....)))))..  -5.40 +[0.7476 -> 0.8483] ID = 4
  21    2 ((..(((....)))..))...  -2.60 -[0.2524 -> 0.1517] ID = 3
  22    1 .....(((((....)))))...  -5.40 +[0.8483 -> 0.9071] ID = 4
  22    2 ((..(((....)))..))....  -2.60 -[0.1517 -> 0.0929] ID = 3
  23    1 .....(((((....)))))....  -5.40 +[0.9071 -> 0.9414] ID = 4
  23    2 ((..(((....)))..)).....  -2.60 -[0.0929 -> 0.0586] ID = 3
  24    1 ....(((....)))(((....)))  -6.50 +[0.0586 -> 0.0687] ID = 5
  24    2 .....(((((....))))).....  -5.40 -[0.9414 -> 0.9313] ID = 4
  25    1 ....(((....)))(((....))).  -6.50 +[0.0687 -> 0.0786] ID = 5
  25    2 .....(((((....)))))......  -5.40 -[0.9313 -> 0.9214] ID = 4
  26    1 ....(((....)))(((....)))..  -6.50 +[0.0786 -> 0.0884] ID = 5
  26    2 .....(((((....))))).......  -5.40 -[0.9214 -> 0.9116] ID = 4
  27    1 ....(((....)))(((....)))...  -6.50 +[0.0884 -> 0.0980] ID = 5
  27    2 .....(((((....)))))........  -5.40 -[0.9116 -> 0.9020] ID = 4
  28    1 ....(((....)))(((....)))....  -6.50 +[0.0980 -> 0.1076] ID = 5
  28    2 .....(((((....))))).........  -5.40 -[0.9020 -> 0.8924] ID = 4
  29    1 ....(((....)))(((....))).....  -6.50 +[0.1076 -> 0.1170] ID = 5
  29    2 .....(((((....)))))..........  -5.40 -[0.8924 -> 0.8830] ID = 4
  30    1 ....(((....)))(((....)))......  -6.50 +[0.1170 -> 0.1263] ID = 5
  30    2 .....(((((....)))))...........  -5.40 -[0.8830 -> 0.8737] ID = 4
  31    1 .....(((((....)))))..(((....)))  -9.50  [0.8737 -> 0.8738] ID = 6
  31    2 .......(((....(((....)))....)))  -8.50 +[0.0000 -> 0.1103] ID = 7
  31    3 ....(((....)))(((....))).......  -6.50 -[0.1263 -> 0.0159] ID = 5
  32    1 .....(((((....)))))..(((....))).  -9.50 -[0.8817 -> 0.8646] ID = 6
  32    2 ......((((....(((....)))....))))  -8.70 +[0.1183 -> 0.1354] ID = 8
# Distribution of structures at the end:
#         UGAACCUGGUCAGGGCCGGAAGGCAGCAGCCA
  32    1 .....(((((....)))))..(((....))).  -9.50 0.8646 -[t8: 0.7855] ID = 6
  32    2 ......((((....(((....)))....))))  -8.70 0.1354 +[t8: 0.2145] ID = 8
