# File generated using DrTransformer v0.10
#
# >drtr_srp_Haem.infl._L42023_rev
# AACCUGGUCAGAGCCGGAAGGCAGCAGCCAUA 
#
# Co-transcriptional folding parameters:
# --t-ext: 0.02 sec
# --t-end: 60.0 sec
# --start: 1
# --stop: 32
# --reversed-transcription: True
#
# Algorithm parameters:
# --o-prune: 0.05
# --t-fast: 0.001 sec
# --fpwm: 4
# --mfree: 6 nuc
# --k0: 200000.0
#
# ViennaRNA model details:
# --temp: 37.0 C
# --dangles: 2
# --paramFile: None
# --noTetra: False
# --noGU: False
# --noClosingGU: False
#
#
# Results:
# Transcription Step | Energy-sorted structure count | Structure | Energy | [Occupancy-t0 Occupancy-t8] | Structure ID (-> Plotting ID)
   1    1                                .   0.00  [1.0000 -> 1.0000] ID = 0
   2    1                               ..   0.00  [1.0000 -> 1.0000] ID = 0
   3    1                              ...   0.00  [1.0000 -> 1.0000] ID = 0
   4    1                             ....   0.00  [1.0000 -> 1.0000] ID = 0
   5    1                            .....   0.00  [1.0000 -> 1.0000] ID = 0
   6    1                           ......   0.00  [1.0000 -> 1.0000] ID = 0
   7    1                          .......   0.00  [1.0000 -> 1.0000] ID = 0
   8    1                         ........   0.00  [1.0000 -> 1.0000] ID = 0
   9    1                        .........   0.00  [1.0000 -> 1.0000] ID = 0
  10    1                       ..........   0.00  [1.0000 -> 1.0000] ID = 0
  11    1                      ...........   0.00  [1.0000 -> 1.0000] ID = 0
  12    1                     ((....))....  -0.30  [1.0000 -> 1.0000] ID = 1
  13    1                    (((....)))...  -4.10  [1.0000 -> 1.0000] ID = 2
  14    1                   .(((....)))...  -4.10  [1.0000 -> 1.0000] ID = 2
  15    1                  ..(((....)))...  -4.10  [1.0000 -> 1.0000] ID = 2
  16    1                 ...(((....)))...  -4.10  [1.0000 -> 1.0000] ID = 2
  17    1                ....(((....)))...  -4.10  [1.0000 -> 1.0000] ID = 2
  18    1               .....(((....)))...  -4.10  [1.0000 -> 1.0000] ID = 2
  19    1              ......(((....)))...  -4.10  [1.0000 -> 1.0000] ID = 2
  20    1             (((....)))..........  -4.90 +[0.0000 -> 0.0845] ID = 3
  20    2             .......(((....)))...  -4.10 -[1.0000 -> 0.9155] ID = 2
  21    1            .(((....)))..........  -4.90 +[0.0845 -> 0.1599] ID = 3
  21    2            ........(((....)))...  -4.10 -[0.9155 -> 0.8401] ID = 2
  22    1           ..(((....)))..........  -4.90 +[0.1599 -> 0.2272] ID = 3
  22    2           .........(((....)))...  -4.10 -[0.8401 -> 0.7728] ID = 2
  23    1          ...(((....)))..........  -4.90 +[0.2272 -> 0.2873] ID = 3
  23    2          ..........(((....)))...  -4.10 -[0.7728 -> 0.7127] ID = 2
  24    1         ....(((....)))..........  -4.90 +[0.2873 -> 0.3409] ID = 3
  24    2         ...........(((....)))...  -4.10 -[0.7127 -> 0.6591] ID = 2
  25    1        .....(((....)))..........  -4.90 +[0.3409 -> 0.3887] ID = 3
  25    2        ............(((....)))...  -4.10 -[0.6591 -> 0.6113] ID = 2
  26    1       ......(((....)))..........  -4.90 +[0.3887 -> 0.4314] ID = 3
  26    2       .............(((....)))...  -4.10 -[0.6113 -> 0.5686] ID = 2
  27    1      (((....(((....)))....)))...  -7.70 +[0.4314 -> 0.4336] ID = 4
  27    2      (((....)))....(((....)))...  -6.00 -[0.5686 -> 0.5664] ID = 5
  28    1     ((((....(((....)))....))))..  -8.60 +[0.4336 -> 0.4348] ID = 6
  28    2     ((((....))))...(((....)))...  -6.40 -[0.5664 -> 0.5652] ID = 7
  29    1    (((((....)))))..(((....)))...  -9.50  [0.5652 -> 0.5652] ID = 8
  29    2    .((((....(((....)))....))))..  -8.60  [0.4348 -> 0.4348] ID = 6
  30    1   .(((((....)))))..(((....)))...  -9.50  [0.5652 -> 0.5653] ID = 8
  30    2   ..((((....(((....)))....))))..  -8.60  [0.4348 -> 0.4347] ID = 6
  31    1  ..(((((....)))))..(((....)))...  -9.50  [0.5653 -> 0.5653] ID = 8
  31    2  ...((((....(((....)))....))))..  -8.60  [0.4347 -> 0.4347] ID = 6
  32    1 ...(((((....)))))..(((....)))...  -9.50 +[0.5653 -> 0.6145] ID = 8
  32    2 ....((((....(((....)))....))))..  -8.60 -[0.4347 -> 0.3855] ID = 6
# Distribution of structures at the end:
#         AACCUGGUCAGAGCCGGAAGGCAGCAGCCAUA
  32    1 ...(((((....)))))..(((....)))...  -9.50 0.6145 +[t8: 0.8116] ID = 8
  32    2 ....((((....(((....)))....))))..  -8.60 0.3855 -[t8: 0.1884] ID = 6
