# File generated using DrTransformer v0.10
#
# >drtr_srp_Myco.bovi._BX248347
# UGAACUCCCCCAGGGCCGGAAGGCAGCAAGGGUCAAUGGGCUCUGGCGGGUGCGCGGGG 
#
# Co-transcriptional folding parameters:
# --t-ext: 0.02 sec
# --t-end: 60.0 sec
# --start: 1
# --stop: 59
# --reversed-transcription: False
#
# Algorithm parameters:
# --o-prune: 0.05
# --t-fast: 0.001 sec
# --fpwm: 4
# --mfree: 6 nuc
# --k0: 200000.0
#
# ViennaRNA model details:
# --temp: 37.0 C
# --dangles: 2
# --paramFile: None
# --noTetra: False
# --noGU: False
# --noClosingGU: False
#
#
# Results:
# Transcription Step | Energy-sorted structure count | Structure | Energy | [Occupancy-t0 Occupancy-t8] | Structure ID (-> Plotting ID)
   1    1 .   0.00  [1.0000 -> 1.0000] ID = 0
   2    1 ..   0.00  [1.0000 -> 1.0000] ID = 0
   3    1 ...   0.00  [1.0000 -> 1.0000] ID = 0
   4    1 ....   0.00  [1.0000 -> 1.0000] ID = 0
   5    1 .....   0.00  [1.0000 -> 1.0000] ID = 0
   6    1 ......   0.00  [1.0000 -> 1.0000] ID = 0
   7    1 .......   0.00  [1.0000 -> 1.0000] ID = 0
   8    1 ........   0.00  [1.0000 -> 1.0000] ID = 0
   9    1 .........   0.00  [1.0000 -> 1.0000] ID = 0
  10    1 ..........   0.00  [1.0000 -> 1.0000] ID = 0
  11    1 ...........   0.00  [1.0000 -> 1.0000] ID = 0
  12    1 ............   0.00  [1.0000 -> 1.0000] ID = 0
  13    1 .............   0.00  [1.0000 -> 1.0000] ID = 0
  14    1 ......((....))  -0.20  [1.0000 -> 1.0000] ID = 1
  15    1 ......(((...)))  -1.70 +[0.0000 -> 0.9194] ID = 2
  15    2 ......((....)).  -0.20 -[1.0000 -> 0.0806] ID = 1
  16    1 ......(((...))).  -1.70 -[0.9194 -> 0.8918] ID = 2
  16    2 .....(((....))).  -0.40 +[0.0806 -> 0.1082] ID = 3
  17    1 ......(((...)))..  -1.70  [0.8918 -> 0.8918] ID = 2
  17    2 .....(((....)))..  -0.40  [0.1082 -> 0.1082] ID = 3
  18    1 ......(((...)))...  -1.70  [0.8918 -> 0.8918] ID = 2
  18    2 .....(((....)))...  -0.40  [0.1082 -> 0.1082] ID = 3
  19    1 ......(((...)))....  -1.70  [0.8918 -> 0.8918] ID = 2
  19    2 .....(((....)))....  -0.40  [0.1082 -> 0.1082] ID = 3
  20    1 ......(((...))).....  -1.70  [0.8918 -> 0.8918] ID = 2
  20    2 .....(((....))).....  -0.40  [0.1082 -> 0.1082] ID = 3
  21    1 ......(((...)))......  -1.70  [0.8918 -> 0.8918] ID = 2
  21    2 .....(((....)))......  -0.40  [0.1082 -> 0.1082] ID = 3
  22    1 ......(((...))).......  -1.70  [0.8918 -> 0.8918] ID = 2
  22    2 .....(((....))).......  -0.40  [0.1082 -> 0.1082] ID = 3
  23    1 ......(((...)))((....))  -2.80  [0.8918 -> 0.8918] ID = 4
  23    2 .....(((....)))((....))  -1.50  [0.1082 -> 0.1082] ID = 5
  24    1 ......((....))(((....)))  -5.00  [1.0000 -> 1.0000] ID = 6
  25    1 ......((....))(((....))).  -5.00  [1.0000 -> 1.0000] ID = 6
  26    1 ......((....))(((....)))..  -5.00  [1.0000 -> 1.0000] ID = 6
  27    1 ......((....))(((....)))...  -5.00  [1.0000 -> 1.0000] ID = 6
  28    1 ......((....))(((....)))....  -5.00  [1.0000 -> 1.0000] ID = 6
  29    1 ......((....))(((....))).....  -5.00  [1.0000 -> 1.0000] ID = 6
  30    1 ......((....))(((....)))......  -5.00  [1.0000 -> 1.0000] ID = 6
  31    1 .......((.....(((....))).....))  -6.50  [1.0000 -> 1.0000] ID = 7
  32    1 ......(((.....(((....))).....)))  -9.00  [1.0000 -> 1.0000] ID = 8
  33    1 ......(((.....(((....))).....))).  -9.00  [1.0000 -> 1.0000] ID = 8
  34    1 ......(((.....(((....))).....)))..  -9.00  [1.0000 -> 1.0000] ID = 8
  35    1 (((...(((.....(((....))).....))))))  -9.40  [1.0000 -> 1.0000] ID = 9
  36    1 (((...(((.....(((....))).....)))))).  -9.40  [1.0000 -> 1.0000] ID = 9
  37    1 (((...(((.....(((....))).....))))))..  -9.40  [1.0000 -> 1.0000] ID = 9
  38    1 (((...(((.....(((....))).....))))))...  -9.40  [1.0000 -> 1.0000] ID = 9
  39    1 (((...(((.....(((....))).....))))))....  -9.40  [1.0000 -> 1.0000] ID = 9
  40    1 ........((((.((((.............))))..)))) -10.40 +[0.0000 -> 0.0006] ID = 10
  40    2 (((...(((.....(((....))).....)))))).....  -9.40 -[1.0000 -> 0.9994] ID = 9
  41    1 ........((((.((((.............))))..)))). -10.40 +[0.0006 -> 0.0012] ID = 10
  41    2 (((...(((.....(((....))).....))))))......  -9.40 -[0.9994 -> 0.9988] ID = 9
  42    1 ........((((.((((.............))))..)))).. -10.40 +[0.0012 -> 0.0018] ID = 10
  42    2 (((...(((.....(((....))).....)))))).......  -9.40 -[0.9988 -> 0.9982] ID = 9
  43    1 ........((((.((((.............))))..))))... -10.40 +[0.0018 -> 0.0023] ID = 10
  43    2 (((...(((.....(((....))).....))))))........  -9.40 -[0.9982 -> 0.9977] ID = 9
  44    1 ......((....))(((....)))....((((((....)))))) -11.10 +[0.0000 -> 0.4067] ID = 11
  44    2 (((...(((.....(((....))).....)))))).........  -9.40 -[1.0000 -> 0.5933] ID = 9
  45    1 ..........(((((((....(((.......)))....))))))) -14.10 +[0.0000 -> 0.0002] ID = 12
  45    2 ......((....))(((....)))....((((((....)))))). -11.10 +[0.4067 -> 0.6374] ID = 11
  45    3 (((...(((.....(((....))).....))))))..........  -9.40 -[0.5933 -> 0.3624] ID = 9
  46    1 .........((((((((....(((.......)))....)))))))) -16.60 +[0.0000 -> 0.0019] ID = 13
  46    2 ......((....))(((....)))....((((((....)))))).. -11.10 +[0.6375 -> 0.7667] ID = 11
  46    3 (((...(((.....(((....))).....))))))...........  -9.40 -[0.3625 -> 0.2314] ID = 9
  47    1 .........((((((((....(((.......)))....)))))))). -16.60  [0.0019 -> 0.0019] ID = 13
  47    2 ......((....))(((....))).((.((((((....)))))).)) -14.10 +[0.7667 -> 0.8621] ID = 14
  47    3 (((...(((.....(((....))).....))))))............  -9.40 -[0.2314 -> 0.1360] ID = 9
  48    1 .........((((((((....(((.......)))....)))))))).. -16.60  [0.0019 -> 0.0020] ID = 13
  48    2 ......((....))(((....))).((.((((((....)))))).)). -14.10 +[0.8621 -> 0.8949] ID = 14
  48    3 (((...(((.....(((....))).....))))))....((....)).  -9.80 -[0.1360 -> 0.1031] ID = 15
  49    1 .......((((((((((....(((.......)))....)))))))).)) -20.20 +[0.0000 -> 0.0064] ID = 16
  49    2 ......((....))(((....))).((.((((((....)))))).)).. -14.10 +[0.8959 -> 0.9149] ID = 14
  49    3 (((...(((.....(((....))).....))))))....((....))..  -9.80 -[0.1041 -> 0.0788] ID = 15
  50    1 ......(((((((((((....(((.......)))....)))))))).))) -22.70 +[0.0064 -> 0.0074] ID = 17
  50    2 ........(((...(((....))).((.((((((....)))))).))))) -16.40 +[0.0000 -> 0.9074] ID = 18
  50    3 ......((....))(((....))).((.((((((....)))))).))... -14.10 -[0.9149 -> 0.0234] ID = 14
  50    4 ..............(((....))).((.((((((....)))))).))... -13.90 +[0.0000 -> 0.0168] ID = 20
  50    5 (((...(((.....(((....))).....))))))....((....))...  -9.80 -[0.0788 -> 0.0450] ID = 15
  51    1 ......(((((((((((....(((.......)))....)))))))).))). -22.70 +[0.0074 -> 0.0159] ID = 17
  51    2 ........(((...(((....))).((.((((((....)))))).))))). -16.40 -[0.9191 -> 0.9124] ID = 18
  51    3 ..............(((....))).((.((((((....)))))).)).... -13.90 -[0.0168 -> 0.0159] ID = 20
  51    4 ......(((((((((((....)).................)))))).))). -12.40  [0.0000 -> 0.0000] ID = 24
  51    5 (((...(((.....(((....))).....))))))....((((....)))) -11.60 -[0.0567 -> 0.0559] ID = 21
  51    6 .......((((((((((....))).................))))).)).. -10.70  [0.0000 -> 0.0000] ID = 22
  52    1 ......(((((((((((....(((.......)))....)))))))).))).. -22.70 +[0.0159 -> 0.0242] ID = 17
  52    2 ........(((...(((....))).((.((((((....)))))).))))).. -16.40 -[0.9124 -> 0.9050] ID = 18
  52    3 ..............(((....))).((.((((((....)))))).))..... -13.90 -[0.0159 -> 0.0157] ID = 20
  52    4 (((...(((.....(((....))).....))))))....((((....)))). -11.60 -[0.0559 -> 0.0550] ID = 21
  53    1 ......(((((((((((....(((.......)))....)))))))).)))... -22.70 +[0.0242 -> 0.0326] ID = 17
  53    2 ........(((...(((....))).((.((((((....)))))).)))))... -16.40 -[0.9050 -> 0.8976] ID = 18
  53    3 ..............(((....))).((.((((((....)))))).))...... -13.90 -[0.0157 -> 0.0156] ID = 20
  53    4 (((...(((.....(((....))).....))))))....((((....)))).. -11.60 -[0.0550 -> 0.0542] ID = 21
  54    1 ......(((((((((((....(((.......)))....)))))))).))).... -22.70 +[0.0326 -> 0.0408] ID = 17
  54    2 ........(((...(((....))).((.((((((....)))))).))))).... -16.40 -[0.8976 -> 0.8896] ID = 18
  54    3 (((...(((.....(((....))).....)))))).((.((((....)))).)) -14.20  [0.0542 -> 0.0542] ID = 25
  54    4 ..............(((....))).((.((((((....)))))).))....... -13.90 -[0.0156 -> 0.0154] ID = 20
  55    1 ......(((((((((((....(((.......)))....)))))))).)))..... -22.70 +[0.0408 -> 0.0490] ID = 17
  55    2 ........(((...(((....))).((.((((((....)))))).)))))..... -16.40 -[0.8973 -> 0.8891] ID = 18
  55    3 (((...(((.....(((....))).....)))))).((.((((....)))).)). -14.20  [0.0619 -> 0.0619] ID = 25
  56    1 ((....(((((((((((....(((.......)))....)))))))).)))....)) -22.80 +[0.0490 -> 0.0572] ID = 27
  56    2 ........(((...(((....))).((.((((((....)))))).)))))...... -16.40 -[0.8891 -> 0.8809] ID = 18
  56    3 (((...(((.....(((....))).....)))))).((.((((....)))).)).. -14.20  [0.0619 -> 0.0619] ID = 25
  57    1 ((....(((((((((((....(((.......)))....)))))))).)))....)). -22.80 +[0.0572 -> 0.0667] ID = 27
  57    2 ........(((...(((....))).((.((((((....)))))).)))))....... -16.40 -[0.8809 -> 0.8714] ID = 18
  57    3 (((...(((.....(((....))).....)))))).((.((((....)))).))... -14.20  [0.0619 -> 0.0619] ID = 25
  58    1 ((....(((((((((((....(((.......)))....)))))))).)))....)).. -22.80 +[0.0667 -> 0.0761] ID = 27
  58    2 ........(((...(((....))).((.((((((....)))))).)))))........ -16.40 -[0.8714 -> 0.8620] ID = 18
  58    3 (((...(((.....(((....))).....)))))).((.((((....)))).)).... -14.20  [0.0619 -> 0.0619] ID = 25
  59    1 ((....(((((((((((....(((.......)))....)))))))).)))....))... -22.80 +[0.0761 -> 0.4677] ID = 27
  59    2 .......((((...(((....))).((.((((((....)))))).))........)))) -19.00 +[0.0000 -> 0.3071] ID = 28
  59    3 ....(((((((...(((....))).((.((((((....)))))).))))).....)))) -18.80 +[0.0000 -> 0.2203] ID = 29
  59    4 ........(((...(((....))).((.((((((....)))))).)))))......... -16.40 -[0.8620 -> 0.0045] ID = 18
  59    5 .......((((...(((....))).............(.((((....)))).)..)))) -14.70 +[0.0000 -> 0.0003] ID = 30
  59    6 (((...(((.....(((....))).....)))))).((.((((....)))).))..... -14.20 -[0.0619 -> 0.0001] ID = 25
# Distribution of structures at the end:
#         UGAACUCCCCCAGGGCCGGAAGGCAGCAAGGGUCAAUGGGCUCUGGCGGGUGCGCGGGG
  59    1 ((....(((((((((((....(((.......)))....)))))))).)))....))... -22.80 0.4677 +[t8: 0.9964] ID = 27
  59    2 .......((((...(((....))).((.((((((....)))))).))........)))) -19.00 0.3071 -[t8: 0.0021] ID = 28
  59    3 ....(((((((...(((....))).((.((((((....)))))).))))).....)))) -18.80 0.2203 -[t8: 0.0015] ID = 29
  59    4 ........(((...(((....))).((.((((((....)))))).)))))......... -16.40 0.0045 -[t8: 0.0000] ID = 18
  59    5 .......((((...(((....))).............(.((((....)))).)..)))) -14.70 0.0003 -[t8: 0.0000] ID = 30
  59    6 (((...(((.....(((....))).....)))))).((.((((....)))).))..... -14.20 0.0001 -[t8: 0.0000] ID = 25
