# File generated using DrTransformer v0.10
#
# >drtr_srp_Myco.spec._CP000518
# UGAACUCCCCCAGGGCCGGAAGGCAGCAAGGGUAAGCGGGCUCUGGCGGGUGC 
#
# Co-transcriptional folding parameters:
# --t-ext: 0.02 sec
# --t-end: 60.0 sec
# --start: 1
# --stop: 53
# --reversed-transcription: False
#
# Algorithm parameters:
# --o-prune: 0.05
# --t-fast: 0.001 sec
# --fpwm: 4
# --mfree: 6 nuc
# --k0: 200000.0
#
# ViennaRNA model details:
# --temp: 37.0 C
# --dangles: 2
# --paramFile: None
# --noTetra: False
# --noGU: False
# --noClosingGU: False
#
#
# Results:
# Transcription Step | Energy-sorted structure count | Structure | Energy | [Occupancy-t0 Occupancy-t8] | Structure ID (-> Plotting ID)
   1    1 .   0.00  [1.0000 -> 1.0000] ID = 0
   2    1 ..   0.00  [1.0000 -> 1.0000] ID = 0
   3    1 ...   0.00  [1.0000 -> 1.0000] ID = 0
   4    1 ....   0.00  [1.0000 -> 1.0000] ID = 0
   5    1 .....   0.00  [1.0000 -> 1.0000] ID = 0
   6    1 ......   0.00  [1.0000 -> 1.0000] ID = 0
   7    1 .......   0.00  [1.0000 -> 1.0000] ID = 0
   8    1 ........   0.00  [1.0000 -> 1.0000] ID = 0
   9    1 .........   0.00  [1.0000 -> 1.0000] ID = 0
  10    1 ..........   0.00  [1.0000 -> 1.0000] ID = 0
  11    1 ...........   0.00  [1.0000 -> 1.0000] ID = 0
  12    1 ............   0.00  [1.0000 -> 1.0000] ID = 0
  13    1 .............   0.00  [1.0000 -> 1.0000] ID = 0
  14    1 ......((....))  -0.20  [1.0000 -> 1.0000] ID = 1
  15    1 ......(((...)))  -1.70 +[0.0000 -> 0.9194] ID = 2
  15    2 ......((....)).  -0.20 -[1.0000 -> 0.0806] ID = 1
  16    1 ......(((...))).  -1.70 -[0.9194 -> 0.8918] ID = 2
  16    2 .....(((....))).  -0.40 +[0.0806 -> 0.1082] ID = 3
  17    1 ......(((...)))..  -1.70  [0.8918 -> 0.8918] ID = 2
  17    2 .....(((....)))..  -0.40  [0.1082 -> 0.1082] ID = 3
  18    1 ......(((...)))...  -1.70  [0.8918 -> 0.8918] ID = 2
  18    2 .....(((....)))...  -0.40  [0.1082 -> 0.1082] ID = 3
  19    1 ......(((...)))....  -1.70  [0.8918 -> 0.8918] ID = 2
  19    2 .....(((....)))....  -0.40  [0.1082 -> 0.1082] ID = 3
  20    1 ......(((...))).....  -1.70  [0.8918 -> 0.8918] ID = 2
  20    2 .....(((....))).....  -0.40  [0.1082 -> 0.1082] ID = 3
  21    1 ......(((...)))......  -1.70  [0.8918 -> 0.8918] ID = 2
  21    2 .....(((....)))......  -0.40  [0.1082 -> 0.1082] ID = 3
  22    1 ......(((...))).......  -1.70  [0.8918 -> 0.8918] ID = 2
  22    2 .....(((....))).......  -0.40  [0.1082 -> 0.1082] ID = 3
  23    1 ......(((...)))((....))  -2.80  [0.8918 -> 0.8918] ID = 4
  23    2 .....(((....)))((....))  -1.50  [0.1082 -> 0.1082] ID = 5
  24    1 ......((....))(((....)))  -5.00  [1.0000 -> 1.0000] ID = 6
  25    1 ......((....))(((....))).  -5.00  [1.0000 -> 1.0000] ID = 6
  26    1 ......((....))(((....)))..  -5.00  [1.0000 -> 1.0000] ID = 6
  27    1 ......((....))(((....)))...  -5.00  [1.0000 -> 1.0000] ID = 6
  28    1 ......((....))(((....)))....  -5.00  [1.0000 -> 1.0000] ID = 6
  29    1 ......((....))(((....))).....  -5.00  [1.0000 -> 1.0000] ID = 6
  30    1 ......((....))(((....)))......  -5.00  [1.0000 -> 1.0000] ID = 6
  31    1 .......((.....(((....))).....))  -6.50  [1.0000 -> 1.0000] ID = 7
  32    1 ......(((.....(((....))).....)))  -9.00  [1.0000 -> 1.0000] ID = 8
  33    1 ......(((.....(((....))).....))).  -9.00  [1.0000 -> 1.0000] ID = 8
  34    1 ......(((.....(((....))).....)))..  -9.00  [1.0000 -> 1.0000] ID = 8
  35    1 ......(((.....(((....))).....)))...  -9.00  [1.0000 -> 1.0000] ID = 8
  36    1 ....((..(((...(((....))).....)))..))  -9.10 +[0.0000 -> 0.0609] ID = 9
  36    2 ......(((.....(((....))).....)))....  -9.00 -[1.0000 -> 0.9391] ID = 8
  37    1 ....((..(((...(((....))).....)))..)).  -9.10 +[0.0609 -> 0.1150] ID = 9
  37    2 ......(((.....(((....))).....))).....  -9.00 -[0.9391 -> 0.8850] ID = 8
  38    1 ....((..(((...(((....))).....)))..))..  -9.10 +[0.1150 -> 0.1629] ID = 9
  38    2 ......(((.....(((....))).....)))......  -9.00 -[0.8850 -> 0.8371] ID = 8
  39    1 ....((..(((...(((....))).....)))..))...  -9.10 +[0.1629 -> 0.1980] ID = 9
  39    2 ((....(((.....(((....))).....)))....)).  -9.10 -[0.8371 -> 0.8020] ID = 10
  40    1 ....((..(((...(((....))).....)))..))....  -9.10 +[0.1980 -> 0.2294] ID = 9
  40    2 ((....(((.....(((....))).....)))....))..  -9.10 -[0.8020 -> 0.7706] ID = 10
  41    1 ....((..(((...(((....))).....)))..)).....  -9.10 +[0.2294 -> 0.2576] ID = 9
  41    2 ((....(((.....(((....))).....)))....))...  -9.10 -[0.7706 -> 0.7424] ID = 10
  42    1 ....((..(((...(((....))).....)))..))......  -9.10 +[0.2576 -> 0.2828] ID = 9
  42    2 ((....(((.....(((....))).....)))....))....  -9.10 -[0.7424 -> 0.7172] ID = 10
  43    1 .((.((((((....(((....))).....))).....))).))  -9.80 +[0.0000 -> 0.0743] ID = 11
  43    2 ....((..(((...(((....))).....)))..)).......  -9.10 +[0.2828 -> 0.2890] ID = 9
  43    3 ((....(((.....(((....))).....)))....)).....  -9.10 -[0.7172 -> 0.6166] ID = 10
  43    4 .......(((....(((....))).....)))...........  -8.80 +[0.0000 -> 0.0200] ID = 12
  44    1 .((.((((((....(((....))).....))).....))).)).  -9.80 +[0.0743 -> 0.1413] ID = 11
  44    2 ....((..(((...(((....))).....)))..))........  -9.10 +[0.2890 -> 0.2910] ID = 9
  44    3 ((....(((.....(((....))).....)))....))......  -9.10 -[0.6166 -> 0.5353] ID = 10
  44    4 .......(((....(((....))).....)))............  -8.80 +[0.0200 -> 0.0324] ID = 12
  45    1 ..........(((((((.....((.......)).....))))))) -12.50 +[0.0000 -> 0.0004] ID = 13
  45    2 .((.((((((....(((....))).....))).....))).))..  -9.80 +[0.1413 -> 0.1978] ID = 11
  45    3 ....((..(((...(((....))).....)))..)).........  -9.10 -[0.2910 -> 0.2899] ID = 9
  45    4 ((....(((.....(((....))).....)))....)).......  -9.10 -[0.5353 -> 0.4691] ID = 10
  45    5 .......(((....(((....))).....))).............  -8.80 +[0.0324 -> 0.0428] ID = 12
  46    1 .........((((((((.....((.......)).....)))))))) -15.00 +[0.0000 -> 0.0004] ID = 14
  46    2 .((.((((((....(((....))).....))).....))).))...  -9.80 +[0.1978 -> 0.2457] ID = 11
  46    3 ....((..(((...(((....))).....)))..))..........  -9.10 -[0.2900 -> 0.2866] ID = 9
  46    4 ((....(((.....(((....))).....)))....))........  -9.10 -[0.4693 -> 0.4156] ID = 10
  46    5 .......(((....(((....))).....)))..............  -8.80 +[0.0430 -> 0.0517] ID = 12
  47    1 .........((((((((.....((.......)).....)))))))). -15.00  [0.0004 -> 0.0005] ID = 14
  47    2 ......((....))(((....))).((.(((((......))))).)) -12.00 +[0.0000 -> 0.0028] ID = 16
  47    3 ......(((.....(((....))).....)))...((........)) -10.70 +[0.4156 -> 0.4199] ID = 15
  47    4 .......(((....(((....))).....)))...((........)) -10.50 +[0.0517 -> 0.2396] ID = 17
  47    5 ........(((...(((....))).....)))...((........)) -10.00 -[0.2866 -> 0.2554] ID = 18
  47    6 .((.((((((....(((....))).....))).....))).))....  -9.80 -[0.2457 -> 0.0819] ID = 11
  48    1 .........((((((((.....((.......)).....)))))))).. -15.00  [0.0005 -> 0.0005] ID = 14
  48    2 ......((....))(((....))).((.(((((......))))).)). -12.00 +[0.0028 -> 0.0060] ID = 16
  48    3 ......(((.....(((....))).....)))...((........)). -10.70 +[0.4199 -> 0.4281] ID = 15
  48    4 .......(((....(((....))).....)))...((........)). -10.50 +[0.2396 -> 0.2698] ID = 17
  48    5 ........(((...(((....))).....)))...((........)). -10.00 -[0.2554 -> 0.2115] ID = 18
  48    6 .((.((((((....(((....))).....))).....))).)).....  -9.80 +[0.0819 -> 0.0841] ID = 11
  49    1 .......((((((((((.....((.......)).....)))))))).)) -18.60 +[0.0000 -> 0.0049] ID = 19
  49    2 ......((....))(((....))).((.(((((......))))).)).. -12.00 +[0.0060 -> 0.0078] ID = 16
  49    3 ......(((.....(((....))).....)))...((........)).. -10.70 +[0.4282 -> 0.4308] ID = 15
  49    4 .......((((((((((....))).................))))).)) -10.70 +[0.0000 -> 0.0006] ID = 21
  49    5 .......(((....(((....))).....)))...((........)).. -10.50 +[0.2700 -> 0.2838] ID = 17
  49    6 ........(((...(((....))).....)))...((........)).. -10.00 -[0.2116 -> 0.1826] ID = 18
  49    7 .......((((((((((....)).................)))))).))  -9.90 +[0.0000 -> 0.0001] ID = 20
  49    8 .((.((((((....(((....))).....))).....))).))......  -9.80 +[0.0842 -> 0.0894] ID = 11
  50    1 ......(((((((((((.....((.......)).....)))))))).))) -21.10 +[0.0000 -> 0.0884] ID = 22
  50    2 ......(((((((((((....))).((........))....))))).))) -15.30 +[0.0000 -> 0.0070] ID = 23
  50    3 ......(((((((((((....))).................))))).))) -13.20 +[0.0000 -> 0.0350] ID = 24
  50    4 ......(((((((((((....)).................)))))).))) -12.40 +[0.0000 -> 0.0066] ID = 25
  50    5 ......(((.....(((....))).....)))...((........))... -10.70 -[0.4353 -> 0.4200] ID = 15
  50    6 .......(((....(((....))).....)))...((........))... -10.50 -[0.2882 -> 0.2815] ID = 17
  50    7 ........(((...(((....))).....)))...((........))... -10.00 -[0.1848 -> 0.0705] ID = 18
  50    8 .((.((((((....(((....))).....))).....))).)).......  -9.80 -[0.0917 -> 0.0911] ID = 11
  51    1 ......(((((((((((.....((.......)).....)))))))).))). -21.10 +[0.0884 -> 0.1317] ID = 22
  51    2 ......(((((((((((....))).((........))....))))).))). -15.30 -[0.0070 -> 0.0008] ID = 23
  51    3 ......(((((((((((....))).................))))).))). -13.20 -[0.0350 -> 0.0161] ID = 24
  51    4 ......(((((((((((....)).................)))))).))). -12.40 -[0.0066 -> 0.0032] ID = 25
  51    5 ...(((((((....(((....))).....)))...((........)))))) -11.40 +[0.0000 -> 0.1840] ID = 30
  51    6 ((....(((.....(((....))).....)))....)).((((....)))) -11.30 +[0.0000 -> 0.2673] ID = 27
  51    7 ....((..(((...(((....))).....)))..))...((((....)))) -11.30 +[0.0000 -> 0.0567] ID = 29
  51    8 .......(((....(((....))).....))).......((((....)))) -11.00 +[0.0000 -> 0.1126] ID = 28
  51    9 ...((((.(((...(((....))).....)))...((........)))))) -10.90 +[0.0000 -> 0.0308] ID = 31
  51   10 ......(((.....(((....))).....)))...((........)).... -10.70 -[0.4200 -> 0.1054] ID = 15
  51   11 .......(((....(((....))).....)))...((........)).... -10.50 -[0.2815 -> 0.0460] ID = 17
  51   12 ........(((...(((....))).....))).......((((....)))) -10.50 +[0.0000 -> 0.0222] ID = 33
  51   13 ........(((...(((....))).....)))...((........)).... -10.00 -[0.0705 -> 0.0073] ID = 18
  51   14 .((.((((((....(((....))).....))).....))).))........  -9.80 -[0.0911 -> 0.0159] ID = 11
  52    1 ......(((((((((((.....((.......)).....)))))))).))).. -21.10 +[0.1317 -> 0.1516] ID = 22
  52    2 ......(((((((((((....))).((........))....))))).))).. -15.30 +[0.0008 -> 0.0012] ID = 23
  52    3 ......(((((((((((....))).................))))).))).. -13.20 -[0.0161 -> 0.0066] ID = 24
  52    4 ......(((((((((((....)).................)))))).))).. -12.40 -[0.0032 -> 0.0013] ID = 25
  52    5 ...(((((((....(((....))).....)))...((........)))))). -11.40 +[0.1840 -> 0.2082] ID = 30
  52    6 ((....(((.....(((....))).....)))....)).((((....)))). -11.30 -[0.2673 -> 0.2359] ID = 27
  52    7 ....((..(((...(((....))).....)))..))...((((....)))). -11.30 +[0.0818 -> 0.0953] ID = 29
  52    8 .......(((....(((....))).....))).......((((....)))). -11.00 -[0.1206 -> 0.1140] ID = 28
  52    9 ...((((.(((...(((....))).....)))...((........)))))). -10.90 +[0.0323 -> 0.0531] ID = 31
  52   10 ......(((.....(((....))).....)))...((........))..... -10.70 -[0.1068 -> 0.0837] ID = 15
  52   11 .......(((....(((....))).....)))...((........))..... -10.50 -[0.0554 -> 0.0492] ID = 17
  53    1 ......(((((((((((.....((.......)).....)))))))).)))... -21.10 +[0.1516 -> 0.9999] ID = 22
  53    2 ......(((((((((((....))).((........))....))))).)))... -15.30 -[0.0012 -> 0.0001] ID = 23
  53    3 ......(((((((((((....))).................))))).)))... -13.20 -[0.0066 -> 0.0000] ID = 24
  53    4 ......(((((((((((....)).................)))))).)))... -12.40 -[0.0013 -> 0.0000] ID = 25
  53    5 ...(((((((....(((....))).....)))...((........)))))).. -11.40 -[0.2082 -> 0.0000] ID = 30
  53    6 ((....(((.....(((....))).....)))....)).((((....)))).. -11.30 -[0.2359 -> 0.0000] ID = 27
  53    7 ....((..(((...(((....))).....)))..))...((((....)))).. -11.30 -[0.0953 -> 0.0000] ID = 29
  53    8 .......(((....(((....))).....))).......((((....)))).. -11.00 -[0.1140 -> 0.0000] ID = 28
  53    9 ...((((.(((...(((....))).....)))...((........)))))).. -10.90 -[0.0531 -> 0.0000] ID = 31
  53   10 ......(((.....(((....))).....)))...((........))...... -10.70 -[0.0837 -> 0.0000] ID = 15
  53   11 .......(((....(((....))).....)))...((........))...... -10.50 -[0.0492 -> 0.0000] ID = 17
# Distribution of structures at the end:
#         UGAACUCCCCCAGGGCCGGAAGGCAGCAAGGGUAAGCGGGCUCUGGCGGGUGC
  53    1 ......(((((((((((.....((.......)).....)))))))).)))... -21.10 0.9999  [t8: 0.9999] ID = 22
  53    2 ......(((((((((((....))).((........))....))))).)))... -15.30 0.0001  [t8: 0.0001] ID = 23
  53    3 ......(((((((((((....))).................))))).)))... -13.20 0.0000  [t8: 0.0000] ID = 24
  53    4 ......(((((((((((....)).................)))))).)))... -12.40 0.0000  [t8: 0.0000] ID = 25
  53    5 ...(((((((....(((....))).....)))...((........)))))).. -11.40 0.0000  [t8: 0.0000] ID = 30
  53    6 ((....(((.....(((....))).....)))....)).((((....)))).. -11.30 0.0000  [t8: 0.0000] ID = 27
  53    7 ....((..(((...(((....))).....)))..))...((((....)))).. -11.30 0.0000  [t8: 0.0000] ID = 29
  53    8 .......(((....(((....))).....))).......((((....)))).. -11.00 0.0000  [t8: 0.0000] ID = 28
  53    9 ...((((.(((...(((....))).....)))...((........)))))).. -10.90 0.0000  [t8: 0.0000] ID = 31
  53   10 ......(((.....(((....))).....)))...((........))...... -10.70 0.0000  [t8: 0.0000] ID = 15
  53   11 .......(((....(((....))).....)))...((........))...... -10.50 0.0000  [t8: 0.0000] ID = 17
