# File generated using DrTransformer v0.10
#
# >drtr_srp_Geob.uran._CP000698
# AACCCCGCCAGGCCCGGAAGGGAGCAACGGUAG 
#
# Co-transcriptional folding parameters:
# --t-ext: 0.02 sec
# --t-end: 60.0 sec
# --start: 1
# --stop: 33
# --reversed-transcription: False
#
# Algorithm parameters:
# --o-prune: 0.05
# --t-fast: 0.001 sec
# --fpwm: 4
# --mfree: 6 nuc
# --k0: 200000.0
#
# ViennaRNA model details:
# --temp: 37.0 C
# --dangles: 2
# --paramFile: None
# --noTetra: False
# --noGU: False
# --noClosingGU: False
#
#
# Results:
# Transcription Step | Energy-sorted structure count | Structure | Energy | [Occupancy-t0 Occupancy-t8] | Structure ID (-> Plotting ID)
   1    1 .   0.00  [1.0000 -> 1.0000] ID = 0
   2    1 ..   0.00  [1.0000 -> 1.0000] ID = 0
   3    1 ...   0.00  [1.0000 -> 1.0000] ID = 0
   4    1 ....   0.00  [1.0000 -> 1.0000] ID = 0
   5    1 .....   0.00  [1.0000 -> 1.0000] ID = 0
   6    1 ......   0.00  [1.0000 -> 1.0000] ID = 0
   7    1 .......   0.00  [1.0000 -> 1.0000] ID = 0
   8    1 ........   0.00  [1.0000 -> 1.0000] ID = 0
   9    1 .........   0.00  [1.0000 -> 1.0000] ID = 0
  10    1 ..........   0.00  [1.0000 -> 1.0000] ID = 0
  11    1 ...........   0.00  [1.0000 -> 1.0000] ID = 0
  12    1 ....((....))  -0.70  [1.0000 -> 1.0000] ID = 1
  13    1 ....((....)).  -0.70  [1.0000 -> 1.0000] ID = 1
  14    1 ....((....))..  -0.70  [1.0000 -> 1.0000] ID = 1
  15    1 ....((....))...  -0.70  [1.0000 -> 1.0000] ID = 1
  16    1 ....((....))....  -0.70  [1.0000 -> 1.0000] ID = 1
  17    1 ....(((.......)))  -1.90 +[0.0000 -> 0.8727] ID = 2
  17    2 ....((....)).....  -0.70 -[1.0000 -> 0.1273] ID = 1
  18    1 ....(((.......))).  -1.90 -[0.8727 -> 0.7625] ID = 2
  18    2 ..((((....))...)).  -1.20 +[0.1273 -> 0.2375] ID = 3
  19    1 ....(((.......)))..  -1.90 -[0.7625 -> 0.7572] ID = 2
  19    2 ..((((....))...))..  -1.20 +[0.2375 -> 0.2428] ID = 3
  20    1 ....(((.......)))...  -1.90 -[0.7572 -> 0.7569] ID = 2
  20    2 ..((((....))...))...  -1.20 +[0.2428 -> 0.2431] ID = 3
  21    1 ...((..((......))..))  -3.50 +[0.0000 -> 0.7342] ID = 4
  21    2 ....(((.......)))....  -1.90 -[0.7569 -> 0.2379] ID = 2
  21    3 ..((((....))...))....  -1.20 -[0.2431 -> 0.0279] ID = 3
  22    1 ..(((..((......))..)))  -6.40 +[0.7482 -> 0.8090] ID = 5
  22    2 ..(((((.......)))..)).  -2.50 -[0.2518 -> 0.1910] ID = 6
  23    1 ..(((..((......))..))).  -6.40 +[0.8090 -> 0.9623] ID = 5
  23    2 ..(((((.......)))..))..  -2.50 -[0.1910 -> 0.0377] ID = 6
  24    1 ..(((..((......))..)))..  -6.40  [1.0000 -> 1.0000] ID = 5
  25    1 ..(((..((......))..)))...  -6.40  [1.0000 -> 1.0000] ID = 5
  26    1 ..(((..((......))..)))....  -6.40  [1.0000 -> 1.0000] ID = 5
  27    1 ..(((..((......))..))).....  -6.40  [1.0000 -> 1.0000] ID = 5
  28    1 ..(((..((......))..)))......  -6.40  [1.0000 -> 1.0000] ID = 5
  29    1 ..(((..((......))..))).......  -6.40  [1.0000 -> 1.0000] ID = 5
  30    1 ....(((.....(((....))).....)))  -8.30 +[0.0000 -> 0.0025] ID = 7
  30    2 ..(((..((......))..)))........  -6.40 -[1.0000 -> 0.9975] ID = 5
  31    1 ....(((.....(((....))).....))).  -8.30 +[0.0025 -> 0.0050] ID = 7
  31    2 ..(((..((......))..))).........  -6.40 -[0.9975 -> 0.9950] ID = 5
  32    1 ....(((.....(((....))).....)))..  -8.30 +[0.0050 -> 0.0075] ID = 7
  32    2 ..(((..((......))..)))..........  -6.40 -[0.9950 -> 0.9925] ID = 5
  33    1 ....(((.....(((....))).....)))...  -8.30 +[0.0075 -> 0.9558] ID = 7
  33    2 ..(((..((......))..)))...........  -6.40 -[0.9925 -> 0.0442] ID = 5
# Distribution of structures at the end:
#         AACCCCGCCAGGCCCGGAAGGGAGCAACGGUAG
  33    1 ....(((.....(((....))).....)))...  -8.30 0.9558 +[t8: 0.9562] ID = 7
  33    2 ..(((..((......))..)))...........  -6.40 0.0442 -[t8: 0.0438] ID = 5
