# File generated using DrTransformer v0.10
#
# >drtr_srp_Bdel.bact._BX842656
# UGGGCCCCACGCAACGGAAGGUUACGAACUCCGUCAGGUCCGGAAGGAAGCAGCGG 
#
# Co-transcriptional folding parameters:
# --t-ext: 0.02 sec
# --t-end: 60.0 sec
# --start: 1
# --stop: 56
# --reversed-transcription: False
#
# Algorithm parameters:
# --o-prune: 0.05
# --t-fast: 0.001 sec
# --fpwm: 4
# --mfree: 6 nuc
# --k0: 200000.0
#
# ViennaRNA model details:
# --temp: 37.0 C
# --dangles: 2
# --paramFile: None
# --noTetra: False
# --noGU: False
# --noClosingGU: False
#
#
# Results:
# Transcription Step | Energy-sorted structure count | Structure | Energy | [Occupancy-t0 Occupancy-t8] | Structure ID (-> Plotting ID)
   1    1 .   0.00  [1.0000 -> 1.0000] ID = 0
   2    1 ..   0.00  [1.0000 -> 1.0000] ID = 0
   3    1 ...   0.00  [1.0000 -> 1.0000] ID = 0
   4    1 ....   0.00  [1.0000 -> 1.0000] ID = 0
   5    1 .....   0.00  [1.0000 -> 1.0000] ID = 0
   6    1 ......   0.00  [1.0000 -> 1.0000] ID = 0
   7    1 .......   0.00  [1.0000 -> 1.0000] ID = 0
   8    1 ........   0.00  [1.0000 -> 1.0000] ID = 0
   9    1 .........   0.00  [1.0000 -> 1.0000] ID = 0
  10    1 ..........   0.00  [1.0000 -> 1.0000] ID = 0
  11    1 ...........   0.00  [1.0000 -> 1.0000] ID = 0
  12    1 ...((.....))  -0.20 +[0.0000 -> 0.5804] ID = 1
  12    2 ............   0.00 -[1.0000 -> 0.4196] ID = 0
  13    1 ...((.....)).  -0.20  [0.5804 -> 0.5804] ID = 1
  13    2 .............   0.00  [0.4196 -> 0.4196] ID = 0
  14    1 ...((.....))..  -0.20  [0.5804 -> 0.5804] ID = 1
  14    2 ..............   0.00  [0.4196 -> 0.4196] ID = 0
  15    1 ...((.....))...  -0.20  [0.5804 -> 0.5804] ID = 1
  15    2 ...............   0.00  [0.4196 -> 0.4196] ID = 0
  16    1 ...((.....))....  -0.20  [0.5804 -> 0.5804] ID = 1
  16    2 ................   0.00  [0.4196 -> 0.4196] ID = 0
  17    1 .....((........))  -0.40 +[0.4196 -> 0.5804] ID = 2
  17    2 ...((.....)).....  -0.20 -[0.5804 -> 0.4196] ID = 1
  18    1 .....((........)).  -0.40  [0.5804 -> 0.5804] ID = 2
  18    2 ...((.....))......  -0.20  [0.4196 -> 0.4196] ID = 1
  19    1 .....((........))..  -0.40  [0.5804 -> 0.5804] ID = 2
  19    2 ...((.....)).......  -0.20  [0.4196 -> 0.4196] ID = 1
  20    1 .....((........))...  -0.40  [0.5804 -> 0.5804] ID = 2
  20    2 ...((.....))........  -0.20  [0.4196 -> 0.4196] ID = 1
  21    1 .....((........))....  -0.40  [0.5804 -> 0.5804] ID = 2
  21    2 ...((.....)).........  -0.20  [0.4196 -> 0.4196] ID = 1
  22    1 ...(((((.......))..)))  -2.00 +[0.0000 -> 0.8862] ID = 3
  22    2 .....((........)).....  -0.40 -[0.5804 -> 0.0661] ID = 2
  22    3 ...((.....))..........  -0.20 -[0.4196 -> 0.0478] ID = 1
  23    1 ..((((((.......))..))))  -2.90 +[0.9100 -> 0.9830] ID = 4
  23    2 .....((........))......  -0.40 -[0.0900 -> 0.0170] ID = 2
  24    1 ..((((((.......))..)))).  -2.90  [1.0000 -> 1.0000] ID = 4
  25    1 ..((((((.......))..))))..  -2.90  [1.0000 -> 1.0000] ID = 4
  26    1 ..((((((.......))..))))...  -2.90  [1.0000 -> 1.0000] ID = 4
  27    1 ..((((((.......))..))))....  -2.90  [1.0000 -> 1.0000] ID = 4
  28    1 ..((((((.......))..)))).....  -2.90  [1.0000 -> 1.0000] ID = 4
  29    1 ..((((((.......))..))))......  -2.90  [1.0000 -> 1.0000] ID = 4
  30    1 ..((((((.......))..)))).......  -2.90  [1.0000 -> 1.0000] ID = 4
  31    1 ..((((((.......))..))))........  -2.90  [1.0000 -> 1.0000] ID = 4
  32    1 .(((.....((.(((.....))).))...)))  -3.10 +[0.0000 -> 0.1713] ID = 5
  32    2 ..((((((.......))..)))).........  -2.90 -[1.0000 -> 0.7841] ID = 4
  32    3 .........((.(((.....))).))......  -2.10 +[0.0000 -> 0.0446] ID = 6
  33    1 ...((.....))..(((.((........)))))  -4.70 +[0.0000 -> 0.1757] ID = 7
  33    2 ..............(((.((........)))))  -4.50 +[0.0000 -> 0.1280] ID = 8
  33    3 .(((.....((.(((.....))).))...))).  -3.10 +[0.1713 -> 0.1822] ID = 5
  33    4 ..((((((.......))..))))..........  -2.90 -[0.7841 -> 0.4793] ID = 4
  33    5 .........((.(((.....))).)).......  -2.10 -[0.0446 -> 0.0347] ID = 6
  34    1 ...((.....)).((((.((........))))))  -6.00 +[0.1757 -> 0.4892] ID = 9
  34    2 ..............(((.((........))))).  -4.50 -[0.1396 -> 0.0517] ID = 8
  34    3 ..((((((.......))..))))(((.....)))  -3.30 -[0.4909 -> 0.3429] ID = 10
  34    4 .(((.....((.(((.....))).))...)))..  -3.10 -[0.1938 -> 0.1162] ID = 5
  35    1 ...((.....)).((((.((........)))))).  -6.00 -[0.4892 -> 0.3912] ID = 9
  35    2 .............((((.((........)))))).  -5.80 +[0.0517 -> 0.2878] ID = 11
  35    3 ..((((((.......))..))))(((.....))).  -3.30 -[0.3429 -> 0.2355] ID = 10
  35    4 .(((.....((.(((.....))).))...)))...  -3.10 -[0.1162 -> 0.0855] ID = 5
  36    1 ...((.....)).((((.((........))))))..  -6.00 +[0.3912 -> 0.4480] ID = 9
  36    2 .............((((.((........))))))..  -5.80 +[0.2878 -> 0.3273] ID = 11
  36    3 ..((((((.......))..))))(((.....)))..  -3.30 -[0.2355 -> 0.1633] ID = 10
  36    4 .(((.....((.(((.....))).))...)))....  -3.10 -[0.0855 -> 0.0614] ID = 5
  37    1 ...((.....)).((((.((........))))))...  -6.00 +[0.4480 -> 0.4872] ID = 9
  37    2 .............((((.((........))))))...  -5.80 +[0.3273 -> 0.3545] ID = 11
  37    3 ..((((((.......))..))))(((.....)))...  -3.30 -[0.1633 -> 0.1142] ID = 10
  37    4 .(((.....((.(((.....))).))...))).....  -3.10 -[0.0614 -> 0.0441] ID = 5
  38    1 ...((.....)).((((.((........))))))....  -6.00 +[0.4872 -> 0.5166] ID = 9
  38    2 .............((((.((........))))))....  -5.80 -[0.3766 -> 0.3745] ID = 11
  38    3 ..((((((.......))..))))(((.....)))....  -3.30 -[0.1363 -> 0.1089] ID = 10
  39    1 ........((...((((.((........))))))...))  -6.20 +[0.3745 -> 0.5320] ID = 12
  39    2 ...((.....)).((((.((........)))))).....  -6.00 -[0.5166 -> 0.3837] ID = 9
  39    3 ..((((((.......))..)))).......((....)).  -3.60 -[0.1089 -> 0.0843] ID = 13
  40    1 ..((((.......((((.((........))))))..))))  -7.80 +[0.0000 -> 0.5572] ID = 14
  40    2 ........((...((((.((........))))))...)).  -6.20 -[0.5320 -> 0.2211] ID = 12
  40    3 ...((.....)).((((.((........))))))......  -6.00 -[0.3837 -> 0.1566] ID = 9
  40    4 ..((((((.......))..)))).......((....))..  -3.60 -[0.0843 -> 0.0650] ID = 13
  41    1 .(((((.......((((.((........))))))..))))) -11.60 +[0.5572 -> 0.9772] ID = 15
  41    2 .(((((((.......))......(((.....)))..)))))  -7.20 +[0.0000 -> 0.0049] ID = 16
  41    3 ........((...((((.((........))))))...))..  -6.20 -[0.2211 -> 0.0006] ID = 12
  41    4 ...((.....)).((((.((........)))))).......  -6.00 -[0.1566 -> 0.0003] ID = 9
  41    5 ..((((((.......))..)))).......((....))...  -3.60 -[0.0650 -> 0.0170] ID = 13
  42    1 ((((((.......((((.((........))))))..)))))) -11.80  [1.0000 -> 1.0000] ID = 18
  43    1 ((((((.......((((.((........))))))..)))))). -11.80  [1.0000 -> 1.0000] ID = 18
  44    1 ((((((.......((((.((........))))))..)))))).. -11.80  [1.0000 -> 1.0000] ID = 18
  45    1 ((((((.......((((.((........))))))..))))))... -11.80  [1.0000 -> 1.0000] ID = 18
  46    1 ((((((.......((((.((........))))))..)))))).... -11.80  [1.0000 -> 1.0000] ID = 18
  47    1 ((((((.......((((.((........))))))..))))))..... -11.80  [1.0000 -> 1.0000] ID = 18
  48    1 ((((((.......((((.((........))))))..))))))...... -11.80  [1.0000 -> 1.0000] ID = 18
  49    1 ((((((.......((((.((........))))))..))))))....... -11.80  [1.0000 -> 1.0000] ID = 18
  50    1 ((((((.......((((.((........))))))..))))))........ -11.80  [1.0000 -> 1.0000] ID = 18
  51    1 ((((((.......((((.((........))))))..))))))......... -11.80  [1.0000 -> 1.0000] ID = 18
  52    1 ((((((.......((((.((........))))))..)))))).......... -11.80  [1.0000 -> 1.0000] ID = 18
  53    1 ((((((.......((((.((........))))))..))))))........... -11.80  [1.0000 -> 1.0000] ID = 18
  54    1 ((((((.......((((.((........))))))..))))))............ -11.80  [1.0000 -> 1.0000] ID = 18
  55    1 ((((((.......((((.((........))))))..))))))............. -11.80  [1.0000 -> 1.0000] ID = 18
  56    1 ((((((.......((((.((........))))))..)))))).............. -11.80  [1.0000 -> 1.0000] ID = 18
# Distribution of structures at the end:
#         UGGGCCCCACGCAACGGAAGGUUACGAACUCCGUCAGGUCCGGAAGGAAGCAGCGG
  56    1 ((((((.......((((.((........))))))..)))))).............. -11.80 1.0000  [t8: 1.0000] ID = 18
