# File generated using DrTransformer v0.10
#
# >drtr_srp_Myco.spec._CP000518_rev
# UGAACUCCCCCAGGGCCGGAAGGCAGCAAGGGUAAGCGGGCUCUGGCGGGUGC 
#
# Co-transcriptional folding parameters:
# --t-ext: 0.02 sec
# --t-end: 60.0 sec
# --start: 1
# --stop: 53
# --reversed-transcription: True
#
# Algorithm parameters:
# --o-prune: 0.05
# --t-fast: 0.001 sec
# --fpwm: 4
# --mfree: 6 nuc
# --k0: 200000.0
#
# ViennaRNA model details:
# --temp: 37.0 C
# --dangles: 2
# --paramFile: None
# --noTetra: False
# --noGU: False
# --noClosingGU: False
#
#
# Results:
# Transcription Step | Energy-sorted structure count | Structure | Energy | [Occupancy-t0 Occupancy-t8] | Structure ID (-> Plotting ID)
   1    1                                                     .   0.00  [1.0000 -> 1.0000] ID = 0
   2    1                                                    ..   0.00  [1.0000 -> 1.0000] ID = 0
   3    1                                                   ...   0.00  [1.0000 -> 1.0000] ID = 0
   4    1                                                  ....   0.00  [1.0000 -> 1.0000] ID = 0
   5    1                                                 .....   0.00  [1.0000 -> 1.0000] ID = 0
   6    1                                                ......   0.00  [1.0000 -> 1.0000] ID = 0
   7    1                                               .......   0.00  [1.0000 -> 1.0000] ID = 0
   8    1                                              ........   0.00  [1.0000 -> 1.0000] ID = 0
   9    1                                             .........   0.00  [1.0000 -> 1.0000] ID = 0
  10    1                                            ..........   0.00  [1.0000 -> 1.0000] ID = 0
  11    1                                           ...........   0.00  [1.0000 -> 1.0000] ID = 0
  12    1                                          ............   0.00  [1.0000 -> 1.0000] ID = 0
  13    1                                         .............   0.00  [1.0000 -> 1.0000] ID = 0
  14    1                                        ((((....))))..  -2.20  [1.0000 -> 1.0000] ID = 1
  15    1                                       .((((....))))..  -2.20  [1.0000 -> 1.0000] ID = 1
  16    1                                      ..((((....))))..  -2.20  [1.0000 -> 1.0000] ID = 1
  17    1                                     ...((((....))))..  -2.20  [1.0000 -> 1.0000] ID = 1
  18    1                                    ....((((....))))..  -2.20  [1.0000 -> 1.0000] ID = 1
  19    1                                   .....((((....))))..  -2.20  [1.0000 -> 1.0000] ID = 1
  20    1                                  ......((((....))))..  -2.20  [1.0000 -> 1.0000] ID = 1
  21    1                                 .......((((....))))..  -2.20  [1.0000 -> 1.0000] ID = 1
  22    1                                ........((((....))))..  -2.20  [1.0000 -> 1.0000] ID = 1
  23    1                               .........((((....))))..  -2.20  [1.0000 -> 1.0000] ID = 1
  24    1                              ((((......))))..........  -2.30 +[0.0000 -> 0.3067] ID = 2
  24    2                              ..........((((....))))..  -2.20 -[1.0000 -> 0.6933] ID = 1
  25    1                             (((((......))))).........  -4.00 +[0.3067 -> 0.5504] ID = 3
  25    2                             ...........((((....))))..  -2.20 -[0.6933 -> 0.4496] ID = 1
  26    1                            .(((((......))))).........  -4.00 +[0.5504 -> 0.7016] ID = 3
  26    2                            ............((((....))))..  -2.20 -[0.4496 -> 0.2984] ID = 1
  27    1                           ..(((((......))))).........  -4.00 +[0.7016 -> 0.7955] ID = 3
  27    2                           .............((((....))))..  -2.20 -[0.2984 -> 0.2045] ID = 1
  28    1                          ((.(((((......))))).))......  -7.00 +[0.7955 -> 0.8191] ID = 4
  28    2                          ((........))..((((....))))..  -3.00 -[0.2045 -> 0.1809] ID = 5
  29    1                         .((.(((((......))))).))......  -7.00 +[0.8191 -> 0.8400] ID = 4
  29    2                         .((........))..((((....))))..  -3.00 -[0.1809 -> 0.1600] ID = 5
  30    1                        ..((.(((((......))))).))......  -7.00 +[0.8400 -> 0.8585] ID = 4
  30    2                        ..((........))..((((....))))..  -3.00 -[0.1600 -> 0.1415] ID = 5
  31    1                       (((((.(((((......))))).))...)))  -7.40 +[0.0000 -> 0.5731] ID = 6
  31    2                       ...((.(((((......))))).))......  -7.00 -[0.8585 -> 0.3018] ID = 4
  31    3                       ...((........))..((((....))))..  -3.00 -[0.1415 -> 0.1251] ID = 5
  32    1                      .(((((.(((((......))))).))...)))  -7.40 +[0.5731 -> 0.5803] ID = 6
  32    2                      ....((.(((((......))))).))......  -7.00 +[0.3018 -> 0.3041] ID = 4
  32    3                      (((.((........))..)))...........  -4.00 +[0.0000 -> 0.0799] ID = 7
  32    4                      ....((........))..((((....))))..  -3.00 -[0.1251 -> 0.0357] ID = 5
  33    1                     ..(((((.(((((......))))).))...)))  -7.40 +[0.5803 -> 0.5939] ID = 6
  33    2                     .....((.(((((......))))).))......  -7.00 -[0.3219 -> 0.3106] ID = 4
  33    3                     .(((.((........))..)))...........  -4.00 -[0.0978 -> 0.0955] ID = 7
  34    1                    ...(((((.(((((......))))).))...)))  -7.40 +[0.5939 -> 0.5954] ID = 6
  34    2                    ......((.(((((......))))).))......  -7.00 +[0.3106 -> 0.3114] ID = 4
  34    3                    ..(((.((........))..)))...........  -4.00 -[0.0955 -> 0.0932] ID = 7
  35    1                   ....(((((.(((((......))))).))...)))  -7.40 +[0.5954 -> 0.5968] ID = 6
  35    2                   .......((.(((((......))))).))......  -7.00 +[0.3114 -> 0.3122] ID = 4
  35    3                   ...(((.((........))..)))...........  -4.00 -[0.0932 -> 0.0910] ID = 7
  36    1                  .....(((((.(((((......))))).))...)))  -7.40 +[0.5968 -> 0.5982] ID = 6
  36    2                  ........((.(((((......))))).))......  -7.00 +[0.3122 -> 0.3129] ID = 4
  36    3                  ....(((.((........))..)))...........  -4.00 -[0.0910 -> 0.0889] ID = 7
  37    1                 ......(((((.(((((......))))).))...)))  -7.40 +[0.5982 -> 0.5984] ID = 6
  37    2                 .........((.(((((......))))).))......  -7.00 -[0.3129 -> 0.3127] ID = 4
  37    3                 ((..((((.((........))..)).))..)).....  -6.50 -[0.0889 -> 0.0743] ID = 8
  37    4                 (((..(((.((........))..))))))........  -5.50 +[0.0000 -> 0.0147] ID = 9
  38    1                (((..((((.((........))..)).))..)))....  -9.70  [0.0816 -> 0.0816] ID = 10
  38    2                ((....))..((.(((((......))))).))......  -8.10 +[0.3200 -> 0.6845] ID = 11
  38    3                .......(((((.(((((......))))).))...)))  -7.40 -[0.5984 -> 0.2339] ID = 6
  39    1               ((((((..((.((........))..))))))))...... -12.60 +[0.0000 -> 0.0004] ID = 12
  39    2               (((....))).((.(((((......))))).))...... -11.80 +[0.6845 -> 0.9162] ID = 13
  39    3               .(((..((((.((........))..)).))..)))....  -9.70 -[0.0816 -> 0.0814] ID = 10
  39    4               ........(((((.(((((......))))).))...)))  -7.40 -[0.2339 -> 0.0021] ID = 6
  40    1              .((((((..((.((........))..))))))))...... -12.60 +[0.0004 -> 0.0008] ID = 12
  40    2              .(((....))).((.(((((......))))).))...... -11.80  [0.9172 -> 0.9172] ID = 13
  40    3              ..(((..((((.((........))..)).))..)))....  -9.70 -[0.0824 -> 0.0820] ID = 10
  41    1             ..((((((..((.((........))..))))))))...... -12.60 +[0.0008 -> 0.0012] ID = 12
  41    2             ..(((....))).((.(((((......))))).))...... -11.80  [0.9172 -> 0.9172] ID = 13
  41    3             ...(((..((((.((........))..)).))..)))....  -9.70 -[0.0820 -> 0.0816] ID = 10
  42    1            ...((((((..((.((........))..))))))))...... -12.60 +[0.0012 -> 0.0016] ID = 12
  42    2            ...(((....))).((.(((((......))))).))...... -11.80  [0.9172 -> 0.9172] ID = 13
  42    3            ....(((..((((.((........))..)).))..)))....  -9.70 -[0.0816 -> 0.0812] ID = 10
  43    1           ....((((((..((.((........))..))))))))...... -12.60 +[0.0016 -> 0.0020] ID = 12
  43    2           ....(((....))).((.(((((......))))).))...... -11.80  [0.9172 -> 0.9172] ID = 13
  43    3           .....(((..((((.((........))..)).))..)))....  -9.70 -[0.0812 -> 0.0808] ID = 10
  44    1          ((((((((.....((.......)).....))))))))....... -15.00 +[0.0000 -> 0.0008] ID = 14
  44    2          .....(((....))).((.(((((......))))).))...... -11.80 -[0.9182 -> 0.9175] ID = 13
  44    3          ......(((..((((.((........))..)).))..)))....  -9.70  [0.0818 -> 0.0818] ID = 10
  45    1         .((((((((.....((.......)).....))))))))....... -15.00  [0.0008 -> 0.0008] ID = 14
  45    2         (((...(((....))).((.(((((......))))).)))))... -14.30 +[0.0000 -> 0.9018] ID = 16
  45    3         (((((((((.....((.......)).....))))))...)))... -12.80  [0.0000 -> 0.0000] ID = 17
  45    4         ......(((....))).((.(((((......))))).))...... -11.80 -[0.9175 -> 0.0156] ID = 13
  45    5         (((...(((...((((.((........))..)).))))))))... -10.70 +[0.0000 -> 0.0006] ID = 15
  45    6         .......(((..((((.((........))..)).))..)))....  -9.70 -[0.0818 -> 0.0810] ID = 10
  46    1        ((((((((((.....((.......)).....)))))))).)).... -18.60  [0.0000 -> 0.0000] ID = 18
  46    2        .(((...(((....))).((.(((((......))))).)))))... -14.30  [0.9097 -> 0.9097] ID = 16
  46    3        .(((...(((...((((.((........))..)).))))))))... -10.70 +[0.0006 -> 0.0009] ID = 15
  46    4        ((....))(((..((((.((........))..)).))..))).... -10.30 -[0.0897 -> 0.0894] ID = 19
  46    5        (((((((........((.((........))..))))))).))....  -9.80  [0.0000 -> 0.0000] ID = 20
  47    1       (((((((((((.....((.......)).....)))))))).)))... -21.10 +[0.0000 -> 0.0909] ID = 21
  47    2       ..(((...(((....))).((.(((((......))))).)))))... -14.30 -[0.9101 -> 0.8193] ID = 16
  47    3       ((((((((........((.((........))..))))))).)))... -12.30  [0.0000 -> 0.0000] ID = 23
  47    4       (((...)))(((..((((.((........))..)).))..))).... -11.40 +[0.0000 -> 0.0769] ID = 22
  47    5       .((....))(((..((((.((........))..)).))..))).... -10.30 -[0.0899 -> 0.0129] ID = 19
  48    1      .(((((((((((.....((.......)).....)))))))).)))... -21.10 +[0.0909 -> 0.1733] ID = 21
  48    2      ...(((...(((....))).((.(((((......))))).)))))... -14.30 -[0.8258 -> 0.7434] ID = 16
  48    3      .((((((((........((.((........))..))))))).)))... -12.30  [0.0000 -> 0.0000] ID = 23
  48    4      .(((...)))(((..((((.((........))..)).))..))).... -11.40  [0.0833 -> 0.0833] ID = 22
  49    1     ..(((((((((((.....((.......)).....)))))))).)))... -21.10 +[0.1733 -> 0.2475] ID = 21
  49    2     ....(((...(((....))).((.(((((......))))).)))))... -14.30 -[0.7434 -> 0.6692] ID = 16
  49    3     ..((((((((........((.((........))..))))))).)))... -12.30  [0.0000 -> 0.0000] ID = 23
  49    4     ..(((...)))(((..((((.((........))..)).))..))).... -11.40  [0.0833 -> 0.0833] ID = 22
  50    1    ...(((((((((((.....((.......)).....)))))))).)))... -21.10 +[0.2475 -> 0.3143] ID = 21
  50    2    .....(((...(((....))).((.(((((......))))).)))))... -14.30 -[0.6692 -> 0.6024] ID = 16
  50    3    ...((((((((........((.((........))..))))))).)))... -12.30  [0.0000 -> 0.0000] ID = 23
  50    4    ...(((...)))(((..((((.((........))..)).))..))).... -11.40  [0.0833 -> 0.0833] ID = 22
  51    1   ....(((((((((((.....((.......)).....)))))))).)))... -21.10 +[0.3143 -> 0.3745] ID = 21
  51    2   ......(((...(((....))).((.(((((......))))).)))))... -14.30 -[0.6024 -> 0.5423] ID = 16
  51    3   ....((((((((........((.((........))..))))))).)))... -12.30  [0.0000 -> 0.0000] ID = 23
  51    4   ....(((...)))(((..((((.((........))..)).))..))).... -11.40  [0.0833 -> 0.0832] ID = 22
  52    1  .....(((((((((((.....((.......)).....)))))))).)))... -21.10 +[0.3745 -> 0.4286] ID = 21
  52    2  .......(((...(((....))).((.(((((......))))).)))))... -14.30 -[0.5423 -> 0.4882] ID = 16
  52    3  .....((((((((........((.((........))..))))))).)))... -12.30  [0.0000 -> 0.0000] ID = 23
  52    4  .....(((...)))(((..((((.((........))..)).))..))).... -11.40  [0.0832 -> 0.0832] ID = 22
  53    1 ......(((((((((((.....((.......)).....)))))))).)))... -21.10 +[0.4286 -> 0.9696] ID = 21
  53    2 ........(((...(((....))).((.(((((......))))).)))))... -14.30 -[0.4882 -> 0.0000] ID = 16
  53    3 ......((((((((........((.((........))..))))))).)))... -12.30  [0.0000 -> 0.0000] ID = 23
  53    4 ......(((...)))(((..((((.((........))..)).))..))).... -11.40 -[0.0832 -> 0.0303] ID = 22
# Distribution of structures at the end:
#         UGAACUCCCCCAGGGCCGGAAGGCAGCAAGGGUAAGCGGGCUCUGGCGGGUGC
  53    1 ......(((((((((((.....((.......)).....)))))))).)))... -21.10 0.9696 +[t8: 1.0000] ID = 21
  53    2 ........(((...(((....))).((.(((((......))))).)))))... -14.30 0.0000  [t8: 0.0000] ID = 16
  53    3 ......((((((((........((.((........))..))))))).)))... -12.30 0.0000  [t8: 0.0000] ID = 23
  53    4 ......(((...)))(((..((((.((........))..)).))..))).... -11.40 0.0303 -[t8: 0.0000] ID = 22
