# File generated using DrTransformer v0.10
#
# >drtr_srp_Baci.subt._X06803_rev
# GAAUUCAUGAACCAUGUCAGGUCCGGAAGGAAGCAGCAUUAAGUGAAACCUCU 
#
# Co-transcriptional folding parameters:
# --t-ext: 0.02 sec
# --t-end: 60.0 sec
# --start: 1
# --stop: 53
# --reversed-transcription: True
#
# Algorithm parameters:
# --o-prune: 0.05
# --t-fast: 0.001 sec
# --fpwm: 4
# --mfree: 6 nuc
# --k0: 200000.0
#
# ViennaRNA model details:
# --temp: 37.0 C
# --dangles: 2
# --paramFile: None
# --noTetra: False
# --noGU: False
# --noClosingGU: False
#
#
# Results:
# Transcription Step | Energy-sorted structure count | Structure | Energy | [Occupancy-t0 Occupancy-t8] | Structure ID (-> Plotting ID)
   1    1                                                     .   0.00  [1.0000 -> 1.0000] ID = 0
   2    1                                                    ..   0.00  [1.0000 -> 1.0000] ID = 0
   3    1                                                   ...   0.00  [1.0000 -> 1.0000] ID = 0
   4    1                                                  ....   0.00  [1.0000 -> 1.0000] ID = 0
   5    1                                                 .....   0.00  [1.0000 -> 1.0000] ID = 0
   6    1                                                ......   0.00  [1.0000 -> 1.0000] ID = 0
   7    1                                               .......   0.00  [1.0000 -> 1.0000] ID = 0
   8    1                                              ........   0.00  [1.0000 -> 1.0000] ID = 0
   9    1                                             .........   0.00  [1.0000 -> 1.0000] ID = 0
  10    1                                            ..........   0.00  [1.0000 -> 1.0000] ID = 0
  11    1                                           ...........   0.00  [1.0000 -> 1.0000] ID = 0
  12    1                                          ............   0.00  [1.0000 -> 1.0000] ID = 0
  13    1                                         .............   0.00  [1.0000 -> 1.0000] ID = 0
  14    1                                        ..............   0.00  [1.0000 -> 1.0000] ID = 0
  15    1                                       ...............   0.00  [1.0000 -> 1.0000] ID = 0
  16    1                                      ................   0.00  [1.0000 -> 1.0000] ID = 0
  17    1                                     .................   0.00  [1.0000 -> 1.0000] ID = 0
  18    1                                    ..................   0.00  [1.0000 -> 1.0000] ID = 0
  19    1                                   ...................   0.00  [1.0000 -> 1.0000] ID = 0
  20    1                                  ....................   0.00  [1.0000 -> 1.0000] ID = 0
  21    1                                 .....................   0.00  [1.0000 -> 1.0000] ID = 0
  22    1                                ......................   0.00  [1.0000 -> 1.0000] ID = 0
  23    1                               .......................   0.00  [1.0000 -> 1.0000] ID = 0
  24    1                              ........................   0.00  [1.0000 -> 1.0000] ID = 0
  25    1                             ((...((........))...))...  -0.80 +[0.0000 -> 0.7855] ID = 1
  25    2                             .........................   0.00 -[1.0000 -> 0.2145] ID = 0
  26    1                            (((...((........))...)))..  -2.10 +[0.7855 -> 0.9679] ID = 2
  26    2                            ..........................   0.00 -[0.2145 -> 0.0321] ID = 0
  27    1                           .(((...((........))...)))..  -2.10  [1.0000 -> 1.0000] ID = 2
  28    1                          ..(((...((........))...)))..  -2.10  [1.0000 -> 1.0000] ID = 2
  29    1                         ...(((...((........))...)))..  -2.10  [1.0000 -> 1.0000] ID = 2
  30    1                        .(((.((...((........))...)))))  -2.40  [1.0000 -> 1.0000] ID = 3
  31    1                       ..(((.((...((........))...)))))  -2.40  [1.0000 -> 1.0000] ID = 3
  32    1                      (((....)))......................  -2.70 +[0.0000 -> 0.4665] ID = 5
  32    2                      ...(((.((...((........))...)))))  -2.40 -[1.0000 -> 0.5335] ID = 3
  33    1                     .(((....)))......................  -2.70 +[0.4665 -> 0.5816] ID = 5
  33    2                     ....(((.((...((........))...)))))  -2.40 -[0.5335 -> 0.4184] ID = 3
  34    1                    ..(((....)))......................  -2.70 +[0.5816 -> 0.6100] ID = 5
  34    2                    .....(((.((...((........))...)))))  -2.40 -[0.4184 -> 0.3900] ID = 3
  35    1                   ...(((....)))......................  -2.70 +[0.6100 -> 0.6170] ID = 5
  35    2                   ......(((.((...((........))...)))))  -2.40 -[0.3900 -> 0.3830] ID = 3
  36    1                  ....(((....)))......................  -2.70 +[0.6170 -> 0.6188] ID = 5
  36    2                  .......(((.((...((........))...)))))  -2.40 -[0.3830 -> 0.3812] ID = 3
  37    1                 .....(((....)))......................  -2.70 +[0.6188 -> 0.6192] ID = 5
  37    2                 ........(((.((...((........))...)))))  -2.40 -[0.3812 -> 0.3808] ID = 3
  38    1                ((....(((....)))....))................  -3.50 +[0.6192 -> 0.7701] ID = 6
  38    2                .........(((.((...((........))...)))))  -2.40 -[0.3808 -> 0.2299] ID = 3
  39    1               (((....(((....)))....)))...............  -4.20 +[0.7701 -> 0.8772] ID = 7
  39    2               ..........(((.((...((........))...)))))  -2.40 -[0.2299 -> 0.1228] ID = 3
  40    1              ((((....(((....)))....))))..............  -5.30 +[0.8772 -> 0.9435] ID = 8
  40    2              ...........(((.((...((........))...)))))  -2.40 -[0.1228 -> 0.0565] ID = 3
  41    1             .((((....(((....)))....))))..............  -5.30 +[0.9435 -> 0.9712] ID = 8
  41    2             ............(((.((...((........))...)))))  -2.40 -[0.0565 -> 0.0288] ID = 3
  42    1            ..((((....(((....)))....))))..............  -5.30  [1.0000 -> 1.0000] ID = 8
  43    1           ...((((....(((....)))....))))..............  -5.30  [1.0000 -> 1.0000] ID = 8
  44    1          ....((((....(((....)))....))))..............  -5.30  [1.0000 -> 1.0000] ID = 8
  45    1         .....((((....(((....)))....))))..............  -5.30  [1.0000 -> 1.0000] ID = 8
  46    1        ......((((....(((....)))....))))..............  -5.30  [1.0000 -> 1.0000] ID = 8
  47    1       .......((((....(((....)))....))))..............  -5.30  [1.0000 -> 1.0000] ID = 8
  48    1      (((.....((((....(((....)))....))))...)))........  -6.30  [1.0000 -> 1.0000] ID = 9
  49    1     ((((.....((((....(((....)))....))))...)))).......  -7.70  [1.0000 -> 1.0000] ID = 10
  50    1    (((((.....((((....(((....)))....))))...)))))......  -8.40  [1.0000 -> 1.0000] ID = 11
  51    1   .(((((.....((((....(((....)))....))))...)))))......  -8.40  [1.0000 -> 1.0000] ID = 11
  52    1  ..(((((.....((((....(((....)))....))))...)))))......  -8.40  [1.0000 -> 1.0000] ID = 11
  53    1 ...(((((.....((((....(((....)))....))))...)))))......  -8.40  [1.0000 -> 1.0000] ID = 11
# Distribution of structures at the end:
#         GAAUUCAUGAACCAUGUCAGGUCCGGAAGGAAGCAGCAUUAAGUGAAACCUCU
  53    1 ...(((((.....((((....(((....)))....))))...)))))......  -8.40 1.0000  [t8: 1.0000] ID = 11
