# File generated using DrTransformer v0.10
#
# >drtr_srp_Brad.spec._CP000494
# AACCGGGUCAGGUCCGGAAGGAAGCAGCCCUAA 
#
# Co-transcriptional folding parameters:
# --t-ext: 0.02 sec
# --t-end: 60.0 sec
# --start: 1
# --stop: 33
# --reversed-transcription: False
#
# Algorithm parameters:
# --o-prune: 0.05
# --t-fast: 0.001 sec
# --fpwm: 4
# --mfree: 6 nuc
# --k0: 200000.0
#
# ViennaRNA model details:
# --temp: 37.0 C
# --dangles: 2
# --paramFile: None
# --noTetra: False
# --noGU: False
# --noClosingGU: False
#
#
# Results:
# Transcription Step | Energy-sorted structure count | Structure | Energy | [Occupancy-t0 Occupancy-t8] | Structure ID (-> Plotting ID)
   1    1 .   0.00  [1.0000 -> 1.0000] ID = 0
   2    1 ..   0.00  [1.0000 -> 1.0000] ID = 0
   3    1 ...   0.00  [1.0000 -> 1.0000] ID = 0
   4    1 ....   0.00  [1.0000 -> 1.0000] ID = 0
   5    1 .....   0.00  [1.0000 -> 1.0000] ID = 0
   6    1 ......   0.00  [1.0000 -> 1.0000] ID = 0
   7    1 .......   0.00  [1.0000 -> 1.0000] ID = 0
   8    1 ........   0.00  [1.0000 -> 1.0000] ID = 0
   9    1 .........   0.00  [1.0000 -> 1.0000] ID = 0
  10    1 ..........   0.00  [1.0000 -> 1.0000] ID = 0
  11    1 ...........   0.00  [1.0000 -> 1.0000] ID = 0
  12    1 ..((......))  -1.30  [1.0000 -> 1.0000] ID = 1
  13    1 .(((......)))  -2.60  [1.0000 -> 1.0000] ID = 2
  14    1 .(((......))).  -2.60  [1.0000 -> 1.0000] ID = 2
  15    1 .(((......)))..  -2.60  [1.0000 -> 1.0000] ID = 2
  16    1 ...((((.....))))  -3.10 +[0.0000 -> 0.2005] ID = 3
  16    2 .(((......)))...  -2.60 -[1.0000 -> 0.7995] ID = 2
  17    1 ..(((((.....)))))  -6.00 +[0.2005 -> 0.3687] ID = 4
  17    2 .(((......)))....  -2.60 -[0.7995 -> 0.6313] ID = 2
  18    1 ..(((((.....))))).  -6.00 +[0.3687 -> 0.5014] ID = 4
  18    2 .(((......))).....  -2.60 -[0.6313 -> 0.4986] ID = 2
  19    1 ..(((((.....)))))..  -6.00 +[0.5014 -> 0.6060] ID = 4
  19    2 .(((......)))......  -2.60 -[0.4986 -> 0.3940] ID = 2
  20    1 ..(((((.....)))))...  -6.00 +[0.6060 -> 0.6885] ID = 4
  20    2 .(((......))).......  -2.60 -[0.3940 -> 0.3115] ID = 2
  21    1 ..(((((.....)))))....  -6.00 +[0.6885 -> 0.6942] ID = 4
  21    2 .(((......)))((....))  -4.10 -[0.3115 -> 0.3058] ID = 5
  22    1 ..(((((.....))))).....  -6.00 +[0.6942 -> 0.6998] ID = 4
  22    2 .(((......)))((....)).  -4.10 -[0.3058 -> 0.3002] ID = 5
  23    1 ..(((((.....)))))......  -6.00 +[0.6998 -> 0.7053] ID = 4
  23    2 .(((......)))((....))..  -4.10 -[0.3002 -> 0.2947] ID = 5
  24    1 ..(((((.....))))).......  -6.00 +[0.7053 -> 0.7107] ID = 4
  24    2 .(((......)))((....))...  -4.10 -[0.2947 -> 0.2893] ID = 5
  25    1 ..(((((.....)))))........  -6.00 +[0.7107 -> 0.7160] ID = 4
  25    2 .(((......)))((....))....  -4.10 -[0.2893 -> 0.2840] ID = 5
  26    1 ..(((((.....))))).........  -6.00 +[0.7160 -> 0.7212] ID = 4
  26    2 .(((......)))((....)).....  -4.10 -[0.2840 -> 0.2788] ID = 5
  27    1 ..(((((.....)))))..........  -6.00 +[0.7212 -> 0.7262] ID = 4
  27    2 .(((......)))((....))......  -4.10 -[0.2788 -> 0.2738] ID = 5
  28    1 ..(((((.....)))))...........  -6.00 +[0.7262 -> 0.7311] ID = 4
  28    2 .(((......)))((....)).......  -4.10 -[0.2738 -> 0.2689] ID = 5
  29    1 .....(((....(((....)))....)))  -6.30 +[0.2689 -> 0.2694] ID = 6
  29    2 ..(((((.....)))))............  -6.00 -[0.7311 -> 0.7306] ID = 4
  30    1 ....((((....(((....)))....)))) -10.00 +[0.2694 -> 0.2699] ID = 7
  30    2 ..(((((.....)))))..((......)).  -6.20 -[0.7306 -> 0.7301] ID = 8
  31    1 ....((((....(((....)))....)))). -10.00 +[0.2699 -> 0.2701] ID = 7
  31    2 ..(((((.....))))).(((.......)))  -7.40 +[0.0000 -> 0.6388] ID = 9
  31    3 ..(((((.....)))))..((......))..  -6.20 -[0.7301 -> 0.0911] ID = 8
  32    1 ....((((....(((....)))....)))).. -10.00 +[0.2701 -> 0.2702] ID = 7
  32    2 ..(((((.....))))).(((.......))).  -7.40 -[0.6388 -> 0.6386] ID = 9
  32    3 ..(((((.....)))))..((......))...  -6.20  [0.0911 -> 0.0911] ID = 8
  33    1 ....((((....(((....)))....))))... -10.00 +[0.2702 -> 0.6015] ID = 7
  33    2 ..(((((.....))))).(((.......)))..  -7.40 -[0.6386 -> 0.3487] ID = 9
  33    3 ..(((((.....)))))..((......))....  -6.20 -[0.0911 -> 0.0498] ID = 8
# Distribution of structures at the end:
#         AACCGGGUCAGGUCCGGAAGGAAGCAGCCCUAA
  33    1 ....((((....(((....)))....))))... -10.00 0.6015 +[t8: 0.9835] ID = 7
  33    2 ..(((((.....))))).(((.......)))..  -7.40 0.3487 -[t8: 0.0145] ID = 9
  33    3 ..(((((.....)))))..((......))....  -6.20 0.0498 -[t8: 0.0021] ID = 8
