# File generated using DrTransformer v0.10
#
# >drtr_srp_Cory.glut._BA000036_rev
# UGAACCCCCCCAGGGCCGGAAGGCAGCAAGGGUAAGCGGGCUCUGGCGGGUG 
#
# Co-transcriptional folding parameters:
# --t-ext: 0.02 sec
# --t-end: 60.0 sec
# --start: 1
# --stop: 52
# --reversed-transcription: True
#
# Algorithm parameters:
# --o-prune: 0.05
# --t-fast: 0.001 sec
# --fpwm: 4
# --mfree: 6 nuc
# --k0: 200000.0
#
# ViennaRNA model details:
# --temp: 37.0 C
# --dangles: 2
# --paramFile: None
# --noTetra: False
# --noGU: False
# --noClosingGU: False
#
#
# Results:
# Transcription Step | Energy-sorted structure count | Structure | Energy | [Occupancy-t0 Occupancy-t8] | Structure ID (-> Plotting ID)
   1    1                                                    .   0.00  [1.0000 -> 1.0000] ID = 0
   2    1                                                   ..   0.00  [1.0000 -> 1.0000] ID = 0
   3    1                                                  ...   0.00  [1.0000 -> 1.0000] ID = 0
   4    1                                                 ....   0.00  [1.0000 -> 1.0000] ID = 0
   5    1                                                .....   0.00  [1.0000 -> 1.0000] ID = 0
   6    1                                               ......   0.00  [1.0000 -> 1.0000] ID = 0
   7    1                                              .......   0.00  [1.0000 -> 1.0000] ID = 0
   8    1                                             ........   0.00  [1.0000 -> 1.0000] ID = 0
   9    1                                            .........   0.00  [1.0000 -> 1.0000] ID = 0
  10    1                                           ..........   0.00  [1.0000 -> 1.0000] ID = 0
  11    1                                          ...........   0.00  [1.0000 -> 1.0000] ID = 0
  12    1                                         ............   0.00  [1.0000 -> 1.0000] ID = 0
  13    1                                        ((((....)))).  -2.20  [1.0000 -> 1.0000] ID = 1
  14    1                                       .((((....)))).  -2.20  [1.0000 -> 1.0000] ID = 1
  15    1                                      ..((((....)))).  -2.20  [1.0000 -> 1.0000] ID = 1
  16    1                                     ...((((....)))).  -2.20  [1.0000 -> 1.0000] ID = 1
  17    1                                    ....((((....)))).  -2.20  [1.0000 -> 1.0000] ID = 1
  18    1                                   .....((((....)))).  -2.20  [1.0000 -> 1.0000] ID = 1
  19    1                                  ......((((....)))).  -2.20  [1.0000 -> 1.0000] ID = 1
  20    1                                 .......((((....)))).  -2.20  [1.0000 -> 1.0000] ID = 1
  21    1                                ........((((....)))).  -2.20  [1.0000 -> 1.0000] ID = 1
  22    1                               .........((((....)))).  -2.20  [1.0000 -> 1.0000] ID = 1
  23    1                              ((((......)))).........  -2.30 +[0.0000 -> 0.3067] ID = 2
  23    2                              ..........((((....)))).  -2.20 -[1.0000 -> 0.6933] ID = 1
  24    1                             (((((......)))))........  -4.00 +[0.3067 -> 0.5504] ID = 3
  24    2                             ...........((((....)))).  -2.20 -[0.6933 -> 0.4496] ID = 1
  25    1                            .(((((......)))))........  -4.00 +[0.5504 -> 0.7016] ID = 3
  25    2                            ............((((....)))).  -2.20 -[0.4496 -> 0.2984] ID = 1
  26    1                           ..(((((......)))))........  -4.00 +[0.7016 -> 0.7955] ID = 3
  26    2                           .............((((....)))).  -2.20 -[0.2984 -> 0.2045] ID = 1
  27    1                          ((.(((((......))))).)).....  -7.00 +[0.7955 -> 0.8191] ID = 4
  27    2                          ((........))..((((....)))).  -3.00 -[0.2045 -> 0.1809] ID = 5
  28    1                         .((.(((((......))))).)).....  -7.00 +[0.8191 -> 0.8400] ID = 4
  28    2                         .((........))..((((....)))).  -3.00 -[0.1809 -> 0.1600] ID = 5
  29    1                        ..((.(((((......))))).)).....  -7.00 +[0.8400 -> 0.8585] ID = 4
  29    2                        ..((........))..((((....)))).  -3.00 -[0.1600 -> 0.1415] ID = 5
  30    1                       ((.((.(((((......))))).))..)).  -7.30 +[0.8585 -> 0.8748] ID = 6
  30    2                       ...((........))..((((....)))).  -3.00 -[0.1415 -> 0.1252] ID = 5
  31    1                      .((.((.(((((......))))).))..)).  -7.30 +[0.8748 -> 0.8843] ID = 6
  31    2                      (((.((........))..)))..........  -4.00 +[0.0000 -> 0.0800] ID = 7
  31    3                      ....((........))..((((....)))).  -3.00 -[0.1252 -> 0.0357] ID = 5
  32    1                     ..((.((.(((((......))))).))..)).  -7.30 +[0.9021 -> 0.9044] ID = 6
  32    2                     .(((.((........))..)))..........  -4.00 -[0.0979 -> 0.0956] ID = 7
  33    1                    ...((.((.(((((......))))).))..)).  -7.30 +[0.9044 -> 0.9066] ID = 6
  33    2                    ..(((.((........))..)))..........  -4.00 -[0.0956 -> 0.0934] ID = 7
  34    1                   ....((.((.(((((......))))).))..)).  -7.30 +[0.9066 -> 0.9087] ID = 6
  34    2                   ...(((.((........))..)))..........  -4.00 -[0.0934 -> 0.0913] ID = 7
  35    1                  .....((.((.(((((......))))).))..)).  -7.30 +[0.9087 -> 0.9108] ID = 6
  35    2                  ....(((.((........))..)))..........  -4.00 -[0.0913 -> 0.0892] ID = 7
  36    1                 ......((.((.(((((......))))).))..)).  -7.30 -[0.9108 -> 0.9107] ID = 6
  36    2                 ((..((((.((........))..)).))..))....  -6.50 -[0.0892 -> 0.0746] ID = 8
  36    3                 (((..(((.((........))..)))))).......  -5.50 +[0.0000 -> 0.0147] ID = 9
  37    1                (((..((((.((........))..)).))..)))...  -9.70 +[0.0819 -> 0.0821] ID = 10
  37    2                ((....))..((.(((((......))))).)).....  -8.10 -[0.9181 -> 0.9179] ID = 11
  38    1               ((((((..((.((........))..))))))))..... -12.60 +[0.0000 -> 0.0004] ID = 12
  38    2               (((....))).((.(((((......))))).))..... -11.80  [0.9179 -> 0.9179] ID = 13
  38    3               .(((..((((.((........))..)).))..)))...  -9.70 -[0.0821 -> 0.0817] ID = 10
  39    1              .((((((..((.((........))..))))))))..... -12.60 +[0.0004 -> 0.0008] ID = 12
  39    2              .(((....))).((.(((((......))))).))..... -11.80  [0.9179 -> 0.9179] ID = 13
  39    3              ..(((..((((.((........))..)).))..)))...  -9.70 -[0.0817 -> 0.0813] ID = 10
  40    1             ..((((((..((.((........))..))))))))..... -12.60 +[0.0008 -> 0.0012] ID = 12
  40    2             ..(((....))).((.(((((......))))).))..... -11.80  [0.9179 -> 0.9179] ID = 13
  40    3             ...(((..((((.((........))..)).))..)))...  -9.70 -[0.0813 -> 0.0809] ID = 10
  41    1            ...((((((..((.((........))..))))))))..... -12.60 +[0.0012 -> 0.0016] ID = 12
  41    2            ...(((....))).((.(((((......))))).))..... -11.80  [0.9179 -> 0.9179] ID = 13
  41    3            ....(((..((((.((........))..)).))..)))...  -9.70 -[0.0809 -> 0.0805] ID = 10
  42    1           ....((((((..((.((........))..))))))))..... -12.60 +[0.0016 -> 0.0020] ID = 12
  42    2           ....(((....))).((.(((((......))))).))..... -11.80  [0.9179 -> 0.9179] ID = 13
  42    3           .....(((..((((.((........))..)).))..)))...  -9.70 -[0.0805 -> 0.0801] ID = 10
  43    1          ((((((((.....((.......)).....))))))))...... -15.00 +[0.0000 -> 0.0008] ID = 14
  43    2          .....(((....))).((.(((((......))))).))..... -11.80 -[0.9189 -> 0.9181] ID = 13
  43    3          ......(((..((((.((........))..)).))..)))...  -9.70  [0.0811 -> 0.0811] ID = 10
  44    1         .((((((((.....((.......)).....))))))))...... -15.00  [0.0008 -> 0.0008] ID = 14
  44    2         (((...(((....))).((.(((((......))))).))))).. -14.30 +[0.0000 -> 0.9025] ID = 16
  44    3         (((((((((.....((.......)).....))))))...))).. -12.80  [0.0000 -> 0.0000] ID = 17
  44    4         ......(((....))).((.(((((......))))).))..... -11.80 -[0.9181 -> 0.0156] ID = 13
  44    5         (((...(((...((((.((........))..)).)))))))).. -10.70 +[0.0000 -> 0.0006] ID = 15
  44    6         .......(((..((((.((........))..)).))..)))...  -9.70 -[0.0811 -> 0.0804] ID = 10
  45    1        ((((((((((.....((.......)).....)))))))).))... -18.60  [0.0000 -> 0.0000] ID = 18
  45    2        .(((...(((....))).((.(((((......))))).))))).. -14.30  [0.9103 -> 0.9103] ID = 16
  45    3        .(((...(((...((((.((........))..)).)))))))).. -10.70 +[0.0006 -> 0.0009] ID = 15
  45    4        ((....))(((..((((.((........))..)).))..)))... -10.30 -[0.0890 -> 0.0888] ID = 19
  45    5        (((((((........((.((........))..))))))).))...  -9.80  [0.0000 -> 0.0000] ID = 20
  46    1       (((((((((((.....((.......)).....)))))))).))).. -21.40 +[0.0000 -> 0.0910] ID = 21
  46    2       ..(((...(((....))).((.(((((......))))).))))).. -14.30 -[0.9108 -> 0.8199] ID = 16
  46    3       ((((((((........((.((........))..))))))).))).. -12.60  [0.0000 -> 0.0000] ID = 23
  46    4       (((...)))(((..((((.((........))..)).))..)))... -11.60 +[0.0000 -> 0.0795] ID = 22
  46    5       .((....))(((..((((.((........))..)).))..)))... -10.30 -[0.0892 -> 0.0096] ID = 19
  47    1      .(((((((((((.....((.......)).....)))))))).))).. -21.40 +[0.0910 -> 0.1733] ID = 21
  47    2      ...(((...(((....))).((.(((((......))))).))))).. -14.30 -[0.8247 -> 0.7424] ID = 16
  47    3      .((((((((........((.((........))..))))))).))).. -12.60  [0.0000 -> 0.0000] ID = 23
  47    4      (((....)))(((..((((.((........))..)).))..)))... -12.40 +[0.0000 -> 0.0481] ID = 24
  47    5      .(((...)))(((..((((.((........))..)).))..)))... -11.60 -[0.0843 -> 0.0362] ID = 22
  48    1     ..(((((((((((.....((.......)).....)))))))).))).. -21.40 +[0.1733 -> 0.2492] ID = 21
  48    2     ....(((...(((....))).((.(((((......))))).))))).. -14.30 -[0.7605 -> 0.6846] ID = 16
  48    3     ..((((((((........((.((........))..))))))).))).. -12.60  [0.0000 -> 0.0000] ID = 23
  48    4     .(((....)))(((..((((.((........))..)).))..)))... -12.40  [0.0662 -> 0.0662] ID = 24
  49    1    ...(((((((((((.....((.......)).....)))))))).))).. -21.40 +[0.2492 -> 0.3121] ID = 21
  49    2    ((((((...))(((....))).((.(((((......))))).)))))). -16.00 +[0.0000 -> 0.1018] ID = 25
  49    3    .....(((...(((....))).((.(((((......))))).))))).. -14.30 -[0.6846 -> 0.5199] ID = 16
  49    4    .(((.....)))(((..((((.((........))..)).))..)))... -12.70 +[0.0000 -> 0.0148] ID = 26
  49    5    ...((((((((........((.((........))..))))))).))).. -12.60  [0.0000 -> 0.0000] ID = 23
  49    6    ..(((....)))(((..((((.((........))..)).))..)))... -12.40 -[0.0662 -> 0.0513] ID = 24
  50    1   ....(((((((((((.....((.......)).....)))))))).))).. -21.40 +[0.3121 -> 0.3600] ID = 21
  50    2   .((((((...))(((....))).((.(((((......))))).)))))). -16.00 +[0.1018 -> 0.1781] ID = 25
  50    3   ......(((...(((....))).((.(((((......))))).))))).. -14.30 -[0.5199 -> 0.3958] ID = 16
  50    4   ..(((.....)))(((..((((.((........))..)).))..)))... -12.70 +[0.0148 -> 0.0243] ID = 26
  50    5   ....((((((((........((.((........))..))))))).))).. -12.60  [0.0000 -> 0.0000] ID = 23
  50    6   ...(((....)))(((..((((.((........))..)).))..)))... -12.40 -[0.0513 -> 0.0418] ID = 24
  51    1  .....(((((((((((.....((.......)).....)))))))).))).. -21.40 +[0.3600 -> 0.3964] ID = 21
  51    2  ..((((((...))(((....))).((.(((((......))))).)))))). -16.00 +[0.1781 -> 0.2353] ID = 25
  51    3  .......(((...(((....))).((.(((((......))))).))))).. -14.30 -[0.3958 -> 0.3022] ID = 16
  51    4  ...(((.....)))(((..((((.((........))..)).))..)))... -12.70 +[0.0243 -> 0.0303] ID = 26
  51    5  .....((((((((........((.((........))..))))))).))).. -12.60  [0.0000 -> 0.0000] ID = 23
  51    6  ....(((....)))(((..((((.((........))..)).))..)))... -12.40 -[0.0418 -> 0.0358] ID = 24
  52    1 ......(((((((((((.....((.......)).....)))))))).))).. -21.40 +[0.3964 -> 0.9877] ID = 21
  52    2 ...((((((...))(((....))).((.(((((......))))).)))))). -16.00 -[0.2353 -> 0.0017] ID = 25
  52    3 ........(((...(((....))).((.(((((......))))).))))).. -14.30 -[0.3022 -> 0.0001] ID = 16
  52    4 ....(((.....)))(((..((((.((........))..)).))..)))... -12.70 -[0.0303 -> 0.0065] ID = 26
  52    5 ......((((((((........((.((........))..))))))).))).. -12.60  [0.0000 -> 0.0000] ID = 23
  52    6 .....(((....)))(((..((((.((........))..)).))..)))... -12.40 -[0.0358 -> 0.0040] ID = 24
# Distribution of structures at the end:
#         UGAACCCCCCCAGGGCCGGAAGGCAGCAAGGGUAAGCGGGCUCUGGCGGGUG
  52    1 ......(((((((((((.....((.......)).....)))))))).))).. -21.40 0.9877 +[t8: 0.9998] ID = 21
  52    2 ...((((((...))(((....))).((.(((((......))))).)))))). -16.00 0.0017 -[t8: 0.0002] ID = 25
  52    3 ........(((...(((....))).((.(((((......))))).))))).. -14.30 0.0001  [t8: 0.0000] ID = 16
  52    4 ....(((.....)))(((..((((.((........))..)).))..)))... -12.70 0.0065 -[t8: 0.0000] ID = 26
  52    5 ......((((((((........((.((........))..))))))).))).. -12.60 0.0000  [t8: 0.0000] ID = 23
  52    6 .....(((....)))(((..((((.((........))..)).))..)))... -12.40 0.0040 -[t8: 0.0000] ID = 24
