# File generated using DrTransformer v0.10
#
# >drtr_srp_Leis.aeth._AY722730
# UGGACCAGCGAGGGUGAUUUGCUGCGUUGACGUGGUGCUCUGCUUGGCUGUGUGUCGG 
#
# Co-transcriptional folding parameters:
# --t-ext: 0.02 sec
# --t-end: 60.0 sec
# --start: 1
# --stop: 58
# --reversed-transcription: False
#
# Algorithm parameters:
# --o-prune: 0.05
# --t-fast: 0.001 sec
# --fpwm: 4
# --mfree: 6 nuc
# --k0: 200000.0
#
# ViennaRNA model details:
# --temp: 37.0 C
# --dangles: 2
# --paramFile: None
# --noTetra: False
# --noGU: False
# --noClosingGU: False
#
#
# Results:
# Transcription Step | Energy-sorted structure count | Structure | Energy | [Occupancy-t0 Occupancy-t8] | Structure ID (-> Plotting ID)
   1    1 .   0.00  [1.0000 -> 1.0000] ID = 0
   2    1 ..   0.00  [1.0000 -> 1.0000] ID = 0
   3    1 ...   0.00  [1.0000 -> 1.0000] ID = 0
   4    1 ....   0.00  [1.0000 -> 1.0000] ID = 0
   5    1 .....   0.00  [1.0000 -> 1.0000] ID = 0
   6    1 ......   0.00  [1.0000 -> 1.0000] ID = 0
   7    1 .......   0.00  [1.0000 -> 1.0000] ID = 0
   8    1 ........   0.00  [1.0000 -> 1.0000] ID = 0
   9    1 .........   0.00  [1.0000 -> 1.0000] ID = 0
  10    1 ..........   0.00  [1.0000 -> 1.0000] ID = 0
  11    1 ...........   0.00  [1.0000 -> 1.0000] ID = 0
  12    1 ............   0.00  [1.0000 -> 1.0000] ID = 0
  13    1 ....((.....))  -0.70  [1.0000 -> 1.0000] ID = 1
  14    1 ....((.....)).  -0.70  [1.0000 -> 1.0000] ID = 1
  15    1 ...(((......)))  -2.20 +[0.0000 -> 0.9194] ID = 2
  15    2 ....((.....))..  -0.70 -[1.0000 -> 0.0806] ID = 1
  16    1 ...(((......))).  -2.20  [0.9194 -> 0.9194] ID = 2
  16    2 ....((.....))...  -0.70  [0.0806 -> 0.0806] ID = 1
  17    1 ...(((......)))..  -2.20  [0.9194 -> 0.9194] ID = 2
  17    2 ....((.....))....  -0.70  [0.0806 -> 0.0806] ID = 1
  18    1 ...(((......)))...  -2.20  [0.9194 -> 0.9194] ID = 2
  18    2 ....((.....)).....  -0.70  [0.0806 -> 0.0806] ID = 1
  19    1 ...(((......)))....  -2.20  [0.9194 -> 0.9194] ID = 2
  19    2 ....((.....))......  -0.70  [0.0806 -> 0.0806] ID = 1
  20    1 ...(((......))).....  -2.20  [0.9194 -> 0.9194] ID = 2
  20    2 ....((.....)).......  -0.70  [0.0806 -> 0.0806] ID = 1
  21    1 ...(((......)))......  -2.20  [0.9194 -> 0.9194] ID = 2
  21    2 ....((.....))........  -0.70  [0.0806 -> 0.0806] ID = 1
  22    1 .......(((((.....)))))  -3.00 +[0.0000 -> 0.2504] ID = 3
  22    2 ...(((......))).......  -2.20 -[0.9194 -> 0.6939] ID = 2
  22    3 ....((.....)).........  -0.70 -[0.0806 -> 0.0557] ID = 1
  23    1 ......((((((.....))))))  -4.40 +[0.2504 -> 0.4431] ID = 4
  23    2 ...(((......)))........  -2.20 -[0.6939 -> 0.5158] ID = 2
  23    3 ....((.....))..........  -0.70 -[0.0557 -> 0.0411] ID = 1
  24    1 .....(((((((.....)))))))  -6.90 +[0.4637 -> 0.5480] ID = 5
  24    2 ...(((......))).........  -2.20 -[0.5363 -> 0.4520] ID = 2
  25    1 .....(((((((.....))))))).  -6.90 +[0.5480 -> 0.6190] ID = 5
  25    2 ...(((......)))..........  -2.20 -[0.4520 -> 0.3810] ID = 2
  26    1 .....(((((((.....)))))))..  -6.90 +[0.6190 -> 0.6789] ID = 5
  26    2 ...(((......)))...........  -2.20 -[0.3810 -> 0.3211] ID = 2
  27    1 ...(((((((((.....))))))).))  -8.10 +[0.6789 -> 0.7293] ID = 6
  27    2 ...(((......)))............  -2.20 -[0.3211 -> 0.2707] ID = 2
  28    1 ..((((((((((.....))))))).)))  -9.50 +[0.7293 -> 0.7719] ID = 7
  28    2 ...(((......))).............  -2.20 -[0.2707 -> 0.2281] ID = 2
  29    1 ..((((((((((.....))))))).))).  -9.50 +[0.7719 -> 0.8078] ID = 7
  29    2 ...(((......)))..............  -2.20 -[0.2281 -> 0.1922] ID = 2
  30    1 ..((((((((((.....))))))).)))..  -9.50 +[0.8078 -> 0.8380] ID = 7
  30    2 ...(((......)))...............  -2.20 -[0.1922 -> 0.1620] ID = 2
  31    1 ..((((((((((.....))))))).)))...  -9.50 +[0.8380 -> 0.8635] ID = 7
  31    2 ...(((......)))................  -2.20 -[0.1620 -> 0.1365] ID = 2
  32    1 ..((((((((((.....))))))).)))....  -9.50 +[0.8635 -> 0.8849] ID = 7
  32    2 ...(((......))).................  -2.20 -[0.1365 -> 0.1151] ID = 2
  33    1 ..((((((((((.....))))))).))).....  -9.50 +[0.8849 -> 0.8911] ID = 7
  33    2 ...(((......)))........(((....)))  -2.90 -[0.1151 -> 0.1089] ID = 8
  34    1 ..((((((((((.....))))))).)))......  -9.50 +[0.8911 -> 0.9082] ID = 7
  34    2 ...(((......)))........(((....))).  -2.90 -[0.1089 -> 0.0918] ID = 8
  35    1 ..((((((((((.....))))))).))).......  -9.50 +[0.9082 -> 0.9084] ID = 7
  35    2 ...(((......)))......(((((....)))))  -5.50 -[0.0918 -> 0.0916] ID = 10
  36    1 ..((((((((((.....))))))).)))........  -9.50 +[0.9084 -> 0.9092] ID = 7
  36    2 ...(((......))).....((((((....))))))  -7.20 -[0.0916 -> 0.0908] ID = 11
  37    1 ..((((((((((.....))))))).))).........  -9.50 +[0.9092 -> 0.9129] ID = 7
  37    2 ...(((......))).....((((((....)))))).  -7.20 -[0.0908 -> 0.0871] ID = 11
  38    1 ..((((((((((.....))))))).)))..........  -9.50 +[0.9129 -> 0.9164] ID = 7
  38    2 ...(((......))).....((((((....))))))..  -7.20 -[0.0871 -> 0.0836] ID = 11
  39    1 ..((((((((((.....))))))).)))...........  -9.50 +[0.9164 -> 0.9197] ID = 7
  39    2 ...(((......))).....((((((....))))))...  -7.20 -[0.0836 -> 0.0803] ID = 11
  40    1 ..((((((((((.....))))))).)))............  -9.50 +[0.9197 -> 0.9228] ID = 7
  40    2 ...(((......))).....((((((....))))))....  -7.20 -[0.0803 -> 0.0772] ID = 11
  41    1 ..((((((((((.....))))))).))).............  -9.50 +[0.9228 -> 0.9250] ID = 7
  41    2 ..........(((((.....((((((....)))))))))))  -8.60 +[0.0000 -> 0.0028] ID = 12
  41    3 ...(((......))).....((((((....)))))).....  -7.20 -[0.0772 -> 0.0722] ID = 11
  42    1 ..((((((((((.....))))))).)))..............  -9.50 +[0.9250 -> 0.9270] ID = 7
  42    2 ..........(((((.....((((((....))))))))))).  -8.60 +[0.0028 -> 0.0054] ID = 12
  42    3 ...(((......))).....((((((....))))))......  -7.20 -[0.0722 -> 0.0676] ID = 11
  43    1 ..((((((((((.....))))))).)))...((((....)))) -11.20 +[0.9297 -> 0.9333] ID = 13
  43    2 .......((.(((((.....((((((....))))))))))))) -10.60 +[0.0000 -> 0.0020] ID = 14
  43    3 ...(((......))).....((((((....)))))).......  -7.20 -[0.0703 -> 0.0647] ID = 11
  44    1 ......(((.(((((.....((((((....)))))))))))))) -11.80 +[0.0000 -> 0.0019] ID = 15
  44    2 ..((((((((((.....))))))).)))...((((....)))). -11.20 +[0.9343 -> 0.9376] ID = 13
  44    3 ...(((......))).....((((((....))))))........  -7.20 -[0.0657 -> 0.0605] ID = 11
  45    1 ......(((.(((((.....((((((....)))))))))))))). -11.80 +[0.0019 -> 0.0036] ID = 15
  45    2 ..((((((((((.....))))))).)))...((((....)))).. -11.20 +[0.9376 -> 0.9407] ID = 13
  45    3 ...(((......))).....((((((....)))))).........  -7.20 -[0.0605 -> 0.0557] ID = 11
  46    1 ......(((.(((((.....((((((....)))))))))))))).. -11.80 +[0.0036 -> 0.0051] ID = 15
  46    2 ..((((((((((.....))))))).)))...((((....))))... -11.20 +[0.9407 -> 0.9435] ID = 13
  46    3 ...(((......))).....((((((....))))))..........  -7.20 -[0.0557 -> 0.0513] ID = 11
  47    1 ....(((((.(((((.....((((((....))))))))))))).))) -14.40 +[0.0000 -> 0.0016] ID = 16
  47    2 ..((((((((((.....))))))).)))...((((....)))).... -11.20 +[0.9461 -> 0.9487] ID = 13
  47    3 ...(((......))).....((((((....))))))...........  -7.20 -[0.0539 -> 0.0496] ID = 11
  48    1 ....(((((.(((((.....((((((....))))))))))))).))). -14.40 +[0.0016 -> 0.0020] ID = 16
  48    2 ..((((((((((.....))))))).)))...((((....))))..... -11.20 +[0.9487 -> 0.9489] ID = 13
  48    3 ...(((......))).....((((((....))))))(((......)))  -8.50 +[0.0000 -> 0.0438] ID = 17
  48    4 ...(((......))).....((((((....))))))............  -7.20 -[0.0496 -> 0.0053] ID = 11
  49    1 .((.(((((.(((((.....((((((....))))))))))))).))))) -15.30 +[0.0000 -> 0.0008] ID = 18
  49    2 ..((((((((((.....))))))).)))...((((....))))...... -11.20 +[0.9536 -> 0.9548] ID = 13
  49    3 ...(((......))).....((((((....))))))(((......))).  -8.50 -[0.0464 -> 0.0444] ID = 17
  50    1 .((.(((((.(((((.....((((((....))))))))))))).))))). -15.30 +[0.0008 -> 0.0015] ID = 18
  50    2 ..((((((((((.....))))))).)))...((((....))))....... -11.20 -[0.9992 -> 0.9985] ID = 13
  51    1 .((.(((((.(((((.....((((((....))))))))))))).))))).. -15.30 +[0.0015 -> 0.0022] ID = 18
  51    2 ..((((((((((.....))))))).)))...((((....))))........ -11.20 -[0.9985 -> 0.9978] ID = 13
  52    1 .((.(((((.(((((.....((((((....))))))))))))).)))))... -15.30 +[0.0022 -> 0.0029] ID = 18
  52    2 ..((((((((((.....))))))).)))...((((....))))......... -11.20 -[0.9978 -> 0.9971] ID = 13
  53    1 ...((((((.(((..((..(((((((....))))))).))..))).)))).)) -16.50  [0.0000 -> 0.0001] ID = 19
  53    2 ..((((((((((.....))))))).)))...((((....)))).......... -11.20  [1.0000 -> 0.9999] ID = 13
  54    1 ...((((((.(((..((..(((((((....))))))).))..))).)))).)). -16.50  [0.0001 -> 0.0002] ID = 19
  54    2 ..((((((((((.....))))))).))).(((((((..........))))))). -11.40 +[0.0000 -> 0.1286] ID = 21
  54    3 ..((((((((((.....))))))).)))...((((....))))........... -11.20 -[0.9999 -> 0.8712] ID = 13
  55    1 ...((((((.(((..((..(((((((....))))))).))..))).)))).)).. -16.50  [0.0002 -> 0.0002] ID = 19
  55    2 ..((((((((((.....))))))).))).(((((((..........))))))).. -11.40 +[0.1286 -> 0.2287] ID = 21
  55    3 ..((((((((((.....))))))).)))...((((....))))............ -11.20 -[0.8712 -> 0.7710] ID = 13
  56    1 ..(((((((.(((..((..(((((((....))))))).))..))).))))...))) -17.10  [0.0000 -> 0.0000] ID = 22
  56    2 ..((((((((((.....))))))).)))((((....(((......)))....)))) -14.70 +[0.0000 -> 0.1701] ID = 24
  56    3 ..((((((((((.....))))))).)))...((((....))))..(((.....))) -13.10 -[0.7711 -> 0.7355] ID = 23
  56    4 ..((((((((((.....))))))).)))((((.(((..........)))...)))) -12.50 +[0.0000 -> 0.0794] ID = 26
  56    5 ..((((((((((.....))))))).))).(((((((..........)))))))... -11.40 -[0.2289 -> 0.0150] ID = 21
  57    1 ..(((((((.(((..((..(((((((....))))))).))..))).))))...))). -17.10  [0.0000 -> 0.0001] ID = 22
  57    2 ..((((((((((.....))))))).)))((((....(((......)))....)))). -14.70 +[0.1701 -> 0.2679] ID = 24
  57    3 ..((((((((((.....))))))).)))...((((....))))..(((.....))). -13.10 -[0.7430 -> 0.6883] ID = 23
  57    4 ..((((((((((.....))))))).)))((((.(((..........)))...)))). -12.50 -[0.0869 -> 0.0437] ID = 26
  58    1 ..(((((((.(((..((..(((((((....))))))).))..))).))))...))).. -17.10 +[0.0001 -> 0.0286] ID = 22
  58    2 ..((((((((((.....))))))).)))((((....(((......)))....)))).. -14.70 +[0.2898 -> 0.8502] ID = 24
  58    3 ..((((((((((.....))))))).)))...((((....)))).((((.....)))). -13.50 -[0.7101 -> 0.1212] ID = 27
# Distribution of structures at the end:
#         UGGACCAGCGAGGGUGAUUUGCUGCGUUGACGUGGUGCUCUGCUUGGCUGUGUGUCGG
  58    1 ..(((((((.(((..((..(((((((....))))))).))..))).))))...))).. -17.10 0.0286 +[t8: 0.9773] ID = 22
  58    2 ..((((((((((.....))))))).)))((((....(((......)))....)))).. -14.70 0.8502 -[t8: 0.0199] ID = 24
  58    3 ..((((((((((.....))))))).)))...((((....)))).((((.....)))). -13.50 0.1212 -[t8: 0.0028] ID = 27
