# File generated using DrTransformer v0.10
#
# >drtr_srp_Sino.medi._CP000738
# GCCAACCCGGUCAGGUCCGGAAGGAAGCAGCCG 
#
# Co-transcriptional folding parameters:
# --t-ext: 0.02 sec
# --t-end: 60.0 sec
# --start: 1
# --stop: 33
# --reversed-transcription: False
#
# Algorithm parameters:
# --o-prune: 0.05
# --t-fast: 0.001 sec
# --fpwm: 4
# --mfree: 6 nuc
# --k0: 200000.0
#
# ViennaRNA model details:
# --temp: 37.0 C
# --dangles: 2
# --paramFile: None
# --noTetra: False
# --noGU: False
# --noClosingGU: False
#
#
# Results:
# Transcription Step | Energy-sorted structure count | Structure | Energy | [Occupancy-t0 Occupancy-t8] | Structure ID (-> Plotting ID)
   1    1 .   0.00  [1.0000 -> 1.0000] ID = 0
   2    1 ..   0.00  [1.0000 -> 1.0000] ID = 0
   3    1 ...   0.00  [1.0000 -> 1.0000] ID = 0
   4    1 ....   0.00  [1.0000 -> 1.0000] ID = 0
   5    1 .....   0.00  [1.0000 -> 1.0000] ID = 0
   6    1 ......   0.00  [1.0000 -> 1.0000] ID = 0
   7    1 .......   0.00  [1.0000 -> 1.0000] ID = 0
   8    1 ........   0.00  [1.0000 -> 1.0000] ID = 0
   9    1 .........   0.00  [1.0000 -> 1.0000] ID = 0
  10    1 .((.....))  -0.20  [1.0000 -> 1.0000] ID = 1
  11    1 (((.....)))  -1.20  [1.0000 -> 1.0000] ID = 2
  12    1 (((.....))).  -1.20  [1.0000 -> 1.0000] ID = 2
  13    1 (((.....)))..  -1.20  [1.0000 -> 1.0000] ID = 2
  14    1 (((.....)))...  -1.20  [1.0000 -> 1.0000] ID = 2
  15    1 (((.....)))....  -1.20  [1.0000 -> 1.0000] ID = 2
  16    1 ....(((......)))  -1.30 +[0.0000 -> 0.5404] ID = 3
  16    2 (((.....))).....  -1.20 -[1.0000 -> 0.4596] ID = 2
  17    1 ....(((......))).  -1.30  [0.5404 -> 0.5405] ID = 3
  17    2 (((.....)))......  -1.20  [0.4596 -> 0.4595] ID = 2
  18    1 ....(((......)))..  -1.30  [0.5405 -> 0.5405] ID = 3
  18    2 (((.....))).......  -1.20  [0.4595 -> 0.4595] ID = 2
  19    1 .......(((......)))  -3.40 +[0.0000 -> 0.9394] ID = 4
  19    2 ....(((......)))...  -1.30 -[0.5405 -> 0.0329] ID = 3
  19    3 (((.....)))........  -1.20 -[0.4595 -> 0.0276] ID = 2
  20    1 ......((((......))))  -6.70 +[0.9532 -> 0.9697] ID = 5
  20    2 .((.(((......)))..))  -2.70 -[0.0468 -> 0.0303] ID = 6
  21    1 ......((((......)))).  -6.70  [1.0000 -> 1.0000] ID = 5
  22    1 ......((((......))))..  -6.70  [1.0000 -> 1.0000] ID = 5
  23    1 ......((((......))))...  -6.70  [1.0000 -> 1.0000] ID = 5
  24    1 .((...((((......))))..))  -7.20  [1.0000 -> 1.0000] ID = 7
  25    1 .((...((((......))))..)).  -7.20  [1.0000 -> 1.0000] ID = 7
  26    1 .((...((((......))))..))..  -7.20  [1.0000 -> 1.0000] ID = 7
  27    1 .((...((((......))))..))...  -7.20  [1.0000 -> 1.0000] ID = 7
  28    1 .((...((((......))))..))....  -7.20  [1.0000 -> 1.0000] ID = 7
  29    1 .((...((((......))))..)).....  -7.20  [1.0000 -> 1.0000] ID = 7
  30    1 .((...((((......))))..))......  -7.20  [1.0000 -> 1.0000] ID = 7
  31    1 .((...((((......))))..)).......  -7.20  [1.0000 -> 1.0000] ID = 7
  32    1 ......((((......))))..((......))  -7.30  [1.0000 -> 1.0000] ID = 8
  33    1 .......((((....(((....)))....))))  -8.00 +[0.0000 -> 0.6514] ID = 9
  33    2 ......((((......))))..((......)).  -7.30 -[1.0000 -> 0.3486] ID = 8
# Distribution of structures at the end:
#         GCCAACCCGGUCAGGUCCGGAAGGAAGCAGCCG
  33    1 .......((((....(((....)))....))))  -8.00 0.6514 +[t8: 0.7569] ID = 9
  33    2 ......((((......))))..((......)).  -7.30 0.3486 -[t8: 0.2431] ID = 8
