# File generated using DrTransformer v0.10
#
# >drtr_srp_Leis.aeth._AY722730_rev
# UGGACCAGCGAGGGUGAUUUGCUGCGUUGACGUGGUGCUCUGCUUGGCUGUGUGUCGG 
#
# Co-transcriptional folding parameters:
# --t-ext: 0.02 sec
# --t-end: 60.0 sec
# --start: 1
# --stop: 58
# --reversed-transcription: True
#
# Algorithm parameters:
# --o-prune: 0.05
# --t-fast: 0.001 sec
# --fpwm: 4
# --mfree: 6 nuc
# --k0: 200000.0
#
# ViennaRNA model details:
# --temp: 37.0 C
# --dangles: 2
# --paramFile: None
# --noTetra: False
# --noGU: False
# --noClosingGU: False
#
#
# Results:
# Transcription Step | Energy-sorted structure count | Structure | Energy | [Occupancy-t0 Occupancy-t8] | Structure ID (-> Plotting ID)
   1    1                                                          .   0.00  [1.0000 -> 1.0000] ID = 0
   2    1                                                         ..   0.00  [1.0000 -> 1.0000] ID = 0
   3    1                                                        ...   0.00  [1.0000 -> 1.0000] ID = 0
   4    1                                                       ....   0.00  [1.0000 -> 1.0000] ID = 0
   5    1                                                      .....   0.00  [1.0000 -> 1.0000] ID = 0
   6    1                                                     ......   0.00  [1.0000 -> 1.0000] ID = 0
   7    1                                                    .......   0.00  [1.0000 -> 1.0000] ID = 0
   8    1                                                   ........   0.00  [1.0000 -> 1.0000] ID = 0
   9    1                                                  .........   0.00  [1.0000 -> 1.0000] ID = 0
  10    1                                                 ..........   0.00  [1.0000 -> 1.0000] ID = 0
  11    1                                                ...........   0.00  [1.0000 -> 1.0000] ID = 0
  12    1                                               ............   0.00  [1.0000 -> 1.0000] ID = 0
  13    1                                              (((.....)))..  -1.90  [1.0000 -> 1.0000] ID = 1
  14    1                                             ((((.....)))).  -2.30  [1.0000 -> 1.0000] ID = 2
  15    1                                            .((((.....)))).  -2.30  [1.0000 -> 1.0000] ID = 2
  16    1                                           ..((((.....)))).  -2.30  [1.0000 -> 1.0000] ID = 2
  17    1                                          ...((((.....)))).  -2.30  [1.0000 -> 1.0000] ID = 2
  18    1                                         ....((((.....)))).  -2.30  [1.0000 -> 1.0000] ID = 2
  19    1                                        .....((((.....)))).  -2.30  [1.0000 -> 1.0000] ID = 2
  20    1                                       ......((((.....)))).  -2.30  [1.0000 -> 1.0000] ID = 2
  21    1                                      .......((((.....)))).  -2.30  [1.0000 -> 1.0000] ID = 2
  22    1                                     ........((((.....)))).  -2.30  [1.0000 -> 1.0000] ID = 2
  23    1                                    .........((((.....)))).  -2.30  [1.0000 -> 1.0000] ID = 2
  24    1                                   ..........((((.....)))).  -2.30  [1.0000 -> 1.0000] ID = 2
  25    1                                  ...........((((.....)))).  -2.30  [1.0000 -> 1.0000] ID = 2
  26    1                                 ............((((.....)))).  -2.30  [1.0000 -> 1.0000] ID = 2
  27    1                                ((((....)))).((((.....)))).  -4.00  [1.0000 -> 1.0000] ID = 3
  28    1                               .((((....)))).((((.....)))).  -4.00  [1.0000 -> 1.0000] ID = 3
  29    1                              ..((((....)))).((((.....)))).  -4.00  [1.0000 -> 1.0000] ID = 3
  30    1                             ((((....(((......)))....))))..  -5.20 +[0.0000 -> 0.0241] ID = 4
  30    2                             ...((((....)))).((((.....)))).  -4.00 -[1.0000 -> 0.9759] ID = 3
  31    1                            (((((....(((......)))....))))).  -5.60 +[0.0241 -> 0.0475] ID = 5
  31    2                            ....((((....)))).((((.....)))).  -4.00 -[0.9759 -> 0.9525] ID = 3
  32    1                           .(((((....(((......)))....))))).  -5.60 +[0.0475 -> 0.0704] ID = 5
  32    2                           .....((((....)))).((((.....)))).  -4.00 -[0.9525 -> 0.9296] ID = 3
  33    1                          ..(((((....(((......)))....))))).  -5.60 +[0.0704 -> 0.0927] ID = 5
  33    2                          ......((((....)))).((((.....)))).  -4.00 -[0.9296 -> 0.9073] ID = 3
  34    1                         ...(((((....(((......)))....))))).  -5.60 +[0.0927 -> 0.1142] ID = 5
  34    2                         .......((((....)))).((((.....)))).  -4.00 -[0.9073 -> 0.5211] ID = 3
  34    3                         .(((((.((((....)))))))))..........  -4.00 +[0.0000 -> 0.3647] ID = 6
  35    1                        ....(((((....(((......)))....))))).  -5.60 +[0.1142 -> 0.1351] ID = 5
  35    2                        ........((((....)))).((((.....)))).  -4.00 -[0.5211 -> 0.4459] ID = 3
  35    3                        ..(((((.((((....)))))))))..........  -4.00 +[0.3647 -> 0.4190] ID = 6
  36    1                       .....(((((....(((......)))....))))).  -5.60 +[0.1351 -> 0.1554] ID = 5
  36    2                       .........((((....)))).((((.....)))).  -4.00 -[0.4459 -> 0.4246] ID = 3
  36    3                       ...(((((.((((....)))))))))..........  -4.00 +[0.4190 -> 0.4200] ID = 6
  37    1                      ......(((((....(((......)))....))))).  -5.60 +[0.1554 -> 0.1725] ID = 5
  37    2                      (((((....))))).........((((.....)))).  -5.60 +[0.0000 -> 0.3999] ID = 7
  37    3                      ..........((((....)))).((((.....)))).  -4.00 -[0.4246 -> 0.1363] ID = 3
  37    4                      ....(((((.((((....)))))))))..........  -4.00 -[0.4200 -> 0.2912] ID = 6
  38    1                     ((((((....))))))........((((.....)))).  -7.30 +[0.3999 -> 0.5101] ID = 8
  38    2                     ((((((....))))))(((......)))..........  -6.30 +[0.0000 -> 0.0828] ID = 9
  38    3                     .......(((((....(((......)))....))))).  -5.60 -[0.1725 -> 0.1680] ID = 5
  38    4                     ...........((((....)))).((((.....)))).  -4.00 -[0.1363 -> 0.0677] ID = 3
  38    5                     .....(((((.((((....)))))))))..........  -4.00 -[0.2912 -> 0.1715] ID = 6
  39    1                    .((((((....))))))........((((.....)))).  -7.30 +[0.5101 -> 0.5789] ID = 8
  39    2                    .((((((....))))))(((......)))..........  -6.30 +[0.0828 -> 0.1085] ID = 9
  39    3                    ........(((((....(((......)))....))))).  -5.60 -[0.1680 -> 0.1607] ID = 5
  39    4                    .((((((((((.((((....))))))))).))).))...  -4.20 -[0.1715 -> 0.1184] ID = 10
  39    5                    ............((((....)))).((((.....)))).  -4.00 -[0.0677 -> 0.0334] ID = 3
  40    1                   ..((((((....))))))........((((.....)))).  -7.30 +[0.5901 -> 0.5935] ID = 8
  40    2                   ..((((((....))))))(((......)))..........  -6.30 +[0.1085 -> 0.1196] ID = 9
  40    3                   .........(((((....(((......)))....))))).  -5.60 -[0.1718 -> 0.1634] ID = 5
  40    4                   ..((((((((((.((((....))))))))).))).))...  -4.20 -[0.1296 -> 0.1235] ID = 10
  41    1                  ...((((((....))))))........((((.....)))).  -7.30 +[0.5935 -> 0.6042] ID = 8
  41    2                  ...((((((....))))))(((......)))..........  -6.30 +[0.1196 -> 0.1225] ID = 9
  41    3                  ..........(((((....(((......)))....))))).  -5.60 -[0.1634 -> 0.1556] ID = 5
  41    4                  ...((((((((((.((((....))))))))).))).))...  -4.20 -[0.1235 -> 0.1177] ID = 10
  42    1                 ....((((((....))))))........((((.....)))).  -7.30 +[0.6042 -> 0.6149] ID = 8
  42    2                 ....((((((....))))))(((......)))..........  -6.30 +[0.1225 -> 0.1245] ID = 9
  42    3                 ...........(((((....(((......)))....))))).  -5.60 -[0.1556 -> 0.1484] ID = 5
  42    4                 ....((((((((((.((((....))))))))).))).))...  -4.20 -[0.1177 -> 0.1122] ID = 10
  43    1                .....((((((....))))))........((((.....)))).  -7.30 +[0.6149 -> 0.6231] ID = 8
  43    2                .....((((((....))))))(((......)))..........  -6.30  [0.1245 -> 0.1246] ID = 9
  43    3                (((.(((...(((((.((((....))))))))).))).)))..  -6.20 +[0.1122 -> 0.1124] ID = 11
  43    4                ............(((((....(((......)))....))))).  -5.60 -[0.1484 -> 0.1399] ID = 5
  44    1               ......((((((....))))))........((((.....)))).  -7.30 +[0.6231 -> 0.6297] ID = 8
  44    2               ((((.(((...(((((.((((....))))))))).))).)))).  -6.40 +[0.1124 -> 0.1126] ID = 12
  44    3               ......((((((....))))))(((......)))..........  -6.30 +[0.1246 -> 0.1256] ID = 9
  44    4               .............(((((....(((......)))....))))).  -5.60 -[0.1399 -> 0.1321] ID = 5
  45    1              .......((((((....))))))........((((.....)))).  -7.30 +[0.6297 -> 0.6356] ID = 8
  45    2              .((((.(((...(((((.((((....))))))))).))).)))).  -6.40 +[0.1126 -> 0.1128] ID = 12
  45    3              .......((((((....))))))(((......)))..........  -6.30 +[0.1256 -> 0.1266] ID = 9
  45    4              ..............(((((....(((......)))....))))).  -5.60 -[0.1321 -> 0.1249] ID = 5
  46    1             ........((((((....))))))........((((.....)))).  -7.30 +[0.6356 -> 0.6410] ID = 8
  46    2             ..((((.(((...(((((.((((....))))))))).))).)))).  -6.40 +[0.1128 -> 0.1130] ID = 12
  46    3             ........((((((....))))))(((......)))..........  -6.30 +[0.1266 -> 0.1276] ID = 9
  46    4             ...............(((((....(((......)))....))))).  -5.60 -[0.1249 -> 0.1183] ID = 5
  47    1            ((((.....((((((....))))))))))....((((.....)))).  -9.10 +[0.0000 -> 0.4177] ID = 13
  47    2            .........((((((....))))))........((((.....)))).  -7.30 -[0.6410 -> 0.2753] ID = 8
  47    3            ...((((.(((...(((((.((((....))))))))).))).)))).  -6.40 +[0.1130 -> 0.1132] ID = 12
  47    4            .........((((((....))))))(((......)))..........  -6.30 -[0.1276 -> 0.0823] ID = 9
  47    5            ................(((((....(((......)))....))))).  -5.60 -[0.1183 -> 0.1115] ID = 5
  48    1           (((((.....((((((....)))))))))))...((((.....)))). -10.90 +[0.4177 -> 0.6116] ID = 14
  48    2           ..........((((((....))))))........((((.....)))).  -7.30 -[0.2753 -> 0.1290] ID = 8
  48    3           ....((((.(((...(((((.((((....))))))))).))).)))).  -6.40  [0.1132 -> 0.1133] ID = 12
  48    4           ..........((((((....))))))(((......)))..........  -6.30 -[0.0823 -> 0.0421] ID = 9
  48    5           .................(((((....(((......)))....))))).  -5.60 -[0.1115 -> 0.1040] ID = 5
  49    1          .(((((.....((((((....)))))))))))...((((.....)))). -10.90 +[0.6116 -> 0.7039] ID = 14
  49    2          ...........((((((....))))))........((((.....)))).  -7.30 -[0.1290 -> 0.0645] ID = 8
  49    3          .....((((.(((...(((((.((((....))))))))).))).)))).  -6.40  [0.1133 -> 0.1134] ID = 12
  49    4          ...........((((((....))))))(((......)))..........  -6.30 -[0.0421 -> 0.0217] ID = 9
  49    5          ..................(((((....(((......)))....))))).  -5.60 -[0.1040 -> 0.0966] ID = 5
  50    1         ..(((((.....((((((....)))))))))))...((((.....)))). -10.90 +[0.7039 -> 0.7492] ID = 14
  50    2         ............((((((....))))))........((((.....)))).  -7.30 -[0.0717 -> 0.0287] ID = 8
  50    3         ((.((........)).)).(((((....(((......)))....))))).  -6.90 -[0.1038 -> 0.1034] ID = 15
  50    4         ......((((.(((...(((((.((((....))))))))).))).)))).  -6.40 -[0.1206 -> 0.1186] ID = 12
  51    1        ((.(((((.....((((((....))))))))))))).((((.....)))). -12.90 +[0.7492 -> 0.7703] ID = 16
  51    2        (((.((........)).)))(((((....(((......)))....))))).  -8.50 +[0.1034 -> 0.1039] ID = 17
  51    3        .............((((((....))))))........((((.....)))).  -7.30 -[0.0287 -> 0.0116] ID = 8
  51    4        .......((((.(((...(((((.((((....))))))))).))).)))).  -6.40 -[0.1186 -> 0.1141] ID = 12
  52    1       (((.(((((.....((((((....))))))))))))))((((.....)))). -14.10 +[0.7742 -> 0.7763] ID = 19
  52    2       ((((.((........)).))))((((....(((......)))....))))..  -8.80 +[0.1078 -> 0.1138] ID = 20
  52    3       ........((((.(((...(((((.((((....))))))))).))).)))).  -6.40 -[0.1180 -> 0.1099] ID = 12
  53    1      ((((.(((..((..(((((((....))))))).))..))).))))........ -15.10 +[0.0000 -> 0.0008] ID = 21
  53    2      .(((.(((((.....((((((....))))))))))))))((((.....)))). -14.10 -[0.7763 -> 0.7758] ID = 19
  53    3      .((((.((........)).))))((((....(((......)))....))))..  -8.80 +[0.1138 -> 0.1194] ID = 20
  53    4      .........((((.(((...(((((.((((....))))))))).))).)))).  -6.40 -[0.1099 -> 0.1040] ID = 12
  54    1     .((((.(((..((..(((((((....))))))).))..))).))))........ -15.10 +[0.0008 -> 0.0014] ID = 21
  54    2     ..(((.(((((.....((((((....))))))))))))))((((.....)))). -14.10 -[0.7758 -> 0.7753] ID = 19
  54    3     ..((((.((........)).))))((((....(((......)))....))))..  -8.80 +[0.1194 -> 0.1209] ID = 20
  54    4     ((.....)).((((.(((...(((((.((((....))))))))).))).)))).  -7.10 -[0.1040 -> 0.1023] ID = 23
  55    1    ((((((.(((..((..(((((((....))))))).))..))).)))).))..... -16.50 +[0.0000 -> 0.0051] ID = 24
  55    2    .(((((.(((((.....((((((....)))))))))))))).))........... -14.40 +[0.0000 -> 0.4449] ID = 26
  55    3    ...(((.(((((.....((((((....))))))))))))))((((.....)))). -14.10 -[0.7758 -> 0.3261] ID = 19
  55    4    ...((((.((........)).))))((((....(((......)))....))))..  -8.80  [0.1214 -> 0.1214] ID = 20
  55    5    (((......)))(((.(((...(((((.((((....))))))))).))).)))..  -8.40 +[0.0000 -> 0.0914] ID = 27
  55    6    .((.....)).((((.(((...(((((.((((....))))))))).))).)))).  -7.10 -[0.1028 -> 0.0111] ID = 23
  56    1   (((((((.(((..((..(((((((....))))))).))..))).))))...))).. -17.10 +[0.0000 -> 0.0123] ID = 29
  56    2   ..(((((.(((((.....((((((....)))))))))))))).))........... -14.40 +[0.4503 -> 0.4729] ID = 26
  56    3   ....(((.(((((.....((((((....))))))))))))))((((.....)))). -14.10 -[0.3278 -> 0.2933] ID = 19
  56    4   ....((((.((........)).))))((((....(((......)))....))))..  -8.80 -[0.1268 -> 0.1267] ID = 20
  56    5   .(((......)))(((.(((...(((((.((((....))))))))).))).)))..  -8.40 -[0.0951 -> 0.0949] ID = 27
  57    1  .(((((((.(((..((..(((((((....))))))).))..))).))))...))).. -17.10 +[0.0123 -> 0.0179] ID = 29
  57    2  ((.(((((.(((((.....((((((....)))))))))))))).))))......... -15.30 +[0.4729 -> 0.6373] ID = 32
  57    3  .....(((.(((((.....((((((....))))))))))))))((((.....)))). -14.10 -[0.2933 -> 0.1236] ID = 19
  57    4  .....((((.((........)).))))((((....(((......)))....))))..  -8.80 -[0.1267 -> 0.1265] ID = 20
  57    5  ..(((......)))(((.(((...(((((.((((....))))))))).))).)))..  -8.40 -[0.0949 -> 0.0947] ID = 27
  58    1 ..(((((((.(((..((..(((((((....))))))).))..))).))))...))).. -17.10 +[0.0179 -> 0.9419] ID = 29
  58    2 .((.(((((.(((((.....((((((....)))))))))))))).))))......... -15.30 -[0.6373 -> 0.0508] ID = 32
  58    3 ......(((.(((((.....((((((....))))))))))))))((((.....)))). -14.10 -[0.1236 -> 0.0072] ID = 19
  58    4 ......((((.((........)).))))((((....(((......)))....))))..  -8.80 -[0.1265 -> 0.0000] ID = 20
  58    5 ...(((......)))(((.(((...(((((.((((....))))))))).))).)))..  -8.40 -[0.0947 -> 0.0000] ID = 27
# Distribution of structures at the end:
#         UGGACCAGCGAGGGUGAUUUGCUGCGUUGACGUGGUGCUCUGCUUGGCUGUGUGUCGG
  58    1 ..(((((((.(((..((..(((((((....))))))).))..))).))))...))).. -17.10 0.9419  [t8: 0.9420] ID = 29
  58    2 .((.(((((.(((((.....((((((....)))))))))))))).))))......... -15.30 0.0508  [t8: 0.0508] ID = 32
  58    3 ......(((.(((((.....((((((....))))))))))))))((((.....)))). -14.10 0.0072  [t8: 0.0072] ID = 19
  58    4 ......((((.((........)).))))((((....(((......)))....))))..  -8.80 0.0000  [t8: 0.0000] ID = 20
  58    5 ...(((......)))(((.(((...(((((.((((....))))))))).))).)))..  -8.40 0.0000  [t8: 0.0000] ID = 27
