# File generated using DrTransformer v0.10
#
# >drtr_srp_Meth.vann._CP000742
# CGAACCCCGUCAGGCCCGGAAGGGAGCAGCGGUAGG 
#
# Co-transcriptional folding parameters:
# --t-ext: 0.02 sec
# --t-end: 60.0 sec
# --start: 1
# --stop: 36
# --reversed-transcription: False
#
# Algorithm parameters:
# --o-prune: 0.05
# --t-fast: 0.001 sec
# --fpwm: 4
# --mfree: 6 nuc
# --k0: 200000.0
#
# ViennaRNA model details:
# --temp: 37.0 C
# --dangles: 2
# --paramFile: None
# --noTetra: False
# --noGU: False
# --noClosingGU: False
#
#
# Results:
# Transcription Step | Energy-sorted structure count | Structure | Energy | [Occupancy-t0 Occupancy-t8] | Structure ID (-> Plotting ID)
   1    1 .   0.00  [1.0000 -> 1.0000] ID = 0
   2    1 ..   0.00  [1.0000 -> 1.0000] ID = 0
   3    1 ...   0.00  [1.0000 -> 1.0000] ID = 0
   4    1 ....   0.00  [1.0000 -> 1.0000] ID = 0
   5    1 .....   0.00  [1.0000 -> 1.0000] ID = 0
   6    1 ......   0.00  [1.0000 -> 1.0000] ID = 0
   7    1 .......   0.00  [1.0000 -> 1.0000] ID = 0
   8    1 ........   0.00  [1.0000 -> 1.0000] ID = 0
   9    1 .........   0.00  [1.0000 -> 1.0000] ID = 0
  10    1 ..........   0.00  [1.0000 -> 1.0000] ID = 0
  11    1 ...........   0.00  [1.0000 -> 1.0000] ID = 0
  12    1 ............   0.00  [1.0000 -> 1.0000] ID = 0
  13    1 .............   0.00  [1.0000 -> 1.0000] ID = 0
  14    1 ......((....))  -0.70  [1.0000 -> 1.0000] ID = 1
  15    1 ......((....)).  -0.70  [1.0000 -> 1.0000] ID = 1
  16    1 ......((....))..  -0.70  [1.0000 -> 1.0000] ID = 1
  17    1 ......((....))...  -0.70  [1.0000 -> 1.0000] ID = 1
  18    1 ((..((......))..))  -1.70 +[0.0000 -> 0.8351] ID = 2
  18    2 ......((....))....  -0.70 -[1.0000 -> 0.1649] ID = 1
  19    1 ......(((.......)))  -2.20 +[0.0000 -> 0.5933] ID = 3
  19    2 ((..((......))..)).  -1.70 -[0.8351 -> 0.3429] ID = 2
  19    3 ......((....)).....  -0.70 -[0.1649 -> 0.0638] ID = 1
  20    1 ......(((.......))).  -2.20 +[0.5933 -> 0.6063] ID = 3
  20    2 ((..((......))..))..  -1.70 -[0.3429 -> 0.2728] ID = 2
  20    3 ....((((....))...)).  -1.20 +[0.0638 -> 0.1209] ID = 4
  21    1 ......(((.......)))..  -2.20 +[0.6063 -> 0.6088] ID = 3
  21    2 ((..((......))..))...  -1.70 -[0.2728 -> 0.2709] ID = 2
  21    3 ....((((....))...))..  -1.20 -[0.1209 -> 0.1203] ID = 4
  22    1 ......(((.......)))...  -2.20 +[0.6088 -> 0.6091] ID = 3
  22    2 ((..((......))..))....  -1.70 -[0.2709 -> 0.2707] ID = 2
  22    3 ....((((....))...))...  -1.20  [0.1203 -> 0.1202] ID = 4
  23    1 ....(((((.......)))..))  -2.80 +[0.6091 -> 0.7693] ID = 5
  23    2 ((..((......))..)).....  -1.70 -[0.2707 -> 0.1613] ID = 2
  23    3 ....((((....))...))....  -1.20 -[0.1202 -> 0.0694] ID = 4
  24    1 ......((....))(((....)))  -5.30 +[0.0694 -> 0.3499] ID = 6
  24    2 ....(((((.......)))..)).  -2.80 -[0.7693 -> 0.6491] ID = 5
  24    3 ((..((......))..))......  -1.70 -[0.1613 -> 0.0010] ID = 2
  25    1 ......((....))(((....))).  -5.30 +[0.3509 -> 0.4519] ID = 6
  25    2 ....(((((.......)))..))..  -2.80 -[0.6491 -> 0.5481] ID = 5
  26    1 ......((....))(((....)))..  -5.30 +[0.4519 -> 0.5367] ID = 6
  26    2 ....(((((.......)))..))...  -2.80 -[0.5481 -> 0.4633] ID = 5
  27    1 ......((....))(((....)))...  -5.30 +[0.5367 -> 0.6080] ID = 6
  27    2 ....(((((.......)))..))....  -2.80 -[0.4633 -> 0.3920] ID = 5
  28    1 ......((....))(((....)))....  -5.30 +[0.6080 -> 0.6679] ID = 6
  28    2 ....(((((.......)))..)).....  -2.80 -[0.3920 -> 0.3321] ID = 5
  29    1 ......((....))(((....))).....  -5.30 +[0.6679 -> 0.7182] ID = 6
  29    2 ....(((((.......)))..))......  -2.80 -[0.3321 -> 0.2818] ID = 5
  30    1 ......((....))(((....)))......  -5.30 +[0.7182 -> 0.7605] ID = 6
  30    2 ....(((((.......)))..)).......  -2.80 -[0.2818 -> 0.2395] ID = 5
  31    1 .......(((....(((....)))....)))  -7.50 +[0.7605 -> 0.7981] ID = 9
  31    2 ....(((((.......)))..))........  -2.80 -[0.2395 -> 0.2019] ID = 5
  32    1 ......((((....(((....)))....)))) -10.30 +[0.7981 -> 0.8299] ID = 10
  32    2 ....(((((.......)))..)).........  -2.80 -[0.2019 -> 0.1701] ID = 5
  33    1 ......((((....(((....)))....)))). -10.30 +[0.8299 -> 0.8566] ID = 10
  33    2 ....(((((.......)))..))..........  -2.80 -[0.1701 -> 0.1434] ID = 5
  34    1 ......((((....(((....)))....)))).. -10.30 +[0.8566 -> 0.8792] ID = 10
  34    2 ....(((((.......)))..))...........  -2.80 -[0.1434 -> 0.1208] ID = 5
  35    1 ......((((....(((....)))....))))... -10.30 +[0.8792 -> 0.8982] ID = 10
  35    2 ....(((((.......)))..))............  -2.80 -[0.1208 -> 0.1018] ID = 5
  36    1 ......((((....(((....)))....)))).... -10.30 +[0.8982 -> 1.0000] ID = 10
  36    2 ....(((((.......)))..)).............  -2.80 -[0.1018 -> 0.0000] ID = 5
# Distribution of structures at the end:
#         CGAACCCCGUCAGGCCCGGAAGGGAGCAGCGGUAGG
  36    1 ......((((....(((....)))....)))).... -10.30 1.0000  [t8: 1.0000] ID = 10
  36    2 ....(((((.......)))..)).............  -2.80 0.0000  [t8: 0.0000] ID = 5
