# File generated using DrTransformer v0.10
#
# >drtr_srp_Lact.lact._CP000425_rev
# CGAAGCGUGUCAGGACCUGACGGUAGCAGCACUAAG 
#
# Co-transcriptional folding parameters:
# --t-ext: 0.02 sec
# --t-end: 60.0 sec
# --start: 1
# --stop: 36
# --reversed-transcription: True
#
# Algorithm parameters:
# --o-prune: 0.05
# --t-fast: 0.001 sec
# --fpwm: 4
# --mfree: 6 nuc
# --k0: 200000.0
#
# ViennaRNA model details:
# --temp: 37.0 C
# --dangles: 2
# --paramFile: None
# --noTetra: False
# --noGU: False
# --noClosingGU: False
#
#
# Results:
# Transcription Step | Energy-sorted structure count | Structure | Energy | [Occupancy-t0 Occupancy-t8] | Structure ID (-> Plotting ID)
   1    1                                    .   0.00  [1.0000 -> 1.0000] ID = 0
   2    1                                   ..   0.00  [1.0000 -> 1.0000] ID = 0
   3    1                                  ...   0.00  [1.0000 -> 1.0000] ID = 0
   4    1                                 ....   0.00  [1.0000 -> 1.0000] ID = 0
   5    1                                .....   0.00  [1.0000 -> 1.0000] ID = 0
   6    1                               ......   0.00  [1.0000 -> 1.0000] ID = 0
   7    1                              .......   0.00  [1.0000 -> 1.0000] ID = 0
   8    1                             ........   0.00  [1.0000 -> 1.0000] ID = 0
   9    1                            .........   0.00  [1.0000 -> 1.0000] ID = 0
  10    1                           ..........   0.00  [1.0000 -> 1.0000] ID = 0
  11    1                          ...........   0.00  [1.0000 -> 1.0000] ID = 0
  12    1                         ............   0.00  [1.0000 -> 1.0000] ID = 0
  13    1                        .............   0.00  [1.0000 -> 1.0000] ID = 0
  14    1                       ..............   0.00  [1.0000 -> 1.0000] ID = 0
  15    1                      ...............   0.00  [1.0000 -> 1.0000] ID = 0
  16    1                     ................   0.00  [1.0000 -> 1.0000] ID = 0
  17    1                    .................   0.00  [1.0000 -> 1.0000] ID = 0
  18    1                   ..................   0.00  [1.0000 -> 1.0000] ID = 0
  19    1                  ...................   0.00  [1.0000 -> 1.0000] ID = 0
  20    1                 ....................   0.00  [1.0000 -> 1.0000] ID = 0
  21    1                .(((.......))).......  -0.20  [1.0000 -> 1.0000] ID = 1
  22    1               (((....)))............  -1.90 +[0.0000 -> 0.9404] ID = 2
  22    2               ..(((.......))).......  -0.20 -[1.0000 -> 0.0596] ID = 1
  23    1              .(((....)))............  -1.90  [0.9404 -> 0.9404] ID = 2
  23    2              ...(((.......))).......  -0.20  [0.0596 -> 0.0596] ID = 1
  24    1             ..(((....)))............  -1.90 -[0.9404 -> 0.8354] ID = 2
  24    2             ((..(((.......)))..))...  -0.90 +[0.0596 -> 0.1646] ID = 3
  25    1            ...(((....)))............  -1.90 -[0.8354 -> 0.8351] ID = 2
  25    2            .((..(((.......)))..))...  -0.90 +[0.1646 -> 0.1649] ID = 3
  26    1           ....(((....)))............  -1.90  [0.8351 -> 0.8351] ID = 2
  26    2           ..((..(((.......)))..))...  -0.90  [0.1649 -> 0.1649] ID = 3
  27    1          .....(((....)))............  -1.90  [0.8351 -> 0.8351] ID = 2
  27    2          ...((..(((.......)))..))...  -0.90  [0.1649 -> 0.1649] ID = 3
  28    1         (((((...)))))...............  -4.90 +[0.0000 -> 0.5852] ID = 4
  28    2         ((....(((....)))....))......  -2.40 -[0.8351 -> 0.3955] ID = 5
  28    3         ....((..(((.......)))..))...  -0.90 -[0.1649 -> 0.0193] ID = 3
  29    1        ((((((...))))))..............  -5.10 +[0.5948 -> 0.6642] ID = 6
  29    2        (((....(((....)))....))).....  -3.10 -[0.4052 -> 0.3358] ID = 7
  30    1       ((((....(((....)))....))))....  -6.60 +[0.3358 -> 0.3408] ID = 8
  30    2       .((((((...))))))..............  -5.10 -[0.6642 -> 0.6592] ID = 6
  31    1      .((((....(((....)))....))))....  -6.60 +[0.3408 -> 0.3586] ID = 8
  31    2      ..((((((...))))))..............  -5.10 -[0.6592 -> 0.6414] ID = 6
  32    1     ((.((((((...))))))...)).........  -6.70 -[0.6414 -> 0.6410] ID = 9
  32    2     ..((((....(((....)))....))))....  -6.60 +[0.3586 -> 0.3590] ID = 8
  33    1    .((.((((((...))))))...)).........  -6.70 -[0.6410 -> 0.6405] ID = 9
  33    2    ...((((....(((....)))....))))....  -6.60 +[0.3590 -> 0.3595] ID = 8
  34    1   ..((.((((((...))))))...)).........  -6.70 -[0.6405 -> 0.6400] ID = 9
  34    2   ....((((....(((....)))....))))....  -6.60 +[0.3595 -> 0.3600] ID = 8
  35    1  ...((.((((((...))))))...)).........  -6.70 -[0.6400 -> 0.6396] ID = 9
  35    2  .....((((....(((....)))....))))....  -6.60 +[0.3600 -> 0.3604] ID = 8
  36    1 ....((.((((((...))))))...)).........  -6.70 -[0.6396 -> 0.5405] ID = 9
  36    2 ......((((....(((....)))....))))....  -6.60 +[0.3604 -> 0.4595] ID = 8
# Distribution of structures at the end:
#         CGAAGCGUGUCAGGACCUGACGGUAGCAGCACUAAG
  36    1 ....((.((((((...))))))...)).........  -6.70 0.5405  [t8: 0.5405] ID = 9
  36    2 ......((((....(((....)))....))))....  -6.60 0.4595  [t8: 0.4595] ID = 8
