# File generated using DrTransformer v0.10
#
# >drtr_srp_Baci.subt._X06803
# GAAUUCAUGAACCAUGUCAGGUCCGGAAGGAAGCAGCAUUAAGUGAAACCUCU 
#
# Co-transcriptional folding parameters:
# --t-ext: 0.02 sec
# --t-end: 60.0 sec
# --start: 1
# --stop: 53
# --reversed-transcription: False
#
# Algorithm parameters:
# --o-prune: 0.05
# --t-fast: 0.001 sec
# --fpwm: 4
# --mfree: 6 nuc
# --k0: 200000.0
#
# ViennaRNA model details:
# --temp: 37.0 C
# --dangles: 2
# --paramFile: None
# --noTetra: False
# --noGU: False
# --noClosingGU: False
#
#
# Results:
# Transcription Step | Energy-sorted structure count | Structure | Energy | [Occupancy-t0 Occupancy-t8] | Structure ID (-> Plotting ID)
   1    1 .   0.00  [1.0000 -> 1.0000] ID = 0
   2    1 ..   0.00  [1.0000 -> 1.0000] ID = 0
   3    1 ...   0.00  [1.0000 -> 1.0000] ID = 0
   4    1 ....   0.00  [1.0000 -> 1.0000] ID = 0
   5    1 .....   0.00  [1.0000 -> 1.0000] ID = 0
   6    1 ......   0.00  [1.0000 -> 1.0000] ID = 0
   7    1 .......   0.00  [1.0000 -> 1.0000] ID = 0
   8    1 ........   0.00  [1.0000 -> 1.0000] ID = 0
   9    1 .........   0.00  [1.0000 -> 1.0000] ID = 0
  10    1 ..........   0.00  [1.0000 -> 1.0000] ID = 0
  11    1 ...........   0.00  [1.0000 -> 1.0000] ID = 0
  12    1 ............   0.00  [1.0000 -> 1.0000] ID = 0
  13    1 .............   0.00  [1.0000 -> 1.0000] ID = 0
  14    1 ..............   0.00  [1.0000 -> 1.0000] ID = 0
  15    1 ...............   0.00  [1.0000 -> 1.0000] ID = 0
  16    1 .....((((...))))  -0.60 +[0.0000 -> 0.7258] ID = 1
  16    2 ................   0.00 -[1.0000 -> 0.2742] ID = 0
  17    1 .....((((...)))).  -0.60  [0.7258 -> 0.7258] ID = 1
  17    2 .................   0.00  [0.2742 -> 0.2742] ID = 0
  18    1 .....((((...))))..  -0.60  [0.7258 -> 0.7258] ID = 1
  18    2 ..................   0.00  [0.2742 -> 0.2742] ID = 0
  19    1 .....((((...))))...  -0.60  [0.7258 -> 0.7258] ID = 1
  19    2 ...................   0.00  [0.2742 -> 0.2742] ID = 0
  20    1 .....((((...))))....  -0.60  [0.7258 -> 0.7258] ID = 1
  20    2 ....................   0.00  [0.2742 -> 0.2742] ID = 0
  21    1 .....((((...)))).....  -0.60  [0.7258 -> 0.7258] ID = 1
  21    2 .....................   0.00  [0.2742 -> 0.2742] ID = 0
  22    1 ..........(((......)))  -1.80 +[0.2742 -> 0.8476] ID = 2
  22    2 .....((((...))))......  -0.60 -[0.7258 -> 0.1524] ID = 1
  23    1 ..........(((......))).  -1.80 +[0.8476 -> 0.8739] ID = 2
  23    2 .....((((...)))).......  -0.60 -[0.1524 -> 0.1261] ID = 1
  24    1 ..........(((......)))..  -1.80 +[0.8739 -> 0.8751] ID = 2
  24    2 .....((((...))))........  -0.60 -[0.1261 -> 0.1249] ID = 1
  25    1 .......((.(((......))).))  -1.90 +[0.8751 -> 0.8910] ID = 3
  25    2 .....((((...)))).........  -0.60 -[0.1249 -> 0.1090] ID = 1
  26    1 .......((.(((......))).)).  -1.90 +[0.8910 -> 0.8918] ID = 3
  26    2 .....((((...))))..........  -0.60 -[0.1090 -> 0.1082] ID = 1
  27    1 ....((.((.(((......))).))))  -3.00 +[0.8918 -> 0.9744] ID = 5
  27    2 .....((((...))))...........  -0.60 -[0.1082 -> 0.0256] ID = 1
  28    1 ...(((.((.(((......))).)))))  -3.70  [1.0000 -> 1.0000] ID = 6
  29    1 ...(((.((.(((......))).))))).  -3.70  [1.0000 -> 1.0000] ID = 6
  30    1 ...(((.((.(((......))).)))))..  -3.70  [1.0000 -> 1.0000] ID = 6
  31    1 ...(((.((.(((......))).)))))...  -3.70  [1.0000 -> 1.0000] ID = 6
  32    1 ...(((.((.(((......))).)))))....  -3.70  [1.0000 -> 1.0000] ID = 6
  33    1 ...(((.((.(((......))).))))).....  -3.70  [1.0000 -> 1.0000] ID = 6
  34    1 ...(((.((.(((......))).)))))......  -3.70  [1.0000 -> 1.0000] ID = 6
  35    1 ...(((.((.(((......))).))))).......  -3.70  [1.0000 -> 1.0000] ID = 6
  36    1 ...(((.((.(((......))).)))))........  -3.70  [1.0000 -> 1.0000] ID = 6
  37    1 ...(((.((.(((......))).))))).........  -3.70  [1.0000 -> 1.0000] ID = 6
  38    1 ..............(((....(((....)))....)))  -4.20 +[0.0000 -> 0.6924] ID = 7
  38    2 ...(((.((.(((......))).)))))..........  -3.70 -[1.0000 -> 0.3076] ID = 6
  39    1 .............((((....(((....)))....))))  -5.30 +[0.6924 -> 0.9306] ID = 8
  39    2 ...(((.((.(((......))).)))))...........  -3.70 -[0.3076 -> 0.0694] ID = 6
  40    1 .............((((....(((....)))....)))).  -5.30  [0.9306 -> 0.9306] ID = 8
  40    2 ...(((.((.(((......))).)))))............  -3.70  [0.0694 -> 0.0694] ID = 6
  41    1 .............((((....(((....)))....))))..  -5.30  [0.9306 -> 0.9306] ID = 8
  41    2 ...(((.((.(((......))).))))).............  -3.70  [0.0694 -> 0.0694] ID = 6
  42    1 .............((((....(((....)))....))))...  -5.30  [0.9306 -> 0.9306] ID = 8
  42    2 ...(((.((.(((......))).)))))..............  -3.70  [0.0694 -> 0.0694] ID = 6
  43    1 .............((((....(((....)))....))))....  -5.30  [0.9306 -> 0.9306] ID = 8
  43    2 ...(((.((.(((......))).)))))...............  -3.70  [0.0694 -> 0.0694] ID = 6
  44    1 .............((((....(((....)))....)))).....  -5.30  [0.9306 -> 0.9306] ID = 8
  44    2 ...(((.((.(((......))).)))))................  -3.70  [0.0694 -> 0.0694] ID = 6
  45    1 .....(((.....((((....(((....)))....))))...)))  -6.30 +[0.9306 -> 0.9855] ID = 9
  45    2 ...(((.((.(((......))).))))).................  -3.70 -[0.0694 -> 0.0145] ID = 6
  46    1 ....((((.....((((....(((....)))....))))...))))  -7.70  [1.0000 -> 1.0000] ID = 10
  47    1 ...(((((.....((((....(((....)))....))))...)))))  -8.40  [1.0000 -> 1.0000] ID = 11
  48    1 ...(((((.....((((....(((....)))....))))...))))).  -8.40  [1.0000 -> 1.0000] ID = 11
  49    1 ...(((((.....((((....(((....)))....))))...)))))..  -8.40  [1.0000 -> 1.0000] ID = 11
  50    1 ...(((((.....((((....(((....)))....))))...)))))...  -8.40  [1.0000 -> 1.0000] ID = 11
  51    1 ...(((((.....((((....(((....)))....))))...)))))....  -8.40  [1.0000 -> 1.0000] ID = 11
  52    1 ...(((((.....((((....(((....)))....))))...))))).....  -8.40  [1.0000 -> 1.0000] ID = 11
  53    1 ...(((((.....((((....(((....)))....))))...)))))......  -8.40  [1.0000 -> 1.0000] ID = 11
# Distribution of structures at the end:
#         GAAUUCAUGAACCAUGUCAGGUCCGGAAGGAAGCAGCAUUAAGUGAAACCUCU
  53    1 ...(((((.....((((....(((....)))....))))...)))))......  -8.40 1.0000  [t8: 1.0000] ID = 11
