# File generated using DrTransformer v0.10
#
# >drtr_srp_Crit.fasc._AY781797
# UGGACCAGCGAGGGUGUUCUGCUGCGUUGACGUGGUGCUCUGCUUGGCUGUGUGUCGG 
#
# Co-transcriptional folding parameters:
# --t-ext: 0.02 sec
# --t-end: 60.0 sec
# --start: 1
# --stop: 58
# --reversed-transcription: False
#
# Algorithm parameters:
# --o-prune: 0.05
# --t-fast: 0.001 sec
# --fpwm: 4
# --mfree: 6 nuc
# --k0: 200000.0
#
# ViennaRNA model details:
# --temp: 37.0 C
# --dangles: 2
# --paramFile: None
# --noTetra: False
# --noGU: False
# --noClosingGU: False
#
#
# Results:
# Transcription Step | Energy-sorted structure count | Structure | Energy | [Occupancy-t0 Occupancy-t8] | Structure ID (-> Plotting ID)
   1    1 .   0.00  [1.0000 -> 1.0000] ID = 0
   2    1 ..   0.00  [1.0000 -> 1.0000] ID = 0
   3    1 ...   0.00  [1.0000 -> 1.0000] ID = 0
   4    1 ....   0.00  [1.0000 -> 1.0000] ID = 0
   5    1 .....   0.00  [1.0000 -> 1.0000] ID = 0
   6    1 ......   0.00  [1.0000 -> 1.0000] ID = 0
   7    1 .......   0.00  [1.0000 -> 1.0000] ID = 0
   8    1 ........   0.00  [1.0000 -> 1.0000] ID = 0
   9    1 .........   0.00  [1.0000 -> 1.0000] ID = 0
  10    1 ..........   0.00  [1.0000 -> 1.0000] ID = 0
  11    1 ...........   0.00  [1.0000 -> 1.0000] ID = 0
  12    1 ............   0.00  [1.0000 -> 1.0000] ID = 0
  13    1 ....((.....))  -0.70  [1.0000 -> 1.0000] ID = 1
  14    1 ....((.....)).  -0.70  [1.0000 -> 1.0000] ID = 1
  15    1 ...(((......)))  -2.20 +[0.0000 -> 0.9194] ID = 2
  15    2 ....((.....))..  -0.70 -[1.0000 -> 0.0806] ID = 1
  16    1 ...(((......))).  -2.20  [0.9194 -> 0.9194] ID = 2
  16    2 ....((.....))...  -0.70  [0.0806 -> 0.0806] ID = 1
  17    1 ...(((......)))..  -2.20  [0.9194 -> 0.9194] ID = 2
  17    2 ....((.....))....  -0.70  [0.0806 -> 0.0806] ID = 1
  18    1 ...(((......)))...  -2.20  [0.9194 -> 0.9194] ID = 2
  18    2 ....((.....)).....  -0.70  [0.0806 -> 0.0806] ID = 1
  19    1 ...(((......)))....  -2.20  [0.9194 -> 0.9194] ID = 2
  19    2 ....((.....))......  -0.70  [0.0806 -> 0.0806] ID = 1
  20    1 ...(((......))).....  -2.20  [0.9194 -> 0.9194] ID = 2
  20    2 ....((.....)).......  -0.70  [0.0806 -> 0.0806] ID = 1
  21    1 ...(((......)))......  -2.20  [0.9194 -> 0.9194] ID = 2
  21    2 ....((.....))........  -0.70  [0.0806 -> 0.0806] ID = 1
  22    1 ...(((......))).......  -2.20  [0.9194 -> 0.9194] ID = 2
  22    2 ....((.....)).........  -0.70  [0.0806 -> 0.0806] ID = 1
  23    1 ......((((((....))).)))  -2.90 +[0.0000 -> 0.7084] ID = 3
  23    2 ...(((......)))........  -2.20 -[0.9194 -> 0.2697] ID = 2
  23    3 ....((.....))..........  -0.70 -[0.0806 -> 0.0219] ID = 1
  24    1 .....(((((((....))).))))  -5.40 +[0.7194 -> 0.9426] ID = 4
  24    2 ...(((......))).........  -2.20 -[0.2806 -> 0.0574] ID = 2
  25    1 .....(((((((....))).)))).  -5.40 +[0.9426 -> 0.9847] ID = 4
  25    2 ...(((......)))..........  -2.20 -[0.0574 -> 0.0153] ID = 2
  26    1 .....(((((((....))).))))..  -5.40  [1.0000 -> 1.0000] ID = 4
  27    1 ...(((((((((....))).)))).))  -6.60  [1.0000 -> 1.0000] ID = 5
  28    1 ..((((((((((....))).)))).)))  -8.00  [1.0000 -> 1.0000] ID = 6
  29    1 ..((((((((((....))).)))).))).  -8.00  [1.0000 -> 1.0000] ID = 6
  30    1 ..((((((((((....))).)))).)))..  -8.00  [1.0000 -> 1.0000] ID = 6
  31    1 ..((((((((((....))).)))).)))...  -8.00  [1.0000 -> 1.0000] ID = 6
  32    1 ..((((((((((....))).)))).)))....  -8.00  [1.0000 -> 1.0000] ID = 6
  33    1 ..((((((((((....))).)))).))).....  -8.00  [1.0000 -> 1.0000] ID = 6
  34    1 ..((((((((((....))).)))).)))......  -8.00  [1.0000 -> 1.0000] ID = 6
  35    1 ..((((((((((....))).)))).))).......  -8.00  [1.0000 -> 1.0000] ID = 6
  36    1 ..((((((((((....))).)))).)))........  -8.00  [1.0000 -> 1.0000] ID = 6
  37    1 ..((((((((((....))).)))).))).........  -8.00  [1.0000 -> 1.0000] ID = 6
  38    1 ..((((((((((....))).)))).)))..........  -8.00  [1.0000 -> 1.0000] ID = 6
  39    1 ..((((((((((....))).)))).)))...........  -8.00  [1.0000 -> 1.0000] ID = 6
  40    1 ..((((((((((....))).)))).)))............  -8.00  [1.0000 -> 1.0000] ID = 6
  41    1 ..........(((((.....((((((....)))))))))))  -8.60 +[0.0000 -> 0.0015] ID = 7
  41    2 ..((((((((((....))).)))).))).............  -8.00 -[1.0000 -> 0.9985] ID = 6
  42    1 ..........(((((.....((((((....))))))))))).  -8.60 +[0.0015 -> 0.0031] ID = 7
  42    2 ..((((((((((....))).)))).)))..............  -8.00 -[0.9985 -> 0.9969] ID = 6
  43    1 .......((.(((((.....((((((....))))))))))))) -10.60  [0.0000 -> 0.0001] ID = 8
  43    2 ..((((((((((....))).)))).)))...((((....))))  -9.70  [1.0000 -> 0.9999] ID = 9
  44    1 ......(((.(((((.....((((((....)))))))))))))) -11.80  [0.0000 -> 0.0001] ID = 10
  44    2 ..((((((((((....))).)))).)))...((((....)))).  -9.70  [1.0000 -> 0.9999] ID = 9
  45    1 ......(((.(((((.....((((((....)))))))))))))). -11.80  [0.0001 -> 0.0002] ID = 10
  45    2 ..((((((((((....))).)))).)))...((((....))))..  -9.70  [0.9999 -> 0.9998] ID = 9
  46    1 ......(((.(((((.....((((((....)))))))))))))).. -11.80  [0.0002 -> 0.0003] ID = 10
  46    2 ..((((((((((....))).)))).)))...((((....))))...  -9.70  [0.9998 -> 0.9997] ID = 9
  47    1 ....(((((.(((((.....((((((....))))))))))))).))) -14.40 +[0.0000 -> 0.0002] ID = 11
  47    2 ..((((((((((....))).)))).)))...((((....))))....  -9.70 -[1.0000 -> 0.9998] ID = 9
  48    1 ....(((((.(((((.....((((((....))))))))))))).))). -14.40 +[0.0002 -> 0.0004] ID = 11
  48    2 ..((((((((((....))).)))).)))...((((....)))).....  -9.70 -[0.9998 -> 0.9996] ID = 9
  49    1 .((.(((((.(((((.....((((((....))))))))))))).))))) -15.30 +[0.0000 -> 0.0007] ID = 12
  49    2 ..((((((((((....))).)))).)))...((((....))))......  -9.70 -[1.0000 -> 0.9993] ID = 9
  50    1 .((.(((((.(((((.....((((((....))))))))))))).))))). -15.30 +[0.0007 -> 0.0014] ID = 12
  50    2 ..((((((((((....))).)))).)))...((((....)))).......  -9.70 -[0.9993 -> 0.9986] ID = 9
  51    1 .((.(((((.(((((.....((((((....))))))))))))).))))).. -15.30 +[0.0014 -> 0.0021] ID = 12
  51    2 ..((((((((((....))).)))).)))...((((....))))........  -9.70 -[0.9986 -> 0.9979] ID = 9
  52    1 .((.(((((.(((((.....((((((....))))))))))))).)))))... -15.30 +[0.0021 -> 0.0027] ID = 12
  52    2 ..((((((((((....))).)))).)))...((((....)))).........  -9.70 -[0.9979 -> 0.9973] ID = 9
  53    1 ...((((((.(((.......((((((....))))))......))).)))).)) -15.70  [0.0000 -> 0.0001] ID = 13
  53    2 ..((((((((((....))).)))).)))...((((....))))..........  -9.70  [1.0000 -> 0.9999] ID = 9
  54    1 ...((((((.(((.......((((((....))))))......))).)))).)). -15.70  [0.0001 -> 0.0002] ID = 13
  54    2 ..((((((((((....))).)))).))).(((((((..........))))))).  -9.90 +[0.0000 -> 0.1286] ID = 14
  54    3 ..((((((((((....))).)))).)))...((((....))))...........  -9.70 -[0.9999 -> 0.8712] ID = 9
  55    1 ...((((((.(((.......((((((....))))))......))).)))).)).. -15.70  [0.0002 -> 0.0003] ID = 13
  55    2 ..((((((((((....))).)))).))).(((((((..........)))))))..  -9.90 +[0.1286 -> 0.2287] ID = 14
  55    3 ..((((((((((....))).)))).)))...((((....))))............  -9.70 -[0.8712 -> 0.7710] ID = 9
  56    1 ..(((((((.(((.......((((((....))))))......))).))))...))) -16.30  [0.0000 -> 0.0000] ID = 15
  56    2 ..((((((((((....))).)))).)))((((....(((......)))....)))) -13.20 +[0.0000 -> 0.1701] ID = 17
  56    3 ..((((((((((....))).)))).)))...((((....))))..(((.....))) -11.60 -[0.7711 -> 0.7355] ID = 16
  56    4 ..((((((((((....))).)))).)))((((.(((..........)))...)))) -11.00 +[0.0000 -> 0.0794] ID = 18
  56    5 ..((((((((((....))).)))).))).(((((((..........)))))))...  -9.90 -[0.2289 -> 0.0150] ID = 14
  57    1 ..(((((((.(((.......((((((....))))))......))).))))...))). -16.30  [0.0000 -> 0.0001] ID = 15
  57    2 ..((((((((((....))).)))).)))((((....(((......)))....)))). -13.20 +[0.1701 -> 0.2679] ID = 17
  57    3 ..((((((((((....))).)))).)))...((((....))))..(((.....))). -11.60 -[0.7430 -> 0.6882] ID = 16
  57    4 ..((((((((((....))).)))).)))((((.(((..........)))...)))). -11.00 -[0.0869 -> 0.0437] ID = 18
  58    1 ..(((((((.(((.......((((((....))))))......))).))))...))).. -16.30 +[0.0001 -> 0.0766] ID = 15
  58    2 ..((((((((((....))).)))).)))((((....(((......)))....)))).. -13.20 +[0.2898 -> 0.8082] ID = 17
  58    3 ..((((((((((....))).)))).)))...((((....)))).((((.....)))). -12.00 -[0.7101 -> 0.1152] ID = 19
# Distribution of structures at the end:
#         UGGACCAGCGAGGGUGUUCUGCUGCGUUGACGUGGUGCUCUGCUUGGCUGUGUGUCGG
  58    1 ..(((((((.(((.......((((((....))))))......))).))))...))).. -16.30 0.0766 +[t8: 0.9926] ID = 15
  58    2 ..((((((((((....))).)))).)))((((....(((......)))....)))).. -13.20 0.8082 -[t8: 0.0065] ID = 17
  58    3 ..((((((((((....))).)))).)))...((((....)))).((((.....)))). -12.00 0.1152 -[t8: 0.0009] ID = 19
