# File generated using DrTransformer v0.10
#
# >drtr_srp_Acin.spec._CR543861
# GCCGCGAACCCCGCCAGGCCCGGAAGGGAGCAACGGUAGUGGUGGAU 
#
# Co-transcriptional folding parameters:
# --t-ext: 0.02 sec
# --t-end: 60.0 sec
# --start: 1
# --stop: 47
# --reversed-transcription: False
#
# Algorithm parameters:
# --o-prune: 0.05
# --t-fast: 0.001 sec
# --fpwm: 4
# --mfree: 6 nuc
# --k0: 200000.0
#
# ViennaRNA model details:
# --temp: 37.0 C
# --dangles: 2
# --paramFile: None
# --noTetra: False
# --noGU: False
# --noClosingGU: False
#
#
# Results:
# Transcription Step | Energy-sorted structure count | Structure | Energy | [Occupancy-t0 Occupancy-t8] | Structure ID (-> Plotting ID)
   1    1 .   0.00  [1.0000 -> 1.0000] ID = 0
   2    1 ..   0.00  [1.0000 -> 1.0000] ID = 0
   3    1 ...   0.00  [1.0000 -> 1.0000] ID = 0
   4    1 ....   0.00  [1.0000 -> 1.0000] ID = 0
   5    1 .....   0.00  [1.0000 -> 1.0000] ID = 0
   6    1 ......   0.00  [1.0000 -> 1.0000] ID = 0
   7    1 .......   0.00  [1.0000 -> 1.0000] ID = 0
   8    1 ........   0.00  [1.0000 -> 1.0000] ID = 0
   9    1 .........   0.00  [1.0000 -> 1.0000] ID = 0
  10    1 ..........   0.00  [1.0000 -> 1.0000] ID = 0
  11    1 ...........   0.00  [1.0000 -> 1.0000] ID = 0
  12    1 ............   0.00  [1.0000 -> 1.0000] ID = 0
  13    1 .............   0.00  [1.0000 -> 1.0000] ID = 0
  14    1 ...(((.....)))  -2.70  [1.0000 -> 1.0000] ID = 1
  15    1 ...(((.....))).  -2.70  [1.0000 -> 1.0000] ID = 1
  16    1 ...(((.....)))..  -2.70  [1.0000 -> 1.0000] ID = 1
  17    1 ...(((.....)))...  -2.70  [1.0000 -> 1.0000] ID = 1
  18    1 .(((((.....)))..))  -3.20  [1.0000 -> 1.0000] ID = 2
  19    1 ((((((.....)))..)))  -6.30  [1.0000 -> 1.0000] ID = 3
  20    1 ((((((.....)))..))).  -6.30  [1.0000 -> 1.0000] ID = 3
  21    1 ((((((.....)))..)))..  -6.30  [1.0000 -> 1.0000] ID = 3
  22    1 ((((((.....)))..)))...  -6.30  [1.0000 -> 1.0000] ID = 3
  23    1 ((((((.....)))..)))....  -6.30  [1.0000 -> 1.0000] ID = 3
  24    1 ((((((.....)))..))).....  -6.30  [1.0000 -> 1.0000] ID = 3
  25    1 ((((((.....)))..)))......  -6.30  [1.0000 -> 1.0000] ID = 3
  26    1 ((((((.....)))..))).......  -6.30  [1.0000 -> 1.0000] ID = 3
  27    1 ((((((.....)))..)))((....))  -7.80  [1.0000 -> 1.0000] ID = 4
  28    1 ((((((.....)))..)))((....)).  -7.80  [1.0000 -> 1.0000] ID = 4
  29    1 ((((((.....)))..)))((....))..  -7.80  [1.0000 -> 1.0000] ID = 4
  30    1 ((((((.....)))..)))((....))...  -7.80  [1.0000 -> 1.0000] ID = 4
  31    1 ...((...(((..((......))..))).))  -7.90 +[0.0000 -> 0.0003] ID = 5
  31    2 ((((((.....)))..)))((....))....  -7.80 -[1.0000 -> 0.9997] ID = 4
  32    1 ...((...(((..((......))..))).)).  -7.90 +[0.0003 -> 0.0005] ID = 5
  32    2 ((((((.....)))..)))((....)).....  -7.80 -[0.9997 -> 0.9995] ID = 4
  33    1 ...((...(((..((......))..))).))..  -7.90 +[0.0005 -> 0.0008] ID = 5
  33    2 ((((((.....)))..)))((....))......  -7.80 -[0.9995 -> 0.9992] ID = 4
  34    1 ...((...(((..((......))..))).))...  -7.90 +[0.0008 -> 0.0010] ID = 5
  34    2 ((((((.....)))..)))((....)).......  -7.80 -[0.9992 -> 0.9990] ID = 4
  35    1 ...((...(((..((......))..))).))....  -7.90 +[0.0010 -> 0.0013] ID = 5
  35    2 ((((((.....)))..)))((....))........  -7.80 -[0.9990 -> 0.9987] ID = 4
  36    1 .(((....(((..((......))..))).....)))  -9.10 +[0.0000 -> 0.0002] ID = 6
  36    2 ((((((.....)))..)))(((...........)))  -8.90 +[0.0000 -> 0.8541] ID = 7
  36    3 ((((((.....)))..)))((....)).........  -7.80 -[1.0000 -> 0.1457] ID = 4
  37    1 ((((....(((..((......))..))).....)))) -10.70 +[0.0000 -> 0.0014] ID = 8
  37    2 ((((((.....)))..)))(((...........))).  -8.90 +[0.8542 -> 0.8553] ID = 7
  37    3 ((((((.....)))..)))((....))..........  -7.80 -[0.1458 -> 0.1433] ID = 4
  38    1 ((((....(((..((......))..))).....)))). -10.70 +[0.0014 -> 0.0029] ID = 8
  38    2 ((((((.....)))..)))(((...........)))..  -8.90 -[0.8553 -> 0.7091] ID = 7
  38    3 ((((((.....)))....(((....)))......))).  -8.20 +[0.0000 -> 0.1820] ID = 9
  38    4 ((((((.....)))..)))((....))...........  -7.80 -[0.1433 -> 0.1059] ID = 4
  39    1 ((((....(((..((......))..))).....)))).. -10.70 +[0.0029 -> 0.0049] ID = 8
  39    2 ((((((.....)))..)))(((...........)))...  -8.90 -[0.7091 -> 0.6760] ID = 7
  39    3 ((((((.....)))....(((....)))......)))..  -8.20 +[0.1820 -> 0.2082] ID = 9
  39    4 ((((((.....)))..)))((....))............  -7.80 +[0.1059 -> 0.1109] ID = 4
  40    1 ((((....(((..((......))..))).....))))... -10.70 +[0.0049 -> 0.0070] ID = 8
  40    2 ((((((.....)))..)))(((...........)))....  -8.90 -[0.6760 -> 0.6689] ID = 7
  40    3 ((((((.....)))....(((....)))......)))...  -8.20 +[0.2082 -> 0.2126] ID = 9
  40    4 ((((((.....)))..)))((....)).............  -7.80 +[0.1109 -> 0.1116] ID = 4
  41    1 ((((....(((..((......))..))).....)))).... -10.70 +[0.0070 -> 0.0090] ID = 8
  41    2 ((((((.....)))..)))(((...........))).....  -8.90 -[0.6689 -> 0.6664] ID = 7
  41    3 ((((((.....)))....(((....)))......)))....  -8.20 +[0.2126 -> 0.2130] ID = 9
  41    4 ((((((.....)))..)))((....))..............  -7.80  [0.1116 -> 0.1115] ID = 4
  42    1 .((((.....(((.....(((....))).....)))..)))) -12.70 +[0.0000 -> 0.0591] ID = 11
  42    2 ((((((.....)))..)))(((...........)))......  -8.90 -[0.6694 -> 0.6472] ID = 7
  42    3 ((((((.....)))....(((....)))......))).....  -8.20 -[0.2161 -> 0.1914] ID = 9
  42    4 ((((((.....)))..)))((....))...............  -7.80 -[0.1145 -> 0.1023] ID = 4
  43    1 (((((.....(((.....(((....))).....)))..))))) -14.30 +[0.0591 -> 0.1135] ID = 12
  43    2 ((((((.....)))..)))(((...........))).......  -8.90 -[0.6472 -> 0.6124] ID = 7
  43    3 ((((((.....)))....(((....)))......)))......  -8.20 -[0.1914 -> 0.1782] ID = 9
  43    4 ((((((.....)))..)))((....))................  -7.80 -[0.1023 -> 0.0959] ID = 4
  44    1 (((((.....(((.....(((....))).....)))..))))). -14.30 +[0.1135 -> 0.2217] ID = 12
  44    2 ((((((.....)))..)))(((...........)))........  -8.90 -[0.6124 -> 0.4316] ID = 7
  44    3 ((((((.....)))....(((....)))....((....))))).  -8.60 +[0.0000 -> 0.1444] ID = 13
  44    4 ((((((.....)))....(((....)))......))).......  -8.20 -[0.1782 -> 0.0758] ID = 9
  44    5 ((((((.....)))....(((....)))............))).  -8.20 +[0.0000 -> 0.0597] ID = 16
  44    6 ((((((.....)))..)))((....))..((.((....)).)).  -8.00 -[0.0959 -> 0.0668] ID = 14
  45    1 (((((.....(((.....(((....))).....)))..))))).. -14.30 +[0.2217 -> 0.3362] ID = 12
  45    2 ..........(((((...(((....)))....((....))))))) -11.00 +[0.0000 -> 0.0061] ID = 17
  45    3 ((((((.....)))..)))(((...........))).........  -8.90 -[0.4316 -> 0.3237] ID = 7
  45    4 ((((((.....)))....(((....)))....((....)))))..  -8.60 -[0.2042 -> 0.1709] ID = 13
  45    5 ((((((.....)))....(((....)))......)))........  -8.20 +[0.0758 -> 0.0944] ID = 9
  45    6 ((((((.....)))..)))((....))..((.((....)).))..  -8.00 +[0.0668 -> 0.0686] ID = 14
  46    1 (((((.....(((.....(((....))).....)))..)))))... -14.30 +[0.3362 -> 0.4349] ID = 12
  46    2 ..........(((((...(((....)))....((....))))))). -11.00 +[0.0061 -> 0.0127] ID = 17
  46    3 ((((((.....)))..)))(((...........)))..........  -8.90 -[0.3237 -> 0.2698] ID = 7
  46    4 ((((((.....)))....(((....)))....((....)))))...  -8.60 -[0.1709 -> 0.1445] ID = 13
  46    5 ((((((.....)))....(((....)))......))).........  -8.20 -[0.0944 -> 0.0802] ID = 9
  46    6 ((((((.....)))..)))((....))..((.((....)).))...  -8.00 -[0.0686 -> 0.0579] ID = 14
  47    1 (((((.....(((.....(((....))).....)))..))))).... -14.30 +[0.4349 -> 0.9923] ID = 12
  47    2 ..........(((((...(((....)))....((....))))))).. -11.00 -[0.0127 -> 0.0074] ID = 17
  47    3 ((((((.....)))..)))(((...........)))...........  -8.90 -[0.2698 -> 0.0002] ID = 7
  47    4 ((((((.....)))....(((....)))....((....)))))....  -8.60 -[0.1445 -> 0.0001] ID = 13
  47    5 ((((((.....)))....(((....)))......)))..........  -8.20 -[0.0802 -> 0.0001] ID = 9
  47    6 ((((((.....)))..)))((....))..((.((....)).))....  -8.00 -[0.0579 -> 0.0000] ID = 14
# Distribution of structures at the end:
#         GCCGCGAACCCCGCCAGGCCCGGAAGGGAGCAACGGUAGUGGUGGAU
  47    1 (((((.....(((.....(((....))).....)))..))))).... -14.30 0.9923 +[t8: 0.9950] ID = 12
  47    2 ..........(((((...(((....)))....((....))))))).. -11.00 0.0074 -[t8: 0.0047] ID = 17
  47    3 ((((((.....)))..)))(((...........)))...........  -8.90 0.0002  [t8: 0.0002] ID = 7
  47    4 ((((((.....)))....(((....)))....((....)))))....  -8.60 0.0001  [t8: 0.0001] ID = 13
  47    5 ((((((.....)))....(((....)))......)))..........  -8.20 0.0001  [t8: 0.0001] ID = 9
  47    6 ((((((.....)))..)))((....))..((.((....)).))....  -8.00 0.0000  [t8: 0.0000] ID = 14
