# File generated using DrTransformer v0.10
#
# >drtr_srp_Acin.spec._CR543861_rev
# GCCGCGAACCCCGCCAGGCCCGGAAGGGAGCAACGGUAGUGGUGGAU 
#
# Co-transcriptional folding parameters:
# --t-ext: 0.02 sec
# --t-end: 60.0 sec
# --start: 1
# --stop: 47
# --reversed-transcription: True
#
# Algorithm parameters:
# --o-prune: 0.05
# --t-fast: 0.001 sec
# --fpwm: 4
# --mfree: 6 nuc
# --k0: 200000.0
#
# ViennaRNA model details:
# --temp: 37.0 C
# --dangles: 2
# --paramFile: None
# --noTetra: False
# --noGU: False
# --noClosingGU: False
#
#
# Results:
# Transcription Step | Energy-sorted structure count | Structure | Energy | [Occupancy-t0 Occupancy-t8] | Structure ID (-> Plotting ID)
   1    1                                               .   0.00  [1.0000 -> 1.0000] ID = 0
   2    1                                              ..   0.00  [1.0000 -> 1.0000] ID = 0
   3    1                                             ...   0.00  [1.0000 -> 1.0000] ID = 0
   4    1                                            ....   0.00  [1.0000 -> 1.0000] ID = 0
   5    1                                           .....   0.00  [1.0000 -> 1.0000] ID = 0
   6    1                                          ......   0.00  [1.0000 -> 1.0000] ID = 0
   7    1                                         .......   0.00  [1.0000 -> 1.0000] ID = 0
   8    1                                        ........   0.00  [1.0000 -> 1.0000] ID = 0
   9    1                                       .........   0.00  [1.0000 -> 1.0000] ID = 0
  10    1                                      ..........   0.00  [1.0000 -> 1.0000] ID = 0
  11    1                                     ...........   0.00  [1.0000 -> 1.0000] ID = 0
  12    1                                    ............   0.00  [1.0000 -> 1.0000] ID = 0
  13    1                                   .............   0.00  [1.0000 -> 1.0000] ID = 0
  14    1                                  ..............   0.00  [1.0000 -> 1.0000] ID = 0
  15    1                                 ...............   0.00  [1.0000 -> 1.0000] ID = 0
  16    1                                ................   0.00  [1.0000 -> 1.0000] ID = 0
  17    1                               .................   0.00  [1.0000 -> 1.0000] ID = 0
  18    1                              ((.((....)).))....  -0.20  [1.0000 -> 1.0000] ID = 1
  19    1                             .((.((....)).))....  -0.20  [1.0000 -> 1.0000] ID = 1
  20    1                            ..((.((....)).))....  -0.20  [1.0000 -> 1.0000] ID = 1
  21    1                           ...((.((....)).))....  -0.20  [1.0000 -> 1.0000] ID = 1
  22    1                          ....((.((....)).))....  -0.20  [1.0000 -> 1.0000] ID = 1
  23    1                         .....((.((....)).))....  -0.20  [1.0000 -> 1.0000] ID = 1
  24    1                        ......((.((....)).))....  -0.20  [1.0000 -> 1.0000] ID = 1
  25    1                       .......((.((....)).))....  -0.20  [1.0000 -> 1.0000] ID = 1
  26    1                      ........((.((....)).))....  -0.20  [1.0000 -> 1.0000] ID = 1
  27    1                     .........((.((....)).))....  -0.20  [1.0000 -> 1.0000] ID = 1
  28    1                    (((...........)))...........  -2.60 +[0.0000 -> 0.8034] ID = 2
  28    2                    ((....))..((.((....)).))....  -1.70 -[1.0000 -> 0.1966] ID = 3
  29    1                   (((....))).((.((....)).))....  -4.80 +[0.1966 -> 0.6543] ID = 4
  29    2                   .(((...........)))...........  -2.60 -[0.8034 -> 0.3457] ID = 2
  30    1                  .(((....))).((.((....)).))....  -4.80 +[0.6543 -> 0.8420] ID = 4
  30    2                  ..(((...........)))...........  -2.60 -[0.3457 -> 0.1580] ID = 2
  31    1                 ..(((....))).((.((....)).))....  -4.80 +[0.8420 -> 0.9190] ID = 4
  31    2                 ...(((...........)))...........  -2.60 -[0.1580 -> 0.0810] ID = 2
  32    1                ...(((....))).((.((....)).))....  -4.80 +[0.9190 -> 0.9506] ID = 4
  32    2                ....(((...........)))...........  -2.60 -[0.0810 -> 0.0494] ID = 2
  33    1               ....(((....))).((.((....)).))....  -4.80  [1.0000 -> 1.0000] ID = 4
  34    1              (((...(((...........)))...))).....  -6.40 +[0.0000 -> 0.0241] ID = 5
  34    2              .....(((....))).((.((....)).))....  -4.80 -[1.0000 -> 0.9759] ID = 4
  35    1             ((((...(((...........)))...))))....  -8.10 +[0.0241 -> 0.0411] ID = 6
  35    2             ((((..(((....)))...........))))....  -6.80 +[0.0000 -> 0.9041] ID = 8
  35    3             ......(((....))).((.((....)).))....  -4.80 -[0.9759 -> 0.0549] ID = 4
  36    1            (((((...(((...........)))...)))))... -10.70 +[0.0411 -> 0.0551] ID = 9
  36    2            (((((..(((....)))...........)))))...  -9.40 +[0.9041 -> 0.9431] ID = 11
  36    3            .......(((....))).((.((....)).))....  -4.80 -[0.0549 -> 0.0018] ID = 4
  37    1           ((((((...(((...........)))...)))))).. -14.00 +[0.0551 -> 0.0690] ID = 12
  37    2           ((((((..(((....)))...........)))))).. -12.70 -[0.9449 -> 0.9310] ID = 13
  38    1          .((((((...(((...........)))...)))))).. -14.00 +[0.0690 -> 0.0828] ID = 12
  38    2          .((((((..(((....)))...........)))))).. -12.70 -[0.9310 -> 0.9172] ID = 13
  39    1         ..((((((...(((...........)))...)))))).. -14.00 +[0.0828 -> 0.0963] ID = 12
  39    2         ..((((((..(((....)))...........)))))).. -12.70 -[0.9172 -> 0.9037] ID = 13
  40    1        ...((((((...(((...........)))...)))))).. -14.00 +[0.0963 -> 0.1095] ID = 12
  40    2        ...((((((..(((....)))...........)))))).. -12.70 -[0.9037 -> 0.8905] ID = 13
  41    1       ....((((((...(((...........)))...)))))).. -14.00 +[0.1095 -> 0.1226] ID = 12
  41    2       ....((((((..(((....)))...........)))))).. -12.70 -[0.8905 -> 0.8774] ID = 13
  42    1      .....((((((...(((...........)))...)))))).. -14.00 +[0.1226 -> 0.1354] ID = 12
  42    2      .....((((((..(((....)))...........)))))).. -12.70 -[0.8774 -> 0.8646] ID = 13
  43    1     ......((((((...(((...........)))...)))))).. -14.00 +[0.1354 -> 0.1480] ID = 12
  43    2     ......((((((..(((....)))...........)))))).. -12.70 -[0.8646 -> 0.8520] ID = 13
  44    1    .......((((((...(((...........)))...)))))).. -14.00 +[0.1480 -> 0.1604] ID = 12
  44    2    .......((((((..(((....)))...........)))))).. -12.70 -[0.8520 -> 0.8396] ID = 13
  45    1   ........((((((...(((...........)))...)))))).. -14.00 +[0.1604 -> 0.1726] ID = 12
  45    2   ........((((((..(((....)))...........)))))).. -12.70 -[0.8396 -> 0.8274] ID = 13
  46    1  ((((.....(((.....(((....))).....))).....)))).. -14.30  [0.0000 -> 0.0000] ID = 14
  46    2  .........((((((...(((...........)))...)))))).. -14.00 +[0.1726 -> 0.1846] ID = 12
  46    3  .........((((((..(((....)))...........)))))).. -12.70 -[0.8274 -> 0.8154] ID = 13
  47    1 (((((.....(((.....(((....))).....)))..))))).... -14.30 +[0.0000 -> 0.0010] ID = 15
  47    2 ..........((((((...(((...........)))...)))))).. -14.00 +[0.1846 -> 0.8909] ID = 12
  47    3 ..........((((((..(((....)))...........)))))).. -12.70 -[0.8154 -> 0.1081] ID = 13
# Distribution of structures at the end:
#         GCCGCGAACCCCGCCAGGCCCGGAAGGGAGCAACGGUAGUGGUGGAU
  47    1 (((((.....(((.....(((....))).....)))..))))).... -14.30 0.0010 +[t8: 0.5920] ID = 15
  47    2 ..........((((((...(((...........)))...)))))).. -14.00 0.8909 -[t8: 0.3639] ID = 12
  47    3 ..........((((((..(((....)))...........)))))).. -12.70 0.1081 -[t8: 0.0441] ID = 13
