# File generated using DrTransformer v0.10
#
# >drtr_srp_Ther.mela._CP000716
# GUGAACCGGGUCAGGUCCGGAAGGAAGCAGCCCUAAGC 
#
# Co-transcriptional folding parameters:
# --t-ext: 0.02 sec
# --t-end: 60.0 sec
# --start: 1
# --stop: 38
# --reversed-transcription: False
#
# Algorithm parameters:
# --o-prune: 0.05
# --t-fast: 0.001 sec
# --fpwm: 4
# --mfree: 6 nuc
# --k0: 200000.0
#
# ViennaRNA model details:
# --temp: 37.0 C
# --dangles: 2
# --paramFile: None
# --noTetra: False
# --noGU: False
# --noClosingGU: False
#
#
# Results:
# Transcription Step | Energy-sorted structure count | Structure | Energy | [Occupancy-t0 Occupancy-t8] | Structure ID (-> Plotting ID)
   1    1 .   0.00  [1.0000 -> 1.0000] ID = 0
   2    1 ..   0.00  [1.0000 -> 1.0000] ID = 0
   3    1 ...   0.00  [1.0000 -> 1.0000] ID = 0
   4    1 ....   0.00  [1.0000 -> 1.0000] ID = 0
   5    1 .....   0.00  [1.0000 -> 1.0000] ID = 0
   6    1 ......   0.00  [1.0000 -> 1.0000] ID = 0
   7    1 .......   0.00  [1.0000 -> 1.0000] ID = 0
   8    1 ........   0.00  [1.0000 -> 1.0000] ID = 0
   9    1 .........   0.00  [1.0000 -> 1.0000] ID = 0
  10    1 ..........   0.00  [1.0000 -> 1.0000] ID = 0
  11    1 ...........   0.00  [1.0000 -> 1.0000] ID = 0
  12    1 ............   0.00  [1.0000 -> 1.0000] ID = 0
  13    1 .............   0.00  [1.0000 -> 1.0000] ID = 0
  14    1 ..............   0.00  [1.0000 -> 1.0000] ID = 0
  15    1 .....((......))  -1.30  [1.0000 -> 1.0000] ID = 1
  16    1 ....(((......)))  -2.60  [1.0000 -> 1.0000] ID = 2
  17    1 ....(((......))).  -2.60  [1.0000 -> 1.0000] ID = 2
  18    1 ....(((......)))..  -2.60  [1.0000 -> 1.0000] ID = 2
  19    1 ......((((.....))))  -3.10 +[0.0000 -> 0.2005] ID = 3
  19    2 ....(((......)))...  -2.60 -[1.0000 -> 0.7995] ID = 2
  20    1 .....(((((.....)))))  -6.00 +[0.2005 -> 0.3085] ID = 4
  20    2 .((.(((......))).)).  -2.90 -[0.7995 -> 0.6915] ID = 5
  21    1 .....(((((.....))))).  -6.00 +[0.3085 -> 0.4018] ID = 4
  21    2 .((.(((......))).))..  -2.90 -[0.6915 -> 0.5982] ID = 5
  22    1 .....(((((.....)))))..  -6.00 +[0.4018 -> 0.4823] ID = 4
  22    2 .((.(((......))).))...  -2.90 -[0.5982 -> 0.5177] ID = 5
  23    1 .....(((((.....)))))...  -6.00 +[0.4823 -> 0.5520] ID = 4
  23    2 .((.(((......))).))....  -2.90 -[0.5177 -> 0.4480] ID = 5
  24    1 .....(((((.....)))))....  -6.00 +[0.5520 -> 0.6121] ID = 4
  24    2 .((.(((......))).)).....  -2.90 -[0.4480 -> 0.3879] ID = 5
  25    1 .....(((((.....))))).....  -6.00 +[0.6121 -> 0.6195] ID = 4
  25    2 ....(((......)))((....)).  -4.10 -[0.3879 -> 0.3805] ID = 6
  26    1 .....(((((.....)))))......  -6.00 +[0.6195 -> 0.6267] ID = 4
  26    2 ....(((......)))((....))..  -4.10 -[0.3805 -> 0.3733] ID = 6
  27    1 .....(((((.....))))).......  -6.00 +[0.6267 -> 0.6338] ID = 4
  27    2 ....(((......)))((....))...  -4.10 -[0.3733 -> 0.3662] ID = 6
  28    1 .....(((((.....)))))........  -6.00 +[0.6338 -> 0.6407] ID = 4
  28    2 ....(((......)))((....))....  -4.10 -[0.3662 -> 0.3593] ID = 6
  29    1 .....(((((.....))))).........  -6.00 +[0.6407 -> 0.6475] ID = 4
  29    2 ....(((......)))((....)).....  -4.10 -[0.3593 -> 0.3525] ID = 6
  30    1 .....(((((.....)))))..........  -6.00 +[0.6475 -> 0.6541] ID = 4
  30    2 ....(((......)))((....))......  -4.10 -[0.3525 -> 0.3459] ID = 6
  31    1 .....(((((.....)))))...........  -6.00 +[0.6541 -> 0.6606] ID = 4
  31    2 ....(((......)))((....)).......  -4.10 -[0.3459 -> 0.3394] ID = 6
  32    1 ........(((....(((....)))....)))  -6.30 +[0.3394 -> 0.3398] ID = 7
  32    2 .....(((((.....)))))............  -6.00 -[0.6606 -> 0.6602] ID = 4
  33    1 .......((((....(((....)))....)))) -10.00 +[0.3398 -> 0.3403] ID = 8
  33    2 .....(((((.....)))))..((......)).  -6.20 -[0.6602 -> 0.6597] ID = 9
  34    1 .......((((....(((....)))....)))). -10.00 +[0.3403 -> 0.3405] ID = 8
  34    2 .....(((((.....))))).(((.......)))  -7.40 +[0.0000 -> 0.5772] ID = 10
  34    3 .....(((((.....)))))..((......))..  -6.20 -[0.6597 -> 0.0824] ID = 9
  35    1 .......((((....(((....)))....)))).. -10.00 +[0.3405 -> 0.3406] ID = 8
  35    2 .....(((((.....))))).(((.......))).  -7.40 -[0.5772 -> 0.5771] ID = 10
  35    3 .....(((((.....)))))..((......))...  -6.20  [0.0824 -> 0.0823] ID = 9
  36    1 .......((((....(((....)))....))))... -10.00 +[0.3406 -> 0.3407] ID = 8
  36    2 .....(((((.....))))).(((.......)))..  -7.40 -[0.5771 -> 0.5770] ID = 10
  36    3 .....(((((.....)))))..((......))....  -6.20  [0.0823 -> 0.0823] ID = 9
  37    1 .......((((....(((....)))....)))).... -10.00 +[0.3407 -> 0.3409] ID = 8
  37    2 .....(((((.....))))).(((.......)))...  -7.40 -[0.5770 -> 0.5768] ID = 10
  37    3 .....(((((.....)))))..((......)).....  -6.20  [0.0823 -> 0.0823] ID = 9
  38    1 .......((((....(((....)))....))))..... -10.00 +[0.3409 -> 0.6393] ID = 8
  38    2 .....(((((.....))))).(((.......)))....  -7.40 -[0.5768 -> 0.3156] ID = 10
  38    3 .....(((((.....)))))..((......))......  -6.20 -[0.0823 -> 0.0450] ID = 9
# Distribution of structures at the end:
#         GUGAACCGGGUCAGGUCCGGAAGGAAGCAGCCCUAAGC
  38    1 .......((((....(((....)))....))))..... -10.00 0.6393 +[t8: 0.9835] ID = 8
  38    2 .....(((((.....))))).(((.......)))....  -7.40 0.3156 -[t8: 0.0145] ID = 10
  38    3 .....(((((.....)))))..((......))......  -6.20 0.0450 -[t8: 0.0021] ID = 9
