# File generated using DrTransformer v0.10
#
# >drtr_srp_Sino.meli._AL591782_rev
# AACCGGGUCAGGUCCGGAAGGAAGCAGCCCUAA 
#
# Co-transcriptional folding parameters:
# --t-ext: 0.02 sec
# --t-end: 60.0 sec
# --start: 1
# --stop: 33
# --reversed-transcription: True
#
# Algorithm parameters:
# --o-prune: 0.05
# --t-fast: 0.001 sec
# --fpwm: 4
# --mfree: 6 nuc
# --k0: 200000.0
#
# ViennaRNA model details:
# --temp: 37.0 C
# --dangles: 2
# --paramFile: None
# --noTetra: False
# --noGU: False
# --noClosingGU: False
#
#
# Results:
# Transcription Step | Energy-sorted structure count | Structure | Energy | [Occupancy-t0 Occupancy-t8] | Structure ID (-> Plotting ID)
   1    1                                 .   0.00  [1.0000 -> 1.0000] ID = 0
   2    1                                ..   0.00  [1.0000 -> 1.0000] ID = 0
   3    1                               ...   0.00  [1.0000 -> 1.0000] ID = 0
   4    1                              ....   0.00  [1.0000 -> 1.0000] ID = 0
   5    1                             .....   0.00  [1.0000 -> 1.0000] ID = 0
   6    1                            ......   0.00  [1.0000 -> 1.0000] ID = 0
   7    1                           .......   0.00  [1.0000 -> 1.0000] ID = 0
   8    1                          ........   0.00  [1.0000 -> 1.0000] ID = 0
   9    1                         .........   0.00  [1.0000 -> 1.0000] ID = 0
  10    1                        ..........   0.00  [1.0000 -> 1.0000] ID = 0
  11    1                       ...........   0.00  [1.0000 -> 1.0000] ID = 0
  12    1                      ............   0.00  [1.0000 -> 1.0000] ID = 0
  13    1                     .............   0.00  [1.0000 -> 1.0000] ID = 0
  14    1                    ..............   0.00  [1.0000 -> 1.0000] ID = 0
  15    1                   (((.......)))..  -1.40 +[0.0000 -> 0.9065] ID = 1
  15    2                   ...............   0.00 -[1.0000 -> 0.0935] ID = 0
  16    1                  .(((.......)))..  -1.40  [0.9065 -> 0.9065] ID = 1
  16    2                  ................   0.00  [0.0935 -> 0.0935] ID = 0
  17    1                 ..(((.......)))..  -1.40  [0.9065 -> 0.9065] ID = 1
  17    2                 .................   0.00  [0.0935 -> 0.0935] ID = 0
  18    1                ...(((.......)))..  -1.40  [0.9065 -> 0.9065] ID = 1
  18    2                ..................   0.00  [0.0935 -> 0.0935] ID = 0
  19    1               ....(((.......)))..  -1.40  [0.9065 -> 0.9065] ID = 1
  19    2               ...................   0.00  [0.0935 -> 0.0935] ID = 0
  20    1              .....(((.......)))..  -1.40  [0.9065 -> 0.9065] ID = 1
  20    2              ....................   0.00  [0.0935 -> 0.0935] ID = 0
  21    1             (((....)))...........  -2.70 +[0.0935 -> 0.7276] ID = 2
  21    2             ......(((.......)))..  -1.40 -[0.9065 -> 0.2724] ID = 1
  22    1            .(((....)))...........  -2.70 +[0.7276 -> 0.8580] ID = 2
  22    2            .......(((.......)))..  -1.40 -[0.2724 -> 0.1420] ID = 1
  23    1           ..(((....)))...........  -2.70 +[0.8580 -> 0.8849] ID = 2
  23    2           ........(((.......)))..  -1.40 -[0.1420 -> 0.1151] ID = 1
  24    1          ((((((....)))......)))..  -3.20 +[0.0000 -> 0.6453] ID = 3
  24    2          ...(((....)))...........  -2.70 -[0.8849 -> 0.2949] ID = 2
  24    3          .........(((.......)))..  -1.40 -[0.1151 -> 0.0598] ID = 1
  25    1         .((((((....)))......)))..  -3.20 +[0.6453 -> 0.6624] ID = 3
  25    2         ....(((....)))...........  -2.70 +[0.2949 -> 0.2959] ID = 2
  25    3         ..........(((.......)))..  -1.40 -[0.0598 -> 0.0417] ID = 1
  26    1        ..((((((....)))......)))..  -3.20 +[0.6624 -> 0.6923] ID = 3
  26    2        .....(((....)))...........  -2.70 -[0.3376 -> 0.3077] ID = 2
  27    1       ...((((((....)))......)))..  -3.20  [0.6923 -> 0.6924] ID = 3
  27    2       ......(((....)))...........  -2.70  [0.3077 -> 0.3076] ID = 2
  28    1      (((....(((....)))....)))....  -6.30 +[0.3076 -> 0.8972] ID = 4
  28    2      ....((((((....)))......)))..  -3.20 -[0.6924 -> 0.1028] ID = 3
  29    1     ((((....(((....)))....))))... -10.00 +[0.8972 -> 0.9854] ID = 5
  29    2     .....((((((....)))......)))..  -3.20 -[0.1028 -> 0.0146] ID = 3
  30    1    .((((....(((....)))....))))... -10.00  [1.0000 -> 1.0000] ID = 5
  31    1   ..((((....(((....)))....))))... -10.00  [1.0000 -> 1.0000] ID = 5
  32    1  ...((((....(((....)))....))))... -10.00  [1.0000 -> 1.0000] ID = 5
  33    1 ....((((....(((....)))....))))... -10.00  [1.0000 -> 1.0000] ID = 5
# Distribution of structures at the end:
#         AACCGGGUCAGGUCCGGAAGGAAGCAGCCCUAA
  33    1 ....((((....(((....)))....))))... -10.00 1.0000  [t8: 1.0000] ID = 5
