# File generated using DrTransformer v0.10
#
# >drtr_srp_Nitr.wino._CP000115
# CGCCAACCUGGUCAGGUCCGGAAGGAAGCAGCCACAACG 
#
# Co-transcriptional folding parameters:
# --t-ext: 0.02 sec
# --t-end: 60.0 sec
# --start: 1
# --stop: 39
# --reversed-transcription: False
#
# Algorithm parameters:
# --o-prune: 0.05
# --t-fast: 0.001 sec
# --fpwm: 4
# --mfree: 6 nuc
# --k0: 200000.0
#
# ViennaRNA model details:
# --temp: 37.0 C
# --dangles: 2
# --paramFile: None
# --noTetra: False
# --noGU: False
# --noClosingGU: False
#
#
# Results:
# Transcription Step | Energy-sorted structure count | Structure | Energy | [Occupancy-t0 Occupancy-t8] | Structure ID (-> Plotting ID)
   1    1 .   0.00  [1.0000 -> 1.0000] ID = 0
   2    1 ..   0.00  [1.0000 -> 1.0000] ID = 0
   3    1 ...   0.00  [1.0000 -> 1.0000] ID = 0
   4    1 ....   0.00  [1.0000 -> 1.0000] ID = 0
   5    1 .....   0.00  [1.0000 -> 1.0000] ID = 0
   6    1 ......   0.00  [1.0000 -> 1.0000] ID = 0
   7    1 .......   0.00  [1.0000 -> 1.0000] ID = 0
   8    1 ........   0.00  [1.0000 -> 1.0000] ID = 0
   9    1 .........   0.00  [1.0000 -> 1.0000] ID = 0
  10    1 ..........   0.00  [1.0000 -> 1.0000] ID = 0
  11    1 ..(((...)))  -0.60  [1.0000 -> 1.0000] ID = 1
  12    1 .((((...))))  -2.10  [1.0000 -> 1.0000] ID = 2
  13    1 .((((...)))).  -2.10  [1.0000 -> 1.0000] ID = 2
  14    1 .((((...))))..  -2.10  [1.0000 -> 1.0000] ID = 2
  15    1 .((((...))))...  -2.10  [1.0000 -> 1.0000] ID = 2
  16    1 .((((...))))....  -2.10  [1.0000 -> 1.0000] ID = 2
  17    1 .....((((....))))  -2.50 +[0.0000 -> 0.5509] ID = 3
  17    2 .((((...)))).....  -2.10 -[1.0000 -> 0.4491] ID = 2
  18    1 .....((((....)))).  -2.50 +[0.5509 -> 0.6397] ID = 3
  18    2 .((((...))))......  -2.10 -[0.4491 -> 0.3603] ID = 2
  19    1 .....((((....))))..  -2.50 +[0.6397 -> 0.6540] ID = 3
  19    2 .((((...)))).......  -2.10 -[0.3603 -> 0.3460] ID = 2
  20    1 ((...((((....)))).))  -3.00 +[0.6540 -> 0.7756] ID = 4
  20    2 .((((...))))........  -2.10 -[0.3460 -> 0.2244] ID = 2
  21    1 .......((((......))))  -4.50 +[0.0000 -> 0.3732] ID = 5
  21    2 ((...((((....)))).)).  -3.00 -[0.7756 -> 0.5539] ID = 4
  21    3 .((((...)))).........  -2.10 -[0.2244 -> 0.0729] ID = 2
  22    1 .......((((......)))).  -4.50 +[0.3732 -> 0.4436] ID = 5
  22    2 ..((.((((....))))..)).  -3.90 -[0.5539 -> 0.5358] ID = 6
  22    3 .((((...))))..........  -2.10 -[0.0729 -> 0.0206] ID = 2
  23    1 .......((((......))))..  -4.50 +[0.4539 -> 0.4771] ID = 5
  23    2 ..((.((((....))))..))..  -3.90 -[0.5461 -> 0.5229] ID = 6
  24    1 .......((((......))))...  -4.50 +[0.4771 -> 0.4982] ID = 5
  24    2 ..((.((((....))))..))...  -3.90 -[0.5229 -> 0.5018] ID = 6
  25    1 ..((...((((......))))..))  -5.00 +[0.4982 -> 0.5243] ID = 7
  25    2 ..((.((((....))))..))....  -3.90 -[0.5018 -> 0.4757] ID = 6
  26    1 ..((...((((......))))..)).  -5.00 +[0.5243 -> 0.5611] ID = 7
  26    2 .....((((....))))((....)).  -4.00 -[0.4757 -> 0.4389] ID = 8
  27    1 ..((...((((......))))..))..  -5.00 +[0.5611 -> 0.5620] ID = 7
  27    2 .((((...))))....(((....))).  -4.80 +[0.0000 -> 0.3427] ID = 9
  27    3 .....((((....))))((....))..  -4.00 -[0.4389 -> 0.0953] ID = 8
  28    1 ..((...((((......))))..))...  -5.00 -[0.5620 -> 0.5586] ID = 7
  28    2 .((((...))))....(((....)))..  -4.80 +[0.3427 -> 0.3465] ID = 9
  28    3 .....((((....))))((....))...  -4.00 -[0.0953 -> 0.0948] ID = 8
  29    1 ..((...((((......))))..))....  -5.00 -[0.5586 -> 0.5555] ID = 7
  29    2 .((((...))))....(((....)))...  -4.80 +[0.3465 -> 0.3490] ID = 9
  29    3 .....((((....))))((....))....  -4.00 +[0.0948 -> 0.0955] ID = 8
  30    1 ..((...((((......))))..)).....  -5.00 -[0.5555 -> 0.5526] ID = 7
  30    2 .((((...))))....(((....)))....  -4.80 +[0.3490 -> 0.3513] ID = 9
  30    3 .....((((....))))((....)).....  -4.00 +[0.0955 -> 0.0961] ID = 8
  31    1 ..((...((((......))))..))......  -5.00 -[0.5526 -> 0.5500] ID = 7
  31    2 .((((...))))....(((....))).....  -4.80 +[0.3513 -> 0.3534] ID = 9
  31    3 .....((((....))))((....))......  -4.00 +[0.0961 -> 0.0967] ID = 8
  32    1 ..((...((((......))))..)).......  -5.00 -[0.5500 -> 0.5476] ID = 7
  32    2 .((((...))))....(((....)))......  -4.80 +[0.3534 -> 0.3553] ID = 9
  32    3 .....((((....))))((....)).......  -4.00 +[0.0967 -> 0.0972] ID = 8
  33    1 .........(((....(((....)))....)))  -6.80 +[0.0000 -> 0.4014] ID = 10
  33    2 ..((...((((......))))..))........  -5.00 -[0.5476 -> 0.5228] ID = 7
  33    3 .((((...))))....(((....))).......  -4.80 -[0.3553 -> 0.0624] ID = 9
  33    4 .....((((....))))((....))........  -4.00 -[0.0972 -> 0.0134] ID = 8
  34    1 ........((((....(((....)))....))))  -7.60 +[0.4059 -> 0.4497] ID = 11
  34    2 .......((((......))))..((......)).  -5.20 -[0.5272 -> 0.5039] ID = 12
  34    3 .((((...))))..(((((....)).....))).  -4.90 +[0.0000 -> 0.0255] ID = 13
  34    4 .((((...))))....(((....)))........  -4.80 -[0.0669 -> 0.0209] ID = 9
  35    1 ........((((....(((....)))....)))).  -7.60 +[0.4729 -> 0.4806] ID = 11
  35    2 .......((((......))))..((......))..  -5.20 -[0.5271 -> 0.5194] ID = 12
  36    1 ........((((....(((....)))....))))..  -7.60 +[0.4806 -> 0.4882] ID = 11
  36    2 .......((((......))))..((......))...  -5.20 -[0.5194 -> 0.5118] ID = 12
  37    1 ........((((....(((....)))....))))...  -7.60 +[0.4882 -> 0.4957] ID = 11
  37    2 .......((((......))))..((......))....  -5.20 -[0.5118 -> 0.5043] ID = 12
  38    1 ........((((....(((....)))....))))....  -7.60 +[0.4957 -> 0.5030] ID = 11
  38    2 .......((((......))))..((......)).....  -5.20 -[0.5043 -> 0.4970] ID = 12
  39    1 ........((((....(((....)))....)))).....  -7.60 +[0.5030 -> 0.9800] ID = 11
  39    2 .......((((......))))..((......))......  -5.20 -[0.4970 -> 0.0200] ID = 12
# Distribution of structures at the end:
#         CGCCAACCUGGUCAGGUCCGGAAGGAAGCAGCCACAACG
  39    1 ........((((....(((....)))....)))).....  -7.60 0.9800  [t8: 0.9800] ID = 11
  39    2 .......((((......))))..((......))......  -5.20 0.0200  [t8: 0.0200] ID = 12
