# File generated using DrTransformer v0.10
#
# >drtr_srp_Pedi.pent._CP000422_rev
# AGGCAAGGUUGGACUUACGAAUUGUGUCAGGUCCGGAAGGAAGCAGCACUAAGUAUGCU 
#
# Co-transcriptional folding parameters:
# --t-ext: 0.02 sec
# --t-end: 60.0 sec
# --start: 1
# --stop: 59
# --reversed-transcription: True
#
# Algorithm parameters:
# --o-prune: 0.05
# --t-fast: 0.001 sec
# --fpwm: 4
# --mfree: 6 nuc
# --k0: 200000.0
#
# ViennaRNA model details:
# --temp: 37.0 C
# --dangles: 2
# --paramFile: None
# --noTetra: False
# --noGU: False
# --noClosingGU: False
#
#
# Results:
# Transcription Step | Energy-sorted structure count | Structure | Energy | [Occupancy-t0 Occupancy-t8] | Structure ID (-> Plotting ID)
   1    1                                                           .   0.00  [1.0000 -> 1.0000] ID = 0
   2    1                                                          ..   0.00  [1.0000 -> 1.0000] ID = 0
   3    1                                                         ...   0.00  [1.0000 -> 1.0000] ID = 0
   4    1                                                        ....   0.00  [1.0000 -> 1.0000] ID = 0
   5    1                                                       .....   0.00  [1.0000 -> 1.0000] ID = 0
   6    1                                                      ......   0.00  [1.0000 -> 1.0000] ID = 0
   7    1                                                     .......   0.00  [1.0000 -> 1.0000] ID = 0
   8    1                                                    ........   0.00  [1.0000 -> 1.0000] ID = 0
   9    1                                                   .........   0.00  [1.0000 -> 1.0000] ID = 0
  10    1                                                  ..........   0.00  [1.0000 -> 1.0000] ID = 0
  11    1                                                 ...........   0.00  [1.0000 -> 1.0000] ID = 0
  12    1                                                ............   0.00  [1.0000 -> 1.0000] ID = 0
  13    1                                               .............   0.00  [1.0000 -> 1.0000] ID = 0
  14    1                                              (((.......))).  -0.60 +[0.0000 -> 0.7258] ID = 1
  14    2                                              ..............   0.00 -[1.0000 -> 0.2742] ID = 0
  15    1                                             ((((.......))))  -1.50 +[0.7258 -> 0.9193] ID = 2
  15    2                                             ...............   0.00 -[0.2742 -> 0.0807] ID = 0
  16    1                                            .((((.......))))  -1.50  [0.9193 -> 0.9194] ID = 2
  16    2                                            ................   0.00  [0.0807 -> 0.0806] ID = 0
  17    1                                           (((((.....)).))).  -1.60 +[0.0000 -> 0.2959] ID = 3
  17    2                                           ..((((.......))))  -1.50 -[0.9194 -> 0.6668] ID = 2
  17    3                                           .................   0.00 -[0.0806 -> 0.0373] ID = 0
  18    1                                          ((((((.....)).))))  -2.50 +[0.3146 -> 0.6197] ID = 4
  18    2                                          ...((((.......))))  -1.50 -[0.6854 -> 0.3803] ID = 2
  19    1                                         .((((((.....)).))))  -2.50 +[0.6197 -> 0.7460] ID = 4
  19    2                                         ....((((.......))))  -1.50 -[0.3803 -> 0.2540] ID = 2
  20    1                                        ..((((((.....)).))))  -2.50 +[0.7460 -> 0.7982] ID = 4
  20    2                                        .....((((.......))))  -1.50 -[0.2540 -> 0.2018] ID = 2
  21    1                                       ...((((((.....)).))))  -2.50 +[0.7982 -> 0.8199] ID = 4
  21    2                                       ......((((.......))))  -1.50 -[0.2018 -> 0.1801] ID = 2
  22    1                                      ....((((((.....)).))))  -2.50 +[0.8199 -> 0.8288] ID = 4
  22    2                                      .......((((.......))))  -1.50 -[0.1801 -> 0.1712] ID = 2
  23    1                                     .....((((((.....)).))))  -2.50 +[0.8288 -> 0.8325] ID = 4
  23    2                                     ........((((.......))))  -1.50 -[0.1712 -> 0.1675] ID = 2
  24    1                                    ......((((((.....)).))))  -2.50 +[0.8325 -> 0.8341] ID = 4
  24    2                                    .........((((.......))))  -1.50 -[0.1675 -> 0.1659] ID = 2
  25    1                                   .......((((((.....)).))))  -2.50 +[0.8341 -> 0.8347] ID = 4
  25    2                                   ..........((((.......))))  -1.50 -[0.1659 -> 0.1653] ID = 2
  26    1                                  ........((((((.....)).))))  -2.50 +[0.8347 -> 0.8350] ID = 4
  26    2                                  ...........((((.......))))  -1.50 -[0.1653 -> 0.1650] ID = 2
  27    1                                 ((....)).((((((.....)).))))  -4.00 +[0.8350 -> 0.8351] ID = 5
  27    2                                 ((....))....((((.......))))  -3.00 -[0.1650 -> 0.1649] ID = 6
  28    1                                (((....)))((((((.....)).))))  -5.20  [0.8351 -> 0.8351] ID = 7
  28    2                                (((....)))...((((.......))))  -4.20  [0.1649 -> 0.1649] ID = 8
  29    1                               .(((....)))((((((.....)).))))  -5.20  [0.8351 -> 0.8351] ID = 7
  29    2                               .(((....)))...((((.......))))  -4.20  [0.1649 -> 0.1649] ID = 8
  30    1                              ..(((....)))((((((.....)).))))  -5.20  [0.8351 -> 0.8351] ID = 7
  30    2                              ..(((....)))...((((.......))))  -4.20  [0.1649 -> 0.1649] ID = 8
  31    1                             ...(((....)))((((((.....)).))))  -5.20  [0.8351 -> 0.8351] ID = 7
  31    2                             ...(((....)))...((((.......))))  -4.20  [0.1649 -> 0.1649] ID = 8
  32    1                            ....(((....)))((((((.....)).))))  -5.20  [0.8351 -> 0.8351] ID = 7
  32    2                            ....(((....)))...((((.......))))  -4.20  [0.1649 -> 0.1649] ID = 8
  33    1                           .....(((....)))((((((.....)).))))  -5.20  [0.8351 -> 0.8351] ID = 7
  33    2                           .....(((....)))...((((.......))))  -4.20  [0.1649 -> 0.1649] ID = 8
  34    1                          ......(((....)))((((((.....)).))))  -5.20  [0.8351 -> 0.8351] ID = 7
  34    2                          ......(((....)))...((((.......))))  -4.20  [0.1649 -> 0.1649] ID = 8
  35    1                         .......(((....)))((((((.....)).))))  -5.20  [0.8351 -> 0.8351] ID = 7
  35    2                         .......(((....)))...((((.......))))  -4.20  [0.1649 -> 0.1649] ID = 8
  36    1                        ((((....(((....)))....))))..........  -7.50 +[0.0000 -> 0.2402] ID = 9
  36    2                        ........(((....)))((((((.....)).))))  -5.20 -[0.8351 -> 0.6662] ID = 7
  36    3                        ........(((....)))...((((.......))))  -4.20 -[0.1649 -> 0.0936] ID = 8
  37    1                       .((((....(((....)))....))))..........  -7.50 +[0.2402 -> 0.4138] ID = 9
  37    2                       .........(((....)))((((((.....)).))))  -5.20 -[0.6662 -> 0.5205] ID = 7
  37    3                       .........(((....)))...((((.......))))  -4.20 -[0.0936 -> 0.0657] ID = 8
  38    1                      ..((((....(((....)))....))))..........  -7.50 +[0.4138 -> 0.5447] ID = 9
  38    2                      ..........(((....)))((((((.....)).))))  -5.20 -[0.5205 -> 0.4054] ID = 7
  38    3                      ..........(((....)))...((((.......))))  -4.20 -[0.0657 -> 0.0500] ID = 8
  39    1                     ...((((....(((....)))....))))..........  -7.50 +[0.5697 -> 0.6454] ID = 9
  39    2                     ...........(((....)))((((((.....)).))))  -5.20 -[0.4303 -> 0.3546] ID = 7
  40    1                    ....((((....(((....)))....))))..........  -7.50 +[0.6454 -> 0.7071] ID = 9
  40    2                    ............(((....)))((((((.....)).))))  -5.20 -[0.3546 -> 0.2929] ID = 7
  41    1                   .....((((....(((....)))....))))..........  -7.50 +[0.7071 -> 0.7573] ID = 9
  41    2                   .............(((....)))((((((.....)).))))  -5.20 -[0.2929 -> 0.2427] ID = 7
  42    1                  ......((((....(((....)))....))))..........  -7.50 +[0.7573 -> 0.7981] ID = 9
  42    2                  ..............(((....)))((((((.....)).))))  -5.20 -[0.2427 -> 0.2019] ID = 7
  43    1                 .......((((....(((....)))....))))..........  -7.50 +[0.7981 -> 0.8313] ID = 9
  43    2                 ...............(((....)))((((((.....)).))))  -5.20 -[0.2019 -> 0.1687] ID = 7
  44    1                (((.....((((....(((....)))....))))...)))....  -8.20 +[0.8313 -> 0.8609] ID = 10
  44    2                ................(((....)))((((((.....)).))))  -5.20 -[0.1687 -> 0.1391] ID = 7
  45    1               .(((.....((((....(((....)))....))))...)))....  -8.20 +[0.8609 -> 0.8850] ID = 10
  45    2               .................(((....)))((((((.....)).))))  -5.20 -[0.1391 -> 0.1150] ID = 7
  46    1              ..(((.....((((....(((....)))....))))...)))....  -8.20 +[0.8850 -> 0.9047] ID = 10
  46    2              ..................(((....)))((((((.....)).))))  -5.20 -[0.1150 -> 0.0953] ID = 7
  47    1             ...(((.....((((....(((....)))....))))...)))....  -8.20 +[0.9047 -> 0.9208] ID = 10
  47    2             ...................(((....)))((((((.....)).))))  -5.20 -[0.0953 -> 0.0792] ID = 7
  48    1            .(((((......((((....(((....)))....))))))))).....  -8.50 +[0.0000 -> 0.2066] ID = 11
  48    2            ....(((.....((((....(((....)))....))))...)))....  -8.20 -[0.9208 -> 0.7150] ID = 10
  48    3            (((...........)))...(((....)))((((((.....)).))))  -6.70 +[0.0000 -> 0.0720] ID = 12
  48    4            ....................(((....)))((((((.....)).))))  -5.20 -[0.0792 -> 0.0063] ID = 7
  49    1           (((((((((.....))).)))))).......((((((.....)).)))) -10.30 +[0.0000 -> 0.0402] ID = 13
  49    2           ..(((((......((((....(((....)))....))))))))).....  -8.50 +[0.2066 -> 0.3390] ID = 11
  49    3           .....(((.....((((....(((....)))....))))...)))....  -8.20 -[0.7182 -> 0.5847] ID = 10
  49    4           .(((...........)))...(((....)))((((((.....)).))))  -6.70 -[0.0752 -> 0.0361] ID = 12
  50    1          ((((((((((.....))).)))))))......((((((.....)).)))) -10.70 +[0.0582 -> 0.0594] ID = 14
  50    2          ...(((((......((((....(((....)))....))))))))).....  -8.50 +[0.3390 -> 0.4270] ID = 11
  50    3          ......(((.....((((....(((....)))....))))...)))....  -8.20 -[0.6027 -> 0.5135] ID = 10
  51    1         (((((((((((.....))).)))))))).....((((((.....)).)))) -11.00 +[0.0594 -> 0.0606] ID = 15
  51    2         ....(((((......((((....(((....)))....))))))))).....  -8.50 +[0.4270 -> 0.4828] ID = 11
  51    3         .......(((.....((((....(((....)))....))))...)))....  -8.20 -[0.5135 -> 0.4566] ID = 10
  52    1        .(((((((((((.....))).)))))))).....((((((.....)).)))) -11.00 +[0.0606 -> 0.0618] ID = 15
  52    2        .....(((((......((((....(((....)))....))))))))).....  -8.50 +[0.4828 -> 0.5181] ID = 11
  52    3        ........(((.....((((....(((....)))....))))...)))....  -8.20 -[0.4566 -> 0.4201] ID = 10
  53    1       ..(((((((((((.....))).)))))))).....((((((.....)).)))) -11.00 +[0.0618 -> 0.0626] ID = 15
  53    2       (((...(((((......((((....(((....)))....)))))))))..)))  -9.10 +[0.5181 -> 0.5885] ID = 16
  53    3       .........(((.....((((....(((....)))....))))...)))....  -8.20 -[0.4201 -> 0.3489] ID = 10
  54    1      ...(((((((((((.....))).)))))))).....((((((.....)).)))) -11.00 +[0.0626 -> 0.0632] ID = 15
  54    2      .(((...(((((......((((....(((....)))....)))))))))..)))  -9.10 +[0.5885 -> 0.6808] ID = 16
  54    3      ..........(((.....((((....(((....)))....))))...)))....  -8.20 -[0.3489 -> 0.2559] ID = 10
  55    1     ....(((((((((((.....))).)))))))).....((((((.....)).)))) -11.00 +[0.0632 -> 0.0639] ID = 15
  55    2     ..(((...(((((......((((....(((....)))....)))))))))..)))  -9.10 +[0.6808 -> 0.7232] ID = 16
  55    3     ...........(((.....((((....(((....)))....))))...)))....  -8.20 -[0.2559 -> 0.2129] ID = 10
  56    1    .....(((((((((((.....))).)))))))).....((((((.....)).)))) -11.00 +[0.0639 -> 0.0644] ID = 15
  56    2    ...(((...(((((......((((....(((....)))....)))))))))..)))  -9.10 +[0.7232 -> 0.7425] ID = 16
  56    3    ............(((.....((((....(((....)))....))))...)))....  -8.20 -[0.2129 -> 0.1930] ID = 10
  57    1   ......(((((((((((.....))).)))))))).....((((((.....)).)))) -11.00 -[0.0644 -> 0.0544] ID = 15
  57    2   ((....(((((((((((.....))).))))))))......))((((.......)))) -10.90 +[0.0000 -> 0.0109] ID = 17
  57    3   ....(((...(((((......((((....(((....)))....)))))))))..)))  -9.10 -[0.7425 -> 0.7269] ID = 16
  57    4   (((..........(((.....((((....(((....)))....))))...)))))).  -8.50 +[0.0000 -> 0.0856] ID = 18
  57    5   .............(((.....((((....(((....)))....))))...)))....  -8.20 -[0.1930 -> 0.1222] ID = 10
  58    1  .......(((((((((((.....))).)))))))).....((((((.....)).)))) -11.00 +[0.0580 -> 0.0585] ID = 15
  58    2  ((((..........(((.....((((....(((....)))....))))...)))))))  -9.40 +[0.0856 -> 0.1520] ID = 20
  58    3  .....(((...(((((......((((....(((....)))....)))))))))..)))  -9.10 -[0.7305 -> 0.6938] ID = 16
  58    4  ..............(((.....((((....(((....)))....))))...)))....  -8.20 -[0.1258 -> 0.0958] ID = 10
  59    1 ........(((((((((((.....))).)))))))).....((((((.....)).)))) -11.00 +[0.0585 -> 0.5324] ID = 15
  59    2 .((((..........(((.....((((....(((....)))....))))...)))))))  -9.40 +[0.1520 -> 0.2664] ID = 20
  59    3 ......(((...(((((......((((....(((....)))....)))))))))..)))  -9.10 -[0.6938 -> 0.1633] ID = 16
  59    4 ...............(((.....((((....(((....)))....))))...)))....  -8.20 -[0.0958 -> 0.0379] ID = 10
# Distribution of structures at the end:
#         AGGCAAGGUUGGACUUACGAAUUGUGUCAGGUCCGGAAGGAAGCAGCACUAAGUAUGCU
  59    1 ........(((((((((((.....))).)))))))).....((((((.....)).)))) -11.00 0.5324 +[t8: 0.8841] ID = 15
  59    2 .((((..........(((.....((((....(((....)))....))))...)))))))  -9.40 0.2664 -[t8: 0.0659] ID = 20
  59    3 ......(((...(((((......((((....(((....)))....)))))))))..)))  -9.10 0.1633 -[t8: 0.0405] ID = 16
  59    4 ...............(((.....((((....(((....)))....))))...)))....  -8.20 0.0379 -[t8: 0.0094] ID = 10
