# File generated using DrTransformer v0.10
#
# >drtr_srp_Crit.luci._AY781798_rev
# UGGACCAGCGAGGGUGUUCUGCUGCGUUGACGUGGUGCUCUGCUUGGCUGUGUGUCGG 
#
# Co-transcriptional folding parameters:
# --t-ext: 0.02 sec
# --t-end: 60.0 sec
# --start: 1
# --stop: 58
# --reversed-transcription: True
#
# Algorithm parameters:
# --o-prune: 0.05
# --t-fast: 0.001 sec
# --fpwm: 4
# --mfree: 6 nuc
# --k0: 200000.0
#
# ViennaRNA model details:
# --temp: 37.0 C
# --dangles: 2
# --paramFile: None
# --noTetra: False
# --noGU: False
# --noClosingGU: False
#
#
# Results:
# Transcription Step | Energy-sorted structure count | Structure | Energy | [Occupancy-t0 Occupancy-t8] | Structure ID (-> Plotting ID)
   1    1                                                          .   0.00  [1.0000 -> 1.0000] ID = 0
   2    1                                                         ..   0.00  [1.0000 -> 1.0000] ID = 0
   3    1                                                        ...   0.00  [1.0000 -> 1.0000] ID = 0
   4    1                                                       ....   0.00  [1.0000 -> 1.0000] ID = 0
   5    1                                                      .....   0.00  [1.0000 -> 1.0000] ID = 0
   6    1                                                     ......   0.00  [1.0000 -> 1.0000] ID = 0
   7    1                                                    .......   0.00  [1.0000 -> 1.0000] ID = 0
   8    1                                                   ........   0.00  [1.0000 -> 1.0000] ID = 0
   9    1                                                  .........   0.00  [1.0000 -> 1.0000] ID = 0
  10    1                                                 ..........   0.00  [1.0000 -> 1.0000] ID = 0
  11    1                                                ...........   0.00  [1.0000 -> 1.0000] ID = 0
  12    1                                               ............   0.00  [1.0000 -> 1.0000] ID = 0
  13    1                                              (((.....)))..  -1.90  [1.0000 -> 1.0000] ID = 1
  14    1                                             ((((.....)))).  -2.30  [1.0000 -> 1.0000] ID = 2
  15    1                                            .((((.....)))).  -2.30  [1.0000 -> 1.0000] ID = 2
  16    1                                           ..((((.....)))).  -2.30  [1.0000 -> 1.0000] ID = 2
  17    1                                          ...((((.....)))).  -2.30  [1.0000 -> 1.0000] ID = 2
  18    1                                         ....((((.....)))).  -2.30  [1.0000 -> 1.0000] ID = 2
  19    1                                        .....((((.....)))).  -2.30  [1.0000 -> 1.0000] ID = 2
  20    1                                       ......((((.....)))).  -2.30  [1.0000 -> 1.0000] ID = 2
  21    1                                      .......((((.....)))).  -2.30  [1.0000 -> 1.0000] ID = 2
  22    1                                     ........((((.....)))).  -2.30  [1.0000 -> 1.0000] ID = 2
  23    1                                    .........((((.....)))).  -2.30  [1.0000 -> 1.0000] ID = 2
  24    1                                   ..........((((.....)))).  -2.30  [1.0000 -> 1.0000] ID = 2
  25    1                                  ...........((((.....)))).  -2.30  [1.0000 -> 1.0000] ID = 2
  26    1                                 ............((((.....)))).  -2.30  [1.0000 -> 1.0000] ID = 2
  27    1                                ((((....)))).((((.....)))).  -4.00  [1.0000 -> 1.0000] ID = 3
  28    1                               .((((....)))).((((.....)))).  -4.00  [1.0000 -> 1.0000] ID = 3
  29    1                              ..((((....)))).((((.....)))).  -4.00  [1.0000 -> 1.0000] ID = 3
  30    1                             ((((....(((......)))....))))..  -5.20 +[0.0000 -> 0.0241] ID = 4
  30    2                             ...((((....)))).((((.....)))).  -4.00 -[1.0000 -> 0.9759] ID = 3
  31    1                            (((((....(((......)))....))))).  -5.60 +[0.0241 -> 0.0475] ID = 5
  31    2                            ....((((....)))).((((.....)))).  -4.00 -[0.9759 -> 0.9525] ID = 3
  32    1                           .(((((....(((......)))....))))).  -5.60 +[0.0475 -> 0.0704] ID = 5
  32    2                           .....((((....)))).((((.....)))).  -4.00 -[0.9525 -> 0.9296] ID = 3
  33    1                          ..(((((....(((......)))....))))).  -5.60 +[0.0704 -> 0.0927] ID = 5
  33    2                          ......((((....)))).((((.....)))).  -4.00 -[0.9296 -> 0.9073] ID = 3
  34    1                         ...(((((....(((......)))....))))).  -5.60 +[0.0927 -> 0.1142] ID = 5
  34    2                         .......((((....)))).((((.....)))).  -4.00 -[0.9073 -> 0.5211] ID = 3
  34    3                         .(((((.((((....)))))))))..........  -4.00 +[0.0000 -> 0.3647] ID = 6
  35    1                        ....(((((....(((......)))....))))).  -5.60 +[0.1142 -> 0.1351] ID = 5
  35    2                        ........((((....)))).((((.....)))).  -4.00 -[0.5211 -> 0.4459] ID = 3
  35    3                        ..(((((.((((....)))))))))..........  -4.00 +[0.3647 -> 0.4190] ID = 6
  36    1                       .....(((((....(((......)))....))))).  -5.60 +[0.1351 -> 0.1554] ID = 5
  36    2                       .........((((....)))).((((.....)))).  -4.00 -[0.4459 -> 0.4246] ID = 3
  36    3                       ...(((((.((((....)))))))))..........  -4.00 +[0.4190 -> 0.4200] ID = 6
  37    1                      ......(((((....(((......)))....))))).  -5.60 +[0.1554 -> 0.1725] ID = 5
  37    2                      (((((....))))).........((((.....)))).  -5.60 +[0.0000 -> 0.3999] ID = 7
  37    3                      ..........((((....)))).((((.....)))).  -4.00 -[0.4246 -> 0.1363] ID = 3
  37    4                      ....(((((.((((....)))))))))..........  -4.00 -[0.4200 -> 0.2912] ID = 6
  38    1                     ((((((....))))))........((((.....)))).  -7.30 +[0.3999 -> 0.5101] ID = 8
  38    2                     ((((((....))))))(((......)))..........  -6.30 +[0.0000 -> 0.0828] ID = 9
  38    3                     .......(((((....(((......)))....))))).  -5.60 -[0.1725 -> 0.1680] ID = 5
  38    4                     ...........((((....)))).((((.....)))).  -4.00 -[0.1363 -> 0.0677] ID = 3
  38    5                     .....(((((.((((....)))))))))..........  -4.00 -[0.2912 -> 0.1715] ID = 6
  39    1                    .((((((....))))))........((((.....)))).  -7.30 +[0.5101 -> 0.5789] ID = 8
  39    2                    .((((((....))))))(((......)))..........  -6.30 +[0.0828 -> 0.1085] ID = 9
  39    3                    ........(((((....(((......)))....))))).  -5.60 -[0.1680 -> 0.1607] ID = 5
  39    4                    .((((((((((.((((....))))))))).))).))...  -4.20 -[0.1715 -> 0.1184] ID = 10
  39    5                    ............((((....)))).((((.....)))).  -4.00 -[0.0677 -> 0.0334] ID = 3
  40    1                   ..((((((....))))))........((((.....)))).  -7.30 +[0.5901 -> 0.5935] ID = 8
  40    2                   ..((((((....))))))(((......)))..........  -6.30 +[0.1085 -> 0.1196] ID = 9
  40    3                   .........(((((....(((......)))....))))).  -5.60 -[0.1718 -> 0.1634] ID = 5
  40    4                   ..((((((((((.((((....))))))))).))).))...  -4.20 -[0.1296 -> 0.1235] ID = 10
  41    1                  ...((((((....))))))........((((.....)))).  -7.30 +[0.5935 -> 0.6042] ID = 8
  41    2                  ...((((((....))))))(((......)))..........  -6.30 +[0.1196 -> 0.1225] ID = 9
  41    3                  ..........(((((....(((......)))....))))).  -5.60 -[0.1634 -> 0.1556] ID = 5
  41    4                  ...((((((((((.((((....))))))))).))).))...  -4.20 -[0.1235 -> 0.1177] ID = 10
  42    1                 ....((((((....))))))........((((.....)))).  -7.30 +[0.6042 -> 0.6149] ID = 8
  42    2                 ....((((((....))))))(((......)))..........  -6.30 +[0.1225 -> 0.1245] ID = 9
  42    3                 ...........(((((....(((......)))....))))).  -5.60 -[0.1556 -> 0.1484] ID = 5
  42    4                 ....((((((((((.((((....))))))))).))).))...  -4.20 -[0.1177 -> 0.1122] ID = 10
  43    1                .....((((((....))))))........((((.....)))).  -7.30 +[0.6149 -> 0.6250] ID = 8
  43    2                .....((((((....))))))(((......)))..........  -6.30 +[0.1245 -> 0.1263] ID = 9
  43    3                ............(((((....(((......)))....))))).  -5.60 -[0.1484 -> 0.1417] ID = 5
  43    4                .....((((((((((.((((....))))))))).))).))...  -4.20 -[0.1122 -> 0.1070] ID = 10
  44    1               ......((((((....))))))........((((.....)))).  -7.30 +[0.6250 -> 0.6345] ID = 8
  44    2               ......((((((....))))))(((......)))..........  -6.30 +[0.1263 -> 0.1280] ID = 9
  44    3               .............(((((....(((......)))....))))).  -5.60 -[0.1417 -> 0.1355] ID = 5
  44    4               ......((((((((((.((((....))))))))).))).))...  -4.20 -[0.1070 -> 0.1020] ID = 10
  45    1              .......((((((....))))))........((((.....)))).  -7.30 +[0.6345 -> 0.6434] ID = 8
  45    2              .......((((((....))))))(((......)))..........  -6.30 +[0.1280 -> 0.1296] ID = 9
  45    3              ..............(((((....(((......)))....))))).  -5.60 -[0.1355 -> 0.1297] ID = 5
  45    4              .......((((((((((.((((....))))))))).))).))...  -4.20 -[0.1020 -> 0.0973] ID = 10
  46    1             ((.((...((((((....)))))))).))...((((.....)))).  -7.80 +[0.0000 -> 0.4997] ID = 11
  46    2             ........((((((....))))))........((((.....)))).  -7.30 -[0.6434 -> 0.2243] ID = 8
  46    3             ........((((((....))))))(((......)))..........  -6.30 -[0.1296 -> 0.0603] ID = 9
  46    4             ...............(((((....(((......)))....))))).  -5.60 -[0.1297 -> 0.1229] ID = 5
  46    5             ........((((((((((.((((....))))))))).))).))...  -4.20 -[0.0973 -> 0.0927] ID = 10
  47    1            ((((.....((((((....))))))))))....((((.....)))).  -9.10 +[0.0000 -> 0.1890] ID = 12
  47    2            .((.((...((((((....)))))))).))...((((.....)))).  -7.80 -[0.4997 -> 0.3963] ID = 11
  47    3            .........((((((....))))))........((((.....)))).  -7.30 -[0.2243 -> 0.1677] ID = 8
  47    4            .........((((((....))))))(((......)))..........  -6.30 -[0.0603 -> 0.0427] ID = 9
  47    5            ................(((((....(((......)))....))))).  -5.60 -[0.1229 -> 0.1159] ID = 5
  47    6            .........((((((((((.((((....))))))))).))).))...  -4.20 -[0.0927 -> 0.0884] ID = 10
  48    1           (((((.....((((((....)))))))))))...((((.....)))). -10.90 +[0.1890 -> 0.3385] ID = 13
  48    2           ..((.((...((((((....)))))))).))...((((.....)))).  -7.80 -[0.3963 -> 0.3060] ID = 11
  48    3           ..........((((((....))))))........((((.....)))).  -7.30 -[0.1677 -> 0.1292] ID = 8
  48    4           ..........((((((....))))))(((......)))..........  -6.30 -[0.0427 -> 0.0331] ID = 9
  48    5           .................(((((....(((......)))....))))).  -5.60 -[0.1159 -> 0.1091] ID = 5
  48    6           ..........((((((((((.((((....))))))))).))).))...  -4.20 -[0.0884 -> 0.0842] ID = 10
  49    1          .(((((.....((((((....)))))))))))...((((.....)))). -10.90 +[0.3385 -> 0.3947] ID = 13
  49    2          (((((.((...((((((....)))))))).)).)))(((.....)))..  -8.50 +[0.3060 -> 0.3575] ID = 14
  49    3          ...........((((((....))))))........((((.....)))).  -7.30 -[0.1292 -> 0.0487] ID = 8
  49    4          ...........((((((....))))))(((......)))..........  -6.30 -[0.0331 -> 0.0165] ID = 9
  49    5          ..................(((((....(((......)))....))))).  -5.60 -[0.1091 -> 0.1024] ID = 5
  49    6          ...........((((((((((.((((....))))))))).))).))...  -4.20 -[0.0842 -> 0.0802] ID = 10
  50    1         ..(((((.....((((((....)))))))))))...((((.....)))). -10.90 +[0.3947 -> 0.4168] ID = 13
  50    2         ((((((.((...((((((....)))))))).)).))))............  -9.10 +[0.4117 -> 0.4296] ID = 16
  50    3         ((.((........)).)).(((((....(((......)))....))))).  -6.90 +[0.1079 -> 0.1085] ID = 15
  50    4         ............((((((((((.((((....))))))))).))).))...  -4.20 -[0.0856 -> 0.0451] ID = 10
  51    1        ((.(((((.....((((((....))))))))))))).((((.....)))). -12.90 +[0.4168 -> 0.5810] ID = 18
  51    2        .((((((.((...((((((....)))))))).)).))))............  -9.10 -[0.4522 -> 0.2879] ID = 16
  51    3        (((.((........)).)))(((((....(((......)))....))))).  -8.50  [0.1311 -> 0.1310] ID = 19
  51    4        .............((((((....))))))........((((.....)))).  -7.30  [0.0000 -> 0.0001] ID = 8
  52    1       (((.(((((.....((((((....))))))))))))))((((.....)))). -14.10 +[0.5811 -> 0.7452] ID = 20
  52    2       ((((((((.((...((((((....)))))))).)).))).))).........  -9.70 +[0.0000 -> 0.0661] ID = 21
  52    3       ((((((((.((...((((((....)))))))).)).)))).)).........  -9.70 -[0.2879 -> 0.0578] ID = 23
  52    4       ((((.((........)).))))((((....(((......)))....))))..  -8.80 -[0.1311 -> 0.1309] ID = 22
  53    1      .(((.(((((.....((((((....))))))))))))))((((.....)))). -14.10 +[0.7452 -> 0.7455] ID = 20
  53    2      (((((((((.((...((((((....)))))))).)).))).))))........ -12.50 -[0.0661 -> 0.0619] ID = 24
  53    3      (((((((((.((...((((((....)))))))).)).)))).)))........ -12.50 +[0.0578 -> 0.0619] ID = 25
  53    4      .((((.((........)).))))((((....(((......)))....))))..  -8.80 -[0.1309 -> 0.1307] ID = 22
  54    1     .((((.(((.......((((((....))))))......))).))))........ -14.30 +[0.0619 -> 0.1179] ID = 26
  54    2     ..(((.(((((.....((((((....))))))))))))))((((.....)))). -14.10 -[0.7455 -> 0.7451] ID = 20
  54    3     .(((((((((.((...((((((....)))))))).)).)))).)))........ -12.50 -[0.0619 -> 0.0065] ID = 25
  54    4     ..((((.((........)).))))((((....(((......)))....))))..  -8.80 -[0.1307 -> 0.1305] ID = 22
  55    1    ((((((.(((.......((((((....))))))......))).)))).))..... -15.70 +[0.1244 -> 0.1249] ID = 27
  55    2    .(((((.(((((.....((((((....)))))))))))))).))........... -14.40 +[0.0000 -> 0.4296] ID = 28
  55    3    ...(((.(((((.....((((((....))))))))))))))((((.....)))). -14.10 -[0.7451 -> 0.3152] ID = 20
  55    4    ...((((.((........)).))))((((....(((......)))....))))..  -8.80 -[0.1305 -> 0.1303] ID = 22
  56    1   (((((((.(((.......((((((....))))))......))).))))...))).. -16.30 +[0.0000 -> 0.0979] ID = 30
  56    2   .((((((.(((.......((((((....))))))......))).)))).))..... -15.70 -[0.1249 -> 0.0371] ID = 27
  56    3   ..(((((.(((((.....((((((....)))))))))))))).))........... -14.40 +[0.4296 -> 0.4524] ID = 28
  56    4   ....(((.(((((.....((((((....))))))))))))))((((.....)))). -14.10 -[0.3152 -> 0.2825] ID = 20
  56    5   ....((((.((........)).))))((((....(((......)))....))))..  -8.80 -[0.1303 -> 0.1300] ID = 22
  57    1  .(((((((.(((.......((((((....))))))......))).))))...))).. -16.30 +[0.1072 -> 0.1126] ID = 30
  57    2  ((.(((((.(((((.....((((((....)))))))))))))).))))......... -15.30 +[0.4617 -> 0.6263] ID = 32
  57    3  .....(((.(((((.....((((((....))))))))))))))((((.....)))). -14.10 -[0.2918 -> 0.1220] ID = 20
  57    4  .....((((.((........)).))))((((....(((......)))....))))..  -8.80 -[0.1393 -> 0.1391] ID = 22
  58    1 ..(((((((.(((.......((((((....))))))......))).))))...))).. -16.30 +[0.1126 -> 0.8152] ID = 30
  58    2 .((.(((((.(((((.....((((((....)))))))))))))).))))......... -15.30 -[0.6263 -> 0.1611] ID = 32
  58    3 ......(((.(((((.....((((((....))))))))))))))((((.....)))). -14.10 -[0.1220 -> 0.0230] ID = 20
  58    4 ......((((.((........)).))))((((....(((......)))....))))..  -8.80 -[0.1391 -> 0.0007] ID = 22
# Distribution of structures at the end:
#         UGGACCAGCGAGGGUGUUCUGCUGCGUUGACGUGGUGCUCUGCUUGGCUGUGUGUCGG
  58    1 ..(((((((.(((.......((((((....))))))......))).))))...))).. -16.30 0.8152 +[t8: 0.8159] ID = 30
  58    2 .((.(((((.(((((.....((((((....)))))))))))))).))))......... -15.30 0.1611  [t8: 0.1611] ID = 32
  58    3 ......(((.(((((.....((((((....))))))))))))))((((.....)))). -14.10 0.0230  [t8: 0.0230] ID = 20
  58    4 ......((((.((........)).))))((((....(((......)))....))))..  -8.80 0.0007 -[t8: 0.0000] ID = 22
