# File generated using DrTransformer v0.10
#
# >drtr_srp_Kine.radi._CP000750_rev
# CUGAACCCCCCCAGGGCCGGAAGGCAGCAAGGGUAGGUGGGCCCUGGCGGGUG 
#
# Co-transcriptional folding parameters:
# --t-ext: 0.02 sec
# --t-end: 60.0 sec
# --start: 1
# --stop: 53
# --reversed-transcription: True
#
# Algorithm parameters:
# --o-prune: 0.05
# --t-fast: 0.001 sec
# --fpwm: 4
# --mfree: 6 nuc
# --k0: 200000.0
#
# ViennaRNA model details:
# --temp: 37.0 C
# --dangles: 2
# --paramFile: None
# --noTetra: False
# --noGU: False
# --noClosingGU: False
#
#
# Results:
# Transcription Step | Energy-sorted structure count | Structure | Energy | [Occupancy-t0 Occupancy-t8] | Structure ID (-> Plotting ID)
   1    1                                                     .   0.00  [1.0000 -> 1.0000] ID = 0
   2    1                                                    ..   0.00  [1.0000 -> 1.0000] ID = 0
   3    1                                                   ...   0.00  [1.0000 -> 1.0000] ID = 0
   4    1                                                  ....   0.00  [1.0000 -> 1.0000] ID = 0
   5    1                                                 .....   0.00  [1.0000 -> 1.0000] ID = 0
   6    1                                                ......   0.00  [1.0000 -> 1.0000] ID = 0
   7    1                                               .......   0.00  [1.0000 -> 1.0000] ID = 0
   8    1                                              ........   0.00  [1.0000 -> 1.0000] ID = 0
   9    1                                             .........   0.00  [1.0000 -> 1.0000] ID = 0
  10    1                                            ..........   0.00  [1.0000 -> 1.0000] ID = 0
  11    1                                           ((....))...  -0.60  [1.0000 -> 1.0000] ID = 1
  12    1                                          (((....)))..  -3.50  [1.0000 -> 1.0000] ID = 2
  13    1                                         ((((....)))).  -5.20  [1.0000 -> 1.0000] ID = 3
  14    1                                        .((((....)))).  -5.20  [1.0000 -> 1.0000] ID = 3
  15    1                                       ..((((....)))).  -5.20  [1.0000 -> 1.0000] ID = 3
  16    1                                      ...((((....)))).  -5.20  [1.0000 -> 1.0000] ID = 3
  17    1                                     ....((((....)))).  -5.20  [1.0000 -> 1.0000] ID = 3
  18    1                                    .....((((....)))).  -5.20  [1.0000 -> 1.0000] ID = 3
  19    1                                   ......((((....)))).  -5.20  [1.0000 -> 1.0000] ID = 3
  20    1                                  .......((((....)))).  -5.20  [1.0000 -> 1.0000] ID = 3
  21    1                                 ........((((....)))).  -5.20  [1.0000 -> 1.0000] ID = 3
  22    1                                .........((((....)))).  -5.20  [1.0000 -> 1.0000] ID = 3
  23    1                               ((((......)))).........  -5.30 +[0.0000 -> 0.0035] ID = 4
  23    2                               ..........((((....)))).  -5.20 -[1.0000 -> 0.9965] ID = 3
  24    1                              (((((......)))))........  -7.00 +[0.0035 -> 0.0069] ID = 5
  24    2                              ...........((((....)))).  -5.20 -[0.9965 -> 0.9931] ID = 3
  25    1                             .(((((......)))))........  -7.00 +[0.0069 -> 0.0104] ID = 5
  25    2                             ............((((....)))).  -5.20 -[0.9931 -> 0.9896] ID = 3
  26    1                            ..(((((......)))))........  -7.00 +[0.0104 -> 0.0138] ID = 5
  26    2                            .............((((....)))).  -5.20 -[0.9896 -> 0.9862] ID = 3
  27    1                           ((.(((((......))))).))..... -10.00 +[0.0138 -> 0.0173] ID = 6
  27    2                           ..............((((....)))).  -5.20 -[0.9862 -> 0.9827] ID = 3
  28    1                          .((.(((((......))))).))..... -10.00 +[0.0173 -> 0.0207] ID = 6
  28    2                          ...............((((....)))).  -5.20 -[0.9827 -> 0.9793] ID = 3
  29    1                         ..((.(((((......))))).))..... -10.00 +[0.0207 -> 0.0241] ID = 6
  29    2                         ................((((....)))).  -5.20 -[0.9793 -> 0.9759] ID = 3
  30    1                        ((.((.(((((......))))).))..)). -10.30 +[0.0241 -> 0.0275] ID = 7
  30    2                        .................((((....)))).  -5.20 -[0.9759 -> 0.9725] ID = 3
  31    1                       .((.((.(((((......))))).))..)). -10.30 +[0.0275 -> 0.0309] ID = 7
  31    2                       ..................((((....)))).  -5.20 -[0.9725 -> 0.9691] ID = 3
  32    1                      ..((.((.(((((......))))).))..)). -10.30 +[0.0309 -> 0.0342] ID = 7
  32    2                      ...................((((....)))).  -5.20 -[0.9691 -> 0.9658] ID = 3
  33    1                     ...((.((.(((((......))))).))..)). -10.30 +[0.0342 -> 0.0376] ID = 7
  33    2                     ....................((((....)))).  -5.20 -[0.9658 -> 0.9624] ID = 3
  34    1                    ....((.((.(((((......))))).))..)). -10.30 +[0.0376 -> 0.0409] ID = 7
  34    2                    .....................((((....)))).  -5.20 -[0.9624 -> 0.9591] ID = 3
  35    1                   .....((.((.(((((......))))).))..)). -10.30 +[0.0409 -> 0.0443] ID = 7
  35    2                   ......................((((....)))).  -5.20 -[0.9591 -> 0.9557] ID = 3
  36    1                  ......((.((.(((((......))))).))..)). -10.30 +[0.0443 -> 0.0476] ID = 7
  36    2                  .......................((((....)))).  -5.20 -[0.9557 -> 0.9524] ID = 3
  37    1                 ((....))..((.(((((......))))).))..... -11.10 +[0.0476 -> 0.0500] ID = 8
  37    2                 (((....((.......))...)))((((....)))).  -6.90 +[0.0000 -> 0.8934] ID = 9
  37    3                 ........................((((....)))).  -5.20 -[0.9524 -> 0.0566] ID = 3
  38    1                (((....))).((.(((((......))))).))..... -14.80 +[0.0500 -> 0.0513] ID = 10
  38    2                (((....)))...............((((....)))). -10.00 +[0.0566 -> 0.5717] ID = 11
  38    3                .(((....((.......))...)))((((....)))).  -6.90 -[0.8934 -> 0.3770] ID = 9
  39    1               .(((....))).((.(((((......))))).))..... -14.80 +[0.0513 -> 0.0536] ID = 10
  39    2               .(((....)))...............((((....)))). -10.00 +[0.5717 -> 0.7528] ID = 11
  39    3               ((((.....((.......)).....))))..........  -7.50 +[0.0000 -> 0.0974] ID = 12
  39    4               ..(((....((.......))...)))((((....)))).  -6.90 -[0.3770 -> 0.0962] ID = 9
  40    1              ..(((....))).((.(((((......))))).))..... -14.80 +[0.0536 -> 0.0563] ID = 10
  40    2              (((((.....((.......)).....)))))......... -10.80 +[0.0974 -> 0.1323] ID = 13
  40    3              ..(((....)))...............((((....)))). -10.00 +[0.7528 -> 0.7870] ID = 11
  40    4              ((((((....((.......))...))).))).........  -7.50 +[0.0000 -> 0.0007] ID = 14
  40    5              ...(((....((.......))...)))((((....)))).  -6.90 -[0.0962 -> 0.0237] ID = 9
  41    1             ...(((....))).((.(((((......))))).))..... -14.80 +[0.0563 -> 0.0591] ID = 10
  41    2             ((((((.....((.......)).....))))))........ -12.20 +[0.1448 -> 0.1481] ID = 15
  41    3             ...(((....)))...............((((....)))). -10.00 -[0.7988 -> 0.7928] ID = 11
  42    1            (((((((.....((.......)).....)))))))....... -15.50 +[0.1481 -> 0.1513] ID = 16
  42    2            ....(((....))).((.(((((......))))).))..... -14.80 +[0.0591 -> 0.0619] ID = 10
  42    3            ....(((....)))...............((((....)))). -10.00 -[0.7928 -> 0.7868] ID = 11
  43    1           ((((((((.....((.......)).....))))))))...... -18.00 +[0.1513 -> 0.1523] ID = 17
  43    2           .....(((....))).((.(((((......))))).))..... -14.80 +[0.0619 -> 0.0627] ID = 10
  43    3           ((...(((....))).....))........((((....)))). -10.70 -[0.7868 -> 0.7849] ID = 18
  44    1          .((((((((.....((.......)).....))))))))...... -18.00  [0.1523 -> 0.1523] ID = 17
  44    2          (((...(((....))).((.(((((......))))).))))).. -17.30 +[0.0000 -> 0.0617] ID = 19
  44    3          ......(((....))).((.(((((......))))).))..... -14.80 -[0.0627 -> 0.0011] ID = 10
  44    4          (((...(((....))).....))).......((((....)))). -13.50  [0.7849 -> 0.7849] ID = 20
  45    1         ((((((((((.....((.......)).....)))))))).))... -21.60  [0.1523 -> 0.1524] ID = 21
  45    2         .(((...(((....))).((.(((((......))))).))))).. -17.30  [0.0617 -> 0.0617] ID = 19
  45    3         .......(((....))).((.(((((......))))).))..... -14.80  [0.0011 -> 0.0011] ID = 10
  45    4         (((....(((....))).....))).......((((....)))). -14.00 +[0.0000 -> 0.1371] ID = 22
  45    5         .(((...(((....))).....))).......((((....)))). -13.50 -[0.7849 -> 0.6478] ID = 20
  46    1        (((((((((((.....((.......)).....)))))))).))).. -24.40 +[0.1524 -> 0.1527] ID = 23
  46    2        ..(((...(((....))).((.(((((......))))).))))).. -17.30 -[0.0617 -> 0.0614] ID = 19
  46    3        ........(((....))).((.(((((......))))).))..... -14.80  [0.0011 -> 0.0011] ID = 10
  46    4        (((.....(((....))).....))).......((((....)))). -14.50 +[0.0000 -> 0.0776] ID = 24
  46    5        .(((....(((....))).....))).......((((....)))). -14.00 +[0.1371 -> 0.1521] ID = 22
  46    6        (((((...(((....))).....)))..))...((((....)))). -14.00 -[0.6478 -> 0.5552] ID = 25
  47    1       .(((((((((((.....((.......)).....)))))))).))).. -24.40 +[0.1527 -> 0.1588] ID = 23
  47    2       ...(((...(((....))).((.(((((......))))).))))).. -17.30 -[0.0614 -> 0.0554] ID = 19
  47    3       .........(((....))).((.(((((......))))).))..... -14.80  [0.0011 -> 0.0010] ID = 10
  47    4       .(((.....(((....))).....))).......((((....)))). -14.50 +[0.0776 -> 0.1254] ID = 24
  47    5       (((((....(((....))).....)))..))...((((....)))). -14.50 +[0.1521 -> 0.1853] ID = 26
  47    6       .(((((...(((....))).....)))..))...((((....)))). -14.00 -[0.5552 -> 0.4742] ID = 25
  48    1      ..(((((((((((.....((.......)).....)))))))).))).. -24.40 +[0.1588 -> 0.1643] ID = 23
  48    2      (((((((...(((....))).....)))..)).))((((....)))). -17.40 +[0.4742 -> 0.4840] ID = 28
  48    3      ....(((...(((....))).((.(((((......))))).))))).. -17.30 -[0.0554 -> 0.0499] ID = 19
  48    4      (((((.....(((....))).....)))..))...((((....)))). -15.10 +[0.1254 -> 0.1349] ID = 27
  48    5      ..........(((....))).((.(((((......))))).))..... -14.80  [0.0010 -> 0.0009] ID = 10
  48    6      .(((((....(((....))).....)))..))...((((....)))). -14.50 -[0.1853 -> 0.1660] ID = 26
  49    1     ...(((((((((((.....((.......)).....)))))))).))).. -24.40 +[0.1643 -> 0.1689] ID = 23
  49    2     ((((((...))(((....))).((.(((((......))))).)))))). -19.00 +[0.0000 -> 0.0074] ID = 30
  49    3     .(((((((...(((....))).....)))..)).))((((....)))). -17.40 -[0.4840 -> 0.4547] ID = 28
  49    4     .....(((...(((....))).((.(((((......))))).))))).. -17.30 -[0.0499 -> 0.0381] ID = 19
  49    5     ((((((.....(((....))).....)))..)))..((((....)))). -16.80 +[0.1349 -> 0.1386] ID = 32
  49    6     (((.(((....(((....))).....)))..)))..((((....)))). -16.60 -[0.1660 -> 0.1569] ID = 31
  49    7     .((..(((...(((....))).....)))..))...((((....)))). -15.90 +[0.0000 -> 0.0347] ID = 34
  49    8     ...........(((....))).((.(((((......))))).))..... -14.80 -[0.0009 -> 0.0007] ID = 10
  50    1    ....(((((((((((.....((.......)).....)))))))).))).. -24.40 -[0.1689 -> 0.1660] ID = 23
  50    2    .((((..((((((((.....((.......)).....)))))))).)))). -24.40 +[0.0000 -> 0.0068] ID = 36
  50    3    .((((((...))(((....))).((.(((((......))))).)))))). -19.00 +[0.0074 -> 0.0128] ID = 30
  50    4    .(((..(((...(((....))).....)))..)))..((((....)))). -17.60 +[0.0000 -> 0.0970] ID = 35
  50    5    ..(((((((...(((....))).....)))..)).))((((....)))). -17.40 -[0.4720 -> 0.4077] ID = 28
  50    6    ......(((...(((....))).((.(((((......))))).))))).. -17.30 -[0.0384 -> 0.0292] ID = 19
  50    7    .((((((.....(((....))).....)))..)))..((((....)))). -16.80 -[0.1559 -> 0.1393] ID = 32
  50    8    .(((.(((....(((....))).....)))..)))..((((....)))). -16.60 -[0.1572 -> 0.1412] ID = 31
  51    1   .....(((((((((((.....((.......)).....)))))))).))).. -24.40  [0.1786 -> 0.1786] ID = 23
  51    2   ..(((..(((...(((....))).....)))..)))..((((....)))). -17.60 +[0.1071 -> 0.1784] ID = 35
  51    3   ...(((((((...(((....))).....)))..)).))((((....)))). -17.40 -[0.4136 -> 0.3700] ID = 28
  51    4   ..((((((.....(((....))).....)))..)))..((((....)))). -16.80 -[0.1494 -> 0.1370] ID = 32
  51    5   ..(((.(((....(((....))).....)))..)))..((((....)))). -16.60 -[0.1513 -> 0.1360] ID = 31
  52    1  ......(((((((((((.....((.......)).....)))))))).))).. -24.40  [0.1786 -> 0.1786] ID = 23
  52    2  ...(((..(((...(((....))).....)))..)))..((((....)))). -17.60 +[0.1784 -> 0.2303] ID = 35
  52    3  ....(((((((...(((....))).....)))..)).))((((....)))). -17.40 -[0.3700 -> 0.3397] ID = 28
  52    4  ...((((((.....(((....))).....)))..)))..((((....)))). -16.80 -[0.1370 -> 0.1281] ID = 32
  52    5  ...(((.(((....(((....))).....)))..)))..((((....)))). -16.60 -[0.1360 -> 0.1233] ID = 31
  53    1 .......(((((((((((.....((.......)).....)))))))).))).. -24.40 +[0.1786 -> 0.1788] ID = 23
  53    2 ....(((..(((...(((....))).....)))..)))..((((....)))). -17.60 +[0.2303 -> 0.3744] ID = 35
  53    3 .....(((((((...(((....))).....)))..)).))((((....)))). -17.40 -[0.3397 -> 0.2707] ID = 28
  53    4 ....((((((.....(((....))).....)))..)))..((((....)))). -16.80 -[0.1281 -> 0.1022] ID = 32
  53    5 ....(((.(((....(((....))).....)))..)))..((((....)))). -16.60 -[0.1233 -> 0.0739] ID = 31
# Distribution of structures at the end:
#         CUGAACCCCCCCAGGGCCGGAAGGCAGCAAGGGUAGGUGGGCCCUGGCGGGUG
  53    1 .......(((((((((((.....((.......)).....)))))))).))).. -24.40 0.1788 +[t8: 1.0000] ID = 23
  53    2 ....(((..(((...(((....))).....)))..)))..((((....)))). -17.60 0.3744 -[t8: 0.0000] ID = 35
  53    3 .....(((((((...(((....))).....)))..)).))((((....)))). -17.40 0.2707 -[t8: 0.0000] ID = 28
  53    4 ....((((((.....(((....))).....)))..)))..((((....)))). -16.80 0.1022 -[t8: 0.0000] ID = 32
  53    5 ....(((.(((....(((....))).....)))..)))..((((....)))). -16.60 0.0739 -[t8: 0.0000] ID = 31
