# File generated using DrTransformer v0.10
#
# >drtr_srp_Stre.pyog._AM295007_rev
# GGAGCAACACUUGUGCGUGAAGUGGGUCAGGGGAGGAAUCCAGCAGCCCUAAGCGAU 
#
# Co-transcriptional folding parameters:
# --t-ext: 0.02 sec
# --t-end: 60.0 sec
# --start: 1
# --stop: 57
# --reversed-transcription: True
#
# Algorithm parameters:
# --o-prune: 0.05
# --t-fast: 0.001 sec
# --fpwm: 4
# --mfree: 6 nuc
# --k0: 200000.0
#
# ViennaRNA model details:
# --temp: 37.0 C
# --dangles: 2
# --paramFile: None
# --noTetra: False
# --noGU: False
# --noClosingGU: False
#
#
# Results:
# Transcription Step | Energy-sorted structure count | Structure | Energy | [Occupancy-t0 Occupancy-t8] | Structure ID (-> Plotting ID)
   1    1                                                         .   0.00  [1.0000 -> 1.0000] ID = 0
   2    1                                                        ..   0.00  [1.0000 -> 1.0000] ID = 0
   3    1                                                       ...   0.00  [1.0000 -> 1.0000] ID = 0
   4    1                                                      ....   0.00  [1.0000 -> 1.0000] ID = 0
   5    1                                                     .....   0.00  [1.0000 -> 1.0000] ID = 0
   6    1                                                    ......   0.00  [1.0000 -> 1.0000] ID = 0
   7    1                                                   .......   0.00  [1.0000 -> 1.0000] ID = 0
   8    1                                                  ........   0.00  [1.0000 -> 1.0000] ID = 0
   9    1                                                 .........   0.00  [1.0000 -> 1.0000] ID = 0
  10    1                                                ..........   0.00  [1.0000 -> 1.0000] ID = 0
  11    1                                               ...........   0.00  [1.0000 -> 1.0000] ID = 0
  12    1                                              ((.....))...  -0.10 +[0.0000 -> 0.5405] ID = 1
  12    2                                              ............   0.00 -[1.0000 -> 0.4595] ID = 0
  13    1                                             .((.....))...  -0.10  [0.5405 -> 0.5405] ID = 1
  13    2                                             .............   0.00  [0.4595 -> 0.4595] ID = 0
  14    1                                            ..((.....))...  -0.10  [0.5405 -> 0.5405] ID = 1
  14    2                                            ..............   0.00  [0.4595 -> 0.4595] ID = 0
  15    1                                           ((........))...  -0.80 +[0.4595 -> 0.7569] ID = 2
  15    2                                           ...((.....))...  -0.10 -[0.5405 -> 0.2431] ID = 1
  16    1                                          .((........))...  -0.80  [0.7569 -> 0.7569] ID = 2
  16    2                                          ....((.....))...  -0.10  [0.2431 -> 0.2431] ID = 1
  17    1                                         ..((........))...  -0.80  [0.7569 -> 0.7569] ID = 2
  17    2                                         .....((.....))...  -0.10  [0.2431 -> 0.2431] ID = 1
  18    1                                        ...((........))...  -0.80  [0.7569 -> 0.7569] ID = 2
  18    2                                        ......((.....))...  -0.10  [0.2431 -> 0.2431] ID = 1
  19    1                                       ....((........))...  -0.80  [0.7569 -> 0.7569] ID = 2
  19    2                                       .......((.....))...  -0.10  [0.2431 -> 0.2431] ID = 1
  20    1                                      .....((........))...  -0.80  [0.7569 -> 0.7569] ID = 2
  20    2                                      ........((.....))...  -0.10  [0.2431 -> 0.2431] ID = 1
  21    1                                     ......((........))...  -0.80  [0.7569 -> 0.7569] ID = 2
  21    2                                     .........((.....))...  -0.10  [0.2431 -> 0.2431] ID = 1
  22    1                                    .......((........))...  -0.80  [0.7569 -> 0.7569] ID = 2
  22    2                                    ..........((.....))...  -0.10  [0.2431 -> 0.2431] ID = 1
  23    1                                   ........((........))...  -0.80  [0.7569 -> 0.7569] ID = 2
  23    2                                   ...........((.....))...  -0.10  [0.2431 -> 0.2431] ID = 1
  24    1                                  .........((........))...  -0.80  [0.7569 -> 0.7569] ID = 2
  24    2                                  ............((.....))...  -0.10  [0.2431 -> 0.2431] ID = 1
  25    1                                 .(((...........))).......  -0.90 +[0.0000 -> 0.4647] ID = 3
  25    2                                 ..........((........))...  -0.80 -[0.7569 -> 0.4057] ID = 2
  25    3                                 .............((.....))...  -0.10 -[0.2431 -> 0.1296] ID = 1
  26    1                                (((....))).((........))...  -3.50 +[0.4057 -> 0.7162] ID = 4
  26    2                                (((....)))....((.....))...  -2.80 +[0.1296 -> 0.2326] ID = 5
  26    3                                ..(((...........))).......  -0.90 -[0.4647 -> 0.0512] ID = 3
  27    1                               .(((....))).((........))...  -3.50 -[0.7162 -> 0.6189] ID = 4
  27    2                               .(((....)))....((.....))...  -2.80 -[0.2326 -> 0.1989] ID = 5
  27    3                               .(((....)))................  -2.70 +[0.0000 -> 0.1694] ID = 6
  27    4                               ...(((...........))).......  -0.90 -[0.0512 -> 0.0128] ID = 3
  28    1                              ..(((....))).((........))...  -3.50 -[0.8011 -> 0.7569] ID = 4
  28    2                              ..(((....)))....((.....))...  -2.80 +[0.1989 -> 0.2431] ID = 5
  29    1                             ((((..............)))).......  -4.30 +[0.0000 -> 0.4418] ID = 7
  29    2                             ...(((....))).((........))...  -3.50 -[0.7569 -> 0.4270] ID = 4
  29    3                             ...(((....)))....((.....))...  -2.80 -[0.2431 -> 0.1312] ID = 5
  30    1                            .((((..............)))).......  -4.30 +[0.4418 -> 0.6179] ID = 7
  30    2                            ....(((....))).((........))...  -3.50 -[0.4270 -> 0.2910] ID = 4
  30    3                            ....(((....)))....((.....))...  -2.80 -[0.1312 -> 0.0911] ID = 5
  31    1                           ..((((..............)))).......  -4.30 +[0.6179 -> 0.6882] ID = 7
  31    2                           .....(((....))).((........))...  -3.50 -[0.2910 -> 0.2368] ID = 4
  31    3                           .....(((....)))....((.....))...  -2.80 -[0.0911 -> 0.0751] ID = 5
  32    1                          ((..((((.............))))..))...  -4.90 +[0.0000 -> 0.0090] ID = 8
  32    2                          ((.((((..............))))..))...  -4.40 +[0.6882 -> 0.7250] ID = 9
  32    3                          ......(((....))).((........))...  -3.50 -[0.2368 -> 0.2018] ID = 4
  32    4                          ......(((....)))....((.....))...  -2.80 -[0.0751 -> 0.0642] ID = 5
  33    1                         (((....(((....)))....))).........  -5.90 +[0.0000 -> 0.4118] ID = 10
  33    2                         .((..((((.............))))..))...  -4.90 +[0.0090 -> 0.0197] ID = 8
  33    3                         .((.((((..............))))..))...  -4.40 -[0.7250 -> 0.5480] ID = 9
  33    4                         .......(((....))).((........))...  -3.50 -[0.2018 -> 0.0147] ID = 4
  33    5                         .......(((....)))....((.....))...  -2.80 -[0.0642 -> 0.0058] ID = 5
  34    1                        ((((....(((....)))....))))........  -9.40 +[0.4186 -> 0.4738] ID = 11
  34    2                        ..((..((((.............))))..))...  -4.90 +[0.0265 -> 0.0329] ID = 8
  34    3                        ..((.((((..............))))..))...  -4.40 -[0.5548 -> 0.4933] ID = 9
  35    1                       .((((....(((....)))....))))........  -9.40 +[0.4738 -> 0.5228] ID = 11
  35    2                       ...((..((((.............))))..))...  -4.90 +[0.0329 -> 0.0385] ID = 8
  35    3                       ...((.((((..............))))..))...  -4.40 -[0.4933 -> 0.4387] ID = 9
  36    1                      ..((((....(((....)))....))))........  -9.40 +[0.5228 -> 0.5665] ID = 11
  36    2                      ....((..((((.............))))..))...  -4.90 +[0.0385 -> 0.0434] ID = 8
  36    3                      ....((.((((..............))))..))...  -4.40 -[0.4387 -> 0.3901] ID = 9
  37    1                     ...((((....(((....)))....))))........  -9.40 +[0.5665 -> 0.6054] ID = 11
  37    2                     .....((..((((.............))))..))...  -4.90 +[0.0434 -> 0.0476] ID = 8
  37    3                     .....((.((((..............))))..))...  -4.40 -[0.3901 -> 0.3470] ID = 9
  38    1                    ....((((....(((....)))....))))........  -9.40 +[0.6054 -> 0.6400] ID = 11
  38    2                    ......((..((((.............))))..))...  -4.90 +[0.0476 -> 0.0513] ID = 8
  38    3                    ......((.((((..............))))..))...  -4.40 -[0.3470 -> 0.3087] ID = 9
  39    1                   .....((((....(((....)))....))))........  -9.40 +[0.6400 -> 0.6708] ID = 11
  39    2                   .......((..((((.............))))..))...  -4.90 +[0.0513 -> 0.0545] ID = 8
  39    3                   .......((.((((..............))))..))...  -4.40 -[0.3087 -> 0.2746] ID = 9
  40    1                  ......((((....(((....)))....))))........  -9.40 +[0.6708 -> 0.6983] ID = 11
  40    2                  ........((..((((.............))))..))...  -4.90 +[0.0545 -> 0.0573] ID = 8
  40    3                  ........((.((((..............))))..))...  -4.40 -[0.2746 -> 0.2444] ID = 9
  41    1                 ((.....((((....(((....)))....))))...))...  -9.60 +[0.6983 -> 0.7228] ID = 12
  41    2                 .........((..((((.............))))..))...  -4.90 +[0.0573 -> 0.0597] ID = 8
  41    3                 .........((.((((..............))))..))...  -4.40 -[0.2444 -> 0.2176] ID = 9
  42    1                (((.....((((....(((....)))....))))...))).. -11.80 +[0.7228 -> 0.7446] ID = 13
  42    2                ..........((..((((.............))))..))...  -4.90 +[0.0597 -> 0.0617] ID = 8
  42    3                ..........((.((((..............))))..))...  -4.40 -[0.2176 -> 0.1937] ID = 9
  43    1               .(((.....((((....(((....)))....))))...))).. -11.80 +[0.7446 -> 0.7641] ID = 13
  43    2               ...........((..((((.............))))..))...  -4.90 +[0.0617 -> 0.0634] ID = 8
  43    3               ...........((.((((..............))))..))...  -4.40 -[0.1937 -> 0.1725] ID = 9
  44    1              ..(((.....((((....(((....)))....))))...))).. -11.80 +[0.7641 -> 0.7815] ID = 13
  44    2              ............((..((((.............))))..))...  -4.90 +[0.0634 -> 0.0649] ID = 8
  44    3              ............((.((((..............))))..))...  -4.40 -[0.1725 -> 0.1536] ID = 9
  45    1             ...(((.....((((....(((....)))....))))...))).. -11.80 +[0.7815 -> 0.7970] ID = 13
  45    2             .............((..((((.............))))..))...  -4.90 +[0.0649 -> 0.0661] ID = 8
  45    3             .............((.((((..............))))..))...  -4.40 -[0.1536 -> 0.1369] ID = 9
  46    1            ....(((.....((((....(((....)))....))))...))).. -11.80 +[0.7970 -> 0.8109] ID = 13
  46    2            ..............((..((((.............))))..))...  -4.90 +[0.0661 -> 0.0671] ID = 8
  46    3            ..............((.((((..............))))..))...  -4.40 -[0.1369 -> 0.1220] ID = 9
  47    1           .....(((.....((((....(((....)))....))))...))).. -11.80 +[0.8109 -> 0.8233] ID = 13
  47    2           ...............((..((((.............))))..))...  -4.90 +[0.0671 -> 0.0679] ID = 8
  47    3           ...............((.((((..............))))..))...  -4.40 -[0.1220 -> 0.1088] ID = 9
  48    1          ......(((.....((((....(((....)))....))))...))).. -11.80 +[0.8233 -> 0.8344] ID = 13
  48    2          ................((..((((.............))))..))...  -4.90 +[0.0679 -> 0.0685] ID = 8
  48    3          ................((.((((..............))))..))...  -4.40 -[0.1088 -> 0.0971] ID = 9
  49    1         .......(((.....((((....(((....)))....))))...))).. -11.80 +[0.8344 -> 0.8372] ID = 13
  49    2         ((((.......))))..((..((((.............))))..))...  -5.90 +[0.0000 -> 0.0578] ID = 14
  49    3         ((((.......))))..((.((((..............))))..))...  -5.40 +[0.0000 -> 0.0782] ID = 15
  49    4         .................((..((((.............))))..))...  -4.90 -[0.0685 -> 0.0115] ID = 8
  49    5         .................((.((((..............))))..))...  -4.40 -[0.0971 -> 0.0153] ID = 9
  50    1        ........(((.....((((....(((....)))....))))...))).. -11.80 -[0.8506 -> 0.7923] ID = 13
  50    2        .((((.......))))((((....(((....)))....))))........ -10.40 +[0.0000 -> 0.0584] ID = 18
  50    3        (((((.......))))).((..((((.............))))..))...  -9.30 +[0.0636 -> 0.0643] ID = 16
  50    4        (((((.......))))).((.((((..............))))..))...  -8.80 -[0.0858 -> 0.0851] ID = 17
  51    1       .........(((.....((((....(((....)))....))))...))).. -11.80 -[0.7923 -> 0.7536] ID = 13
  51    2       ..((((.......))))((((....(((....)))....))))........ -10.40 -[0.0584 -> 0.0575] ID = 18
  51    3       .(((((.......)))))(((....(((....)))....)))......... -10.30 +[0.0000 -> 0.0479] ID = 19
  51    4       .(((((.......))))).((..((((.............))))..))...  -9.30 +[0.0643 -> 0.0647] ID = 16
  51    5       .(((((.......))))).((.((((..............))))..))...  -8.80 -[0.0851 -> 0.0763] ID = 17
  52    1      ..........(((.....((((....(((....)))....))))...))).. -11.80 -[0.7536 -> 0.7400] ID = 13
  52    2      ...((((.......))))((((....(((....)))....))))........ -10.40 +[0.0575 -> 0.0718] ID = 18
  52    3      ..(((((.......)))))(((....(((....)))....)))......... -10.30 +[0.0479 -> 0.0609] ID = 19
  52    4      ..(((((.......))))).((..((((.............))))..))...  -9.30 +[0.0647 -> 0.0650] ID = 16
  52    5      ..(((((.......))))).((.((((..............))))..))...  -8.80 -[0.0763 -> 0.0623] ID = 17
  53    1     ...........(((.....((((....(((....)))....))))...))).. -11.80 -[0.7400 -> 0.7390] ID = 13
  53    2     ....((((.......))))((((....(((....)))....))))........ -10.40 +[0.0718 -> 0.0781] ID = 18
  53    3     ...(((((.......)))))(((....(((....)))....)))......... -10.30 +[0.0609 -> 0.0665] ID = 19
  53    4     ...(((((.......))))).((..((((.............))))..))...  -9.30 +[0.0650 -> 0.0651] ID = 16
  53    5     ...(((((.......))))).((.((((..............))))..))...  -8.80 -[0.0623 -> 0.0512] ID = 17
  54    1    ............(((.....((((....(((....)))....))))...))).. -11.80 +[0.7390 -> 0.7429] ID = 13
  54    2    .....((((.......))))((((....(((....)))....))))........ -10.40 +[0.0781 -> 0.0807] ID = 18
  54    3    ....(((((.......)))))(((....(((....)))....)))......... -10.30 +[0.0665 -> 0.0688] ID = 19
  54    4    ....(((((.......))))).((..((((.............))))..))...  -9.30  [0.0651 -> 0.0652] ID = 16
  54    5    ....(((((.......))))).((.((((..............))))..))...  -8.80 -[0.0512 -> 0.0425] ID = 17
  55    1   .............(((.....((((....(((....)))....))))...))).. -11.80 +[0.7429 -> 0.7590] ID = 13
  55    2   ......((((.......))))((((....(((....)))....))))........ -10.40 -[0.0949 -> 0.0874] ID = 18
  55    3   .....(((((.......)))))(((....(((....)))....)))......... -10.30 -[0.0830 -> 0.0746] ID = 19
  55    4   .....(((((.......))))).((..((((.............))))..))...  -9.30 -[0.0793 -> 0.0790] ID = 16
  56    1  ..............(((.....((((....(((....)))....))))...))).. -11.80 +[0.7590 -> 0.7667] ID = 13
  56    2  .......((((.......))))((((....(((....)))....))))........ -10.40 -[0.0874 -> 0.0834] ID = 18
  56    3  ......(((((.......)))))(((....(((....)))....)))......... -10.30 -[0.0746 -> 0.0711] ID = 19
  56    4  ......(((((.......))))).((..((((.............))))..))...  -9.30 -[0.0790 -> 0.0788] ID = 16
  57    1 ...............(((.....((((....(((....)))....))))...))).. -11.80 +[0.7667 -> 0.8277] ID = 13
  57    2 ........((((.......))))((((....(((....)))....))))........ -10.40 +[0.0834 -> 0.0854] ID = 18
  57    3 .......(((((.......)))))(((....(((....)))....)))......... -10.30 +[0.0711 -> 0.0726] ID = 19
  57    4 .......(((((.......))))).((..((((.............))))..))...  -9.30 -[0.0788 -> 0.0143] ID = 16
# Distribution of structures at the end:
#         GGAGCAACACUUGUGCGUGAAGUGGGUCAGGGGAGGAAUCCAGCAGCCCUAAGCGAU
  57    1 ...............(((.....((((....(((....)))....))))...))).. -11.80 0.8277  [t8: 0.8277] ID = 13
  57    2 ........((((.......))))((((....(((....)))....))))........ -10.40 0.0854  [t8: 0.0854] ID = 18
  57    3 .......(((((.......)))))(((....(((....)))....)))......... -10.30 0.0726  [t8: 0.0726] ID = 19
  57    4 .......(((((.......))))).((..((((.............))))..))...  -9.30 0.0143  [t8: 0.0143] ID = 16
