# File generated using DrTransformer v0.10
#
# >drtr_srp_Lact.brev._CP000416
# GCAAGGGUGGGCUUACGAAUCGUGUCAGGUCCGGAAGGAAGCAGCACUAAGUUUG 
#
# Co-transcriptional folding parameters:
# --t-ext: 0.02 sec
# --t-end: 60.0 sec
# --start: 1
# --stop: 55
# --reversed-transcription: False
#
# Algorithm parameters:
# --o-prune: 0.05
# --t-fast: 0.001 sec
# --fpwm: 4
# --mfree: 6 nuc
# --k0: 200000.0
#
# ViennaRNA model details:
# --temp: 37.0 C
# --dangles: 2
# --paramFile: None
# --noTetra: False
# --noGU: False
# --noClosingGU: False
#
#
# Results:
# Transcription Step | Energy-sorted structure count | Structure | Energy | [Occupancy-t0 Occupancy-t8] | Structure ID (-> Plotting ID)
   1    1 .   0.00  [1.0000 -> 1.0000] ID = 0
   2    1 ..   0.00  [1.0000 -> 1.0000] ID = 0
   3    1 ...   0.00  [1.0000 -> 1.0000] ID = 0
   4    1 ....   0.00  [1.0000 -> 1.0000] ID = 0
   5    1 .....   0.00  [1.0000 -> 1.0000] ID = 0
   6    1 ......   0.00  [1.0000 -> 1.0000] ID = 0
   7    1 .......   0.00  [1.0000 -> 1.0000] ID = 0
   8    1 ........   0.00  [1.0000 -> 1.0000] ID = 0
   9    1 .........   0.00  [1.0000 -> 1.0000] ID = 0
  10    1 ..........   0.00  [1.0000 -> 1.0000] ID = 0
  11    1 ...........   0.00  [1.0000 -> 1.0000] ID = 0
  12    1 ((........))  -0.50  [1.0000 -> 1.0000] ID = 1
  13    1 ((........)).  -0.50  [1.0000 -> 1.0000] ID = 1
  14    1 ((........))..  -0.50  [1.0000 -> 1.0000] ID = 1
  15    1 ((........))...  -0.50  [1.0000 -> 1.0000] ID = 1
  16    1 ((........))....  -0.50  [1.0000 -> 1.0000] ID = 1
  17    1 ((........)).....  -0.50  [1.0000 -> 1.0000] ID = 1
  18    1 ((........))......  -0.50  [1.0000 -> 1.0000] ID = 1
  19    1 ((........)).......  -0.50  [1.0000 -> 1.0000] ID = 1
  20    1 ((........))........  -0.50  [1.0000 -> 1.0000] ID = 1
  21    1 ((........)).........  -0.50  [1.0000 -> 1.0000] ID = 1
  22    1 ((........))..........  -0.50  [1.0000 -> 1.0000] ID = 1
  23    1 ((........))...........  -0.50  [1.0000 -> 1.0000] ID = 1
  24    1 ((........)).((((...))))  -0.80  [1.0000 -> 1.0000] ID = 2
  25    1 ((........)).((((...)))).  -0.80  [1.0000 -> 1.0000] ID = 2
  26    1 .........(((..(((...))))))  -1.30 +[0.0000 -> 0.6924] ID = 3
  26    2 ((........)).((((...))))..  -0.80 -[1.0000 -> 0.3076] ID = 2
  27    1 .........(((..(((...)))))).  -1.30  [0.6924 -> 0.6924] ID = 3
  27    2 ((........)).((((...))))...  -0.80  [0.3076 -> 0.3076] ID = 2
  28    1 .........(((..(((...))))))..  -1.30  [0.6924 -> 0.6924] ID = 3
  28    2 ((........)).((((...))))....  -0.80  [0.3076 -> 0.3076] ID = 2
  29    1 .........(((..(((...))))))...  -1.30  [0.6924 -> 0.6924] ID = 3
  29    2 ((........)).((((...)))).....  -0.80  [0.3076 -> 0.3076] ID = 2
  30    1 .........(((..(((...))))))....  -1.30  [0.6924 -> 0.6924] ID = 3
  30    2 ((........)).((((...))))......  -0.80  [0.3076 -> 0.3076] ID = 2
  31    1 .........((((((((.....))).)))))  -3.40 +[0.0000 -> 0.5838] ID = 5
  31    2 .........((((((((...))))...))))  -3.10 +[0.0000 -> 0.3730] ID = 6
  31    3 .........(((..(((...)))))).....  -1.30 -[0.6924 -> 0.0304] ID = 3
  31    4 ((........)).((((...)))).......  -0.80 -[0.3076 -> 0.0127] ID = 2
  32    1 ........(((((((((.....))).))))))  -7.20 +[0.5838 -> 0.6193] ID = 7
  32    2 ........(((((((((...))))...)))))  -6.90 -[0.4162 -> 0.3807] ID = 8
  33    1 .......((((((((((.....))).)))))))  -7.40 +[0.6193 -> 0.6923] ID = 9
  33    2 ........(((((((((...))))...))))).  -6.90 -[0.3807 -> 0.3077] ID = 8
  34    1 .......((((((((((.....))).))))))).  -7.40 -[0.6923 -> 0.6194] ID = 9
  34    2 .......((((((((((...))))...)))))).  -7.10 +[0.3077 -> 0.3806] ID = 10
  35    1 .......((((((((((.....))).)))))))..  -7.40  [0.6194 -> 0.6193] ID = 9
  35    2 .......((((((((((...))))...))))))..  -7.10  [0.3806 -> 0.3807] ID = 10
  36    1 .......((((((((((.....))).)))))))...  -7.40  [0.6193 -> 0.6193] ID = 9
  36    2 .......((((((((((...))))...))))))...  -7.10  [0.3807 -> 0.3807] ID = 10
  37    1 .......((((((((((.....))).)))))))....  -7.40  [0.6193 -> 0.6193] ID = 9
  37    2 .......((((((((((...))))...))))))....  -7.10  [0.3807 -> 0.3807] ID = 10
  38    1 .......((((((((((.....))).))))))).....  -7.40  [0.6193 -> 0.6193] ID = 9
  38    2 .......((((((((((...))))...)))))).....  -7.10  [0.3807 -> 0.3807] ID = 10
  39    1 .......((((((((((.....))).)))))))......  -7.40  [0.6193 -> 0.6193] ID = 9
  39    2 .......((((((((((...))))...))))))......  -7.10  [0.3807 -> 0.3807] ID = 10
  40    1 .......((((((((((.....))).))))))).......  -7.40  [0.6193 -> 0.6193] ID = 9
  40    2 .......((((((((((...))))...)))))).......  -7.10  [0.3807 -> 0.3807] ID = 10
  41    1 .......((((((((((.....))).)))))))........  -7.40  [0.6193 -> 0.6193] ID = 9
  41    2 .......((((((((((...))))...))))))........  -7.10  [0.3807 -> 0.3807] ID = 10
  42    1 ((.....((((((((((.....))).))))))).......))  -8.60 +[0.6193 -> 0.9183] ID = 11
  42    2 .......((((((((((...))))...)))))).........  -7.10 -[0.3807 -> 0.0817] ID = 10
  43    1 ((.....((((((((((.....))).))))))).......)).  -8.60 -[0.9183 -> 0.6194] ID = 11
  43    2 ((.....((((((((((...))))...)))))).......)).  -8.30 +[0.0817 -> 0.3806] ID = 12
  44    1 ((.....((((((((((.....))).))))))).......))..  -8.60  [0.6194 -> 0.6193] ID = 11
  44    2 ((.....((((((((((...))))...)))))).......))..  -8.30  [0.3806 -> 0.3807] ID = 12
  45    1 ((.....((((((((((.....))).))))))).......))...  -8.60  [0.6193 -> 0.6193] ID = 11
  45    2 ((.....((((((((((...))))...)))))).......))...  -8.30  [0.3807 -> 0.3807] ID = 12
  46    1 ((.....((((((((((.....))).))))))).......))....  -8.60  [0.6193 -> 0.6193] ID = 11
  46    2 ((.....((((((((((...))))...)))))).......))....  -8.30  [0.3807 -> 0.3807] ID = 12
  47    1 ((.....((((((((((.....))).))))))).......)).....  -8.60  [0.6193 -> 0.6193] ID = 11
  47    2 ((.....((((((((((...))))...)))))).......)).....  -8.30  [0.3807 -> 0.3807] ID = 12
  48    1 ((.....((((((((((.....))).))))))).......))......  -8.60  [0.6193 -> 0.6193] ID = 11
  48    2 ((.....((((((((((...))))...)))))).......))......  -8.30  [0.3807 -> 0.3807] ID = 12
  49    1 ((.....((((((((((.....))).))))))).......)).......  -8.60  [0.6193 -> 0.6193] ID = 11
  49    2 ((.....((((((((((...))))...)))))).......)).......  -8.30  [0.3807 -> 0.3807] ID = 12
  50    1 ((.....((((((((((.....))).))))))).......))........  -8.60  [0.6193 -> 0.6193] ID = 11
  50    2 ((.....((((((((((...))))...)))))).......))........  -8.30  [0.3807 -> 0.3807] ID = 12
  51    1 ((.....((((((((((.....))).))))))).......)).........  -8.60  [0.6193 -> 0.6193] ID = 11
  51    2 ((.....((((((((((...))))...)))))).......)).........  -8.30  [0.3807 -> 0.3807] ID = 12
  52    1 ((.....((((((((((.....))).))))))).......))..........  -8.60  [0.6193 -> 0.6193] ID = 11
  52    2 ((.....((((((((((...))))...)))))).......))..........  -8.30  [0.3807 -> 0.3807] ID = 12
  53    1 .........((((((......((((....(((....)))....))))))))))  -8.90 +[0.0000 -> 0.0008] ID = 13
  53    2 ((.....((((((((((.....))).))))))).......))...........  -8.60 -[0.6193 -> 0.6189] ID = 11
  53    3 ((.....((((((((((...))))...)))))).......))...........  -8.30 -[0.3807 -> 0.3803] ID = 12
  54    1 ........(((((((......((((....(((....)))....)))))))))))  -9.50 +[0.0008 -> 0.0016] ID = 14
  54    2 ((.....((((((((((.....))).))))))).......))............  -8.60 -[0.6189 -> 0.6184] ID = 11
  54    3 ((.....((((((((((...))))...)))))).......))............  -8.30 -[0.3803 -> 0.3800] ID = 12
  55    1 ........(((((((......((((....(((....)))....))))))))))).  -9.50 +[0.0016 -> 0.6992] ID = 14
  55    2 ((.....((((((((((.....))).))))))).......)).............  -8.60 -[0.6184 -> 0.1863] ID = 11
  55    3 ((.....((((((((((...))))...)))))).......)).............  -8.30 -[0.3800 -> 0.1145] ID = 12
# Distribution of structures at the end:
#         GCAAGGGUGGGCUUACGAAUCGUGUCAGGUCCGGAAGGAAGCAGCACUAAGUUUG
  55    1 ........(((((((......((((....(((....)))....))))))))))).  -9.50 0.6992 +[t8: 0.7273] ID = 14
  55    2 ((.....((((((((((.....))).))))))).......)).............  -8.60 0.1863 -[t8: 0.1689] ID = 11
  55    3 ((.....((((((((((...))))...)))))).......)).............  -8.30 0.1145 -[t8: 0.1038] ID = 12
