# File generated using DrTransformer v0.10
#
# >drtr_srp_Kine.radi._CP000750
# CUGAACCCCCCCAGGGCCGGAAGGCAGCAAGGGUAGGUGGGCCCUGGCGGGUG 
#
# Co-transcriptional folding parameters:
# --t-ext: 0.02 sec
# --t-end: 60.0 sec
# --start: 1
# --stop: 53
# --reversed-transcription: False
#
# Algorithm parameters:
# --o-prune: 0.05
# --t-fast: 0.001 sec
# --fpwm: 4
# --mfree: 6 nuc
# --k0: 200000.0
#
# ViennaRNA model details:
# --temp: 37.0 C
# --dangles: 2
# --paramFile: None
# --noTetra: False
# --noGU: False
# --noClosingGU: False
#
#
# Results:
# Transcription Step | Energy-sorted structure count | Structure | Energy | [Occupancy-t0 Occupancy-t8] | Structure ID (-> Plotting ID)
   1    1 .   0.00  [1.0000 -> 1.0000] ID = 0
   2    1 ..   0.00  [1.0000 -> 1.0000] ID = 0
   3    1 ...   0.00  [1.0000 -> 1.0000] ID = 0
   4    1 ....   0.00  [1.0000 -> 1.0000] ID = 0
   5    1 .....   0.00  [1.0000 -> 1.0000] ID = 0
   6    1 ......   0.00  [1.0000 -> 1.0000] ID = 0
   7    1 .......   0.00  [1.0000 -> 1.0000] ID = 0
   8    1 ........   0.00  [1.0000 -> 1.0000] ID = 0
   9    1 .........   0.00  [1.0000 -> 1.0000] ID = 0
  10    1 ..........   0.00  [1.0000 -> 1.0000] ID = 0
  11    1 ...........   0.00  [1.0000 -> 1.0000] ID = 0
  12    1 ............   0.00  [1.0000 -> 1.0000] ID = 0
  13    1 .............   0.00  [1.0000 -> 1.0000] ID = 0
  14    1 (((........)))  -1.50  [1.0000 -> 1.0000] ID = 1
  15    1 (((........))).  -1.50  [1.0000 -> 1.0000] ID = 1
  16    1 .....(((.....)))  -3.00 +[0.0000 -> 0.8092] ID = 2
  16    2 (((........)))..  -1.50 -[1.0000 -> 0.1908] ID = 1
  17    1 .....(((.....))).  -3.00 +[0.8092 -> 0.9062] ID = 2
  17    2 (((........)))...  -1.50 -[0.1908 -> 0.0938] ID = 1
  18    1 .....(((.....)))..  -3.00 +[0.9062 -> 0.9178] ID = 2
  18    2 (((........)))....  -1.50 -[0.0938 -> 0.0822] ID = 1
  19    1 .....(((.....)))...  -3.00 +[0.9178 -> 0.9192] ID = 2
  19    2 (((........))).....  -1.50 -[0.0822 -> 0.0808] ID = 1
  20    1 (((..((......))..)))  -4.30 +[0.0000 -> 0.0999] ID = 3
  20    2 (((..(((.....))).)))  -4.20 -[0.9192 -> 0.8947] ID = 4
  20    3 (((........)))......  -1.50 -[0.0808 -> 0.0053] ID = 1
  21    1 (((..((......))..))).  -4.30 +[0.1026 -> 0.1389] ID = 3
  21    2 (((..(((.....))).))).  -4.20 -[0.8974 -> 0.8611] ID = 4
  22    1 (((..((......))..)))..  -4.30 +[0.1389 -> 0.1721] ID = 3
  22    2 (((..(((.....))).)))..  -4.20 -[0.8611 -> 0.8279] ID = 4
  23    1 (((..((......))..)))...  -4.30 +[0.1721 -> 0.2026] ID = 3
  23    2 (((..(((.....))).)))...  -4.20 -[0.8279 -> 0.7974] ID = 4
  24    1 (((..((......))..)))....  -4.30 +[0.2026 -> 0.2306] ID = 3
  24    2 (((..(((.....))).)))....  -4.20 -[0.7974 -> 0.7694] ID = 4
  25    1 (((........))).(((....)))  -6.30 +[0.0000 -> 0.6510] ID = 5
  25    2 .....((......))(((....)))  -5.30 +[0.0000 -> 0.1315] ID = 7
  25    3 ......((.....))(((....)))  -4.90 -[0.7694 -> 0.0672] ID = 6
  25    4 (((..((......))..))).....  -4.30 -[0.2306 -> 0.1503] ID = 3
  26    1 (((........))).(((....))).  -6.30 +[0.6510 -> 0.6867] ID = 5
  26    2 .....((......))(((....))).  -5.30 +[0.1315 -> 0.1369] ID = 7
  26    3 ......((.....))(((....))).  -4.90 +[0.0672 -> 0.0711] ID = 6
  26    4 (((..((......))..)))......  -4.30 -[0.1503 -> 0.1052] ID = 3
  27    1 (((........))).(((....)))..  -6.30 +[0.6867 -> 0.7090] ID = 5
  27    2 .....((......))(((....)))..  -5.30 +[0.1369 -> 0.1408] ID = 7
  27    3 ......((.....))(((....)))..  -4.90 +[0.0711 -> 0.0733] ID = 6
  27    4 (((..((......))..))).......  -4.30 -[0.1052 -> 0.0769] ID = 3
  28    1 (((........))).(((....)))...  -6.30 +[0.7090 -> 0.7229] ID = 5
  28    2 .....((......))(((....)))...  -5.30 +[0.1408 -> 0.1433] ID = 7
  28    3 ......((.....))(((....)))...  -4.90 +[0.0733 -> 0.0747] ID = 6
  28    4 (((..((......))..)))........  -4.30 -[0.0769 -> 0.0591] ID = 3
  29    1 (((........))).(((....)))....  -6.30 +[0.7229 -> 0.7317] ID = 5
  29    2 .....((......))(((....)))....  -5.30 +[0.1433 -> 0.1448] ID = 7
  29    3 ......((.....))(((....)))....  -4.90 +[0.0747 -> 0.0756] ID = 6
  29    4 (((..((......))..))).........  -4.30 -[0.0591 -> 0.0479] ID = 3
  30    1 (((........))).(((....))).....  -6.30 +[0.7317 -> 0.7689] ID = 5
  30    2 .....((......))(((....))).....  -5.30 -[0.1927 -> 0.1518] ID = 7
  30    3 ......((.....))(((....))).....  -4.90 +[0.0756 -> 0.0793] ID = 6
  31    1 (((........))).(((....)))......  -6.30  [0.7689 -> 0.7689] ID = 5
  31    2 .....((......))(((....)))......  -5.30  [0.1518 -> 0.1518] ID = 7
  31    3 ......((.....))(((....)))......  -4.90  [0.0793 -> 0.0793] ID = 6
  32    1 ........((.....(((....))).....))  -6.50 +[0.0000 -> 0.5154] ID = 8
  32    2 (((........))).(((....))).......  -6.30 -[0.7689 -> 0.3726] ID = 5
  32    3 .....((......))(((....))).......  -5.30 -[0.1518 -> 0.0735] ID = 7
  32    4 ......((.....))(((....))).......  -4.90 -[0.0793 -> 0.0384] ID = 6
  33    1 .......(((.....(((....))).....)))  -9.30 +[0.5282 -> 0.9906] ID = 9
  33    2 (((........))).(((....)))........  -6.30 -[0.3854 -> 0.0079] ID = 5
  33    3 .....((......))(((....)))........  -5.30 -[0.0864 -> 0.0015] ID = 7
  34    1 ....((((.......(((....))).....))))  -9.60 +[0.0000 -> 0.0329] ID = 10
  34    2 .......(((.....(((....))).....))).  -9.30 -[1.0000 -> 0.9671] ID = 9
  35    1 ....((((.......(((....))).....)))).  -9.60 +[0.0329 -> 0.0640] ID = 10
  35    2 .......(((.....(((....))).....)))..  -9.30 -[0.9671 -> 0.9360] ID = 9
  36    1 ....((((.......(((....))).....))))..  -9.60 +[0.0640 -> 0.0935] ID = 10
  36    2 .......(((.....(((....))).....)))...  -9.30 -[0.9360 -> 0.9065] ID = 9
  37    1 .....((..(((...(((....))).....)))..)) -10.70 +[0.0000 -> 0.1208] ID = 11
  37    2 .....(((((.....(((....))).....)))..))  -9.90 -[0.9065 -> 0.7781] ID = 12
  37    3 ....((((.......(((....))).....))))...  -9.60 +[0.0935 -> 0.1010] ID = 10
  38    1 ....(((..(((...(((....))).....)))..))) -12.40 +[0.1208 -> 0.2211] ID = 13
  38    2 ....((((((.....(((....))).....)))..))) -11.60 -[0.7781 -> 0.6806] ID = 14
  38    3 ....((((.......(((....))).....))))....  -9.60 -[0.1010 -> 0.0983] ID = 10
  39    1 ....(((..(((...(((....))).....)))..))). -12.40 +[0.2211 -> 0.3047] ID = 13
  39    2 ....((((((.....(((....))).....)))..))). -11.60 -[0.6806 -> 0.5996] ID = 14
  39    3 ....((((.......(((....))).....)))).....  -9.60 -[0.0983 -> 0.0956] ID = 10
  40    1 ....(((..(((...(((....))).....)))..))).. -12.40 +[0.3047 -> 0.3745] ID = 13
  40    2 ....((((((.....(((....))).....)))..))).. -11.60 -[0.5996 -> 0.5325] ID = 14
  40    3 ....((((.......(((....))).....))))......  -9.60 -[0.0956 -> 0.0930] ID = 10
  41    1 ....(((..(((...(((....))).....)))..)))... -12.40 +[0.3745 -> 0.4329] ID = 13
  41    2 ....((((((.....(((....))).....)))..)))... -11.60 -[0.5325 -> 0.4768] ID = 14
  41    3 ....((((.......(((....))).....)))).......  -9.60 -[0.0930 -> 0.0904] ID = 10
  42    1 ....(((..(((...(((....))).....)))..))).... -12.40 +[0.4329 -> 0.4816] ID = 13
  42    2 ....((((((.....(((....))).....)))..))).... -11.60 -[0.4768 -> 0.4306] ID = 14
  42    3 ....((((.......(((....))).....))))........  -9.60 -[0.0904 -> 0.0878] ID = 10
  43    1 ....(((..(((...(((....))).....)))..)))..... -12.40 +[0.4816 -> 0.5225] ID = 13
  43    2 ....((((((.....(((....))).....)))..)))..... -11.60 -[0.4306 -> 0.3922] ID = 14
  43    3 ....((((.......(((....))).....)))).........  -9.60 -[0.0878 -> 0.0853] ID = 10
  44    1 ....(((..(((...(((....))).....)))..)))...... -12.40 +[0.5225 -> 0.5567] ID = 13
  44    2 ....((((((.....(((....))).....)))..)))...... -11.60 -[0.3922 -> 0.3605] ID = 14
  44    3 ....((((.......(((....))).....))))..........  -9.60 -[0.0853 -> 0.0829] ID = 10
  45    1 (((........))).(((....)))....(((((......))))) -13.30 +[0.0000 -> 0.0008] ID = 15
  45    2 ....(((..(((...(((....))).....)))..)))....... -12.40 +[0.5567 -> 0.5843] ID = 13
  45    3 ....((((((.....(((....))).....)))..)))....... -11.60 -[0.3605 -> 0.3325] ID = 14
  45    4 ....((((.......(((....))).....))))(((.....))) -10.60 +[0.0000 -> 0.0688] ID = 16
  45    5 ....((((.......(((....))).....))))...........  -9.60 -[0.0829 -> 0.0136] ID = 10
  46    1 ...........(((((((.....((.......)).....))))))) -15.50  [0.0000 -> 0.0000] ID = 17
  46    2 (((........))).(((....)))....(((((......))))). -13.30 +[0.0008 -> 0.0023] ID = 15
  46    3 ....(((..(((...(((....))).....)))..)))........ -12.40 +[0.5889 -> 0.6070] ID = 13
  46    4 ....((((((.....(((....))).....)))..)))........ -11.60 -[0.3370 -> 0.2484] ID = 14
  46    5 .......(((.....(((....))).....)))((((.....)))) -11.30 +[0.0000 -> 0.0742] ID = 18
  46    6 ....((((.......(((....))).....))))(((.....))). -10.60 -[0.0733 -> 0.0680] ID = 16
  47    1 ..........((((((((.....((.......)).....)))))))) -18.00 +[0.0000 -> 0.0001] ID = 19
  47    2 (((........))).(((....)))....(((((......))))).. -13.30 +[0.0023 -> 0.0039] ID = 15
  47    3 ....(((..(((...(((....))).....)))..)))......... -12.40 +[0.6070 -> 0.6161] ID = 13
  47    4 ....((((((.....(((....))).....)))..)))......... -11.60 -[0.2484 -> 0.2133] ID = 14
  47    5 .......(((.....(((....))).....)))((((.....)))). -11.30 +[0.0742 -> 0.1026] ID = 18
  47    6 ....((((.......(((....))).....))))(((.....))).. -10.60 -[0.0680 -> 0.0639] ID = 16
  48    1 ..........((((((((.....((.......)).....)))))))). -18.00 +[0.0001 -> 0.0003] ID = 19
  48    2 (((........))).(((....))).((.(((((......))))).)) -16.30 +[0.0000 -> 0.0016] ID = 20
  48    3 ....(((..(((...(((....))).....)))..))).......... -12.40 +[0.6171 -> 0.6227] ID = 13
  48    4 ....((((((.....(((....))).....)))..))).......... -11.60 -[0.2143 -> 0.2001] ID = 14
  48    5 .......(((.....(((....))).....)))((((.....)))).. -11.30 +[0.1036 -> 0.1140] ID = 18
  48    6 ....((((.......(((....))).....))))(((.....)))... -10.60 -[0.0648 -> 0.0613] ID = 16
  49    1 ..........((((((((.....((.......)).....)))))))).. -18.00 +[0.0003 -> 0.0004] ID = 19
  49    2 (((........))).(((....))).((.(((((......))))).)). -16.30 +[0.0016 -> 0.0030] ID = 20
  49    3 ....(((..(((...(((....))).....)))..)))..((....)). -12.80 +[0.6227 -> 0.6286] ID = 21
  49    4 ....((((((.....(((....))).....)))..)))..((....)). -12.00 +[0.2001 -> 0.2148] ID = 22
  49    5 .......(((.....(((....))).....)))((((.....))))... -11.30 -[0.1140 -> 0.0956] ID = 18
  49    6 ....((((.......(((....))).....))))(((.....))).... -10.60 -[0.0613 -> 0.0575] ID = 16
  50    1 ........((((((((((.....((.......)).....)))))))).)) -21.60 +[0.0000 -> 0.0008] ID = 23
  50    2 (((........))).(((....))).((.(((((......))))).)).. -16.30 +[0.0030 -> 0.0044] ID = 20
  50    3 ........((((((((((....))).................))))).)) -13.00  [0.0000 -> 0.0000] ID = 24
  50    4 ........((((((((((....)).................)))))).)) -12.90  [0.0000 -> 0.0000] ID = 25
  50    5 ....(((..(((...(((....))).....)))..)))..((....)).. -12.80 +[0.6287 -> 0.6356] ID = 21
  50    6 ....((((((.....(((....))).....)))..)))..((....)).. -12.00 +[0.2149 -> 0.2196] ID = 22
  50    7 .......(((.....(((....))).....)))((((.....)))).... -11.30 -[0.0957 -> 0.0859] ID = 18
  50    8 ....((((.......(((....))).....))))(((.....)))..... -10.60 -[0.0576 -> 0.0537] ID = 16
  51    1 .......(((((((((((.....((.......)).....)))))))).))) -24.40 +[0.0000 -> 0.0002] ID = 26
  51    2 .....(((..((((((((.....((.......)).....)))))))).))) -22.70 +[0.0000 -> 0.0007] ID = 36
  51    3 .....(((((...))(((....))).((.(((((......))))).))))) -17.30 +[0.0000 -> 0.0008] ID = 28
  51    4 ....(((..(((...(((....))).....)))..)))...(((....))) -15.90 +[0.6367 -> 0.6447] ID = 31
  51    5 .......(((((((((((....)).................)))))).))) -15.70  [0.0000 -> 0.0000] ID = 37
  51    6 ....((((((.....(((....))).....)))..)))...(((....))) -15.10 +[0.2210 -> 0.2259] ID = 30
  51    7 .....(((..((((((((....))).................))))).))) -14.10 +[0.0000 -> 0.0006] ID = 34
  51    8 .....(((..((((((((....)).................)))))).))) -14.00 +[0.0000 -> 0.0002] ID = 35
  51    9 ....((((.......(((....))).....)))).......(((....))) -13.10 +[0.0000 -> 0.0473] ID = 29
  51   10 ........((((((((((....))).................))))).)). -13.00  [0.0000 -> 0.0000] ID = 24
  51   11 .....((((((....(((....))).....)))((((.....))))..))) -13.00 +[0.0000 -> 0.0581] ID = 27
  51   12 .......(((.....(((....))).....)))........(((....))) -12.80 +[0.0000 -> 0.0117] ID = 33
  51   13 .......(((.....(((....))).....)))((((.....))))..... -11.30 -[0.0872 -> 0.0041] ID = 18
  51   14 ........(((....(((....))).....)))((((.....))))..... -10.80 +[0.0000 -> 0.0017] ID = 32
  51   15 ....((((.......(((....))).....))))(((.....)))...... -10.60 -[0.0551 -> 0.0039] ID = 16
  52    1 .......(((((((((((.....((.......)).....)))))))).))). -24.40 +[0.0002 -> 0.0004] ID = 26
  52    2 .....(((..((((((((.....((.......)).....)))))))).))). -22.70 +[0.0007 -> 0.0013] ID = 36
  52    3 ....((((((...))(((....))).((.(((((......))))).)))))) -19.00  [0.0000 -> 0.0001] ID = 40
  52    4 ....(((..(((...(((....))).....)))..)))..((((....)))) -17.60 +[0.6460 -> 0.6538] ID = 39
  52    5 ....((((((.....(((....))).....)))..)))..((((....)))) -16.80 -[0.2292 -> 0.2233] ID = 42
  52    6 ....((((.......(((....))).....))))......((((....)))) -14.80 -[0.0603 -> 0.0586] ID = 41
  52    7 ....(((((((....(((....))).....)))((((.....))))..)))) -14.70 -[0.0627 -> 0.0623] ID = 38
  52    8 .....(((..((((((((....))).................))))).))). -14.10 -[0.0006 -> 0.0001] ID = 34
  52    9 .....(((..((((((((....)).................)))))).))). -14.00 -[0.0002 -> 0.0001] ID = 35
  53    1 .......(((((((((((.....((.......)).....)))))))).))).. -24.40 +[0.0004 -> 0.0608] ID = 26
  53    2 ....((((..((((((((.....((.......)).....)))))))).)))). -24.40 +[0.0000 -> 0.0610] ID = 45
  53    3 ....((((((...))(((....))).((.(((((......))))).)))))). -19.00 +[0.0001 -> 0.0048] ID = 40
  53    4 ....(((..(((...(((....))).....)))..)))..((((....)))). -17.60 +[0.6542 -> 0.6800] ID = 39
  53    5 ....((((((.....(((....))).....)))..)))..((((....)))). -16.80 -[0.2236 -> 0.1856] ID = 42
  53    6 ....((((..((((((((....))).................))))).)))). -15.80  [0.0000 -> 0.0000] ID = 43
  53    7 ....((((..((((((((....)).................)))))).)))). -15.70  [0.0000 -> 0.0000] ID = 44
  53    8 ....((((.......(((....))).....))))......((((....)))). -14.80 -[0.0590 -> 0.0071] ID = 41
  53    9 ....(((((((....(((....))).....)))((((.....))))..)))). -14.70 -[0.0627 -> 0.0006] ID = 38
# Distribution of structures at the end:
#         CUGAACCCCCCCAGGGCCGGAAGGCAGCAAGGGUAGGUGGGCCCUGGCGGGUG
  53    1 .......(((((((((((.....((.......)).....)))))))).))).. -24.40 0.0608 +[t8: 0.5000] ID = 26
  53    2 ....((((..((((((((.....((.......)).....)))))))).)))). -24.40 0.0610 +[t8: 0.5000] ID = 45
  53    3 ....((((((...))(((....))).((.(((((......))))).)))))). -19.00 0.0048 -[t8: 0.0001] ID = 40
  53    4 ....(((..(((...(((....))).....)))..)))..((((....)))). -17.60 0.6800 -[t8: 0.0000] ID = 39
  53    5 ....((((((.....(((....))).....)))..)))..((((....)))). -16.80 0.1856 -[t8: 0.0000] ID = 42
  53    6 ....((((..((((((((....))).................))))).)))). -15.80 0.0000  [t8: 0.0000] ID = 43
  53    7 ....((((..((((((((....)).................)))))).)))). -15.70 0.0000  [t8: 0.0000] ID = 44
  53    8 ....((((.......(((....))).....))))......((((....)))). -14.80 0.0071 -[t8: 0.0000] ID = 41
  53    9 ....(((((((....(((....))).....)))((((.....))))..)))). -14.70 0.0006 -[t8: 0.0000] ID = 38
