# File generated using DrTransformer v0.10
#
# >drtr_srp_Camp.jeju._AL139074
# GAACCCCGUCAGGUCCGGAAGGAAGCAGCGGUAAGU 
#
# Co-transcriptional folding parameters:
# --t-ext: 0.02 sec
# --t-end: 60.0 sec
# --start: 1
# --stop: 36
# --reversed-transcription: False
#
# Algorithm parameters:
# --o-prune: 0.05
# --t-fast: 0.001 sec
# --fpwm: 4
# --mfree: 6 nuc
# --k0: 200000.0
#
# ViennaRNA model details:
# --temp: 37.0 C
# --dangles: 2
# --paramFile: None
# --noTetra: False
# --noGU: False
# --noClosingGU: False
#
#
# Results:
# Transcription Step | Energy-sorted structure count | Structure | Energy | [Occupancy-t0 Occupancy-t8] | Structure ID (-> Plotting ID)
   1    1 .   0.00  [1.0000 -> 1.0000] ID = 0
   2    1 ..   0.00  [1.0000 -> 1.0000] ID = 0
   3    1 ...   0.00  [1.0000 -> 1.0000] ID = 0
   4    1 ....   0.00  [1.0000 -> 1.0000] ID = 0
   5    1 .....   0.00  [1.0000 -> 1.0000] ID = 0
   6    1 ......   0.00  [1.0000 -> 1.0000] ID = 0
   7    1 .......   0.00  [1.0000 -> 1.0000] ID = 0
   8    1 ........   0.00  [1.0000 -> 1.0000] ID = 0
   9    1 .........   0.00  [1.0000 -> 1.0000] ID = 0
  10    1 ..........   0.00  [1.0000 -> 1.0000] ID = 0
  11    1 ...........   0.00  [1.0000 -> 1.0000] ID = 0
  12    1 ............   0.00  [1.0000 -> 1.0000] ID = 0
  13    1 .....((....))  -1.00  [1.0000 -> 1.0000] ID = 1
  14    1 ..(((......)))  -1.30 +[0.0000 -> 0.6193] ID = 2
  14    2 .....((....)).  -1.00 -[1.0000 -> 0.3807] ID = 1
  15    1 ..(((......))).  -1.30  [0.6193 -> 0.6193] ID = 2
  15    2 .....((....))..  -1.00  [0.3807 -> 0.3807] ID = 1
  16    1 ..(((......)))..  -1.30  [0.6193 -> 0.6193] ID = 2
  16    2 .....((....))...  -1.00  [0.3807 -> 0.3807] ID = 1
  17    1 ..(((......)))...  -1.30  [0.6193 -> 0.6193] ID = 2
  17    2 .....((....))....  -1.00  [0.3807 -> 0.3807] ID = 1
  18    1 .....(((.......)))  -2.20 +[0.0000 -> 0.7000] ID = 3
  18    2 ..(((......)))....  -1.30 -[0.6193 -> 0.1868] ID = 2
  18    3 .....((....)).....  -1.00 -[0.3807 -> 0.1132] ID = 1
  19    1 .....(((.......))).  -2.20 -[0.7000 -> 0.6995] ID = 3
  19    2 ..(((......))).....  -1.30 -[0.1868 -> 0.1624] ID = 2
  19    3 ...((((....))...)).  -1.20 +[0.1132 -> 0.1381] ID = 4
  20    1 .....(((.......)))..  -2.20  [0.6995 -> 0.6995] ID = 3
  20    2 ..(((......)))......  -1.30  [0.1624 -> 0.1624] ID = 2
  20    3 ...((((....))...))..  -1.20  [0.1381 -> 0.1381] ID = 4
  21    1 .....(((.......)))...  -2.20  [0.6995 -> 0.6995] ID = 3
  21    2 ..(((......))).......  -1.30  [0.1624 -> 0.1624] ID = 2
  21    3 ...((((....))...))...  -1.20  [0.1381 -> 0.1381] ID = 4
  22    1 ..(((......)))((....))  -2.80 +[0.1624 -> 0.5251] ID = 5
  22    2 .....(((.......)))....  -2.20 -[0.6995 -> 0.4219] ID = 3
  22    3 ...((((....))...))....  -1.20 -[0.1381 -> 0.0530] ID = 4
  23    1 .....((....))(((....)))  -3.70 +[0.5516 -> 0.6678] ID = 6
  23    2 .....((....)).((....)).  -2.50 +[0.0265 -> 0.1023] ID = 8
  23    3 ...(((((.......)))..)).  -2.30 -[0.4219 -> 0.2299] ID = 7
  24    1 .....((....))(((....))).  -3.70 +[0.7701 -> 0.8173] ID = 6
  24    2 ...(((((.......)))..))..  -2.30 -[0.2299 -> 0.1827] ID = 7
  25    1 .....((....))(((....)))..  -3.70 +[0.8173 -> 0.8482] ID = 6
  25    2 ...(((((.......)))..))...  -2.30 -[0.1827 -> 0.1518] ID = 7
  26    1 .....((....))(((....)))...  -3.70 +[0.8482 -> 0.8684] ID = 6
  26    2 ...(((((.......)))..))....  -2.30 -[0.1518 -> 0.1316] ID = 7
  27    1 .....((....))(((....)))....  -3.70 +[0.8684 -> 0.8816] ID = 6
  27    2 ...(((((.......)))..)).....  -2.30 -[0.1316 -> 0.1184] ID = 7
  28    1 .....((....))(((....))).....  -3.70 +[0.8816 -> 0.8902] ID = 6
  28    2 ...(((((.......)))..))......  -2.30 -[0.1184 -> 0.1098] ID = 7
  29    1 .....((....))(((....)))......  -3.70 +[0.8902 -> 0.8958] ID = 6
  29    2 ...(((((.......)))..)).......  -2.30 -[0.1098 -> 0.1042] ID = 7
  30    1 ......(((....(((....)))....)))  -5.90 +[0.8958 -> 0.9283] ID = 9
  30    2 ...(((((.......)))..))........  -2.30 -[0.1042 -> 0.0717] ID = 7
  31    1 .....((((....(((....)))....))))  -8.70 +[0.9283 -> 0.9512] ID = 10
  31    2 ...(((((.......)))..)).........  -2.30 -[0.0717 -> 0.0488] ID = 7
  32    1 .....((((....(((....)))....)))).  -8.70  [1.0000 -> 1.0000] ID = 10
  33    1 .....((((....(((....)))....))))..  -8.70  [1.0000 -> 1.0000] ID = 10
  34    1 .....((((....(((....)))....))))...  -8.70  [1.0000 -> 1.0000] ID = 10
  35    1 .....((((....(((....)))....))))....  -8.70  [1.0000 -> 1.0000] ID = 10
  36    1 .....((((....(((....)))....)))).....  -8.70  [1.0000 -> 1.0000] ID = 10
# Distribution of structures at the end:
#         GAACCCCGUCAGGUCCGGAAGGAAGCAGCGGUAAGU
  36    1 .....((((....(((....)))....)))).....  -8.70 1.0000  [t8: 1.0000] ID = 10
