# File generated using DrTransformer v0.10
#
# >drtr_srp_Pedi.pent._CP000422
# AGGCAAGGUUGGACUUACGAAUUGUGUCAGGUCCGGAAGGAAGCAGCACUAAGUAUGCU 
#
# Co-transcriptional folding parameters:
# --t-ext: 0.02 sec
# --t-end: 60.0 sec
# --start: 1
# --stop: 59
# --reversed-transcription: False
#
# Algorithm parameters:
# --o-prune: 0.05
# --t-fast: 0.001 sec
# --fpwm: 4
# --mfree: 6 nuc
# --k0: 200000.0
#
# ViennaRNA model details:
# --temp: 37.0 C
# --dangles: 2
# --paramFile: None
# --noTetra: False
# --noGU: False
# --noClosingGU: False
#
#
# Results:
# Transcription Step | Energy-sorted structure count | Structure | Energy | [Occupancy-t0 Occupancy-t8] | Structure ID (-> Plotting ID)
   1    1 .   0.00  [1.0000 -> 1.0000] ID = 0
   2    1 ..   0.00  [1.0000 -> 1.0000] ID = 0
   3    1 ...   0.00  [1.0000 -> 1.0000] ID = 0
   4    1 ....   0.00  [1.0000 -> 1.0000] ID = 0
   5    1 .....   0.00  [1.0000 -> 1.0000] ID = 0
   6    1 ......   0.00  [1.0000 -> 1.0000] ID = 0
   7    1 .......   0.00  [1.0000 -> 1.0000] ID = 0
   8    1 ........   0.00  [1.0000 -> 1.0000] ID = 0
   9    1 .........   0.00  [1.0000 -> 1.0000] ID = 0
  10    1 ..........   0.00  [1.0000 -> 1.0000] ID = 0
  11    1 ...........   0.00  [1.0000 -> 1.0000] ID = 0
  12    1 ............   0.00  [1.0000 -> 1.0000] ID = 0
  13    1 .............   0.00  [1.0000 -> 1.0000] ID = 0
  14    1 ..............   0.00  [1.0000 -> 1.0000] ID = 0
  15    1 ...............   0.00  [1.0000 -> 1.0000] ID = 0
  16    1 ....(((......)))  -0.40  [1.0000 -> 1.0000] ID = 1
  17    1 ....(((......))).  -0.40  [1.0000 -> 1.0000] ID = 1
  18    1 ....(((......)))..  -0.40  [1.0000 -> 1.0000] ID = 1
  19    1 ....(((......)))...  -0.40  [1.0000 -> 1.0000] ID = 1
  20    1 ....(((......)))....  -0.40  [1.0000 -> 1.0000] ID = 1
  21    1 ....(((......))).....  -0.40  [1.0000 -> 1.0000] ID = 1
  22    1 ....(((......)))......  -0.40  [1.0000 -> 1.0000] ID = 1
  23    1 ....(((......))).......  -0.40  [1.0000 -> 1.0000] ID = 1
  24    1 ...(((..(((......))).)))  -1.30  [1.0000 -> 1.0000] ID = 2
  25    1 ..((((..(((......))).))))  -3.00  [1.0000 -> 1.0000] ID = 3
  26    1 ..((((..(((......))).)))).  -3.00  [1.0000 -> 1.0000] ID = 3
  27    1 ..((((..(((......))).))))..  -3.00  [1.0000 -> 1.0000] ID = 3
  28    1 .((((...(((......)))....))))  -4.90 +[0.0000 -> 0.6833] ID = 4
  28    2 ..((((..(((......))).))))...  -3.00 -[1.0000 -> 0.3167] ID = 3
  29    1 .((((...(((......)))....)))).  -4.90 +[0.6833 -> 0.8783] ID = 4
  29    2 ..((((..(((......))).))))....  -3.00 -[0.3167 -> 0.1217] ID = 3
  30    1 .((((...(((......)))....))))..  -4.90 +[0.8783 -> 0.9339] ID = 4
  30    2 ..((((..(((......))).)))).....  -3.00 -[0.1217 -> 0.0661] ID = 3
  31    1 .((((...(((......)))....))))...  -4.90 +[0.9339 -> 0.9498] ID = 4
  31    2 ..((((..(((......))).))))......  -3.00 -[0.0661 -> 0.0502] ID = 3
  32    1 .((((...(((......)))....))))....  -4.90 +[0.9498 -> 0.9544] ID = 4
  32    2 ..((((..(((......))).)))).......  -3.00 -[0.0502 -> 0.0456] ID = 3
  33    1 .((((...(((......)))....)))).....  -4.90  [1.0000 -> 1.0000] ID = 4
  34    1 ..........(((((((((.....))).))))))  -7.80 +[0.0000 -> 0.0030] ID = 5
  34    2 .((((...(((......)))....))))......  -4.90 -[1.0000 -> 0.9970] ID = 4
  35    1 .........((((((((((.....))).)))))))  -8.20 +[0.0030 -> 0.0059] ID = 6
  35    2 .((((...(((......)))....)))).......  -4.90 -[0.9970 -> 0.9941] ID = 4
  36    1 ........(((((((((((.....))).))))))))  -8.50 +[0.0059 -> 0.0088] ID = 7
  36    2 .((((...(((......)))....))))........  -4.90 -[0.9941 -> 0.9912] ID = 4
  37    1 ........(((((((((((.....))).)))))))).  -8.50 +[0.0088 -> 0.0118] ID = 7
  37    2 .((((...(((......)))....)))).........  -4.90 -[0.9912 -> 0.9882] ID = 4
  38    1 ........(((((((((((.....))).))))))))..  -8.50 +[0.0118 -> 0.0147] ID = 7
  38    2 .((((...(((......)))....))))..........  -4.90 -[0.9882 -> 0.9853] ID = 4
  39    1 ........(((((((((((.....))).))))))))...  -8.50 +[0.0147 -> 0.0176] ID = 7
  39    2 .((((...(((......)))....))))...........  -4.90 -[0.9853 -> 0.9824] ID = 4
  40    1 ........(((((((((((.....))).))))))))....  -8.50 +[0.0176 -> 0.0179] ID = 7
  40    2 .((((...(((......)))....))))....((....))  -6.40 -[0.9824 -> 0.9821] ID = 8
  41    1 ........(((((((((((.....))).)))))))).....  -8.50 +[0.0179 -> 0.0183] ID = 7
  41    2 .((((...(((......)))....))))...(((....)))  -7.60 -[0.9821 -> 0.9817] ID = 9
  42    1 ........(((((((((((.....))).))))))))......  -8.50 +[0.0183 -> 0.0212] ID = 7
  42    2 .((((...(((......)))....))))...(((....))).  -7.60 -[0.9817 -> 0.9788] ID = 9
  43    1 ........(((((((((((.....))).)))))))).......  -8.50 +[0.0212 -> 0.0241] ID = 7
  43    2 .((((...(((......)))....))))...(((....)))..  -7.60 -[0.9788 -> 0.9759] ID = 9
  44    1 ..((....(((((((((((.....))).))))))))......))  -9.40 +[0.0241 -> 0.0269] ID = 10
  44    2 .((((...(((......)))....))))...(((....)))...  -7.60 -[0.9759 -> 0.9731] ID = 9
  45    1 ..((....(((((((((((.....))).))))))))......)).  -9.40 +[0.0269 -> 0.0298] ID = 10
  45    2 .((((...(((......)))....))))...(((....)))....  -7.60 -[0.9731 -> 0.9702] ID = 9
  46    1 ..((....(((((((((((.....))).))))))))......))..  -9.40 +[0.0298 -> 0.0327] ID = 10
  46    2 .((((...(((......)))....))))...(((....))).....  -7.60 -[0.9702 -> 0.9673] ID = 9
  47    1 ..((....(((((((((((.....))).))))))))......))...  -9.40 +[0.0327 -> 0.0355] ID = 10
  47    2 .((((...(((......)))....))))...(((....)))......  -7.60 -[0.9673 -> 0.9645] ID = 9
  48    1 ..((....(((((((((((.....))).))))))))......))....  -9.40 +[0.0355 -> 0.0384] ID = 10
  48    2 .((((...(((......)))....))))...(((....))).......  -7.60 -[0.9645 -> 0.9616] ID = 9
  49    1 ..((....(((((((((((.....))).))))))))......)).....  -9.40 +[0.0384 -> 0.0412] ID = 10
  49    2 .((((...(((......)))....))))...(((....)))........  -7.60 -[0.9616 -> 0.9588] ID = 9
  50    1 ..((....(((((((((((.....))).))))))))......))......  -9.40 +[0.0412 -> 0.0440] ID = 10
  50    2 .((((...(((......)))....))))...(((....))).........  -7.60 -[0.9588 -> 0.9560] ID = 9
  51    1 ..((....(((((((((((.....))).))))))))......)).......  -9.40 +[0.0440 -> 0.0469] ID = 10
  51    2 .((((...(((......)))....))))...(((....)))..........  -7.60 -[0.9560 -> 0.9531] ID = 9
  52    1 ..((....(((((((((((.....))).))))))))......))........  -9.40 +[0.0469 -> 0.0497] ID = 10
  52    2 .((((...(((......)))....))))...(((....)))...........  -7.60 -[0.9531 -> 0.9503] ID = 9
  53    1 ..((....(((((((((((.....))).))))))))......)).........  -9.40 +[0.0497 -> 0.0525] ID = 10
  53    2 .((((...(((......)))....))))...(((....)))............  -7.60 -[0.9503 -> 0.9475] ID = 9
  54    1 ..((....(((((((((((.....))).))))))))......))..........  -9.40 +[0.0525 -> 0.0553] ID = 10
  54    2 .((((...(((......)))....))))...(((....))).............  -7.60 -[0.9475 -> 0.9447] ID = 9
  55    1 ..((....(((((((((((.....))).))))))))......))...........  -9.40 +[0.0553 -> 0.0580] ID = 10
  55    2 .((((...(((......)))....))))...(((....)))..............  -7.60 -[0.9447 -> 0.9420] ID = 9
  56    1 ..((....(((((((((((.....))).))))))))......))............  -9.40 +[0.0580 -> 0.0608] ID = 10
  56    2 .((((...(((......)))....))))...(((....)))...............  -7.60 -[0.9420 -> 0.9392] ID = 9
  57    1 ..((....(((((((((((.....))).))))))))......)).............  -9.40 +[0.0608 -> 0.0636] ID = 10
  57    2 .((((...(((......)))....))))...(((....)))................  -7.60 -[0.9392 -> 0.9364] ID = 9
  58    1 ........(((((((((((.....))).))))))))......(((((.....)).))) -10.10 +[0.0000 -> 0.0490] ID = 11
  58    2 ..((....(((((((((((.....))).))))))))......))..............  -9.40 -[0.0636 -> 0.0174] ID = 10
  58    3 .((((...(((......)))....))))...(((....))).(((((.....)).)))  -9.20 +[0.0000 -> 0.8689] ID = 12
  58    4 .((((...(((......)))....))))...(((....))).................  -7.60 -[0.9364 -> 0.0648] ID = 9
  59    1 ........(((((((((((.....))).)))))))).....((((((.....)).)))) -11.00 +[0.0577 -> 0.8089] ID = 13
  59    2 .((((...(((......)))....))))...(((....)))((((((.....)).)))) -10.10 -[0.8689 -> 0.1878] ID = 14
  59    3 .((((...(((......)))....))))...(((....)))..................  -7.60 -[0.0735 -> 0.0033] ID = 9
# Distribution of structures at the end:
#         AGGCAAGGUUGGACUUACGAAUUGUGUCAGGUCCGGAAGGAAGCAGCACUAAGUAUGCU
  59    1 ........(((((((((((.....))).)))))))).....((((((.....)).)))) -11.00 0.8089  [t8: 0.8089] ID = 13
  59    2 .((((...(((......)))....))))...(((....)))((((((.....)).)))) -10.10 0.1878  [t8: 0.1878] ID = 14
  59    3 .((((...(((......)))....))))...(((....)))..................  -7.60 0.0033  [t8: 0.0033] ID = 9
