# File generated using DrTransformer v0.10
#
# >drtr_srp_Cory.glut._AP009044
# UGAACCCCCCCAGGGCCGGAAGGCAGCAAGGGUAAGCGGGCUCUGACGGGUG 
#
# Co-transcriptional folding parameters:
# --t-ext: 0.02 sec
# --t-end: 60.0 sec
# --start: 1
# --stop: 52
# --reversed-transcription: False
#
# Algorithm parameters:
# --o-prune: 0.05
# --t-fast: 0.001 sec
# --fpwm: 4
# --mfree: 6 nuc
# --k0: 200000.0
#
# ViennaRNA model details:
# --temp: 37.0 C
# --dangles: 2
# --paramFile: None
# --noTetra: False
# --noGU: False
# --noClosingGU: False
#
#
# Results:
# Transcription Step | Energy-sorted structure count | Structure | Energy | [Occupancy-t0 Occupancy-t8] | Structure ID (-> Plotting ID)
   1    1 .   0.00  [1.0000 -> 1.0000] ID = 0
   2    1 ..   0.00  [1.0000 -> 1.0000] ID = 0
   3    1 ...   0.00  [1.0000 -> 1.0000] ID = 0
   4    1 ....   0.00  [1.0000 -> 1.0000] ID = 0
   5    1 .....   0.00  [1.0000 -> 1.0000] ID = 0
   6    1 ......   0.00  [1.0000 -> 1.0000] ID = 0
   7    1 .......   0.00  [1.0000 -> 1.0000] ID = 0
   8    1 ........   0.00  [1.0000 -> 1.0000] ID = 0
   9    1 .........   0.00  [1.0000 -> 1.0000] ID = 0
  10    1 ..........   0.00  [1.0000 -> 1.0000] ID = 0
  11    1 ...........   0.00  [1.0000 -> 1.0000] ID = 0
  12    1 ............   0.00  [1.0000 -> 1.0000] ID = 0
  13    1 .............   0.00  [1.0000 -> 1.0000] ID = 0
  14    1 ....((......))  -0.50  [1.0000 -> 1.0000] ID = 1
  15    1 ....(((.....)))  -3.00 +[0.0000 -> 0.9829] ID = 2
  15    2 ....((......)).  -0.50 -[1.0000 -> 0.0171] ID = 1
  16    1 ....(((.....))).  -3.00  [1.0000 -> 1.0000] ID = 2
  17    1 ....(((.....)))..  -3.00  [1.0000 -> 1.0000] ID = 2
  18    1 ....(((.....)))...  -3.00  [1.0000 -> 1.0000] ID = 2
  19    1 ....(((.....)))....  -3.00  [1.0000 -> 1.0000] ID = 2
  20    1 ....(((.....))).....  -3.00  [1.0000 -> 1.0000] ID = 2
  21    1 ....(((.....)))......  -3.00  [1.0000 -> 1.0000] ID = 2
  22    1 ....(((.....))).......  -3.00  [1.0000 -> 1.0000] ID = 2
  23    1 ....(((.....)))((....))  -4.10  [1.0000 -> 1.0000] ID = 3
  24    1 ....((......))(((....)))  -5.30 +[0.0000 -> 0.6568] ID = 4
  24    2 .....((.....))(((....)))  -4.90 -[1.0000 -> 0.3432] ID = 5
  25    1 ....((......))(((....))).  -5.30  [0.6568 -> 0.6568] ID = 4
  25    2 .....((.....))(((....))).  -4.90  [0.3432 -> 0.3432] ID = 5
  26    1 ....((......))(((....)))..  -5.30  [0.6568 -> 0.6568] ID = 4
  26    2 .....((.....))(((....)))..  -4.90  [0.3432 -> 0.3432] ID = 5
  27    1 ....((......))(((....)))...  -5.30  [0.6568 -> 0.6568] ID = 4
  27    2 .....((.....))(((....)))...  -4.90  [0.3432 -> 0.3432] ID = 5
  28    1 ....((......))(((....)))....  -5.30  [0.6568 -> 0.6568] ID = 4
  28    2 .....((.....))(((....)))....  -4.90  [0.3432 -> 0.3432] ID = 5
  29    1 ....((......))(((....))).....  -5.30  [0.6568 -> 0.6568] ID = 4
  29    2 .....((.....))(((....))).....  -4.90  [0.3432 -> 0.3432] ID = 5
  30    1 ....((......))(((....)))......  -5.30  [0.6568 -> 0.6568] ID = 4
  30    2 .....((.....))(((....)))......  -4.90  [0.3432 -> 0.3432] ID = 5
  31    1 .......((.....(((....))).....))  -6.50 +[0.0000 -> 0.8215] ID = 6
  31    2 ....((......))(((....))).......  -5.30 -[0.6568 -> 0.1172] ID = 4
  31    3 .....((.....))(((....))).......  -4.90 -[0.3432 -> 0.0613] ID = 5
  32    1 ......(((.....(((....))).....)))  -9.30 +[0.8215 -> 0.9977] ID = 7
  32    2 ....((......))(((....)))........  -5.30 -[0.1172 -> 0.0015] ID = 4
  32    3 .....((.....))(((....)))........  -4.90 -[0.0613 -> 0.0008] ID = 5
  33    1 ...((((.......(((....))).....))))  -9.60 +[0.0000 -> 0.0329] ID = 8
  33    2 ......(((.....(((....))).....))).  -9.30 -[1.0000 -> 0.9671] ID = 7
  34    1 ...((((.......(((....))).....)))).  -9.60 +[0.0329 -> 0.0640] ID = 8
  34    2 ......(((.....(((....))).....)))..  -9.30 -[0.9671 -> 0.9360] ID = 7
  35    1 ...((((.......(((....))).....))))..  -9.60 +[0.0640 -> 0.0935] ID = 8
  35    2 ......(((.....(((....))).....)))...  -9.30 -[0.9360 -> 0.9065] ID = 7
  36    1 ...((((.......(((....))).....))))...  -9.60 +[0.0935 -> 0.1214] ID = 8
  36    2 ......(((.....(((....))).....)))....  -9.30 -[0.9065 -> 0.8786] ID = 7
  37    1 ...((((.......(((....))).....))))....  -9.60 +[0.1214 -> 0.1478] ID = 8
  37    2 ......(((.....(((....))).....))).....  -9.30 -[0.8786 -> 0.8522] ID = 7
  38    1 ...((((.......(((....))).....)))).....  -9.60 +[0.1478 -> 0.1728] ID = 8
  38    2 ......(((.....(((....))).....)))......  -9.30 -[0.8522 -> 0.8272] ID = 7
  39    1 ...((((.......(((....))).....))))......  -9.60 +[0.1728 -> 0.1965] ID = 8
  39    2 ......(((.....(((....))).....))).......  -9.30 -[0.8272 -> 0.8035] ID = 7
  40    1 ....((((((....(((....))).....))).....))) -11.50 +[0.0000 -> 0.4581] ID = 9
  40    2 ...((((.......(((....))).....)))).......  -9.60 +[0.1965 -> 0.2078] ID = 8
  40    3 ......(((.....(((....))).....)))........  -9.30 -[0.8035 -> 0.3341] ID = 7
  41    1 ....((((((....(((....))).....))).....))). -11.50 +[0.4581 -> 0.6432] ID = 9
  41    2 ...((((.......(((....))).....))))........  -9.60 +[0.2078 -> 0.2088] ID = 8
  41    3 ......(((.....(((....))).....))).........  -9.30 -[0.3341 -> 0.1479] ID = 7
  42    1 ....((((((....(((....))).....))).....))).. -11.50 +[0.6432 -> 0.7201] ID = 9
  42    2 ...((((.......(((....))).....)))).........  -9.60 -[0.2088 -> 0.2058] ID = 8
  42    3 ......(((.....(((....))).....)))..........  -9.30 -[0.1479 -> 0.0741] ID = 7
  43    1 .((.((((((....(((....))).....))).....))).)) -12.80 +[0.7201 -> 0.7648] ID = 10
  43    2 ...((((.......(((....))).....))))..........  -9.60 -[0.2058 -> 0.2008] ID = 8
  43    3 ......(((.....(((....))).....)))...........  -9.30 -[0.0741 -> 0.0344] ID = 7
  44    1 .((.((((((....(((....))).....))).....))).)). -12.80 +[0.7820 -> 0.7847] ID = 10
  44    2 ...((((.......(((....))).....))))...........  -9.60 -[0.2180 -> 0.2153] ID = 8
  45    1 .((.((((((....(((....))).....))).....))).)).. -12.80 +[0.7847 -> 0.7874] ID = 10
  45    2 ...((((.......(((....))).....))))............  -9.60 -[0.2153 -> 0.2126] ID = 8
  46    1 .((.((((((....(((....))).....))).....))).))... -12.80 +[0.7874 -> 0.7900] ID = 10
  46    2 ...((((.......(((....))).....)))).............  -9.60 -[0.2126 -> 0.2100] ID = 8
  47    1 .((.((((((....(((....))).....))).....))).)).... -12.80 +[0.7900 -> 0.7926] ID = 10
  47    2 ...((((.......(((....))).....))))..............  -9.60 -[0.2100 -> 0.2074] ID = 8
  48    1 .((.((((((....(((....))).....))).....))).))..... -12.80 +[0.7926 -> 0.7952] ID = 10
  48    2 ...((((.......(((....))).....))))...............  -9.60 -[0.2074 -> 0.2048] ID = 8
  49    1 ....(((.....)))(((..((((.((........))..)).))..))) -14.30 +[0.0000 -> 0.0008] ID = 11
  49    2 .((.((((((....(((....))).....))).....))).))...... -12.80 +[0.7952 -> 0.7958] ID = 10
  49    3 ...((((.......(((....))).....))))...((........)). -10.40 -[0.2048 -> 0.2034] ID = 12
  50    1 .....(((..(((((((.....((.......)).....)))))))..))) -16.70 +[0.0000 -> 0.0007] ID = 13
  50    2 .((.((((((....(((....))).....))).....))).))....... -12.80 +[0.7962 -> 0.7983] ID = 10
  50    3 ...((((.......(((....))).....))))...((........)).. -10.40 -[0.2038 -> 0.2010] ID = 12
  51    1 ...((((...(((((((.....((.......)).....)))))))..)))) -17.80 +[0.0000 -> 0.0018] ID = 14
  51    2 .((.((((((....(((....))).....))).....))).))........ -12.80 -[0.7987 -> 0.7973] ID = 10
  51    3 ...((((.......(((....))).....))))......((((....)))) -11.80 +[0.0000 -> 0.1821] ID = 15
  51    4 ...((((.......(((....))).....))))...((........))... -10.40 -[0.2013 -> 0.0188] ID = 12
  52    1 ...((((...(((((((.....((.......)).....)))))))..)))). -17.80 +[0.0018 -> 0.9991] ID = 14
  52    2 ...((((((...))(((....)))....(((((......)))))...)))). -13.00 +[0.0000 -> 0.0004] ID = 16
  52    3 .((.((((((....(((....))).....))).....))).))......... -12.80 -[0.8067 -> 0.0004] ID = 10
  52    4 ...((((.......(((....))).....))))......((((....)))). -11.80 -[0.1915 -> 0.0001] ID = 15
# Distribution of structures at the end:
#         UGAACCCCCCCAGGGCCGGAAGGCAGCAAGGGUAAGCGGGCUCUGACGGGUG
  52    1 ...((((...(((((((.....((.......)).....)))))))..)))). -17.80 0.9991  [t8: 0.9992] ID = 14
  52    2 ...((((((...))(((....)))....(((((......)))))...)))). -13.00 0.0004  [t8: 0.0004] ID = 16
  52    3 .((.((((((....(((....))).....))).....))).))......... -12.80 0.0004  [t8: 0.0003] ID = 10
  52    4 ...((((.......(((....))).....))))......((((....)))). -11.80 0.0001  [t8: 0.0001] ID = 15
