WARNING: Removing non-canonical base pair UC (71,73) from constraint
WARNING: Removing non-canonical base pair AC (68,76) from constraint
WARNING: Removing non-canonical base pair GG (67,77) from constraint
WARNING: Removing non-canonical base pair GG (55,81) from constraint
WARNING: Removing non-canonical base pair CA (53,85) from constraint
WARNING: Removing non-canonical base pair GA (52,86) from constraint
WARNING: Removing non-canonical base pair CU (50,88) from constraint
WARNING: Removing non-canonical base pair CA (49,93) from constraint
WARNING: Removing non-canonical base pair CC (47,95) from constraint
WARNING: Removing non-canonical base pair UU (40,96) from constraint
WARNING: Removing non-canonical base pair UC (38,98) from constraint
WARNING: Removing non-canonical base pair CA (37,99) from constraint
WARNING: Removing non-canonical base pair GG (36,100) from constraint
WARNING: Removing non-canonical base pair UC (30,101) from constraint
WARNING: Removing non-canonical base pair GA (29,131) from constraint
WARNING: Removing non-canonical base pair GA (28,132) from constraint
WARNING: Removing non-canonical base pair GG (27,134) from constraint
WARNING: Removing non-canonical base pair UU (26,135) from constraint
WARNING: bases 26 and 135 (UU) can't pair!
WARNING: bases 27 and 134 (GG) can't pair!
WARNING: bases 28 and 132 (GA) can't pair!
WARNING: bases 29 and 131 (GA) can't pair!
WARNING: bases 30 and 101 (UC) can't pair!
WARNING: bases 36 and 100 (GG) can't pair!
WARNING: bases 37 and 99 (CA) can't pair!
WARNING: bases 38 and 98 (UC) can't pair!
WARNING: bases 40 and 96 (UU) can't pair!
WARNING: bases 47 and 95 (CC) can't pair!
WARNING: bases 49 and 93 (CA) can't pair!
WARNING: bases 50 and 88 (CU) can't pair!
WARNING: bases 52 and 86 (GA) can't pair!
WARNING: bases 53 and 85 (CA) can't pair!
WARNING: bases 55 and 81 (GG) can't pair!
WARNING: bases 67 and 77 (GG) can't pair!
WARNING: bases 68 and 76 (AC) can't pair!
WARNING: bases 71 and 73 (UC) can't pair!
