1/1283, 5s_Acanthamoeba-castellanii-1
2/1283, 5s_Acanthamoeba-castellanii-2
3/1283, 5s_Acetobacter-aceti-2
4/1283, 5s_Acetobacter-sp.-1
5/1283, 5s_Acheta-domesticus-1
6/1283, 5s_Acholeplasma-laidlawii-1
7/1283, 5s_Acholeplasma-laidlawii-2
8/1283, 5s_Acholeplasma-laidlawii-3
9/1283, 5s_Achromobacter-cycloclastes-1
10/1283, 5s_Achromobacter-denitrificans-1
11/1283, 5s_Achromobacter-xylosoxidans-1
12/1283, 5s_Acidiphilium-acidophilum-1
13/1283, 5s_Acidiphilium-cryptum-1
14/1283, 5s_Acidithiobacillus-ferrooxidans-1
15/1283, 5s_Acidithiobacillus-ferrooxidans-2
16/1283, 5s_Acidithiobacillus-ferrooxidans-3
17/1283, 5s_Acidithiobacillus-thiooxidans-1
18/1283, 5s_Acidovorax-delafieldii-1
19/1283, 5s_Acidovorax-facilis-1
20/1283, 5s_Acidovorax-temperans-1
21/1283, 5s_Acinetobacter-sp.-1
22/1283, 5s_Acinetospora-crinita-1
23/1283, 5s_Acremonium-chrysogenum-1
24/1283, 5s_Acremonium-persicinum-1
25/1283, 5s_Acremonium-persicinum-2
26/1283, 5s_Acremonium-persicinum-3
27/1283, 5s_Actinia-equina-1
28/1283, 5s_Actinokineospora-riparia-1
29/1283, 5s_Actinomadura-madurae-1
30/1283, 5s_Acyrthosiphon-magnoliae-1
31/1283, 5s_Aeromonas-hydrophila-1
32/1283, 5s_Aeromonas-media-1
33/1283, 5s_Aeromonas-salmonicida-1
34/1283, 5s_Agaricostilbum-pulcherrimum-1
35/1283, 5s_Agaricostilbum-pulcherrimum-2
36/1283, 5s_Agaricus-edulis-1
37/1283, 5s_Agrobacterium-tumefaciens-1
38/1283, 5s_Agrobacterium-tumefaciens-2
39/1283, 5s_Agrobacterium-tumefaciens-3
40/1283, 5s_Agrobacterium-tumefaciens-4
41/1283, 5s_Agrobacterium-tumefaciens-6
42/1283, 5s_Agrobacterium-tumefaciens-7
43/1283, 5s_Agrobacterium-tumefaciens-8
44/1283, 5s_Agrobacterium-vitis-1
45/1283, 5s_Akkesiphycus-lubricum-1
46/1283, 5s_Alcaligenes-faecalis-1
47/1283, 5s_Alcaligenes-faecalis-2
48/1283, 5s_Alcaligenes-faecalis-3
49/1283, 5s_Alcaligenes-sp.-1
50/1283, 5s_Ambystoma-salmoides-1
51/1283, 5s_Amoebidium-parasiticum-1
52/1283, 5s_Amphibacillus-xylanus-1
53/1283, 5s_Amycolatopsis-lactamdurans-1
54/1283, 5s_Amycolatopsis-mediterranei-1
55/1283, 5s_Amycolatopsis-methanolica-1
56/1283, 5s_Amycolatopsis-orientalis-1
57/1283, 5s_Anaerorhabdus-furcosa-1
58/1283, 5s_Anaplasma-marginale-1
59/1283, 5s_Anaplasma-phagocytophilum-1
60/1283, 5s_Ancylobacter-aquaticus-1
61/1283, 5s_Andrias-davidianus-1
62/1283, 5s_Andrias-japonicus-1
63/1283, 5s_Andrias-japonicus-2
64/1283, 5s_Antheraea-pernyi-1
65/1283, 5s_Anthoceros-punctatus-1
66/1283, 5s_Anthopleura-japonica-1
67/1283, 5s_Aplysia-kurodai-1
68/1283, 5s_Aquaspirillum-serpens-1
69/1283, 5s_Aquifex-aeolicus-1
70/1283, 5s_Arabidopsis-thaliana-1
71/1283, 5s_Araneus-diadematus-1
72/1283, 5s_Archaeoglobus-fulgidus-1
73/1283, 5s_Arion-rufus-1
74/1283, 5s_Artemia-salina-1
75/1283, 5s_Artemia-sp.-1
76/1283, 5s_Artemia-sp.-2
77/1283, 5s_Artemia-sp.-3
78/1283, 5s_Artemia-sp.-4
79/1283, 5s_Arthrobacter-globiformis-1
80/1283, 5s_Arthrobacter-globiformis-2
81/1283, 5s_Arthrobacter-luteus-1
82/1283, 5s_Arthrobacter-oxydans-1
83/1283, 5s_Arthrobacter-polychromogenes-1
84/1283, 5s_Ascaris-lumbricoides-1
85/1283, 5s_Ascaris-suum-1
86/1283, 5s_Ascobolus-immersus-1
87/1283, 5s_Ascobolus-immersus-2
88/1283, 5s_Ascobolus-immersus-3
89/1283, 5s_Ascobolus-immersus-4
90/1283, 5s_Asellus-aquaticus-1
91/1283, 5s_Asellus-aquaticus-2
92/1283, 5s_Aspergillus-flavus-1
93/1283, 5s_Aspergillus-niger-1
94/1283, 5s_Aspergillus-unguis-1
95/1283, 5s_Aspergillus-versicolor-1
96/1283, 5s_Asterias-vulgaris-1
97/1283, 5s_Asterina-pectinifera-1
98/1283, 5s_Atractiella-solani-1
99/1283, 5s_Aurelia_aurita-1
100/1283, 5s_Auricularia-auricula-judae-1
101/1283, 5s_Azoarcus-sp.-1
102/1283, 5s_Azospirillum-lipoferum-1
103/1283, 5s_Azotobacter-vinelandii-1
104/1283, 5s_Bacillus-amyloliquefaciens-1
105/1283, 5s_Bacillus-anthracis-1
106/1283, 5s_Bacillus-anthracis-10
107/1283, 5s_Bacillus-anthracis-2
108/1283, 5s_Bacillus-anthracis-3
109/1283, 5s_Bacillus-anthracis-4
110/1283, 5s_Bacillus-anthracis-5
111/1283, 5s_Bacillus-anthracis-6
112/1283, 5s_Bacillus-anthracis-7
113/1283, 5s_Bacillus-anthracis-8
114/1283, 5s_Bacillus-anthracis-9
115/1283, 5s_Bacillus-cereus-1
116/1283, 5s_Bacillus-cereus-10
117/1283, 5s_Bacillus-cereus-11
118/1283, 5s_Bacillus-cereus-2
119/1283, 5s_Bacillus-cereus-4
120/1283, 5s_Bacillus-cereus-5
121/1283, 5s_Bacillus-cereus-6
122/1283, 5s_Bacillus-cereus-7
123/1283, 5s_Bacillus-cereus-8
124/1283, 5s_Bacillus-cereus-9
125/1283, 5s_Bacillus-clausii-1
126/1283, 5s_Bacillus-clausii-2
127/1283, 5s_Bacillus-clausii-3
128/1283, 5s_Bacillus-firmus-1
129/1283, 5s_Bacillus-halodurans-1
130/1283, 5s_Bacillus-halodurans-2
131/1283, 5s_Bacillus-halodurans-3
132/1283, 5s_Bacillus-halodurans-4
133/1283, 5s_Bacillus-halodurans-5
134/1283, 5s_Bacillus-halodurans-6
135/1283, 5s_Bacillus-licheniformis-1
136/1283, 5s_Bacillus-licheniformis-2
137/1283, 5s_Bacillus-licheniformis-5
138/1283, 5s_Bacillus-licheniformis-6
139/1283, 5s_Bacillus-megaterium-1
140/1283, 5s_Bacillus-megaterium-2
141/1283, 5s_Bacillus-methanolicus-7
142/1283, 5s_Bacillus-methanolicus-8
143/1283, 5s_Bacillus-methanolicus-9
144/1283, 5s_Bacillus-sp.-1
145/1283, 5s_Bacillus-sp.-2
146/1283, 5s_Bacillus-subtilis-1
147/1283, 5s_Bacillus-subtilis-2
148/1283, 5s_Bacillus-subtilis-4
149/1283, 5s_Bacillus-subtilis-5
150/1283, 5s_Bacillus-subtilis-6
151/1283, 5s_Bacillus-thuringiensis-1
152/1283, 5s_Bacillus-thuringiensis-2
153/1283, 5s_Bacillus-thuringiensis-3
154/1283, 5s_Bacillus-thuringiensis-4
155/1283, 5s_Bacillus-thuringiensis-5
156/1283, 5s_Bacillus-thuringiensis-6
157/1283, 5s_Bacteroides-capillosus-1
158/1283, 5s_Bacteroides-fragilis-1
159/1283, 5s_Bacteroides-fragilis-2
160/1283, 5s_Bacteroides-fragilis-3
161/1283, 5s_Bacteroides-fragilis-4
162/1283, 5s_Bacteroides-fragilis-5
163/1283, 5s_Bacteroides-fragilis-6
164/1283, 5s_Bacteroides-thetaiotaomicron-1
165/1283, 5s_Bacteroides-veroralis-1
166/1283, 5s_Bartonella-bacilliformis-1
167/1283, 5s_Bartonella-henselae-1
168/1283, 5s_Bartonella-henselae-2
169/1283, 5s_Bartonella-quintana-1
170/1283, 5s_Bartonella-quintana-2
171/1283, 5s_Basidiobolus-magnus-1
172/1283, 5s_Batrachospermum-ectocarpum-1
173/1283, 5s_Beggiatoa-alba-1
174/1283, 5s_Beta-vulgaris-1
175/1283, 5s_Bifidobacterium-longum-1
176/1283, 5s_Bifidobacterium-longum-2
177/1283, 5s_Bifidobacterium-longum-3
178/1283, 5s_Bjerkandera-adusta-1
179/1283, 5s_Blakeslea-trispora-1
180/1283, 5s_Blastocladiella-simplex-1
181/1283, 5s_Blastopirellula-marina-1
182/1283, 5s_Blepharisma-japonicum-1
183/1283, 5s_Bombyx-mori-1
184/1283, 5s_Bombyx-mori-2
185/1283, 5s_Bombyx-mori-3
186/1283, 5s_Bombyx-mori-4
187/1283, 5s_Bordetella-bronchiseptica-1
188/1283, 5s_Bordetella-parapertussis-1
189/1283, 5s_Bordetella-pertussis-1
190/1283, 5s_Borrelia-burgdorferi-1
191/1283, 5s_Bos-taurus-1
192/1283, 5s_Brachionus-plicatilis-1
193/1283, 5s_Bradyrhizobium-japonicum-1
194/1283, 5s_Branchiostoma-belcheri-1
195/1283, 5s_Brassica-napus-1
196/1283, 5s_Bresslaua-vorax-1
197/1283, 5s_Brevibacillus-brevis-1
198/1283, 5s_Brevibacterium-casei-1
199/1283, 5s_Brevibacterium-helvolum-1
200/1283, 5s_Brevibacterium-linens-1
201/1283, 5s_Brevibacterium-linens-2
202/1283, 5s_Brucella-abortus-1
203/1283, 5s_Brucella-melitensis-1
204/1283, 5s_Brucella-melitensis-2
205/1283, 5s_Brucella-melitensis-3
206/1283, 5s_Brucella-suis-1
207/1283, 5s_Brucella-suis-2
208/1283, 5s_Brugia-malayi-1
209/1283, 5s_Buchnera-aphidicola-1
210/1283, 5s_Buchnera-aphidicola-2
211/1283, 5s_Buchnera-aphidicola-3
212/1283, 5s_Bufo-americanus-1
213/1283, 5s_Bugula-neritina-1
214/1283, 5s_Bullera-alba-1
215/1283, 5s_Burkholderia-caryophylli-1
216/1283, 5s_Burkholderia-cepacia-1
217/1283, 5s_Burkholderia-cepacia-2
218/1283, 5s_Burkholderia-cepacia-3
219/1283, 5s_Burkholderia-mallei-1
220/1283, 5s_Burkholderia-pseudomallei-1
221/1283, 5s_Bursaphelenchus-mucronatus-1
222/1283, 5s_Bursaphelenchus-xylophilus-1
223/1283, 5s_C_paradoxE
224/1283, 5s_Caenorhabditis-briggsae-1
225/1283, 5s_Caenorhabditis-elegans-1
226/1283, 5s_Caenorhabditis-elegans-3
227/1283, 5s_Calanus-finmarchicus-1
228/1283, 5s_Calliphora-vicina-1
229/1283, 5s_Calyptogena-magnifica-1
230/1283, 5s_Campylobacter-jejuni-3
231/1283, 5s_Cancer-pagurus-1
232/1283, 5s_Candida-albicans-1
233/1283, 5s_Candida-antarctica-1
234/1283, 5s_Candida-azyma-1
235/1283, 5s_Candida-cylindracea-1
236/1283, 5s_Candida-diversa-1
237/1283, 5s_Candida-glabrata-1
238/1283, 5s_Candida-magnoliae-1
239/1283, 5s_Candida-melibiosica-1
240/1283, 5s_Candida-parapsilosis-1
241/1283, 5s_Candida-rugopelliculosa-1
242/1283, 5s_Candida-rugosa-1
243/1283, 5s_Candida-zeylanoides-1
244/1283, 5s_Candidatus-Fritschea-bemisiae-1
245/1283, 5s_Candidatus-Pelagibacter-ubique-1
246/1283, 5s_Candidatus-Phytoplasma-asteris-1
247/1283, 5s_Candidatus-Portiera-aleyrodidarum-1
248/1283, 5s_Candidatus-Tremblaya-princeps-1
249/1283, 5s_Candidatus-Tremblaya-princeps-2
250/1283, 5s_Candidatus-Tremblaya-princeps-3
251/1283, 5s_Candidatus-Tremblaya-princeps-5
252/1283, 5s_Candidatus-Tremblaya-princeps-6
253/1283, 5s_Capniomyces-stellatus-1
254/1283, 5s_Carpopeltis-crispata-1
255/1283, 5s_Caulobacter-crescentus-1
256/1283, 5s_Caulobacter-crescentus-2
257/1283, 5s_Caulobacter-sp.-1
258/1283, 5s_Caulobacter-sp.-2
259/1283, 5s_Caulobacter-sp.-3
260/1283, 5s_Caulobacter-sp.-4
261/1283, 5s_Caulobacter-sp.-5
262/1283, 5s_Caulobacter-sp.-6
263/1283, 5s_Caulobacter-sp.-7
264/1283, 5s_Caulobacter-spinosum-1
265/1283, 5s_Cellulomonas-biazotea-1
266/1283, 5s_Cellulosimicrobium-cellulans-1
267/1283, 5s_Cerastoderma-edule-1
268/1283, 5s_Cerastoderma-glaucum-1
269/1283, 5s_Ceratobasidium-cornigerum-1
270/1283, 5s_Chaetomorpha-moniligera-1
271/1283, 5s_Chlamydia-muridarum-1
272/1283, 5s_Chlamydia-muridarum-2
273/1283, 5s_Chlamydia-trachomatis-1
274/1283, 5s_Chlamydomonas-reinhardtii-1
275/1283, 5s_Chlamydomonas-reinhardtii-2
276/1283, 5s_Chlamydomonas-sp.-1
277/1283, 5s_Chlamydophila-abortus-1
278/1283, 5s_Chlamydophila-caviae-1
279/1283, 5s_Chlamydophila-pneumoniae-1
280/1283, 5s_Chlamydophila-pneumoniae-2
281/1283, 5s_Chlamydophila-pneumoniae-3
282/1283, 5s_Chlorella-pyrenoidosa-1
283/1283, 5s_Chlorella-sp.-1
284/1283, 5s_Chlorobium-limicola-1
285/1283, 5s_Chlorobium-limicola-2
286/1283, 5s_Chlorobium-phaeobacteroides-1
287/1283, 5s_Chlorobium-tepidum-1
288/1283, 5s_Chordaria-flagelliformis-1
289/1283, 5s_Christiansenia-pallida-1
290/1283, 5s_Chrysaora-quinquecirrha-1
291/1283, 5s_Clavibacter-michiganensis-1
292/1283, 5s_Clavispora-opuntiae-1
293/1283, 5s_Clavispora-opuntiae-3
294/1283, 5s_Clostridium-acetobutylicum-1
295/1283, 5s_Clostridium-acetobutylicum-2
296/1283, 5s_Clostridium-acetobutylicum-3
297/1283, 5s_Clostridium-acetobutylicum-4
298/1283, 5s_Clostridium-acetobutylicum-5
299/1283, 5s_Clostridium-butyricum-1
300/1283, 5s_Clostridium-butyricum-2
301/1283, 5s_Clostridium-carnis-1
302/1283, 5s_Clostridium-innocuum-1
303/1283, 5s_Clostridium-pasteurianum-1
304/1283, 5s_Clostridium-tyrobutyricum-4
305/1283, 5s_Coemansia-mojavensis-1
306/1283, 5s_Colacogloea-peniophorae-1
307/1283, 5s_Coleochaete-scutata-1
308/1283, 5s_Coleosporium-tussilaginis-1
309/1283, 5s_Colwellia-hadaliensis-1
310/1283, 5s_Colwellia-psychrerythraea-1
311/1283, 5s_Colwellia-psychrerythraea-2
312/1283, 5s_Colwellia-psychrerythraea-3
313/1283, 5s_Comamonas-terrigena-1
314/1283, 5s_Comamonas-terrigena-2
315/1283, 5s_Comamonas-testosteroni-1
316/1283, 5s_Coprinopsis-cinerea-1
317/1283, 5s_Coprinopsis-radiata-1
318/1283, 5s_Corynebacterium-diphtheriae-1
319/1283, 5s_Corynebacterium-diphtheriae-2
320/1283, 5s_Corynebacterium-efficiens-1
321/1283, 5s_Corynebacterium-glutamicum-1
322/1283, 5s_Corynebacterium-glutamicum-2
323/1283, 5s_Corynebacterium-jeikeium-1
324/1283, 5s_Corynebacterium-jeikeium-2
325/1283, 5s_Corynebacterium-variabile-1
326/1283, 5s_Corynebacterium-xerosis-1
327/1283, 5s_Corynebacterium-xerosis-2
328/1283, 5s_Coxiella-burnetii-1
329/1283, 5s_Coxiella-burnetii-2
330/1283, 5s_Crithidia-fasciculata-1
331/1283, 5s_Crossiella-cryophila-1
332/1283, 5s_Crypthecodinium-cohnii-1
333/1283, 5s_Cryptobranchus-alleganiensis-1
334/1283, 5s_Cryptococcus-albidus-1
335/1283, 5s_Cryptococcus-bacillisporus-1
336/1283, 5s_Cryptococcus-humicola-1
337/1283, 5s_Cryptococcus-laurentii-1
338/1283, 5s_Cryptococcus-neoformans-1
339/1283, 5s_Cryptococcus-neoformans-2
340/1283, 5s_Cryptomonas-paramecium-1
341/1283, 5s_Cryptosporidium-parvum-1
342/1283, 5s_Cryptosporidium-parvum-2
343/1283, 5s_Cunninghamella-elegans-1
344/1283, 5s_Cupriavidus-necator-1
345/1283, 5s_Curtobacterium-citreum-1
346/1283, 5s_Cyanidium-caldarium-1
347/1283, 5s_Cyanophora-paradoxa-1
348/1283, 5s_Cycas-revoluta-1
349/1283, 5s_Cyclidiopsis-acus-1
350/1283, 5s_Cystobacter-fuscus-1
351/1283, 5s_Dactylosporangium-aurantiacum-1
352/1283, 5s_Daphnia-magna-1
353/1283, 5s_Dehalococcoides-ethenogenes-1
354/1283, 5s_Deinococcus-radiodurans-1
355/1283, 5s_Deinococcus-radiodurans-2
356/1283, 5s_Deinococcus-radiodurans-3
357/1283, 5s_Deinococcus-radiophilus-1
358/1283, 5s_Delftia-acidovorans-1
359/1283, 5s_Desulfovibrio-vulgaris-1
360/1283, 5s_Desulfovibrio-vulgaris-2
361/1283, 5s_Desulfurococcus-mobilis-1
362/1283, 5s_Diatoma-tenue-1
363/1283, 5s_Dichelobacter-nodosus-1
364/1283, 5s_Dictyostelium-discoideum-1
365/1283, 5s_Dicyema-misakiense-1
366/1283, 5s_Diplonema-papillatum-1
367/1283, 5s_Diplonema-papillatum-2
368/1283, 5s_Dipsacomyces-acuminosporus-1
369/1283, 5s_Dirofilaria-immitis-1
370/1283, 5s_Distigma-proteus-1
371/1283, 5s_Drosophila-erecta-1
372/1283, 5s_Drosophila-mauritiana-1
373/1283, 5s_Drosophila-melanogaster-1
374/1283, 5s_Drosophila-melanogaster-2
375/1283, 5s_Drosophila-sechellia-1
376/1283, 5s_Drosophila-simulans-1
377/1283, 5s_Drosophila-takahashii-1
378/1283, 5s_Drosophila-teissieri-1
379/1283, 5s_Drosophila-yakuba-1
380/1283, 5s_Dryopteris-acuminata-1
381/1283, 5s_Dugesia-japonica-1
382/1283, 5s_Dugesia-japonica-2
383/1283, 5s_E_glandulE
384/1283, 5s_Ectothiorhodospira-mobilis-1
385/1283, 5s_Ectothiorhodospira-shaposhnikovii-1
386/1283, 5s_Efibulobasidium-albescens-1
387/1283, 5s_Ehrlichia-chaffeensis-1
388/1283, 5s_Ehrlichia-ruminantium-1
389/1283, 5s_Eimeria-tenella-1
390/1283, 5s_Eisenia-bicyclis-1
391/1283, 5s_Emericella-heterothallica-1
392/1283, 5s_Emericella-nidulans-1
393/1283, 5s_Emericella-nidulans-2
394/1283, 5s_Emericella-nidulans-3
395/1283, 5s_Emericella-nidulans-4
396/1283, 5s_Emericella-nidulans-5
397/1283, 5s_Emericella-nidulans-6
398/1283, 5s_Emericella-nidulans-7
399/1283, 5s_Emericella-nidulans-8
400/1283, 5s_Empedobacter-brevis-1
401/1283, 5s_Emplectonema-gracile-2
402/1283, 5s_Enchytraeus-albidus-1
403/1283, 5s_Endophyllum-sempervivi-1
404/1283, 5s_Enterococcus-faecalis-1
405/1283, 5s_Enterococcus-faecalis-2
406/1283, 5s_Entosiphon-sulcatum-1
407/1283, 5s_Ephedra-kokanica-1
408/1283, 5s_Equisetum-arvense-1
409/1283, 5s_Erwinia-carotovora-1
410/1283, 5s_Erwinia-carotovora-2
411/1283, 5s_Erysipelothrix-rhusiopathiae-1
412/1283, 5s_Erysipelothrix-rhusiopathiae-2
413/1283, 5s_Erysipelothrix-rhusiopathiae-3
414/1283, 5s_Erysipelothrix-tonsillarum-1
415/1283, 5s_Erythrobacter-longus-1
416/1283, 5s_Erythromicrobium-ezovicum-1
417/1283, 5s_Erythromicrobium-hydrolyticum-1
418/1283, 5s_Erythromicrobium-ramosum-1
419/1283, 5s_Esch_coli2B
420/1283, 5s_Esch_coli5B
421/1283, 5s_Escherichia-coli-1
422/1283, 5s_Escherichia-coli-10
423/1283, 5s_Escherichia-coli-11
424/1283, 5s_Escherichia-coli-13
425/1283, 5s_Escherichia-coli-14
426/1283, 5s_Escherichia-coli-15
427/1283, 5s_Escherichia-coli-2
428/1283, 5s_Escherichia-coli-3
429/1283, 5s_Escherichia-coli-4
430/1283, 5s_Escherichia-coli-5
431/1283, 5s_Escherichia-coli-6
432/1283, 5s_Escherichia-coli-8
433/1283, 5s_Euglena-gracilis-1
434/1283, 5s_Euglena-gracilis-2
435/1283, 5s_Euplotes-aediculatus-1
436/1283, 5s_Euplotes-eurystomus-1
437/1283, 5s_Euplotes-octocarinatus-1
438/1283, 5s_Euplotes-vannus-1
439/1283, 5s_Euplotes-woodruffi-1
440/1283, 5s_Eurypelma-californica-1
441/1283, 5s_Exidia-glandulosa-1
442/1283, 5s_Exobasidium-vaccinii-1
443/1283, 5s_F_florifoWE
444/1283, 5s_Farysia-thuemenii-1
445/1283, 5s_Fellomyces-penicillatus-1
446/1283, 5s_Filobasidiella-depauperata-1
447/1283, 5s_Filobasidiella-neoformans-1
448/1283, 5s_Filobasidium-capsuligenum-1
449/1283, 5s_Filobasidium-floriforme-1
450/1283, 5s_Filobasidium-floriforme-2
451/1283, 5s_Finegoldia-magna-1
452/1283, 5s_Finegoldia-magna-2
453/1283, 5s_Flavobacterium-hydatis-1
454/1283, 5s_Flavobacterium-johnsoniae-1
455/1283, 5s_Flectobacillus-major-1
456/1283, 5s_Flexibacter-sp.-1
457/1283, 5s_Fluoribacter-bozemanae-1
458/1283, 5s_Frankia-sp.-1
459/1283, 5s_Frankia-sp.-2
460/1283, 5s_Frankia-sp.-3
461/1283, 5s_Fusarium-asiaticum-1
462/1283, 5s_Fusarium-asiaticum-2
463/1283, 5s_Fusarium-asiaticum-3
464/1283, 5s_Fusarium-asiaticum-4
465/1283, 5s_Fusarium-asiaticum-5
466/1283, 5s_Fusarium-asiaticum-6
467/1283, 5s_Fusarium-asiaticum-7
468/1283, 5s_Fusarium-asiaticum-8
469/1283, 5s_Fusarium-cerealis-1
470/1283, 5s_Fusarium-cerealis-2
471/1283, 5s_Fusarium-cerealis-3
472/1283, 5s_Fusarium-cerealis-4
473/1283, 5s_Fusarium-cerealis-5
474/1283, 5s_Fusarium-cerealis-6
475/1283, 5s_Fusarium-cerealis-7
476/1283, 5s_Fusarium-cerealis-8
477/1283, 5s_Fusarium-cerealis-9
478/1283, 5s_Fusarium-culmorum-1
479/1283, 5s_Fusarium-culmorum-2
480/1283, 5s_Fusarium-culmorum-3
481/1283, 5s_Fusarium-culmorum-4
482/1283, 5s_Fusarium-culmorum-5
483/1283, 5s_Fusarium-culmorum-6
484/1283, 5s_Fusarium-culmorum-7
485/1283, 5s_Fusarium-culmorum-8
486/1283, 5s_Fusarium-lunulosporum-1
487/1283, 5s_Fusarium-lunulosporum-10
488/1283, 5s_Fusarium-lunulosporum-2
489/1283, 5s_Fusarium-lunulosporum-3
490/1283, 5s_Fusarium-lunulosporum-4
491/1283, 5s_Fusarium-lunulosporum-5
492/1283, 5s_Fusarium-lunulosporum-6
493/1283, 5s_Fusarium-lunulosporum-7
494/1283, 5s_Fusarium-lunulosporum-8
495/1283, 5s_Fusarium-lunulosporum-9
496/1283, 5s_Fusarium-pseudograminearum-1
497/1283, 5s_Fusarium-pseudograminearum-2
498/1283, 5s_Fusarium-pseudograminearum-3
499/1283, 5s_Fusarium-pseudograminearum-4
500/1283, 5s_Fusarium-pseudograminearum-5
501/1283, 5s_Fusarium-pseudograminearum-6
502/1283, 5s_Fusarium-pseudograminearum-7
503/1283, 5s_Fusarium-pseudograminearum-8
504/1283, 5s_Fusarium-sporotrichioides-1
505/1283, 5s_Fusarium-sporotrichioides-2
506/1283, 5s_Fusarium-sporotrichioides-3
507/1283, 5s_Fusarium-sporotrichioides-4
508/1283, 5s_Fusarium-sporotrichioides-5
509/1283, 5s_Fusobacterium-mortiferum-1
510/1283, 5s_Fusobacterium-mortiferum-2
511/1283, 5s_Fusobacterium-nucleatum-1
512/1283, 5s_Fusobacterium-nucleatum-2
513/1283, 5s_Fusobacterium-nucleatum-3
514/1283, 5s_Fusobacterium-nucleatum-4
515/1283, 5s_Fusobacterium-nucleatum-5
516/1283, 5s_Fusobacterium-varium-1
517/1283, 5s_Gallus-gallus-1
518/1283, 5s_Gallus-gallus-2
519/1283, 5s_Ganoderma-applanatum-1
520/1283, 5s_Gastrotheca-riobambae-1
521/1283, 5s_Gelidium-amansii-1
522/1283, 5s_Gelidium-amansii-2
523/1283, 5s_Gemm_obscuB
524/1283, 5s_Genistelloides-hibernus-1
525/1283, 5s_Geobacillus-kaustophilus-1
526/1283, 5s_Geobacillus-kaustophilus-2
527/1283, 5s_Geobacillus-kaustophilus-3
528/1283, 5s_Geobacillus-kaustophilus-4
529/1283, 5s_Geobacillus-kaustophilus-6
530/1283, 5s_Geobacillus-kaustophilus-7
531/1283, 5s_Geobacillus-stearothermophilus-1
532/1283, 5s_Geobacillus-stearothermophilus-2
533/1283, 5s_Geobacillus-stearothermophilus-3
534/1283, 5s_Geobacillus-stearothermophilus-4
535/1283, 5s_Geodermatophilus-obscurus-1
536/1283, 5s_Ginkgo-biloba-1
537/1283, 5s_Gloiopeltis-complanata-1
538/1283, 5s_Gluconacetobacter-xylinus-1
539/1283, 5s_Gluconobacter-oxydans-3
540/1283, 5s_Gnetum-gnemon-1
541/1283, 5s_Gossypium-hirsutum-1
542/1283, 5s_Gracilaria-compressa-1
543/1283, 5s_Gracilaria-compressa-2
544/1283, 5s_Graphiola-phoenicis-1
545/1283, 5s_Grimontia-hollisae-1
546/1283, 5s_Gymnosporangium-clavariaeforme-1
547/1283, 5s_Gymnosporangium-sabinae-1
548/1283, 5s_Haemonchus-contortus-1
549/1283, 5s_Haemophilus-aegyptius-1
550/1283, 5s_Haemophilus-influenzae-1
551/1283, 5s_Haemophilus-influenzae-4
552/1283, 5s_Haemophilus-influenzae-6
553/1283, 5s_Halichondria-japonica-1
554/1283, 5s_Halichondria-panicea-1
555/1283, 5s_Haliclona-oculata-1
556/1283, 5s_Haloarcula-marismortui-1
557/1283, 5s_Haloarcula-marismortui-2
558/1283, 5s_Haloarcula-marismortui-3
559/1283, 5s_Halobacterium-salinarum-1
560/1283, 5s_Halobacterium-salinarum-2
561/1283, 5s_Halobacterium-salinarum-3
562/1283, 5s_Halobacterium-sp.-1
563/1283, 5s_Halobacterium-sp.-2
564/1283, 5s_Halococcus-morrhuae-1
565/1283, 5s_Halococcus-morrhuae-2
566/1283, 5s_Halocynthia-roretzi-1
567/1283, 5s_Haloferax-mediterranei-1
568/1283, 5s_Haloferax-mediterranei-2
569/1283, 5s_Haloferax-volcanii-1
570/1283, 5s_Haloferax-volcanii-2
571/1283, 5s_Haloferax-volcanii-3
572/1283, 5s_Halorhodospira-halophila-1
573/1283, 5s_Halorubrum-distributum-1
574/1283, 5s_Halorubrum-distributum-3
575/1283, 5s_Halorubrum-distributum-4
576/1283, 5s_Halorubrum-distributum-5
577/1283, 5s_Halorubrum-distributum-6
578/1283, 5s_Halorubrum-distributum-7
579/1283, 5s_Halorubrum-saccharovorum-1
580/1283, 5s_Halorubrum-terrestre-1
581/1283, 5s_Halorubrum-terrestre-2
582/1283, 5s_Halothiobacillus-neapolitanus-1
583/1283, 5s_Harpalus-rufipes-1
584/1283, 5s_Helianthus-annuus-1
585/1283, 5s_Helicobacter-hepaticus-1
586/1283, 5s_Helicobacter-pylori-2
587/1283, 5s_Helicobacter-pylori-3
588/1283, 5s_Helicobasidium-purpureum-1
589/1283, 5s_Helix-pomatia-1
590/1283, 5s_Hemicentrotus-sp.-1
591/1283, 5s_Herbidospora-cretacea-1
592/1283, 5s_Herpetosiphon-aurantiacus-1
593/1283, 5s_Homarus-gammarus-1
594/1283, 5s_Homo-sapiens-1
595/1283, 5s_Hydrurus-foetidus-1
596/1283, 5s_Hymeniacidon-sanguinea-1
597/1283, 5s_Hyphodontia-paradoxa-1
598/1283, 5s_Hyphomicrobium-sp.-1
599/1283, 5s_Hyphomicrobium-sp.-2
600/1283, 5s_Hyphomicrobium-sp.-3
601/1283, 5s_Hyphomicrobium-sp.-4
602/1283, 5s_Hyphomicrobium-sp.-5
603/1283, 5s_Hyphomicrobium-sp.-6
604/1283, 5s_Hyphomicrobium-sp.-7
605/1283, 5s_Hyphomicrobium-vulgare-1
606/1283, 5s_Hyphomicrobium-vulgare-2
607/1283, 5s_Hyphomonas-oligotropha-1
608/1283, 5s_Hyphomonas-polymorpha-1
609/1283, 5s_Idiomarina-loihiensis-1
610/1283, 5s_Idiomarina-loihiensis-2
611/1283, 5s_Iguana-iguana-1
612/1283, 5s_Illex-illecebrosus-1
613/1283, 5s_Isosphaera-pallida-1
614/1283, 5s_Itersonilia-perplexans-1
615/1283, 5s_Juniperus-media-1
616/1283, 5s_Kibdelosporangium-aridum-1
617/1283, 5s_Klebsormidium-flaccidum-1
618/1283, 5s_Kluyveromyces-delphensis-1
619/1283, 5s_Kondoa-malvinella-1
620/1283, 5s_Kutzneria-albida-1
621/1283, 5s_Kutzneria-viridogrisea-1
622/1283, 5s_Laccaria-bicolor-1
623/1283, 5s_Lactobacillus-acidophilus-1
624/1283, 5s_Lactobacillus-brevis-1
625/1283, 5s_Lactobacillus-delbrueckii-1
626/1283, 5s_Lactobacillus-delbrueckii-2
627/1283, 5s_Lactobacillus-johnsonii-1
628/1283, 5s_Lactobacillus-plantarum-1
629/1283, 5s_Lactobacillus-plantarum-2
630/1283, 5s_Lactobacillus-plantarum-3
631/1283, 5s_Lactococcus-lactis-1
632/1283, 5s_Lactococcus-lactis-2
633/1283, 5s_Lactococcus-lactis-3
634/1283, 5s_Lactococcus-lactis-4
635/1283, 5s_Lactococcus-lactis-5
636/1283, 5s_Lactuca-sativa-1
637/1283, 5s_Legionella-dumoffii-1
638/1283, 5s_Legionella-longbeachae-1
639/1283, 5s_Legionella-pneumophila-1
640/1283, 5s_Legionella-pneumophila-2
641/1283, 5s_Legionella-pneumophila-3
642/1283, 5s_Leifsonia-aquatica-1
643/1283, 5s_Leifsonia-xyli-1
644/1283, 5s_Lemna-minor-1
645/1283, 5s_Lentinula-edodes-1
646/1283, 5s_Lentinula-edodes-2
647/1283, 5s_Leptospira-biflexa-1
648/1283, 5s_Leptospira-interrogans-1
649/1283, 5s_Leptospira-interrogans-2
650/1283, 5s_Leptothrix-discophora-1
651/1283, 5s_Lethenteron-japonicum-1
652/1283, 5s_Lethenteron-japonicum-2
653/1283, 5s_Lethenteron-reissneri-1
654/1283, 5s_Leuconostoc-mesenteroides-1
655/1283, 5s_Ligia-oceanica-1
656/1283, 5s_Limulus-polyphemus-1
657/1283, 5s_Linderina-macrospora-1
658/1283, 5s_Lineus-geniculatus-1
659/1283, 5s_Lingula-anatina-1
660/1283, 5s_Lingula-anatina-2
661/1283, 5s_Listeria-innocua-2
662/1283, 5s_Listeria-ivanovii-1
663/1283, 5s_Listeria-monocytogenes-2
664/1283, 5s_Listeria-monocytogenes-3
665/1283, 5s_Listonella-anguillarum-1
666/1283, 5s_Listonella-pelagia-1
667/1283, 5s_Locusta-migratoria-1
668/1283, 5s_Loofah-witches-broom-phytoplasma-1
669/1283, 5s_Lophocolea-heterophylla-1
670/1283, 5s_Lupinus-angustifolius-1
671/1283, 5s_Lupinus-luteus-1
672/1283, 5s_Lycoperdon-pyriforme-1
673/1283, 5s_Lycopersicon-esculentum-1
674/1283, 5s_Lycopodium-clavatum-1
675/1283, 5s_Lytechinus-variegatus-1
676/1283, 5s_Magnolia-kobus-1
677/1283, 5s_Magnolia-stellata-1
678/1283, 5s_Mannheimia-succiniciproducens-1
679/1283, 5s_Mannheimia-succiniciproducens-2
680/1283, 5s_Mannheimia-succiniciproducens-3
681/1283, 5s_Marchantia-polymorpha-1
682/1283, 5s_Medicago-sativa-1
683/1283, 5s_Meloidogyne-arenaria-1
684/1283, 5s_Meloidogyne-arenaria-2
685/1283, 5s_Meloidogyne-arenaria-3
686/1283, 5s_Meloidogyne-arenaria-4
687/1283, 5s_Meloidogyne-artiellia-1
688/1283, 5s_Meloidogyne-chitwoodi-1
689/1283, 5s_Menoidium-pellucidum-1
690/1283, 5s_Mesorhizobium-loti-1
691/1283, 5s_Metasequoia-glyptostroboides-1
692/1283, 5s_Methanobacterium-formicicum-1
693/1283, 5s_Methanobrevibacter-ruminantium-1
694/1283, 5s_Methanocaldococcus-jannaschii-1
695/1283, 5s_Methanocaldococcus-jannaschii-2
696/1283, 5s_Methanococcus-maripaludis-1
697/1283, 5s_Methanococcus-vannielii-1
698/1283, 5s_Methanococcus-vannielii-2
699/1283, 5s_Methanococcus-voltae-1
700/1283, 5s_Methanococcus-voltae-2
701/1283, 5s_Methanolobus-tindarius-1
702/1283, 5s_Methanolobus-tindarius-2
703/1283, 5s_Methanopyrus-kandleri-1
704/1283, 5s_Methanosarcina-acetivorans-1
705/1283, 5s_Methanosarcina-acetivorans-2
706/1283, 5s_Methanosarcina-barkeri-1
707/1283, 5s_Methanosarcina-mazei-1
708/1283, 5s_Methanosarcina-mazei-2
709/1283, 5s_Methanosarcina-vacuolata-1
710/1283, 5s_Methanospirillum-hungatei-1
711/1283, 5s_Methanothermobacter-thermautotrophicus-1
712/1283, 5s_Methanothermobacter-thermautotrophicus-2
713/1283, 5s_Methanothermobacter-thermautotrophicus-3
714/1283, 5s_Methanothermobacter-thermautotrophicus-4
715/1283, 5s_Methanothermobacter-thermautotrophicus-5
716/1283, 5s_Methanothermobacter-thermautotrophicus-6
717/1283, 5s_Methanothermobacter-thermautotrophicus-7
718/1283, 5s_Methanothermococcus-thermolithotrophicus-1
719/1283, 5s_Methanothermus-fervidus-1
720/1283, 5s_Methylobacterium-extorquens-1
721/1283, 5s_Methylobacterium-organophilum-1
722/1283, 5s_Methylobacterium-sp.-1
723/1283, 5s_Methylococcus-capsulatus-1
724/1283, 5s_Methylococcus-capsulatus-3
725/1283, 5s_Methylomicrobium-album-1
726/1283, 5s_Methylomicrobium-clara-1
727/1283, 5s_Methylophilus-methylotrophus-1
728/1283, 5s_Microbacterium-testaceum-1
729/1283, 5s_Microbotryum-violaceum-1
730/1283, 5s_Micrococcus-luteus-1
731/1283, 5s_Micrococcus-luteus-2
732/1283, 5s_Micrococcus-luteus-4
733/1283, 5s_Microstroma-juglandis-1
734/1283, 5s_Microtetraspora-glauca-1
735/1283, 5s_Misgurnus-fossilis-1
736/1283, 5s_Misgurnus-fossilis-14
737/1283, 5s_Moniliella-acetoabutans-1
738/1283, 5s_Moritella-marina-1
739/1283, 5s_Mortierella-formosensis-1
740/1283, 5s_Mus-musculus-1
741/1283, 5s_Mycobacterium-avium-1
742/1283, 5s_Mycobacterium-bovis-1
743/1283, 5s_Mycobacterium-bovis-2
744/1283, 5s_Mycobacterium-bovis-3
745/1283, 5s_Mycobacterium-flavescens-1
746/1283, 5s_Mycobacterium-leprae-1
747/1283, 5s_Mycobacterium-leprae-2
748/1283, 5s_Mycobacterium-phlei-1
749/1283, 5s_Mycobacterium-phlei-2
750/1283, 5s_Mycobacterium-smegmatis-1
751/1283, 5s_Mycobacterium-smegmatis-2
752/1283, 5s_Mycobacterium-smegmatis-3
753/1283, 5s_Mycobacterium-tuberculosis-1
754/1283, 5s_Mycobacterium-tuberculosis-2
755/1283, 5s_Mycobacterium-tuberculosis-3
756/1283, 5s_Mycobacterium-tuberculosis-4
757/1283, 5s_Mycoplasma-capricolum-1
758/1283, 5s_Mycoplasma-flocculare-1
759/1283, 5s_Mycoplasma-gallisepticum-1
760/1283, 5s_Mycoplasma-gallisepticum-2
761/1283, 5s_Mycoplasma-gallisepticum-3
762/1283, 5s_Mycoplasma-gallisepticum-4
763/1283, 5s_Mycoplasma-genitalium-1
764/1283, 5s_Mycoplasma-haemofelis-1
765/1283, 5s_Mycoplasma-hyopneumoniae-1
766/1283, 5s_Mycoplasma-hyopneumoniae-2
767/1283, 5s_Mycoplasma-mobile-1
768/1283, 5s_Mycoplasma-mycoides-1
769/1283, 5s_Mycoplasma-mycoides-2
770/1283, 5s_Mycoplasma-mycoides-3
771/1283, 5s_Mycoplasma-penetrans-1
772/1283, 5s_Mycoplasma-pneumoniae-1
773/1283, 5s_Mycoplasma-pulmonis-1
774/1283, 5s_Mycoplasma-sp.-1
775/1283, 5s_Mycoplasma-sp.-2
776/1283, 5s_Mytilus-edulis-1
777/1283, 5s_Mytilus-edulis-2
778/1283, 5s_Mytilus-galloprovincialis-2
779/1283, 5s_Mytilus-galloprovincialis-3
780/1283, 5s_Myxococcus-coralloides-1
781/1283, 5s_Nadsonia-fulvescens-1
782/1283, 5s_Nannocystis-exedens-1
783/1283, 5s_Nanoarchaeum-equitans-1
784/1283, 5s_Natrialba-magadii-1
785/1283, 5s_Natrinema-sp.-1
786/1283, 5s_Natronococcus-occultus-1
787/1283, 5s_Natronomonas-pharaonis-1
788/1283, 5s_Natronomonas-pharaonis-2
789/1283, 5s_Neisseria-gonorrhoeae-1
790/1283, 5s_Neisseria-meningitidis-1
791/1283, 5s_Nemopsis-dofleini-1
792/1283, 5s_Nephila-clavipes-1
793/1283, 5s_Neurospora-africana-1
794/1283, 5s_Neurospora-africana-2
795/1283, 5s_Neurospora-crassa-1
796/1283, 5s_Neurospora-crassa-10
797/1283, 5s_Neurospora-crassa-11
798/1283, 5s_Neurospora-crassa-12
799/1283, 5s_Neurospora-crassa-13
800/1283, 5s_Neurospora-crassa-14
801/1283, 5s_Neurospora-crassa-15
802/1283, 5s_Neurospora-crassa-2
803/1283, 5s_Neurospora-crassa-6
804/1283, 5s_Neurospora-crassa-9
805/1283, 5s_Neurospora-intermedia-1
806/1283, 5s_Neurospora-intermedia-2
807/1283, 5s_Neurospora-intermedia-3
808/1283, 5s_Nicotiana-tabacum-1
809/1283, 5s_Nitella-flexilis-1
810/1283, 5s_Nitrobacter-winogradskyi-1
811/1283, 5s_Nocardia-asteroides-1
812/1283, 5s_Nocardia-farcinica-1
813/1283, 5s_Nocardioides-albus-1
814/1283, 5s_Nocardiopsis-dassonvillei-1
815/1283, 5s_Notophthalmus-viridescens-1
816/1283, 5s_Oceanobacillus-iheyensis-1
817/1283, 5s_Oceanobacillus-iheyensis-2
818/1283, 5s_Oceanobacillus-iheyensis-3
819/1283, 5s_Oceanobacillus-iheyensis-4
820/1283, 5s_Octopus-vulgaris-1
821/1283, 5s_Oenococcus-oeni-1
822/1283, 5s_Oerskovia-turbata-1
823/1283, 5s_Onchocerca-cervicalis-1
824/1283, 5s_Onchocerca-volvulus-1
825/1283, 5s_Oryctolagus-cuniculus-1
826/1283, 5s_Oryza-sativa-1
827/1283, 5s_Oryza-sativa-2
828/1283, 5s_P_cynthiaE
829/1283, 5s_Paenibacillus-popilliae-1
830/1283, 5s_Palmaria-palmata-1
831/1283, 5s_Paracentrotus-lividus-1
832/1283, 5s_Paracentrotus-lividus-2
833/1283, 5s_Parachlamydia-sp.-1
834/1283, 5s_Paracoccus-denitrificans-1
835/1283, 5s_Paracoccus-denitrificans-2
836/1283, 5s_Paracoccus-sp.-1
837/1283, 5s_Paracoccus-versutus-1
838/1283, 5s_Paramecium-tetraurelia-1
839/1283, 5s_Pasteurella-multocida-1
840/1283, 5s_Pasteurella-multocida-2
841/1283, 5s_Pedinomonas-minor-1
842/1283, 5s_Pedobacter-heparinus-1
843/1283, 5s_Penicillium-chrysogenum-1
844/1283, 5s_Penicillium-griseofulvum-1
845/1283, 5s_Perinereis-brevicirris-1
846/1283, 5s_Perkinsus-andrewsi-1
847/1283, 5s_Perkinsus-andrewsi-2
848/1283, 5s_Perkinsus-olseni-1
849/1283, 5s_Phacus-curvicauda-1
850/1283, 5s_Phaffia-rhodozyma-1
851/1283, 5s_Phascolopsis-gouldii-1
852/1283, 5s_Phaseolus-vulgaris-1
853/1283, 5s_Phaseolus-vulgaris-2
854/1283, 5s_Phleogena-faginea-1
855/1283, 5s_Phlyctochytrium-irregulare-1
856/1283, 5s_Photobacterium-angustum-1
857/1283, 5s_Photobacterium-damselae-1
858/1283, 5s_Photobacterium-damselae-2
859/1283, 5s_Photobacterium-leiognathi-1
860/1283, 5s_Photobacterium-profundum-1
861/1283, 5s_Photobacterium-profundum-2
862/1283, 5s_Photobacterium-profundum-3
863/1283, 5s_Photobacterium-sp.-1
864/1283, 5s_Photorhabdus-luminescens-1
865/1283, 5s_Photorhabdus-luminescens-2
866/1283, 5s_Photorhabdus-luminescens-3
867/1283, 5s_Phycomyces-blakesleeanus-1
868/1283, 5s_Physarum-polycephalum-1
869/1283, 5s_Pichia-angusta-1
870/1283, 5s_Pichia-jadinii-1
871/1283, 5s_Pichia-jadinii-2
872/1283, 5s_Pichia-membranifaciens-1
873/1283, 5s_Pimelobacter-simplex-1
874/1283, 5s_Pinus-contorta-1
875/1283, 5s_Pinus-silvestris-1
876/1283, 5s_Pirellula-sp.-1
877/1283, 5s_Pirellula-sp.-2
878/1283, 5s_Plagiomnium-trichomanes-1
879/1283, 5s_Planctomyces-brasiliensis-1
880/1283, 5s_Planctomyces-limnophilus-1
881/1283, 5s_Planobispora-longispora-1
882/1283, 5s_Planocera-reticulata-1
883/1283, 5s_Planococcus-citreus-1
884/1283, 5s_Planococcus-kocurii-1
885/1283, 5s_Plasmodium-falciparum-1
886/1283, 5s_Platymonas-subcordiformis-1
887/1283, 5s_Plesiomonas-shigelloides-1
888/1283, 5s_Pleurodeles-waltl-1
889/1283, 5s_Pleurodeles-waltl-3
890/1283, 5s_Pleurotus-ostreatus-1
891/1283, 5s_Pneumocystis-carinii-1
892/1283, 5s_Pneumocystis-carinii-2
893/1283, 5s_Polyangium-cellulosum-1
894/1283, 5s_Porphyra-tenera-1
895/1283, 5s_Porphyra-umbilicalis-1
896/1283, 5s_Porphyra-yezoensis-1
897/1283, 5s_Porphyromonas-gingivalis-1
898/1283, 5s_Porphyromonas-gingivalis-2
899/1283, 5s_Prasinocladus-sp.-1
900/1283, 5s_Prauserella-rugosa-1
901/1283, 5s_Proasellus-coxalis-1
902/1283, 5s_Propionibacterium-acnes-1
903/1283, 5s_Prosthecochloris-aestuarii-1
904/1283, 5s_Prosthecomicrobium-enhydrum-1
905/1283, 5s_Proteus-vulgaris-1
906/1283, 5s_Protomyces-inundatus-1
907/1283, 5s_Pseudocentrotus-depressus-1
908/1283, 5s_Pseudomonas-aeruginosa-1
909/1283, 5s_Pseudomonas-aeruginosa-2
910/1283, 5s_Pseudomonas-aeruginosa-3
911/1283, 5s_Pseudomonas-denitrificans-1
912/1283, 5s_Pseudomonas-fluorescens-1
913/1283, 5s_Pseudomonas-fluorescens-2
914/1283, 5s_Pseudomonas-fluorescens-3
915/1283, 5s_Pseudomonas-fluorescens-4
916/1283, 5s_Pseudomonas-putida-1
917/1283, 5s_Pseudomonas-putida-2
918/1283, 5s_Pseudomonas-stutzeri-1
919/1283, 5s_Pseudomonas-stutzeri-2
920/1283, 5s_Pseudomonas-syringae-1
921/1283, 5s_Pseudomonas-syringae-2
922/1283, 5s_Pseudomonas-syringae-3
923/1283, 5s_Pseudomonas-syringae-4
924/1283, 5s_Pseudonocardia-compacta-1
925/1283, 5s_Pseudonocardia-halophobica-1
926/1283, 5s_Pseudonocardia-hydrocarbonoxydans-1
927/1283, 5s_Pseudonocardia-thermophila-1
928/1283, 5s_Psilotum-nudum-1
929/1283, 5s_Pteridium-aquilinum-1
930/1283, 5s_Puccinia-poarum-1
931/1283, 5s_Puccinia-suaveolens-1
932/1283, 5s_Pyrenophora-graminea-1
933/1283, 5s_Pyrococcus-abyssi-1
934/1283, 5s_Pyrococcus-furiosus-1
935/1283, 5s_Pyrococcus-furiosus-2
936/1283, 5s_Pyrococcus-horikoshii-1
937/1283, 5s_Pyrococcus-horikoshii-2
938/1283, 5s_Pyrococcus-woesei-1
939/1283, 5s_Pythium-hydnosporum-1
940/1283, 5s_Pythium-pachycaule-1
941/1283, 5s_Pythium-torulosum-1
942/1283, 5s_Ralstonia-pickettii-1
943/1283, 5s_Ralstonia-solanacearum-1
944/1283, 5s_Ralstonia-solanacearum-2
945/1283, 5s_Rana-catesbeiana-1
946/1283, 5s_Rana-pipiens-1
947/1283, 5s_Rattus-norvegicus-1
948/1283, 5s_Renibacterium-salmoninarum-1
949/1283, 5s_Renobacter-vaculatum-1
950/1283, 5s_Rhabditis-tokai-1
951/1283, 5s_Rhabdomonas-costata-1
952/1283, 5s_Rhcoc_fas1B
953/1283, 5s_Rhizoctonia-globularis-1
954/1283, 5s_Rhodobacter-capsulatus-1
955/1283, 5s_Rhodobacter-capsulatus-2
956/1283, 5s_Rhodobacter-capsulatus-3
957/1283, 5s_Rhodobacter-sphaeroides-1
958/1283, 5s_Rhodobacter-sphaeroides-2
959/1283, 5s_Rhodobacter-sphaeroides-3
960/1283, 5s_Rhodococcus-erythropolis-1
961/1283, 5s_Rhodococcus-erythropolis-2
962/1283, 5s_Rhodococcus-fascians-1
963/1283, 5s_Rhodococcus-fascians-2
964/1283, 5s_Rhodococcus-rhodochrous-1
965/1283, 5s_Rhodopirellula-baltica-1
966/1283, 5s_Rhodopseudomonas-palustris-2
967/1283, 5s_Rhodopseudomonas-palustris-3
968/1283, 5s_Rhodospirillum-rubrum-1
969/1283, 5s_Rhodosporidium-toruloides-1
970/1283, 5s_Rickettsia-conorii-1
971/1283, 5s_Rickettsia-felis-1
972/1283, 5s_Rickettsia-moozeri-1
973/1283, 5s_Rickettsia-prowazekii-1
974/1283, 5s_Roseococcus-thiosulfatophilus-1
975/1283, 5s_Roseococcus-thiosulfatophilus-2
976/1283, 5s_Rubrivivax-gelatinosus-1
977/1283, 5s_Rumex-acetosa-1
978/1283, 5s_Russula-cyanoxantha-1
979/1283, 5s_S_kowalev2E
980/1283, 5s_Sabellastarte-japonica-1
981/1283, 5s_Saccharomonospora-azurea-1
982/1283, 5s_Saccharomonospora-cyanea-1
983/1283, 5s_Saccharomonospora-glauca-1
984/1283, 5s_Saccharomonospora-sp.-1
985/1283, 5s_Saccharomyces-cerevisiae-1
986/1283, 5s_Saccharomyces-cerevisiae-3
987/1283, 5s_Saccharomyces-cerevisiae-4
988/1283, 5s_Saccharomyces-cerevisiae-5
989/1283, 5s_Saccharomyces-cerevisiae-6
990/1283, 5s_Saccharomyces-cerevisiae-7
991/1283, 5s_Saccharomyces-pastorianus-1
992/1283, 5s_Saccharopolyspora-erythraea-1
993/1283, 5s_Saccharopolyspora-gregorii-1
994/1283, 5s_Saccharopolyspora-hirsuta-1
995/1283, 5s_Saccharopolyspora-hordei-1
996/1283, 5s_Saccharopolyspora-rectivirgula-1
997/1283, 5s_Saccharothrix-australiensis-1
998/1283, 5s_Saccharothrix-mutabilis-1
999/1283, 5s_Saccoglossus-kowalevskii-1
1000/1283, 5s_Salmonella-enterica-1
1001/1283, 5s_Salmonella-enterica-3
1002/1283, 5s_Salmonella-enterica-4
1003/1283, 5s_Salmonella-enterica-5
1004/1283, 5s_Salmonella-enterica-6
1005/1283, 5s_Salmonella-enterica-7
1006/1283, 5s_Salmonella-enterica-8
1007/1283, 5s_Salmonella-typhi-1
1008/1283, 5s_Salmonella-typhimurium-1
1009/1283, 5s_Salmonella-typhimurium-2
1010/1283, 5s_Salmonella-typhimurium-3
1011/1283, 5s_Salmonella-typhimurium-4
1012/1283, 5s_Samia-cynthia-1
1013/1283, 5s_Samia-cynthia-ricini-1
1014/1283, 5s_Samia-cynthia-ricini-x-Bombyx-mori-1
1015/1283, 5s_Sandaracinobacter-sibiricus-1
1016/1283, 5s_Saprolegnia-ferax-1
1017/1283, 5s_Saprospira-grandis-1
1018/1283, 5s_Sargassum-fulvellum-1
1019/1283, 5s_Scenedesmus-obliquus-1
1020/1283, 5s_Schizochytrium-aggregatum-1
1021/1283, 5s_Schizophyllum-commune-1
1022/1283, 5s_Schizosaccharomyces-pombe-1
1023/1283, 5s_Schizosaccharomyces-pombe-2
1024/1283, 5s_Schizosaccharomyces-pombe-3
1025/1283, 5s_Schizosaccharomyces-pombe-4
1026/1283, 5s_Scyliorhinus-canicula-1
1027/1283, 5s_Scytosiphon-lomentaria-1
1028/1283, 5s_Secale-cereale-2
1029/1283, 5s_Seliberia-stellata-1
1030/1283, 5s_Sepia-officinalis-1
1031/1283, 5s_Septobasidium-carestianum-1
1032/1283, 5s_Shewanella-colwelliana-1
1033/1283, 5s_Shewanella-hanedai-1
1034/1283, 5s_Shewanella-oneidensis-1
1035/1283, 5s_Shewanella-oneidensis-2
1036/1283, 5s_Shewanella-putrefaciens-1
1037/1283, 5s_Shigella-flexneri-1
1038/1283, 5s_Shigella-flexneri-2
1039/1283, 5s_Shigella-flexneri-3
1040/1283, 5s_Silicibacter-pomeroyi-1
1041/1283, 5s_Sinorhizobium-meliloti-1
1042/1283, 5s_Smittium-culisetae-1
1043/1283, 5s_Solemya-velum-1
1044/1283, 5s_Sphacelotheca-polygoni-persicariae-1
1045/1283, 5s_Sphingomonas-ursincola-1
1046/1283, 5s_Spinacia-oleracea-1
1047/1283, 5s_Spirobolus-sp-1
1048/1283, 5s_Spirochaeta-aurantia-1
1049/1283, 5s_Spirocodon-saltatrix-1
1050/1283, 5s_Spirogyra-grevilleana-1
1051/1283, 5s_Spirogyra-sp.-1
1052/1283, 5s_Spiroplasma-melliferum-1
1053/1283, 5s_Spirosoma-sp.-1
1054/1283, 5s_Sporidiobolus-salmonicolor-1
1055/1283, 5s_Sporolactobacillus-inulinus-1
1056/1283, 5s_Sporolactobacillus-nakayamae-1
1057/1283, 5s_Sporosarcina-pasteurii-1
1058/1283, 5s_Sporosarcina-ureae-1
1059/1283, 5s_Staphylococcus-aureus-1
1060/1283, 5s_Staphylococcus-aureus-2
1061/1283, 5s_Staphylococcus-aureus-3
1062/1283, 5s_Staphylococcus-epidermidis-1
1063/1283, 5s_Staphylococcus-epidermidis-2
1064/1283, 5s_Staphylococcus-epidermidis-3
1065/1283, 5s_Staphylococcus-haemolyticus-1
1066/1283, 5s_Staphylococcus-haemolyticus-2
1067/1283, 5s_Starkeya-novella-1
1068/1283, 5s_Stella-humosa-1
1069/1283, 5s_Sterkiella-nova-1
1070/1283, 5s_Stilbum-vulgare-1
1071/1283, 5s_Streptococcus-agalactiae-1
1072/1283, 5s_Streptococcus-agalactiae-2
1073/1283, 5s_Streptococcus-mutans-1
1074/1283, 5s_Streptococcus-mutans-2
1075/1283, 5s_Streptococcus-mutans-3
1076/1283, 5s_Streptococcus-pneumoniae-1
1077/1283, 5s_Streptococcus-pneumoniae-2
1078/1283, 5s_Streptococcus-pyogenes-1
1079/1283, 5s_Streptococcus-pyogenes-2
1080/1283, 5s_Streptococcus-pyogenes-3
1081/1283, 5s_Streptococcus-pyogenes-4
1082/1283, 5s_Streptococcus-salivarius-1
1083/1283, 5s_Streptococcus-thermophilus-1
1084/1283, 5s_Streptococcus-thermophilus-2
1085/1283, 5s_Streptomyces-ambofaciens-1
1086/1283, 5s_Streptomyces-avermitilis-1
1087/1283, 5s_Streptomyces-avermitilis-2
1088/1283, 5s_Streptomyces-avermitilis-3
1089/1283, 5s_Streptomyces-avermitilis-4
1090/1283, 5s_Streptomyces-avermitilis-5
1091/1283, 5s_Streptomyces-brasiliensis-1
1092/1283, 5s_Streptomyces-cinereus-1
1093/1283, 5s_Streptomyces-coelicolor-1
1094/1283, 5s_Streptomyces-coelicolor-2
1095/1283, 5s_Streptomyces-coelicolor-3
1096/1283, 5s_Streptomyces-coelicolor-4
1097/1283, 5s_Streptomyces-coelicolor-5
1098/1283, 5s_Streptomyces-coelicolor-6
1099/1283, 5s_Streptomyces-diastaticus-1
1100/1283, 5s_Streptomyces-griseus-1
1101/1283, 5s_Streptomyces-griseus-2
1102/1283, 5s_Streptomyces-griseus-3
1103/1283, 5s_Streptomyces-lividans-1
1104/1283, 5s_Streptomyces-nodosus-1
1105/1283, 5s_Streptomyces-nodosus-2
1106/1283, 5s_Streptomyces-nodosus-3
1107/1283, 5s_Streptomyces-nodosus-4
1108/1283, 5s_Streptomyces-purpureus-1
1109/1283, 5s_Streptomyces-rimosus-2
1110/1283, 5s_Streptomyces-roseoverticillatus-1
1111/1283, 5s_Streptomyces-sclerotialus-1
1112/1283, 5s_Streptomyces-sp.-1
1113/1283, 5s_Streptomyces-sp.-2
1114/1283, 5s_Streptomyces-sp.-3
1115/1283, 5s_Streptomyces-sp.-4
1116/1283, 5s_Streptomyces-violaceus-1
1117/1283, 5s_Streptosporangium-roseum-1
1118/1283, 5s_Sulfolobus-tokodaii-1
1119/1283, 5s_Sulfurococcus-mirabilis-1
1120/1283, 5s_Symbiobacterium-thermophilum-1
1121/1283, 5s_Symbiobacterium-thermophilum-2
1122/1283, 5s_Symbiobacterium-thermophilum-3
1123/1283, 5s_Symbiobacterium-thermophilum-4
1124/1283, 5s_T_cruziE
1125/1283, 5s_Taphrina-deformans-1
1126/1283, 5s_Taxus-baccata-1
1127/1283, 5s_Tenebrio-molitor-1
1128/1283, 5s_Terrapene-carolina-1
1129/1283, 5s_Tetrahymena-pyriformis-1
1130/1283, 5s_Tetrahymena-thermophila-1
1131/1283, 5s_Tetrahymena-thermophila-3
1132/1283, 5s_Thermoactinomyces-vulgaris-1
1133/1283, 5s_Thermococcus-celer-1
1134/1283, 5s_Thermococcus-celer-2
1135/1283, 5s_Thermococcus-kodakarensis-1
1136/1283, 5s_Thermococcus-kodakarensis-2
1137/1283, 5s_Thermomicrobium-roseum-1
1138/1283, 5s_Thermomonospora-chromogena-1
1139/1283, 5s_Thermomyces-lanuginosus-1
1140/1283, 5s_Thermoplasma-acidophilum-1
1141/1283, 5s_Thermoplasma-volcanium-1
1142/1283, 5s_Thermotoga-maritima-1
1143/1283, 5s_Thermotoga-neapolitana-1
1144/1283, 5s_Thermotoga-neapolitana-2
1145/1283, 5s_Thermotoga-petrophila-1
1146/1283, 5s_Thermotoga-sp.-1
1147/1283, 5s_Thermotoga-sp.-2
1148/1283, 5s_Thermotoga-sp.-3
1149/1283, 5s_Thermus-aquaticus-1
1150/1283, 5s_Thermus-sp.-1
1151/1283, 5s_Thermus-sp.-2
1152/1283, 5s_Thermus-thermophilus-1
1153/1283, 5s_Thermus-thermophilus-2
1154/1283, 5s_Thermus-thermophilus-3
1155/1283, 5s_Thiobacillus-sp.-1
1156/1283, 5s_Thiobacillus-sp.-2
1157/1283, 5s_Thiobacillus-thioparus-1
1158/1283, 5s_Thiomicrospira-pelophila-1
1159/1283, 5s_Thiomicrospira-sp.-1
1160/1283, 5s_Thiomonas-cuprina-1
1161/1283, 5s_Thiomonas-intermedia-1
1162/1283, 5s_Thiomonas-perometabolis-1
1163/1283, 5s_Thiothrix-nivea-1
1164/1283, 5s_Thiothrix-sp.-1
1165/1283, 5s_Thiovulum-sp.-1
1166/1283, 5s_Thraustochytrium-visurgense-1
1167/1283, 5s_Thraustochytrium-visurgense-2
1168/1283, 5s_Tilletia-controversa-1
1169/1283, 5s_Tilletiaria-anomala-1
1170/1283, 5s_Tinca-tinca-1
1171/1283, 5s_Tinca-tinca-2
1172/1283, 5s_Toxoplasma-gondii-1
1173/1283, 5s_Toxoplasma-gondii-2
1174/1283, 5s_Tremella-encephala-1
1175/1283, 5s_Tremella-mesenterica-1
1176/1283, 5s_Tremella-mesenterica-2
1177/1283, 5s_Treponema-denticola-1
1178/1283, 5s_Tricharina-hiemalis-1
1179/1283, 5s_Tricholoma-matsutake-1
1180/1283, 5s_Trichoplax-adhaerens-1
1181/1283, 5s_Trichosporonoides-oedocephalis-1
1182/1283, 5s_Trichostrongylus-colubriformis-1
1183/1283, 5s_Trimorphomyces-papilionaceus-1
1184/1283, 5s_Triticum-aestivum-1
1185/1283, 5s_Tropheryma-whipplei-1
1186/1283, 5s_Tuberoidobacter-mutans-1
1187/1283, 5s_Tulasnella-violea-1
1188/1283, 5s_Ulva-pertusa-1
1189/1283, 5s_Ureaplasma-parvum-1
1190/1283, 5s_Ureaplasma-parvum-2
1191/1283, 5s_Ureaplasma-parvum-3
1192/1283, 5s_Ureaplasma-urealyticum-1
1193/1283, 5s_Ureaplasma-urealyticum-2
1194/1283, 5s_Ureaplasma-urealyticum-3
1195/1283, 5s_Urechis-unicinctus-1
1196/1283, 5s_Urocystis-primulicola-1
1197/1283, 5s_Ustilago-hordei-1
1198/1283, 5s_Ustilago-longissima-1
1199/1283, 5s_Ustilago-maydis-1
1200/1283, 5s_Ustilago-scabiosae-1
1201/1283, 5s_Ustilentyloma-fluitans-1
1202/1283, 5s_Uthatobasidium-fusisporum-1
1203/1283, 5s_Verrucomicrobium-spinosum-1
1204/1283, 5s_Vibrio-adaptatus-1
1205/1283, 5s_Vibrio-aestuarianus-1
1206/1283, 5s_Vibrio-alginolyticus-1
1207/1283, 5s_Vibrio-cholerae-1
1208/1283, 5s_Vibrio-cholerae-2
1209/1283, 5s_Vibrio-cholerae-3
1210/1283, 5s_Vibrio-cholerae-4
1211/1283, 5s_Vibrio-cincinnatiensis-1
1212/1283, 5s_Vibrio-cyclosites-1
1213/1283, 5s_Vibrio-diazotrophicus-1
1214/1283, 5s_Vibrio-fischeri-1
1215/1283, 5s_Vibrio-fischeri-2
1216/1283, 5s_Vibrio-fischeri-3
1217/1283, 5s_Vibrio-fluvialis-1
1218/1283, 5s_Vibrio-gazogenes-1
1219/1283, 5s_Vibrio-harveyi-1
1220/1283, 5s_Vibrio-harveyi-2
1221/1283, 5s_Vibrio-logei-1
1222/1283, 5s_Vibrio-mediterranei-1
1223/1283, 5s_Vibrio-metschnikovii-1
1224/1283, 5s_Vibrio-mimicus-1
1225/1283, 5s_Vibrio-natriegens-1
1226/1283, 5s_Vibrio-nereis-1
1227/1283, 5s_Vibrio-ordalii-1
1228/1283, 5s_Vibrio-parahaemolyticus-1
1229/1283, 5s_Vibrio-parahaemolyticus-2
1230/1283, 5s_Vibrio-parahaemolyticus-3
1231/1283, 5s_Vibrio-parahaemolyticus-4
1232/1283, 5s_Vibrio-parahaemolyticus-5
1233/1283, 5s_Vibrio-parahaemolyticus-6
1234/1283, 5s_Vibrio-proteolyticus-1
1235/1283, 5s_Vibrio-sp.-1
1236/1283, 5s_Vibrio-tubiashii-1
1237/1283, 5s_Vibrio-vulnificus-1
1238/1283, 5s_Vibrio-vulnificus-2
1239/1283, 5s_Vibrio-vulnificus-3
1240/1283, 5s_Vibrio-vulnificus-4
1241/1283, 5s_Vibrio-vulnificus-5
1242/1283, 5s_Vicia-faba-1
1243/1283, 5s_Vitreoscilla-beggiatoides-1
1244/1283, 5s_Vitreoscilla-filiformis-1
1245/1283, 5s_Vitreoscilla-stercoraria-1
1246/1283, 5s_Weissella-viridescens-1
1247/1283, 5s_Weissella-viridescens-2
1248/1283, 5s_Wigglesworthia-glossinidia-1
1249/1283, 5s_Wolbachia-endosymbiont-of-B.-malayi-1
1250/1283, 5s_Wolbachia-endosymbiont-of-D.-melanogaster-1
1251/1283, 5s_Wolbachia-pipientis-1
1252/1283, 5s_Wolinella-succinogenes-1
1253/1283, 5s_Wuchereria-bancrofti-1
1254/1283, 5s_Xanthobacter-viscosus-1
1255/1283, 5s_Xanthomonas-axonopodis-1
1256/1283, 5s_Xanthomonas-campestris-1
1257/1283, 5s_Xanthomonas-oryzae-1
1258/1283, 5s_Xenopus-borealis-1
1259/1283, 5s_Xenopus-borealis-2
1260/1283, 5s_Xenopus-borealis-3
1261/1283, 5s_Xenopus-borealis-4
1262/1283, 5s_Xenopus-laevis-1
1263/1283, 5s_Xenopus-laevis-2
1264/1283, 5s_Xenopus-laevis-3
1265/1283, 5s_Xenopus-laevis-4
1266/1283, 5s_Xenopus-laevis-5
1267/1283, 5s_Xenopus-laevis-6
1268/1283, 5s_Xenopus-laevis-7
1269/1283, 5s_Xenopus-laevis-8
1270/1283, 5s_Xenopus-laevis-9
1271/1283, 5s_Xenopus-tropicalis-1
1272/1283, 5s_Xenopus-tropicalis-2
1273/1283, 5s_Xylella-fastidiosa-1
1274/1283, 5s_Xylella-fastidiosa-2
1275/1283, 5s_Yersinia-pestis-1
1276/1283, 5s_Yersinia-pestis-5
1277/1283, 5s_Yersinia-pseudotuberculosis-1
1278/1283, 5s_Yersinia-pseudotuberculosis-3
1279/1283, 5s_Yersinia-pseudotuberculosis-5
1280/1283, 5s_Zea-mays-1
1281/1283, 5s_Zygoascus-hellenicus-1
1282/1283, 5s_Zymomonas-mobilis-1
1283/1283, 5s_uncultured-euryarchaeote-37F11-1
