1/21, grp1_a.I1.b.Dermocarpa.sp.ATCC29371.C3.tMET
2/21, grp1_a.I1.b.Phormidium.sp.N182.C3.tLEU
3/21, grp1_a.I1.b.S.hofmanii.C3.tMET
4/21, grp1_a.I1.b.Synechococcus.sp2.C3.tLEU
5/21, grp1_a.I1.e.C.grayi.UNK.SSU.1046
6/21, grp1_a.I1.e.C.merochlorophea.UNK.SSU.1046
7/21, grp1_a.I1.e.C.merochlorophea.UNK.SSU.1210
8/21, grp1_a.I1.e.C.merochlorophea.UNK.SSU.1389
9/21, grp1_a.I1.e.C.merochlorophea.UNK.SSU.1516
10/21, grp1_a.I1.e.L.dispersa.UNK.SSU.1046
11/21, grp1_a.I1.e.L.dispersa.UNK.SSU.114
12/21, grp1_a.I1.e.L.dispersa.UNK.SSU.1210
13/21, grp1_a.I1.e.L.dispersa.UNK.SSU.1516
14/21, grp1_a.I1.e.L.dispersa.UNK.SSU.287
15/21, grp1_a.I1.e.L.dispersa.UNK.SSU.789
16/21, grp1_a.I1.e.S.paniceum.UNK.SSU.1052
17/21, grp1_a.I1.e.S.paniceum.UNK.SSU.114
18/21, grp1_a.I1.e.S.paniceum.UNK.SSU.1210
19/21, grp1_a.I1.e.S.paniceum.UNK.SSU.1506
20/21, grp1_a.I1.e.S.paniceum.UNK.SSU.287
21/21, grp1_a.I1.m.M.grisea.B2.ND1
