WARNING: vrna_hc_add_from_db: Pairing partners (475, 477) violate minimum loop size settings of 3nt, omitting constraint
WARNING: Removing non-canonical base pair GG (467,480) from constraint
WARNING: Removing non-canonical base pair CC (466,481) from constraint
WARNING: Removing non-canonical base pair CC (465,489) from constraint
WARNING: Removing non-canonical base pair CC (460,490) from constraint
WARNING: Removing non-canonical base pair GG (459,491) from constraint
WARNING: Removing non-canonical base pair GG (458,492) from constraint
WARNING: bases 458 and 492 (GG) can't pair!
WARNING: bases 459 and 491 (GG) can't pair!
WARNING: bases 460 and 490 (CC) can't pair!
WARNING: bases 465 and 489 (CC) can't pair!
WARNING: bases 466 and 481 (CC) can't pair!
WARNING: bases 467 and 480 (GG) can't pair!
WARNING: Removing non-canonical base pair GA (308,311) from constraint
WARNING: Removing non-canonical base pair GG (307,312) from constraint
WARNING: Removing non-canonical base pair CC (268,313) from constraint
WARNING: Removing non-canonical base pair AC (267,314) from constraint
WARNING: Removing non-canonical base pair GG (266,320) from constraint
WARNING: Removing non-canonical base pair CC (264,322) from constraint
WARNING: Removing non-canonical base pair GG (16,324) from constraint
WARNING: Removing non-canonical base pair UC (12,325) from constraint
WARNING: Removing non-canonical base pair CC (11,326) from constraint
WARNING: bases 11 and 326 (CC) can't pair!
WARNING: bases 12 and 325 (UC) can't pair!
WARNING: bases 16 and 324 (GG) can't pair!
WARNING: bases 264 and 322 (CC) can't pair!
WARNING: bases 266 and 320 (GG) can't pair!
WARNING: bases 267 and 314 (AC) can't pair!
WARNING: bases 268 and 313 (CC) can't pair!
WARNING: bases 307 and 312 (GG) can't pair!
WARNING: bases 308 and 311 (GA) can't pair!
